[1.105s] DEBUG:colcon:Command line arguments: ['/usr/bin/colcon', 'build']
[1.105s] DEBUG:colcon:Parsed command line arguments: Namespace(log_base=None, log_level=None, verb_name='build', build_base='build', install_base='install', merge_install=False, symlink_install=False, test_result_base=None, continue_on_error=False, executor='parallel', parallel_workers=12, event_handlers=None, ignore_user_meta=False, metas=['./colcon.meta'], base_paths=['.'], packages_ignore=None, packages_ignore_regex=None, paths=None, packages_up_to=None, packages_up_to_regex=None, packages_above=None, packages_above_and_dependencies=None, packages_above_depth=None, packages_select_by_dep=None, packages_skip_by_dep=None, packages_skip_up_to=None, packages_select_build_failed=False, packages_skip_build_finished=False, packages_select_test_failures=False, packages_skip_test_passed=False, packages_select=None, packages_skip=None, packages_select_regex=None, packages_skip_regex=None, packages_start=None, packages_end=None, allow_overriding=[], cmake_args=None, cmake_target=None, cmake_target_skip_unavailable=False, cmake_clean_cache=False, cmake_clean_first=False, cmake_force_configure=False, ament_cmake_args=None, catkin_cmake_args=None, catkin_skip_building_tests=False, verb_parser=<colcon_defaults.argument_parser.defaults.DefaultArgumentsDecorator object at 0x720cd9369ba0>, verb_extension=<colcon_core.verb.build.BuildVerb object at 0x720cd9369780>, main=<bound method BuildVerb.main of <colcon_core.verb.build.BuildVerb object at 0x720cd9369780>>)
[1.152s] Level 1:colcon.colcon_core.package_discovery:discover_packages(colcon_meta) check parameters
[1.153s] Level 1:colcon.colcon_core.package_discovery:discover_packages(recursive) check parameters
[1.153s] Level 1:colcon.colcon_core.package_discovery:discover_packages(ignore) check parameters
[1.153s] Level 1:colcon.colcon_core.package_discovery:discover_packages(path) check parameters
[1.153s] Level 1:colcon.colcon_core.package_discovery:discover_packages(colcon_meta) discover
[1.153s] Level 1:colcon.colcon_core.package_discovery:discover_packages(recursive) discover
[1.153s] INFO:colcon.colcon_core.package_discovery:Crawling recursively for packages in '/home/disney/ros2_ws'
[1.153s] Level 1:colcon.colcon_core.package_identification:_identify(.) by extensions ['ignore', 'ignore_ament_install']
[1.153s] Level 1:colcon.colcon_core.package_identification:_identify(.) by extension 'ignore'
[1.153s] Level 1:colcon.colcon_core.package_identification:_identify(.) by extension 'ignore_ament_install'
[1.153s] Level 1:colcon.colcon_core.package_identification:_identify(.) by extensions ['colcon_pkg']
[1.153s] Level 1:colcon.colcon_core.package_identification:_identify(.) by extension 'colcon_pkg'
[1.153s] Level 1:colcon.colcon_core.package_identification:_identify(.) by extensions ['colcon_meta']
[1.153s] Level 1:colcon.colcon_core.package_identification:_identify(.) by extension 'colcon_meta'
[1.153s] Level 1:colcon.colcon_core.package_identification:_identify(.) by extensions ['ros']
[1.153s] Level 1:colcon.colcon_core.package_identification:_identify(.) by extension 'ros'
[1.163s] Level 1:colcon.colcon_core.package_identification:_identify(.) by extensions ['cmake', 'python']
[1.163s] Level 1:colcon.colcon_core.package_identification:_identify(.) by extension 'cmake'
[1.163s] Level 1:colcon.colcon_core.package_identification:_identify(.) by extension 'python'
[1.163s] Level 1:colcon.colcon_core.package_identification:_identify(.) by extensions ['python_setup_py']
[1.163s] Level 1:colcon.colcon_core.package_identification:_identify(.) by extension 'python_setup_py'
[1.163s] Level 1:colcon.colcon_core.package_identification:_identify(build) by extensions ['ignore', 'ignore_ament_install']
[1.164s] Level 1:colcon.colcon_core.package_identification:_identify(build) by extension 'ignore'
[1.164s] Level 1:colcon.colcon_core.package_identification:_identify(build) ignored
[1.164s] Level 1:colcon.colcon_core.package_identification:_identify(install) by extensions ['ignore', 'ignore_ament_install']
[1.164s] Level 1:colcon.colcon_core.package_identification:_identify(install) by extension 'ignore'
[1.164s] Level 1:colcon.colcon_core.package_identification:_identify(install) ignored
[1.164s] Level 1:colcon.colcon_core.package_identification:_identify(log) by extensions ['ignore', 'ignore_ament_install']
[1.164s] Level 1:colcon.colcon_core.package_identification:_identify(log) by extension 'ignore'
[1.164s] Level 1:colcon.colcon_core.package_identification:_identify(log) ignored
[1.164s] Level 1:colcon.colcon_core.package_identification:_identify(src) by extensions ['ignore', 'ignore_ament_install']
[1.164s] Level 1:colcon.colcon_core.package_identification:_identify(src) by extension 'ignore'
[1.164s] Level 1:colcon.colcon_core.package_identification:_identify(src) by extension 'ignore_ament_install'
[1.164s] Level 1:colcon.colcon_core.package_identification:_identify(src) by extensions ['colcon_pkg']
[1.164s] Level 1:colcon.colcon_core.package_identification:_identify(src) by extension 'colcon_pkg'
[1.164s] Level 1:colcon.colcon_core.package_identification:_identify(src) by extensions ['colcon_meta']
[1.164s] Level 1:colcon.colcon_core.package_identification:_identify(src) by extension 'colcon_meta'
[1.164s] Level 1:colcon.colcon_core.package_identification:_identify(src) by extensions ['ros']
[1.164s] Level 1:colcon.colcon_core.package_identification:_identify(src) by extension 'ros'
[1.164s] Level 1:colcon.colcon_core.package_identification:_identify(src) by extensions ['cmake', 'python']
[1.164s] Level 1:colcon.colcon_core.package_identification:_identify(src) by extension 'cmake'
[1.164s] Level 1:colcon.colcon_core.package_identification:_identify(src) by extension 'python'
[1.165s] Level 1:colcon.colcon_core.package_identification:_identify(src) by extensions ['python_setup_py']
[1.165s] Level 1:colcon.colcon_core.package_identification:_identify(src) by extension 'python_setup_py'
[1.165s] Level 1:colcon.colcon_core.package_identification:_identify(src/akros2_teleop) by extensions ['ignore', 'ignore_ament_install']
[1.165s] Level 1:colcon.colcon_core.package_identification:_identify(src/akros2_teleop) by extension 'ignore'
[1.165s] Level 1:colcon.colcon_core.package_identification:_identify(src/akros2_teleop) by extension 'ignore_ament_install'
[1.165s] Level 1:colcon.colcon_core.package_identification:_identify(src/akros2_teleop) by extensions ['colcon_pkg']
[1.165s] Level 1:colcon.colcon_core.package_identification:_identify(src/akros2_teleop) by extension 'colcon_pkg'
[1.165s] Level 1:colcon.colcon_core.package_identification:_identify(src/akros2_teleop) by extensions ['colcon_meta']
[1.165s] Level 1:colcon.colcon_core.package_identification:_identify(src/akros2_teleop) by extension 'colcon_meta'
[1.165s] Level 1:colcon.colcon_core.package_identification:_identify(src/akros2_teleop) by extensions ['ros']
[1.165s] Level 1:colcon.colcon_core.package_identification:_identify(src/akros2_teleop) by extension 'ros'
[1.167s] DEBUG:colcon.colcon_core.package_identification:Package 'src/akros2_teleop' with type 'ros.ament_python' and name 'akros2_teleop'
[1.167s] Level 1:colcon.colcon_core.package_identification:_identify(src/perfil_lidar) by extensions ['ignore', 'ignore_ament_install']
[1.168s] Level 1:colcon.colcon_core.package_identification:_identify(src/perfil_lidar) by extension 'ignore'
[1.168s] Level 1:colcon.colcon_core.package_identification:_identify(src/perfil_lidar) by extension 'ignore_ament_install'
[1.168s] Level 1:colcon.colcon_core.package_identification:_identify(src/perfil_lidar) by extensions ['colcon_pkg']
[1.168s] Level 1:colcon.colcon_core.package_identification:_identify(src/perfil_lidar) by extension 'colcon_pkg'
[1.168s] Level 1:colcon.colcon_core.package_identification:_identify(src/perfil_lidar) by extensions ['colcon_meta']
[1.168s] Level 1:colcon.colcon_core.package_identification:_identify(src/perfil_lidar) by extension 'colcon_meta'
[1.168s] Level 1:colcon.colcon_core.package_identification:_identify(src/perfil_lidar) by extensions ['ros']
[1.168s] Level 1:colcon.colcon_core.package_identification:_identify(src/perfil_lidar) by extension 'ros'
[1.169s] DEBUG:colcon.colcon_core.package_identification:Package 'src/perfil_lidar' with type 'ros.ament_python' and name 'perfil_lidar'
[1.169s] Level 1:colcon.colcon_core.package_identification:_identify(src/wall_follow) by extensions ['ignore', 'ignore_ament_install']
[1.169s] Level 1:colcon.colcon_core.package_identification:_identify(src/wall_follow) by extension 'ignore'
[1.169s] Level 1:colcon.colcon_core.package_identification:_identify(src/wall_follow) by extension 'ignore_ament_install'
[1.169s] Level 1:colcon.colcon_core.package_identification:_identify(src/wall_follow) by extensions ['colcon_pkg']
[1.169s] Level 1:colcon.colcon_core.package_identification:_identify(src/wall_follow) by extension 'colcon_pkg'
[1.169s] Level 1:colcon.colcon_core.package_identification:_identify(src/wall_follow) by extensions ['colcon_meta']
[1.169s] Level 1:colcon.colcon_core.package_identification:_identify(src/wall_follow) by extension 'colcon_meta'
[1.169s] Level 1:colcon.colcon_core.package_identification:_identify(src/wall_follow) by extensions ['ros']
[1.169s] Level 1:colcon.colcon_core.package_identification:_identify(src/wall_follow) by extension 'ros'
[1.170s] DEBUG:colcon.colcon_core.package_identification:Package 'src/wall_follow' with type 'ros.ament_python' and name 'wall_follow'
[1.170s] Level 1:colcon.colcon_core.package_discovery:discover_packages(recursive) using defaults
[1.170s] Level 1:colcon.colcon_core.package_discovery:discover_packages(ignore) discover
[1.170s] Level 1:colcon.colcon_core.package_discovery:discover_packages(ignore) using defaults
[1.170s] Level 1:colcon.colcon_core.package_discovery:discover_packages(path) discover
[1.170s] Level 1:colcon.colcon_core.package_discovery:discover_packages(path) using defaults
[1.276s] Level 1:colcon.colcon_core.package_discovery:discover_packages(prefix_path) check parameters
[1.276s] Level 1:colcon.colcon_core.package_discovery:discover_packages(prefix_path) discover
[1.292s] WARNING:colcon.colcon_ros.prefix_path.ament:The path '/home/disney/ros2_ws/install/joystick_ros2' in the environment variable AMENT_PREFIX_PATH doesn't exist
[1.293s] WARNING:colcon.colcon_ros.prefix_path.ament:The path '/home/disney/ros2_ws/install/wall_follow' in the environment variable AMENT_PREFIX_PATH doesn't exist
[1.293s] WARNING:colcon.colcon_ros.prefix_path.ament:The path '/home/disney/ros2_ws/install/perfil_lidar' in the environment variable AMENT_PREFIX_PATH doesn't exist
[1.293s] WARNING:colcon.colcon_ros.prefix_path.ament:The path '/home/disney/ros2_ws/install/ds4_driver' in the environment variable AMENT_PREFIX_PATH doesn't exist
[1.293s] WARNING:colcon.colcon_ros.prefix_path.ament:The path '/home/disney/ros2_ws/install/ds4_driver_msgs' in the environment variable AMENT_PREFIX_PATH doesn't exist
[1.293s] WARNING:colcon.colcon_ros.prefix_path.catkin:The path '/home/disney/ros2_ws/install/ds4_driver' in the environment variable CMAKE_PREFIX_PATH doesn't exist
[1.293s] WARNING:colcon.colcon_ros.prefix_path.catkin:The path '/home/disney/ros2_ws/install/ds4_driver_msgs' in the environment variable CMAKE_PREFIX_PATH doesn't exist
[1.309s] DEBUG:colcon.colcon_installed_package_information.package_discovery:Found 0 installed packages in /home/disney/ros2_ws/install
[1.327s] DEBUG:colcon.colcon_installed_package_information.package_discovery:Found 290 installed packages in /opt/ros/humble
[1.328s] Level 1:colcon.colcon_core.package_discovery:discover_packages(prefix_path) using defaults
[1.422s] Level 5:colcon.colcon_core.verb:set package 'akros2_teleop' build argument 'cmake_args' from command line to 'None'
[1.423s] Level 5:colcon.colcon_core.verb:set package 'akros2_teleop' build argument 'cmake_target' from command line to 'None'
[1.423s] Level 5:colcon.colcon_core.verb:set package 'akros2_teleop' build argument 'cmake_target_skip_unavailable' from command line to 'False'
[1.423s] Level 5:colcon.colcon_core.verb:set package 'akros2_teleop' build argument 'cmake_clean_cache' from command line to 'False'
[1.423s] Level 5:colcon.colcon_core.verb:set package 'akros2_teleop' build argument 'cmake_clean_first' from command line to 'False'
[1.423s] Level 5:colcon.colcon_core.verb:set package 'akros2_teleop' build argument 'cmake_force_configure' from command line to 'False'
[1.423s] Level 5:colcon.colcon_core.verb:set package 'akros2_teleop' build argument 'ament_cmake_args' from command line to 'None'
[1.423s] Level 5:colcon.colcon_core.verb:set package 'akros2_teleop' build argument 'catkin_cmake_args' from command line to 'None'
[1.423s] Level 5:colcon.colcon_core.verb:set package 'akros2_teleop' build argument 'catkin_skip_building_tests' from command line to 'False'
[1.423s] DEBUG:colcon.colcon_core.verb:Building package 'akros2_teleop' with the following arguments: {'ament_cmake_args': None, 'build_base': '/home/disney/ros2_ws/build/akros2_teleop', 'catkin_cmake_args': None, 'catkin_skip_building_tests': False, 'cmake_args': None, 'cmake_clean_cache': False, 'cmake_clean_first': False, 'cmake_force_configure': False, 'cmake_target': None, 'cmake_target_skip_unavailable': False, 'install_base': '/home/disney/ros2_ws/install/akros2_teleop', 'merge_install': False, 'path': '/home/disney/ros2_ws/src/akros2_teleop', 'symlink_install': False, 'test_result_base': None}
[1.439s] Level 5:colcon.colcon_core.verb:set package 'perfil_lidar' build argument 'cmake_args' from command line to 'None'
[1.439s] Level 5:colcon.colcon_core.verb:set package 'perfil_lidar' build argument 'cmake_target' from command line to 'None'
[1.439s] Level 5:colcon.colcon_core.verb:set package 'perfil_lidar' build argument 'cmake_target_skip_unavailable' from command line to 'False'
[1.439s] Level 5:colcon.colcon_core.verb:set package 'perfil_lidar' build argument 'cmake_clean_cache' from command line to 'False'
[1.439s] Level 5:colcon.colcon_core.verb:set package 'perfil_lidar' build argument 'cmake_clean_first' from command line to 'False'
[1.439s] Level 5:colcon.colcon_core.verb:set package 'perfil_lidar' build argument 'cmake_force_configure' from command line to 'False'
[1.439s] Level 5:colcon.colcon_core.verb:set package 'perfil_lidar' build argument 'ament_cmake_args' from command line to 'None'
[1.439s] Level 5:colcon.colcon_core.verb:set package 'perfil_lidar' build argument 'catkin_cmake_args' from command line to 'None'
[1.439s] Level 5:colcon.colcon_core.verb:set package 'perfil_lidar' build argument 'catkin_skip_building_tests' from command line to 'False'
[1.439s] DEBUG:colcon.colcon_core.verb:Building package 'perfil_lidar' with the following arguments: {'ament_cmake_args': None, 'build_base': '/home/disney/ros2_ws/build/perfil_lidar', 'catkin_cmake_args': None, 'catkin_skip_building_tests': False, 'cmake_args': None, 'cmake_clean_cache': False, 'cmake_clean_first': False, 'cmake_force_configure': False, 'cmake_target': None, 'cmake_target_skip_unavailable': False, 'install_base': '/home/disney/ros2_ws/install/perfil_lidar', 'merge_install': False, 'path': '/home/disney/ros2_ws/src/perfil_lidar', 'symlink_install': False, 'test_result_base': None}
[1.456s] Level 5:colcon.colcon_core.verb:set package 'wall_follow' build argument 'cmake_args' from command line to 'None'
[1.456s] Level 5:colcon.colcon_core.verb:set package 'wall_follow' build argument 'cmake_target' from command line to 'None'
[1.456s] Level 5:colcon.colcon_core.verb:set package 'wall_follow' build argument 'cmake_target_skip_unavailable' from command line to 'False'
[1.456s] Level 5:colcon.colcon_core.verb:set package 'wall_follow' build argument 'cmake_clean_cache' from command line to 'False'
[1.456s] Level 5:colcon.colcon_core.verb:set package 'wall_follow' build argument 'cmake_clean_first' from command line to 'False'
[1.456s] Level 5:colcon.colcon_core.verb:set package 'wall_follow' build argument 'cmake_force_configure' from command line to 'False'
[1.456s] Level 5:colcon.colcon_core.verb:set package 'wall_follow' build argument 'ament_cmake_args' from command line to 'None'
[1.456s] Level 5:colcon.colcon_core.verb:set package 'wall_follow' build argument 'catkin_cmake_args' from command line to 'None'
[1.456s] Level 5:colcon.colcon_core.verb:set package 'wall_follow' build argument 'catkin_skip_building_tests' from command line to 'False'
[1.456s] DEBUG:colcon.colcon_core.verb:Building package 'wall_follow' with the following arguments: {'ament_cmake_args': None, 'build_base': '/home/disney/ros2_ws/build/wall_follow', 'catkin_cmake_args': None, 'catkin_skip_building_tests': False, 'cmake_args': None, 'cmake_clean_cache': False, 'cmake_clean_first': False, 'cmake_force_configure': False, 'cmake_target': None, 'cmake_target_skip_unavailable': False, 'install_base': '/home/disney/ros2_ws/install/wall_follow', 'merge_install': False, 'path': '/home/disney/ros2_ws/src/wall_follow', 'symlink_install': False, 'test_result_base': None}
[1.472s] INFO:colcon.colcon_core.executor:Executing jobs using 'parallel' executor
[1.488s] DEBUG:colcon.colcon_parallel_executor.executor.parallel:run_until_complete
[1.488s] INFO:colcon.colcon_ros.task.ament_python.build:Building ROS package in '/home/disney/ros2_ws/src/akros2_teleop' with build type 'ament_python'
[1.488s] Level 1:colcon.colcon_core.shell:create_environment_hook('akros2_teleop', 'ament_prefix_path')
[1.507s] INFO:colcon.colcon_core.plugin_system:Skipping extension 'colcon_core.shell.bat': Not used on non-Windows systems
[1.507s] INFO:colcon.colcon_core.shell:Creating environment hook '/home/disney/ros2_ws/install/akros2_teleop/share/akros2_teleop/hook/ament_prefix_path.ps1'
[1.508s] INFO:colcon.colcon_core.shell:Creating environment descriptor '/home/disney/ros2_ws/install/akros2_teleop/share/akros2_teleop/hook/ament_prefix_path.dsv'
[1.508s] INFO:colcon.colcon_core.shell:Creating environment hook '/home/disney/ros2_ws/install/akros2_teleop/share/akros2_teleop/hook/ament_prefix_path.sh'
[1.526s] INFO:colcon.colcon_core.shell:Skip shell extension 'powershell' for command environment: Not usable outside of PowerShell
[1.526s] DEBUG:colcon.colcon_core.shell:Skip shell extension 'dsv' for command environment
[1.577s] INFO:colcon.colcon_ros.task.ament_python.build:Building ROS package in '/home/disney/ros2_ws/src/perfil_lidar' with build type 'ament_python'
[1.577s] Level 1:colcon.colcon_core.shell:create_environment_hook('perfil_lidar', 'ament_prefix_path')
[1.595s] INFO:colcon.colcon_core.shell:Creating environment hook '/home/disney/ros2_ws/install/perfil_lidar/share/perfil_lidar/hook/ament_prefix_path.ps1'
[1.595s] INFO:colcon.colcon_core.shell:Creating environment descriptor '/home/disney/ros2_ws/install/perfil_lidar/share/perfil_lidar/hook/ament_prefix_path.dsv'
[1.596s] INFO:colcon.colcon_core.shell:Creating environment hook '/home/disney/ros2_ws/install/perfil_lidar/share/perfil_lidar/hook/ament_prefix_path.sh'
[1.617s] INFO:colcon.colcon_core.shell:Skip shell extension 'powershell' for command environment: Not usable outside of PowerShell
[1.617s] DEBUG:colcon.colcon_core.shell:Skip shell extension 'dsv' for command environment
[1.668s] INFO:colcon.colcon_ros.task.ament_python.build:Building ROS package in '/home/disney/ros2_ws/src/wall_follow' with build type 'ament_python'
[1.668s] Level 1:colcon.colcon_core.shell:create_environment_hook('wall_follow', 'ament_prefix_path')
[1.685s] INFO:colcon.colcon_core.shell:Creating environment hook '/home/disney/ros2_ws/install/wall_follow/share/wall_follow/hook/ament_prefix_path.ps1'
[1.686s] INFO:colcon.colcon_core.shell:Creating environment descriptor '/home/disney/ros2_ws/install/wall_follow/share/wall_follow/hook/ament_prefix_path.dsv'
[1.686s] INFO:colcon.colcon_core.shell:Creating environment hook '/home/disney/ros2_ws/install/wall_follow/share/wall_follow/hook/ament_prefix_path.sh'
[1.706s] INFO:colcon.colcon_core.shell:Skip shell extension 'powershell' for command environment: Not usable outside of PowerShell
[1.706s] DEBUG:colcon.colcon_core.shell:Skip shell extension 'dsv' for command environment
[2.012s] INFO:colcon.colcon_core.task.python.build:Building Python package in '/home/disney/ros2_ws/src/akros2_teleop'
[2.029s] INFO:colcon.colcon_core.shell:Skip shell extension 'powershell' for command environment: Not usable outside of PowerShell
[2.029s] DEBUG:colcon.colcon_core.shell:Skip shell extension 'dsv' for command environment
[2.335s] INFO:colcon.colcon_core.task.python.build:Building Python package in '/home/disney/ros2_ws/src/perfil_lidar'
[2.352s] INFO:colcon.colcon_core.shell:Skip shell extension 'powershell' for command environment: Not usable outside of PowerShell
[2.352s] DEBUG:colcon.colcon_core.shell:Skip shell extension 'dsv' for command environment
[2.660s] INFO:colcon.colcon_core.task.python.build:Building Python package in '/home/disney/ros2_ws/src/wall_follow'
[2.677s] INFO:colcon.colcon_core.shell:Skip shell extension 'powershell' for command environment: Not usable outside of PowerShell
[2.677s] DEBUG:colcon.colcon_core.shell:Skip shell extension 'dsv' for command environment
[3.073s] DEBUG:colcon.colcon_core.event_handler.log_command:Invoking command in '/home/disney/ros2_ws/src/akros2_teleop': PYTHONPATH=/home/disney/ros2_ws/build/akros2_teleop/prefix_override:/home/disney/ros2_ws/install/akros2_teleop/lib/python3.10/site-packages:${PYTHONPATH} /usr/bin/python3 setup.py egg_info --egg-base ../../build/akros2_teleop build --build-base /home/disney/ros2_ws/build/akros2_teleop/build install --record /home/disney/ros2_ws/build/akros2_teleop/install.log --single-version-externally-managed
[3.076s] DEBUG:colcon.colcon_core.event_handler.log_command:Invoking command in '/home/disney/ros2_ws/src/wall_follow': PYTHONPATH=/home/disney/ros2_ws/build/wall_follow/prefix_override:/home/disney/ros2_ws/install/wall_follow/lib/python3.10/site-packages:${PYTHONPATH} /usr/bin/python3 setup.py egg_info --egg-base ../../build/wall_follow build --build-base /home/disney/ros2_ws/build/wall_follow/build install --record /home/disney/ros2_ws/build/wall_follow/install.log --install-scripts $base/lib/wall_follow --single-version-externally-managed
[3.078s] DEBUG:colcon.colcon_core.event_handler.log_command:Invoking command in '/home/disney/ros2_ws/src/perfil_lidar': PYTHONPATH=/home/disney/ros2_ws/build/perfil_lidar/prefix_override:/home/disney/ros2_ws/install/perfil_lidar/lib/python3.10/site-packages:${PYTHONPATH} /usr/bin/python3 setup.py egg_info --egg-base ../../build/perfil_lidar build --build-base /home/disney/ros2_ws/build/perfil_lidar/build install --record /home/disney/ros2_ws/build/perfil_lidar/install.log --install-scripts $base/lib/perfil_lidar --single-version-externally-managed
[3.385s] DEBUG:colcon.colcon_core.event_handler.log_command:Invoked command in '/home/disney/ros2_ws/src/wall_follow' returned '0': PYTHONPATH=/home/disney/ros2_ws/build/wall_follow/prefix_override:/home/disney/ros2_ws/install/wall_follow/lib/python3.10/site-packages:${PYTHONPATH} /usr/bin/python3 setup.py egg_info --egg-base ../../build/wall_follow build --build-base /home/disney/ros2_ws/build/wall_follow/build install --record /home/disney/ros2_ws/build/wall_follow/install.log --install-scripts $base/lib/wall_follow --single-version-externally-managed
[3.409s] Level 1:colcon.colcon_core.environment:checking '/home/disney/ros2_ws/install/wall_follow' for CMake module files
[3.409s] Level 1:colcon.colcon_core.environment:checking '/home/disney/ros2_ws/install/wall_follow' for CMake config files
[3.409s] Level 1:colcon.colcon_core.environment:checking '/home/disney/ros2_ws/install/wall_follow/lib'
[3.410s] Level 1:colcon.colcon_core.environment:checking '/home/disney/ros2_ws/install/wall_follow/bin'
[3.410s] Level 1:colcon.colcon_core.environment:checking '/home/disney/ros2_ws/install/wall_follow/lib/pkgconfig/wall_follow.pc'
[3.410s] Level 1:colcon.colcon_core.environment:checking '/home/disney/ros2_ws/install/wall_follow/lib/python3.10/site-packages'
[3.410s] Level 1:colcon.colcon_core.shell:create_environment_hook('wall_follow', 'pythonpath')
[3.428s] INFO:colcon.colcon_core.shell:Creating environment hook '/home/disney/ros2_ws/install/wall_follow/share/wall_follow/hook/pythonpath.ps1'
[3.429s] INFO:colcon.colcon_core.shell:Creating environment descriptor '/home/disney/ros2_ws/install/wall_follow/share/wall_follow/hook/pythonpath.dsv'
[3.429s] INFO:colcon.colcon_core.shell:Creating environment hook '/home/disney/ros2_ws/install/wall_follow/share/wall_follow/hook/pythonpath.sh'
[3.430s] Level 1:colcon.colcon_core.environment:checking '/home/disney/ros2_ws/install/wall_follow/bin'
[3.430s] Level 1:colcon.colcon_core.environment:create_environment_scripts_only(wall_follow)
[3.447s] INFO:colcon.colcon_core.shell:Creating package script '/home/disney/ros2_ws/install/wall_follow/share/wall_follow/package.ps1'
[3.448s] INFO:colcon.colcon_core.shell:Creating package descriptor '/home/disney/ros2_ws/install/wall_follow/share/wall_follow/package.dsv'
[3.449s] INFO:colcon.colcon_core.shell:Creating package script '/home/disney/ros2_ws/install/wall_follow/share/wall_follow/package.sh'
[3.449s] INFO:colcon.colcon_core.shell:Creating package script '/home/disney/ros2_ws/install/wall_follow/share/wall_follow/package.bash'
[3.450s] INFO:colcon.colcon_core.shell:Creating package script '/home/disney/ros2_ws/install/wall_follow/share/wall_follow/package.zsh'
[3.450s] Level 1:colcon.colcon_core.environment:create_file_with_runtime_dependencies(/home/disney/ros2_ws/install/wall_follow/share/colcon-core/packages/wall_follow)
[3.451s] DEBUG:colcon.colcon_core.event_handler.log_command:Invoked command in '/home/disney/ros2_ws/src/akros2_teleop' returned '0': PYTHONPATH=/home/disney/ros2_ws/build/akros2_teleop/prefix_override:/home/disney/ros2_ws/install/akros2_teleop/lib/python3.10/site-packages:${PYTHONPATH} /usr/bin/python3 setup.py egg_info --egg-base ../../build/akros2_teleop build --build-base /home/disney/ros2_ws/build/akros2_teleop/build install --record /home/disney/ros2_ws/build/akros2_teleop/install.log --single-version-externally-managed
[3.468s] Level 1:colcon.colcon_core.environment:checking '/home/disney/ros2_ws/install/akros2_teleop' for CMake module files
[3.468s] Level 1:colcon.colcon_core.environment:checking '/home/disney/ros2_ws/install/akros2_teleop' for CMake config files
[3.469s] Level 1:colcon.colcon_core.environment:checking '/home/disney/ros2_ws/install/akros2_teleop/lib'
[3.469s] Level 1:colcon.colcon_core.environment:checking '/home/disney/ros2_ws/install/akros2_teleop/bin'
[3.469s] Level 1:colcon.colcon_core.environment:checking '/home/disney/ros2_ws/install/akros2_teleop/lib/pkgconfig/akros2_teleop.pc'
[3.469s] Level 1:colcon.colcon_core.environment:checking '/home/disney/ros2_ws/install/akros2_teleop/lib/python3.10/site-packages'
[3.469s] Level 1:colcon.colcon_core.shell:create_environment_hook('akros2_teleop', 'pythonpath')
[3.486s] INFO:colcon.colcon_core.shell:Creating environment hook '/home/disney/ros2_ws/install/akros2_teleop/share/akros2_teleop/hook/pythonpath.ps1'
[3.486s] INFO:colcon.colcon_core.shell:Creating environment descriptor '/home/disney/ros2_ws/install/akros2_teleop/share/akros2_teleop/hook/pythonpath.dsv'
[3.486s] INFO:colcon.colcon_core.shell:Creating environment hook '/home/disney/ros2_ws/install/akros2_teleop/share/akros2_teleop/hook/pythonpath.sh'
[3.487s] Level 1:colcon.colcon_core.environment:checking '/home/disney/ros2_ws/install/akros2_teleop/bin'
[3.487s] Level 1:colcon.colcon_core.environment:create_environment_scripts_only(akros2_teleop)
[3.503s] INFO:colcon.colcon_core.shell:Creating package script '/home/disney/ros2_ws/install/akros2_teleop/share/akros2_teleop/package.ps1'
[3.504s] INFO:colcon.colcon_core.shell:Creating package descriptor '/home/disney/ros2_ws/install/akros2_teleop/share/akros2_teleop/package.dsv'
[3.504s] INFO:colcon.colcon_core.shell:Creating package script '/home/disney/ros2_ws/install/akros2_teleop/share/akros2_teleop/package.sh'
[3.507s] INFO:colcon.colcon_core.shell:Creating package script '/home/disney/ros2_ws/install/akros2_teleop/share/akros2_teleop/package.bash'
[3.508s] INFO:colcon.colcon_core.shell:Creating package script '/home/disney/ros2_ws/install/akros2_teleop/share/akros2_teleop/package.zsh'
[3.508s] Level 1:colcon.colcon_core.environment:create_file_with_runtime_dependencies(/home/disney/ros2_ws/install/akros2_teleop/share/colcon-core/packages/akros2_teleop)
[3.509s] DEBUG:colcon.colcon_core.event_handler.log_command:Invoked command in '/home/disney/ros2_ws/src/perfil_lidar' returned '0': PYTHONPATH=/home/disney/ros2_ws/build/perfil_lidar/prefix_override:/home/disney/ros2_ws/install/perfil_lidar/lib/python3.10/site-packages:${PYTHONPATH} /usr/bin/python3 setup.py egg_info --egg-base ../../build/perfil_lidar build --build-base /home/disney/ros2_ws/build/perfil_lidar/build install --record /home/disney/ros2_ws/build/perfil_lidar/install.log --install-scripts $base/lib/perfil_lidar --single-version-externally-managed
[3.526s] Level 1:colcon.colcon_core.environment:checking '/home/disney/ros2_ws/install/perfil_lidar' for CMake module files
[3.527s] Level 1:colcon.colcon_core.environment:checking '/home/disney/ros2_ws/install/perfil_lidar' for CMake config files
[3.527s] Level 1:colcon.colcon_core.environment:checking '/home/disney/ros2_ws/install/perfil_lidar/lib'
[3.527s] Level 1:colcon.colcon_core.environment:checking '/home/disney/ros2_ws/install/perfil_lidar/bin'
[3.527s] Level 1:colcon.colcon_core.environment:checking '/home/disney/ros2_ws/install/perfil_lidar/lib/pkgconfig/perfil_lidar.pc'
[3.527s] Level 1:colcon.colcon_core.environment:checking '/home/disney/ros2_ws/install/perfil_lidar/lib/python3.10/site-packages'
[3.527s] Level 1:colcon.colcon_core.shell:create_environment_hook('perfil_lidar', 'pythonpath')
[3.544s] INFO:colcon.colcon_core.shell:Creating environment hook '/home/disney/ros2_ws/install/perfil_lidar/share/perfil_lidar/hook/pythonpath.ps1'
[3.545s] INFO:colcon.colcon_core.shell:Creating environment descriptor '/home/disney/ros2_ws/install/perfil_lidar/share/perfil_lidar/hook/pythonpath.dsv'
[3.545s] INFO:colcon.colcon_core.shell:Creating environment hook '/home/disney/ros2_ws/install/perfil_lidar/share/perfil_lidar/hook/pythonpath.sh'
[3.545s] Level 1:colcon.colcon_core.environment:checking '/home/disney/ros2_ws/install/perfil_lidar/bin'
[3.545s] Level 1:colcon.colcon_core.environment:create_environment_scripts_only(perfil_lidar)
[3.562s] INFO:colcon.colcon_core.shell:Creating package script '/home/disney/ros2_ws/install/perfil_lidar/share/perfil_lidar/package.ps1'
[3.562s] INFO:colcon.colcon_core.shell:Creating package descriptor '/home/disney/ros2_ws/install/perfil_lidar/share/perfil_lidar/package.dsv'
[3.563s] INFO:colcon.colcon_core.shell:Creating package script '/home/disney/ros2_ws/install/perfil_lidar/share/perfil_lidar/package.sh'
[3.563s] INFO:colcon.colcon_core.shell:Creating package script '/home/disney/ros2_ws/install/perfil_lidar/share/perfil_lidar/package.bash'
[3.563s] INFO:colcon.colcon_core.shell:Creating package script '/home/disney/ros2_ws/install/perfil_lidar/share/perfil_lidar/package.zsh'
[3.563s] Level 1:colcon.colcon_core.environment:create_file_with_runtime_dependencies(/home/disney/ros2_ws/install/perfil_lidar/share/colcon-core/packages/perfil_lidar)
[3.564s] DEBUG:colcon.colcon_parallel_executor.executor.parallel:closing loop
[3.564s] DEBUG:colcon.colcon_parallel_executor.executor.parallel:loop closed
[3.564s] DEBUG:colcon.colcon_parallel_executor.executor.parallel:run_until_complete finished with '0'
[3.564s] DEBUG:colcon.colcon_core.event_reactor:joining thread
[3.585s] INFO:colcon.colcon_core.plugin_system:Skipping extension 'colcon_notification.desktop_notification.notify_send': Could not find 'notify-send'
[3.586s] INFO:colcon.colcon_core.plugin_system:Skipping extension 'colcon_notification.desktop_notification.terminal_notifier': Not used on non-Darwin systems
[3.586s] INFO:colcon.colcon_core.plugin_system:Skipping extension 'colcon_notification.desktop_notification.win32': Not used on non-Windows systems
[3.586s] INFO:colcon.colcon_notification.desktop_notification:Sending desktop notification using 'notify2'
[3.592s] DEBUG:colcon.colcon_core.event_reactor:joined thread
[3.609s] INFO:colcon.colcon_core.shell:Creating prefix script '/home/disney/ros2_ws/install/local_setup.ps1'
[3.610s] INFO:colcon.colcon_core.shell:Creating prefix util module '/home/disney/ros2_ws/install/_local_setup_util_ps1.py'
[3.611s] INFO:colcon.colcon_core.shell:Creating prefix chain script '/home/disney/ros2_ws/install/setup.ps1'
[3.628s] INFO:colcon.colcon_core.shell:Creating prefix script '/home/disney/ros2_ws/install/local_setup.sh'
[3.629s] INFO:colcon.colcon_core.shell:Creating prefix util module '/home/disney/ros2_ws/install/_local_setup_util_sh.py'
[3.629s] INFO:colcon.colcon_core.shell:Creating prefix chain script '/home/disney/ros2_ws/install/setup.sh'
[3.646s] INFO:colcon.colcon_core.shell:Creating prefix script '/home/disney/ros2_ws/install/local_setup.bash'
[3.646s] INFO:colcon.colcon_core.shell:Creating prefix chain script '/home/disney/ros2_ws/install/setup.bash'
[3.671s] INFO:colcon.colcon_core.shell:Creating prefix script '/home/disney/ros2_ws/install/local_setup.zsh'
[3.671s] INFO:colcon.colcon_core.shell:Creating prefix chain script '/home/disney/ros2_ws/install/setup.zsh'
