[1.206s] Invoking command in '/home/disney/ros2_ws/src/perfil_lidar': PYTHONPATH=/home/disney/ros2_ws/build/perfil_lidar/prefix_override:/home/disney/ros2_ws/install/perfil_lidar/lib/python3.10/site-packages:${PYTHONPATH} /usr/bin/python3 setup.py egg_info --egg-base ../../build/perfil_lidar build --build-base /home/disney/ros2_ws/build/perfil_lidar/build install --record /home/disney/ros2_ws/build/perfil_lidar/install.log --install-scripts $base/lib/perfil_lidar --single-version-externally-managed
[1.433s] /home/disney/.local/lib/python3.10/site-packages/setuptools/dist.py:717: UserWarning: Usage of dash-separated 'script-dir' will not be supported in future versions. Please use the underscore name 'script_dir' instead
[1.433s]   warnings.warn(
[1.460s] running egg_info
[1.460s] writing ../../build/perfil_lidar/perfil_lidar.egg-info/PKG-INFO
[1.461s] writing dependency_links to ../../build/perfil_lidar/perfil_lidar.egg-info/dependency_links.txt
[1.461s] writing entry points to ../../build/perfil_lidar/perfil_lidar.egg-info/entry_points.txt
[1.461s] writing requirements to ../../build/perfil_lidar/perfil_lidar.egg-info/requires.txt
[1.461s] writing top-level names to ../../build/perfil_lidar/perfil_lidar.egg-info/top_level.txt
[1.463s] reading manifest file '../../build/perfil_lidar/perfil_lidar.egg-info/SOURCES.txt'
[1.464s] writing manifest file '../../build/perfil_lidar/perfil_lidar.egg-info/SOURCES.txt'
[1.464s] running build
[1.464s] running build_py
[1.464s] running install
[1.464s] running install_lib
[1.465s] running install_data
[1.466s] running install_egg_info
[1.467s] removing '/home/disney/ros2_ws/install/perfil_lidar/lib/python3.10/site-packages/perfil_lidar-0.0.0-py3.10.egg-info' (and everything under it)
[1.468s] Copying ../../build/perfil_lidar/perfil_lidar.egg-info to /home/disney/ros2_ws/install/perfil_lidar/lib/python3.10/site-packages/perfil_lidar-0.0.0-py3.10.egg-info
[1.468s] running install_scripts
[1.487s] Installing perfil_lidar script to /home/disney/ros2_ws/install/perfil_lidar/lib/perfil_lidar
[1.488s] writing list of installed files to '/home/disney/ros2_ws/build/perfil_lidar/install.log'
[1.567s] Invoked command in '/home/disney/ros2_ws/src/perfil_lidar' returned '0': PYTHONPATH=/home/disney/ros2_ws/build/perfil_lidar/prefix_override:/home/disney/ros2_ws/install/perfil_lidar/lib/python3.10/site-packages:${PYTHONPATH} /usr/bin/python3 setup.py egg_info --egg-base ../../build/perfil_lidar build --build-base /home/disney/ros2_ws/build/perfil_lidar/build install --record /home/disney/ros2_ws/build/perfil_lidar/install.log --install-scripts $base/lib/perfil_lidar --single-version-externally-managed
