[1.099s] DEBUG:colcon:Command line arguments: ['/usr/bin/colcon', 'build']
[1.099s] DEBUG:colcon:Parsed command line arguments: Namespace(log_base=None, log_level=None, verb_name='build', build_base='build', install_base='install', merge_install=False, symlink_install=False, test_result_base=None, continue_on_error=False, executor='parallel', parallel_workers=12, event_handlers=None, ignore_user_meta=False, metas=['./colcon.meta'], base_paths=['.'], packages_ignore=None, packages_ignore_regex=None, paths=None, packages_up_to=None, packages_up_to_regex=None, packages_above=None, packages_above_and_dependencies=None, packages_above_depth=None, packages_select_by_dep=None, packages_skip_by_dep=None, packages_skip_up_to=None, packages_select_build_failed=False, packages_skip_build_finished=False, packages_select_test_failures=False, packages_skip_test_passed=False, packages_select=None, packages_skip=None, packages_select_regex=None, packages_skip_regex=None, packages_start=None, packages_end=None, allow_overriding=[], cmake_args=None, cmake_target=None, cmake_target_skip_unavailable=False, cmake_clean_cache=False, cmake_clean_first=False, cmake_force_configure=False, ament_cmake_args=None, catkin_cmake_args=None, catkin_skip_building_tests=False, verb_parser=<colcon_defaults.argument_parser.defaults.DefaultArgumentsDecorator object at 0x75b82bdbd150>, verb_extension=<colcon_core.verb.build.BuildVerb object at 0x75b82bfa1db0>, main=<bound method BuildVerb.main of <colcon_core.verb.build.BuildVerb object at 0x75b82bfa1db0>>)
[1.146s] Level 1:colcon.colcon_core.package_discovery:discover_packages(colcon_meta) check parameters
[1.146s] Level 1:colcon.colcon_core.package_discovery:discover_packages(recursive) check parameters
[1.146s] Level 1:colcon.colcon_core.package_discovery:discover_packages(ignore) check parameters
[1.146s] Level 1:colcon.colcon_core.package_discovery:discover_packages(path) check parameters
[1.146s] Level 1:colcon.colcon_core.package_discovery:discover_packages(colcon_meta) discover
[1.146s] Level 1:colcon.colcon_core.package_discovery:discover_packages(recursive) discover
[1.146s] INFO:colcon.colcon_core.package_discovery:Crawling recursively for packages in '/home/disney/ros2_ws'
[1.146s] Level 1:colcon.colcon_core.package_identification:_identify(.) by extensions ['ignore', 'ignore_ament_install']
[1.146s] Level 1:colcon.colcon_core.package_identification:_identify(.) by extension 'ignore'
[1.146s] Level 1:colcon.colcon_core.package_identification:_identify(.) by extension 'ignore_ament_install'
[1.146s] Level 1:colcon.colcon_core.package_identification:_identify(.) by extensions ['colcon_pkg']
[1.146s] Level 1:colcon.colcon_core.package_identification:_identify(.) by extension 'colcon_pkg'
[1.146s] Level 1:colcon.colcon_core.package_identification:_identify(.) by extensions ['colcon_meta']
[1.146s] Level 1:colcon.colcon_core.package_identification:_identify(.) by extension 'colcon_meta'
[1.146s] Level 1:colcon.colcon_core.package_identification:_identify(.) by extensions ['ros']
[1.146s] Level 1:colcon.colcon_core.package_identification:_identify(.) by extension 'ros'
[1.156s] Level 1:colcon.colcon_core.package_identification:_identify(.) by extensions ['cmake', 'python']
[1.156s] Level 1:colcon.colcon_core.package_identification:_identify(.) by extension 'cmake'
[1.156s] Level 1:colcon.colcon_core.package_identification:_identify(.) by extension 'python'
[1.156s] Level 1:colcon.colcon_core.package_identification:_identify(.) by extensions ['python_setup_py']
[1.156s] Level 1:colcon.colcon_core.package_identification:_identify(.) by extension 'python_setup_py'
[1.156s] Level 1:colcon.colcon_core.package_identification:_identify(build) by extensions ['ignore', 'ignore_ament_install']
[1.157s] Level 1:colcon.colcon_core.package_identification:_identify(build) by extension 'ignore'
[1.157s] Level 1:colcon.colcon_core.package_identification:_identify(build) ignored
[1.157s] Level 1:colcon.colcon_core.package_identification:_identify(install) by extensions ['ignore', 'ignore_ament_install']
[1.157s] Level 1:colcon.colcon_core.package_identification:_identify(install) by extension 'ignore'
[1.157s] Level 1:colcon.colcon_core.package_identification:_identify(install) ignored
[1.157s] Level 1:colcon.colcon_core.package_identification:_identify(log) by extensions ['ignore', 'ignore_ament_install']
[1.157s] Level 1:colcon.colcon_core.package_identification:_identify(log) by extension 'ignore'
[1.157s] Level 1:colcon.colcon_core.package_identification:_identify(log) ignored
[1.157s] Level 1:colcon.colcon_core.package_identification:_identify(src) by extensions ['ignore', 'ignore_ament_install']
[1.157s] Level 1:colcon.colcon_core.package_identification:_identify(src) by extension 'ignore'
[1.157s] Level 1:colcon.colcon_core.package_identification:_identify(src) by extension 'ignore_ament_install'
[1.157s] Level 1:colcon.colcon_core.package_identification:_identify(src) by extensions ['colcon_pkg']
[1.157s] Level 1:colcon.colcon_core.package_identification:_identify(src) by extension 'colcon_pkg'
[1.157s] Level 1:colcon.colcon_core.package_identification:_identify(src) by extensions ['colcon_meta']
[1.157s] Level 1:colcon.colcon_core.package_identification:_identify(src) by extension 'colcon_meta'
[1.157s] Level 1:colcon.colcon_core.package_identification:_identify(src) by extensions ['ros']
[1.157s] Level 1:colcon.colcon_core.package_identification:_identify(src) by extension 'ros'
[1.157s] Level 1:colcon.colcon_core.package_identification:_identify(src) by extensions ['cmake', 'python']
[1.157s] Level 1:colcon.colcon_core.package_identification:_identify(src) by extension 'cmake'
[1.158s] Level 1:colcon.colcon_core.package_identification:_identify(src) by extension 'python'
[1.158s] Level 1:colcon.colcon_core.package_identification:_identify(src) by extensions ['python_setup_py']
[1.158s] Level 1:colcon.colcon_core.package_identification:_identify(src) by extension 'python_setup_py'
[1.158s] Level 1:colcon.colcon_core.package_identification:_identify(src/akros2_msgs) by extensions ['ignore', 'ignore_ament_install']
[1.158s] Level 1:colcon.colcon_core.package_identification:_identify(src/akros2_msgs) by extension 'ignore'
[1.158s] Level 1:colcon.colcon_core.package_identification:_identify(src/akros2_msgs) by extension 'ignore_ament_install'
[1.158s] Level 1:colcon.colcon_core.package_identification:_identify(src/akros2_msgs) by extensions ['colcon_pkg']
[1.158s] Level 1:colcon.colcon_core.package_identification:_identify(src/akros2_msgs) by extension 'colcon_pkg'
[1.158s] Level 1:colcon.colcon_core.package_identification:_identify(src/akros2_msgs) by extensions ['colcon_meta']
[1.158s] Level 1:colcon.colcon_core.package_identification:_identify(src/akros2_msgs) by extension 'colcon_meta'
[1.158s] Level 1:colcon.colcon_core.package_identification:_identify(src/akros2_msgs) by extensions ['ros']
[1.158s] Level 1:colcon.colcon_core.package_identification:_identify(src/akros2_msgs) by extension 'ros'
[1.160s] DEBUG:colcon.colcon_core.package_identification:Package 'src/akros2_msgs' with type 'ros.ament_cmake' and name 'akros2_msgs'
[1.160s] Level 1:colcon.colcon_core.package_identification:_identify(src/akros2_teleop) by extensions ['ignore', 'ignore_ament_install']
[1.160s] Level 1:colcon.colcon_core.package_identification:_identify(src/akros2_teleop) by extension 'ignore'
[1.160s] Level 1:colcon.colcon_core.package_identification:_identify(src/akros2_teleop) by extension 'ignore_ament_install'
[1.160s] Level 1:colcon.colcon_core.package_identification:_identify(src/akros2_teleop) by extensions ['colcon_pkg']
[1.160s] Level 1:colcon.colcon_core.package_identification:_identify(src/akros2_teleop) by extension 'colcon_pkg'
[1.161s] Level 1:colcon.colcon_core.package_identification:_identify(src/akros2_teleop) by extensions ['colcon_meta']
[1.161s] Level 1:colcon.colcon_core.package_identification:_identify(src/akros2_teleop) by extension 'colcon_meta'
[1.161s] Level 1:colcon.colcon_core.package_identification:_identify(src/akros2_teleop) by extensions ['ros']
[1.161s] Level 1:colcon.colcon_core.package_identification:_identify(src/akros2_teleop) by extension 'ros'
[1.161s] DEBUG:colcon.colcon_core.package_identification:Package 'src/akros2_teleop' with type 'ros.ament_python' and name 'akros2_teleop'
[1.161s] Level 1:colcon.colcon_core.package_identification:_identify(src/perfil_lidar) by extensions ['ignore', 'ignore_ament_install']
[1.162s] Level 1:colcon.colcon_core.package_identification:_identify(src/perfil_lidar) by extension 'ignore'
[1.162s] Level 1:colcon.colcon_core.package_identification:_identify(src/perfil_lidar) by extension 'ignore_ament_install'
[1.162s] Level 1:colcon.colcon_core.package_identification:_identify(src/perfil_lidar) by extensions ['colcon_pkg']
[1.162s] Level 1:colcon.colcon_core.package_identification:_identify(src/perfil_lidar) by extension 'colcon_pkg'
[1.162s] Level 1:colcon.colcon_core.package_identification:_identify(src/perfil_lidar) by extensions ['colcon_meta']
[1.162s] Level 1:colcon.colcon_core.package_identification:_identify(src/perfil_lidar) by extension 'colcon_meta'
[1.162s] Level 1:colcon.colcon_core.package_identification:_identify(src/perfil_lidar) by extensions ['ros']
[1.162s] Level 1:colcon.colcon_core.package_identification:_identify(src/perfil_lidar) by extension 'ros'
[1.163s] DEBUG:colcon.colcon_core.package_identification:Package 'src/perfil_lidar' with type 'ros.ament_python' and name 'perfil_lidar'
[1.163s] Level 1:colcon.colcon_core.package_identification:_identify(src/wall_follow) by extensions ['ignore', 'ignore_ament_install']
[1.163s] Level 1:colcon.colcon_core.package_identification:_identify(src/wall_follow) by extension 'ignore'
[1.163s] Level 1:colcon.colcon_core.package_identification:_identify(src/wall_follow) by extension 'ignore_ament_install'
[1.163s] Level 1:colcon.colcon_core.package_identification:_identify(src/wall_follow) by extensions ['colcon_pkg']
[1.163s] Level 1:colcon.colcon_core.package_identification:_identify(src/wall_follow) by extension 'colcon_pkg'
[1.163s] Level 1:colcon.colcon_core.package_identification:_identify(src/wall_follow) by extensions ['colcon_meta']
[1.163s] Level 1:colcon.colcon_core.package_identification:_identify(src/wall_follow) by extension 'colcon_meta'
[1.163s] Level 1:colcon.colcon_core.package_identification:_identify(src/wall_follow) by extensions ['ros']
[1.163s] Level 1:colcon.colcon_core.package_identification:_identify(src/wall_follow) by extension 'ros'
[1.164s] DEBUG:colcon.colcon_core.package_identification:Package 'src/wall_follow' with type 'ros.ament_python' and name 'wall_follow'
[1.164s] Level 1:colcon.colcon_core.package_discovery:discover_packages(recursive) using defaults
[1.164s] Level 1:colcon.colcon_core.package_discovery:discover_packages(ignore) discover
[1.164s] Level 1:colcon.colcon_core.package_discovery:discover_packages(ignore) using defaults
[1.164s] Level 1:colcon.colcon_core.package_discovery:discover_packages(path) discover
[1.164s] Level 1:colcon.colcon_core.package_discovery:discover_packages(path) using defaults
[1.270s] Level 1:colcon.colcon_core.package_discovery:discover_packages(prefix_path) check parameters
[1.270s] Level 1:colcon.colcon_core.package_discovery:discover_packages(prefix_path) discover
[1.303s] DEBUG:colcon.colcon_installed_package_information.package_discovery:Found 3 installed packages in /home/disney/ros2_ws/install
[1.319s] DEBUG:colcon.colcon_installed_package_information.package_discovery:Found 290 installed packages in /opt/ros/humble
[1.321s] Level 1:colcon.colcon_core.package_discovery:discover_packages(prefix_path) using defaults
[1.413s] Level 5:colcon.colcon_core.verb:set package 'akros2_msgs' build argument 'cmake_args' from command line to 'None'
[1.413s] Level 5:colcon.colcon_core.verb:set package 'akros2_msgs' build argument 'cmake_target' from command line to 'None'
[1.413s] Level 5:colcon.colcon_core.verb:set package 'akros2_msgs' build argument 'cmake_target_skip_unavailable' from command line to 'False'
[1.413s] Level 5:colcon.colcon_core.verb:set package 'akros2_msgs' build argument 'cmake_clean_cache' from command line to 'False'
[1.413s] Level 5:colcon.colcon_core.verb:set package 'akros2_msgs' build argument 'cmake_clean_first' from command line to 'False'
[1.413s] Level 5:colcon.colcon_core.verb:set package 'akros2_msgs' build argument 'cmake_force_configure' from command line to 'False'
[1.413s] Level 5:colcon.colcon_core.verb:set package 'akros2_msgs' build argument 'ament_cmake_args' from command line to 'None'
[1.413s] Level 5:colcon.colcon_core.verb:set package 'akros2_msgs' build argument 'catkin_cmake_args' from command line to 'None'
[1.413s] Level 5:colcon.colcon_core.verb:set package 'akros2_msgs' build argument 'catkin_skip_building_tests' from command line to 'False'
[1.413s] DEBUG:colcon.colcon_core.verb:Building package 'akros2_msgs' with the following arguments: {'ament_cmake_args': None, 'build_base': '/home/disney/ros2_ws/build/akros2_msgs', 'catkin_cmake_args': None, 'catkin_skip_building_tests': False, 'cmake_args': None, 'cmake_clean_cache': False, 'cmake_clean_first': False, 'cmake_force_configure': False, 'cmake_target': None, 'cmake_target_skip_unavailable': False, 'install_base': '/home/disney/ros2_ws/install/akros2_msgs', 'merge_install': False, 'path': '/home/disney/ros2_ws/src/akros2_msgs', 'symlink_install': False, 'test_result_base': None}
[1.429s] Level 5:colcon.colcon_core.verb:set package 'perfil_lidar' build argument 'cmake_args' from command line to 'None'
[1.429s] Level 5:colcon.colcon_core.verb:set package 'perfil_lidar' build argument 'cmake_target' from command line to 'None'
[1.429s] Level 5:colcon.colcon_core.verb:set package 'perfil_lidar' build argument 'cmake_target_skip_unavailable' from command line to 'False'
[1.429s] Level 5:colcon.colcon_core.verb:set package 'perfil_lidar' build argument 'cmake_clean_cache' from command line to 'False'
[1.429s] Level 5:colcon.colcon_core.verb:set package 'perfil_lidar' build argument 'cmake_clean_first' from command line to 'False'
[1.430s] Level 5:colcon.colcon_core.verb:set package 'perfil_lidar' build argument 'cmake_force_configure' from command line to 'False'
[1.430s] Level 5:colcon.colcon_core.verb:set package 'perfil_lidar' build argument 'ament_cmake_args' from command line to 'None'
[1.430s] Level 5:colcon.colcon_core.verb:set package 'perfil_lidar' build argument 'catkin_cmake_args' from command line to 'None'
[1.430s] Level 5:colcon.colcon_core.verb:set package 'perfil_lidar' build argument 'catkin_skip_building_tests' from command line to 'False'
[1.430s] DEBUG:colcon.colcon_core.verb:Building package 'perfil_lidar' with the following arguments: {'ament_cmake_args': None, 'build_base': '/home/disney/ros2_ws/build/perfil_lidar', 'catkin_cmake_args': None, 'catkin_skip_building_tests': False, 'cmake_args': None, 'cmake_clean_cache': False, 'cmake_clean_first': False, 'cmake_force_configure': False, 'cmake_target': None, 'cmake_target_skip_unavailable': False, 'install_base': '/home/disney/ros2_ws/install/perfil_lidar', 'merge_install': False, 'path': '/home/disney/ros2_ws/src/perfil_lidar', 'symlink_install': False, 'test_result_base': None}
[1.445s] Level 5:colcon.colcon_core.verb:set package 'wall_follow' build argument 'cmake_args' from command line to 'None'
[1.445s] Level 5:colcon.colcon_core.verb:set package 'wall_follow' build argument 'cmake_target' from command line to 'None'
[1.445s] Level 5:colcon.colcon_core.verb:set package 'wall_follow' build argument 'cmake_target_skip_unavailable' from command line to 'False'
[1.446s] Level 5:colcon.colcon_core.verb:set package 'wall_follow' build argument 'cmake_clean_cache' from command line to 'False'
[1.446s] Level 5:colcon.colcon_core.verb:set package 'wall_follow' build argument 'cmake_clean_first' from command line to 'False'
[1.446s] Level 5:colcon.colcon_core.verb:set package 'wall_follow' build argument 'cmake_force_configure' from command line to 'False'
[1.446s] Level 5:colcon.colcon_core.verb:set package 'wall_follow' build argument 'ament_cmake_args' from command line to 'None'
[1.446s] Level 5:colcon.colcon_core.verb:set package 'wall_follow' build argument 'catkin_cmake_args' from command line to 'None'
[1.446s] Level 5:colcon.colcon_core.verb:set package 'wall_follow' build argument 'catkin_skip_building_tests' from command line to 'False'
[1.446s] DEBUG:colcon.colcon_core.verb:Building package 'wall_follow' with the following arguments: {'ament_cmake_args': None, 'build_base': '/home/disney/ros2_ws/build/wall_follow', 'catkin_cmake_args': None, 'catkin_skip_building_tests': False, 'cmake_args': None, 'cmake_clean_cache': False, 'cmake_clean_first': False, 'cmake_force_configure': False, 'cmake_target': None, 'cmake_target_skip_unavailable': False, 'install_base': '/home/disney/ros2_ws/install/wall_follow', 'merge_install': False, 'path': '/home/disney/ros2_ws/src/wall_follow', 'symlink_install': False, 'test_result_base': None}
[1.462s] Level 5:colcon.colcon_core.verb:set package 'akros2_teleop' build argument 'cmake_args' from command line to 'None'
[1.462s] Level 5:colcon.colcon_core.verb:set package 'akros2_teleop' build argument 'cmake_target' from command line to 'None'
[1.462s] Level 5:colcon.colcon_core.verb:set package 'akros2_teleop' build argument 'cmake_target_skip_unavailable' from command line to 'False'
[1.462s] Level 5:colcon.colcon_core.verb:set package 'akros2_teleop' build argument 'cmake_clean_cache' from command line to 'False'
[1.462s] Level 5:colcon.colcon_core.verb:set package 'akros2_teleop' build argument 'cmake_clean_first' from command line to 'False'
[1.462s] Level 5:colcon.colcon_core.verb:set package 'akros2_teleop' build argument 'cmake_force_configure' from command line to 'False'
[1.462s] Level 5:colcon.colcon_core.verb:set package 'akros2_teleop' build argument 'ament_cmake_args' from command line to 'None'
[1.462s] Level 5:colcon.colcon_core.verb:set package 'akros2_teleop' build argument 'catkin_cmake_args' from command line to 'None'
[1.462s] Level 5:colcon.colcon_core.verb:set package 'akros2_teleop' build argument 'catkin_skip_building_tests' from command line to 'False'
[1.462s] DEBUG:colcon.colcon_core.verb:Building package 'akros2_teleop' with the following arguments: {'ament_cmake_args': None, 'build_base': '/home/disney/ros2_ws/build/akros2_teleop', 'catkin_cmake_args': None, 'catkin_skip_building_tests': False, 'cmake_args': None, 'cmake_clean_cache': False, 'cmake_clean_first': False, 'cmake_force_configure': False, 'cmake_target': None, 'cmake_target_skip_unavailable': False, 'install_base': '/home/disney/ros2_ws/install/akros2_teleop', 'merge_install': False, 'path': '/home/disney/ros2_ws/src/akros2_teleop', 'symlink_install': False, 'test_result_base': None}
[1.478s] INFO:colcon.colcon_core.executor:Executing jobs using 'parallel' executor
[1.494s] DEBUG:colcon.colcon_parallel_executor.executor.parallel:run_until_complete
[1.494s] INFO:colcon.colcon_ros.task.ament_cmake.build:Building ROS package in '/home/disney/ros2_ws/src/akros2_msgs' with build type 'ament_cmake'
[1.494s] INFO:colcon.colcon_cmake.task.cmake.build:Building CMake package in '/home/disney/ros2_ws/src/akros2_msgs'
[1.512s] INFO:colcon.colcon_core.plugin_system:Skipping extension 'colcon_core.shell.bat': Not used on non-Windows systems
[1.512s] INFO:colcon.colcon_core.shell:Skip shell extension 'powershell' for command environment: Not usable outside of PowerShell
[1.512s] DEBUG:colcon.colcon_core.shell:Skip shell extension 'dsv' for command environment
[1.564s] INFO:colcon.colcon_ros.task.ament_python.build:Building ROS package in '/home/disney/ros2_ws/src/perfil_lidar' with build type 'ament_python'
[1.564s] Level 1:colcon.colcon_core.shell:create_environment_hook('perfil_lidar', 'ament_prefix_path')
[1.585s] INFO:colcon.colcon_core.shell:Creating environment hook '/home/disney/ros2_ws/install/perfil_lidar/share/perfil_lidar/hook/ament_prefix_path.ps1'
[1.586s] INFO:colcon.colcon_core.shell:Creating environment descriptor '/home/disney/ros2_ws/install/perfil_lidar/share/perfil_lidar/hook/ament_prefix_path.dsv'
[1.586s] INFO:colcon.colcon_core.shell:Creating environment hook '/home/disney/ros2_ws/install/perfil_lidar/share/perfil_lidar/hook/ament_prefix_path.sh'
[1.604s] INFO:colcon.colcon_core.shell:Skip shell extension 'powershell' for command environment: Not usable outside of PowerShell
[1.604s] DEBUG:colcon.colcon_core.shell:Skip shell extension 'dsv' for command environment
[1.659s] INFO:colcon.colcon_ros.task.ament_python.build:Building ROS package in '/home/disney/ros2_ws/src/wall_follow' with build type 'ament_python'
[1.659s] Level 1:colcon.colcon_core.shell:create_environment_hook('wall_follow', 'ament_prefix_path')
[1.675s] INFO:colcon.colcon_core.shell:Creating environment hook '/home/disney/ros2_ws/install/wall_follow/share/wall_follow/hook/ament_prefix_path.ps1'
[1.676s] INFO:colcon.colcon_core.shell:Creating environment descriptor '/home/disney/ros2_ws/install/wall_follow/share/wall_follow/hook/ament_prefix_path.dsv'
[1.676s] INFO:colcon.colcon_core.shell:Creating environment hook '/home/disney/ros2_ws/install/wall_follow/share/wall_follow/hook/ament_prefix_path.sh'
[1.693s] INFO:colcon.colcon_core.shell:Skip shell extension 'powershell' for command environment: Not usable outside of PowerShell
[1.693s] DEBUG:colcon.colcon_core.shell:Skip shell extension 'dsv' for command environment
[1.752s] DEBUG:colcon.colcon_core.event_handler.log_command:Invoking command in '/home/disney/ros2_ws/build/akros2_msgs': CMAKE_PREFIX_PATH=/home/disney/ros2_ws/install/wall_follow:/home/disney/ros2_ws/install/perfil_lidar:/home/disney/ros2_ws/install/akros2_teleop:/opt/ros/humble /usr/bin/cmake /home/disney/ros2_ws/src/akros2_msgs -DCMAKE_INSTALL_PREFIX=/home/disney/ros2_ws/install/akros2_msgs
[2.016s] INFO:colcon.colcon_core.task.python.build:Building Python package in '/home/disney/ros2_ws/src/perfil_lidar'
[2.033s] INFO:colcon.colcon_core.shell:Skip shell extension 'powershell' for command environment: Not usable outside of PowerShell
[2.033s] DEBUG:colcon.colcon_core.shell:Skip shell extension 'dsv' for command environment
[2.349s] INFO:colcon.colcon_core.task.python.build:Building Python package in '/home/disney/ros2_ws/src/wall_follow'
[2.374s] INFO:colcon.colcon_core.shell:Skip shell extension 'powershell' for command environment: Not usable outside of PowerShell
[2.375s] DEBUG:colcon.colcon_core.shell:Skip shell extension 'dsv' for command environment
[2.761s] DEBUG:colcon.colcon_core.event_handler.log_command:Invoking command in '/home/disney/ros2_ws/src/wall_follow': PYTHONPATH=/home/disney/ros2_ws/build/wall_follow/prefix_override:/home/disney/ros2_ws/install/wall_follow/lib/python3.10/site-packages:${PYTHONPATH} /usr/bin/python3 setup.py egg_info --egg-base ../../build/wall_follow build --build-base /home/disney/ros2_ws/build/wall_follow/build install --record /home/disney/ros2_ws/build/wall_follow/install.log --install-scripts $base/lib/wall_follow --single-version-externally-managed
[2.770s] DEBUG:colcon.colcon_core.event_handler.log_command:Invoking command in '/home/disney/ros2_ws/src/perfil_lidar': PYTHONPATH=/home/disney/ros2_ws/build/perfil_lidar/prefix_override:/home/disney/ros2_ws/install/perfil_lidar/lib/python3.10/site-packages:${PYTHONPATH} /usr/bin/python3 setup.py egg_info --egg-base ../../build/perfil_lidar build --build-base /home/disney/ros2_ws/build/perfil_lidar/build install --record /home/disney/ros2_ws/build/perfil_lidar/install.log --install-scripts $base/lib/perfil_lidar --single-version-externally-managed
[3.063s] DEBUG:colcon.colcon_core.event_handler.log_command:Invoked command in '/home/disney/ros2_ws/src/wall_follow' returned '0': PYTHONPATH=/home/disney/ros2_ws/build/wall_follow/prefix_override:/home/disney/ros2_ws/install/wall_follow/lib/python3.10/site-packages:${PYTHONPATH} /usr/bin/python3 setup.py egg_info --egg-base ../../build/wall_follow build --build-base /home/disney/ros2_ws/build/wall_follow/build install --record /home/disney/ros2_ws/build/wall_follow/install.log --install-scripts $base/lib/wall_follow --single-version-externally-managed
[3.083s] Level 1:colcon.colcon_core.environment:checking '/home/disney/ros2_ws/install/wall_follow' for CMake module files
[3.083s] Level 1:colcon.colcon_core.environment:checking '/home/disney/ros2_ws/install/wall_follow' for CMake config files
[3.084s] Level 1:colcon.colcon_core.environment:checking '/home/disney/ros2_ws/install/wall_follow/lib'
[3.084s] Level 1:colcon.colcon_core.environment:checking '/home/disney/ros2_ws/install/wall_follow/bin'
[3.084s] Level 1:colcon.colcon_core.environment:checking '/home/disney/ros2_ws/install/wall_follow/lib/pkgconfig/wall_follow.pc'
[3.084s] Level 1:colcon.colcon_core.environment:checking '/home/disney/ros2_ws/install/wall_follow/lib/python3.10/site-packages'
[3.084s] Level 1:colcon.colcon_core.shell:create_environment_hook('wall_follow', 'pythonpath')
[3.108s] INFO:colcon.colcon_core.shell:Creating environment hook '/home/disney/ros2_ws/install/wall_follow/share/wall_follow/hook/pythonpath.ps1'
[3.109s] INFO:colcon.colcon_core.shell:Creating environment descriptor '/home/disney/ros2_ws/install/wall_follow/share/wall_follow/hook/pythonpath.dsv'
[3.109s] INFO:colcon.colcon_core.shell:Creating environment hook '/home/disney/ros2_ws/install/wall_follow/share/wall_follow/hook/pythonpath.sh'
[3.109s] Level 1:colcon.colcon_core.environment:checking '/home/disney/ros2_ws/install/wall_follow/bin'
[3.109s] Level 1:colcon.colcon_core.environment:create_environment_scripts_only(wall_follow)
[3.126s] INFO:colcon.colcon_core.shell:Creating package script '/home/disney/ros2_ws/install/wall_follow/share/wall_follow/package.ps1'
[3.127s] INFO:colcon.colcon_core.shell:Creating package descriptor '/home/disney/ros2_ws/install/wall_follow/share/wall_follow/package.dsv'
[3.128s] INFO:colcon.colcon_core.shell:Creating package script '/home/disney/ros2_ws/install/wall_follow/share/wall_follow/package.sh'
[3.128s] INFO:colcon.colcon_core.shell:Creating package script '/home/disney/ros2_ws/install/wall_follow/share/wall_follow/package.bash'
[3.129s] INFO:colcon.colcon_core.shell:Creating package script '/home/disney/ros2_ws/install/wall_follow/share/wall_follow/package.zsh'
[3.129s] Level 1:colcon.colcon_core.environment:create_file_with_runtime_dependencies(/home/disney/ros2_ws/install/wall_follow/share/colcon-core/packages/wall_follow)
[3.131s] DEBUG:colcon.colcon_core.event_handler.log_command:Invoked command in '/home/disney/ros2_ws/src/perfil_lidar' returned '0': PYTHONPATH=/home/disney/ros2_ws/build/perfil_lidar/prefix_override:/home/disney/ros2_ws/install/perfil_lidar/lib/python3.10/site-packages:${PYTHONPATH} /usr/bin/python3 setup.py egg_info --egg-base ../../build/perfil_lidar build --build-base /home/disney/ros2_ws/build/perfil_lidar/build install --record /home/disney/ros2_ws/build/perfil_lidar/install.log --install-scripts $base/lib/perfil_lidar --single-version-externally-managed
[3.148s] Level 1:colcon.colcon_core.environment:checking '/home/disney/ros2_ws/install/perfil_lidar' for CMake module files
[3.148s] Level 1:colcon.colcon_core.environment:checking '/home/disney/ros2_ws/install/perfil_lidar' for CMake config files
[3.149s] Level 1:colcon.colcon_core.environment:checking '/home/disney/ros2_ws/install/perfil_lidar/lib'
[3.149s] Level 1:colcon.colcon_core.environment:checking '/home/disney/ros2_ws/install/perfil_lidar/bin'
[3.149s] Level 1:colcon.colcon_core.environment:checking '/home/disney/ros2_ws/install/perfil_lidar/lib/pkgconfig/perfil_lidar.pc'
[3.149s] Level 1:colcon.colcon_core.environment:checking '/home/disney/ros2_ws/install/perfil_lidar/lib/python3.10/site-packages'
[3.149s] Level 1:colcon.colcon_core.shell:create_environment_hook('perfil_lidar', 'pythonpath')
[3.167s] INFO:colcon.colcon_core.shell:Creating environment hook '/home/disney/ros2_ws/install/perfil_lidar/share/perfil_lidar/hook/pythonpath.ps1'
[3.167s] INFO:colcon.colcon_core.shell:Creating environment descriptor '/home/disney/ros2_ws/install/perfil_lidar/share/perfil_lidar/hook/pythonpath.dsv'
[3.167s] INFO:colcon.colcon_core.shell:Creating environment hook '/home/disney/ros2_ws/install/perfil_lidar/share/perfil_lidar/hook/pythonpath.sh'
[3.168s] Level 1:colcon.colcon_core.environment:checking '/home/disney/ros2_ws/install/perfil_lidar/bin'
[3.168s] Level 1:colcon.colcon_core.environment:create_environment_scripts_only(perfil_lidar)
[3.184s] INFO:colcon.colcon_core.shell:Creating package script '/home/disney/ros2_ws/install/perfil_lidar/share/perfil_lidar/package.ps1'
[3.185s] INFO:colcon.colcon_core.shell:Creating package descriptor '/home/disney/ros2_ws/install/perfil_lidar/share/perfil_lidar/package.dsv'
[3.185s] INFO:colcon.colcon_core.shell:Creating package script '/home/disney/ros2_ws/install/perfil_lidar/share/perfil_lidar/package.sh'
[3.186s] INFO:colcon.colcon_core.shell:Creating package script '/home/disney/ros2_ws/install/perfil_lidar/share/perfil_lidar/package.bash'
[3.186s] INFO:colcon.colcon_core.shell:Creating package script '/home/disney/ros2_ws/install/perfil_lidar/share/perfil_lidar/package.zsh'
[3.186s] Level 1:colcon.colcon_core.environment:create_file_with_runtime_dependencies(/home/disney/ros2_ws/install/perfil_lidar/share/colcon-core/packages/perfil_lidar)
[3.388s] DEBUG:colcon.colcon_core.event_handler.log_command:Invoked command in '/home/disney/ros2_ws/build/akros2_msgs' returned '0': CMAKE_PREFIX_PATH=/home/disney/ros2_ws/install/wall_follow:/home/disney/ros2_ws/install/perfil_lidar:/home/disney/ros2_ws/install/akros2_teleop:/opt/ros/humble /usr/bin/cmake /home/disney/ros2_ws/src/akros2_msgs -DCMAKE_INSTALL_PREFIX=/home/disney/ros2_ws/install/akros2_msgs
[3.389s] DEBUG:colcon.colcon_core.event_handler.log_command:Invoking command in '/home/disney/ros2_ws/build/akros2_msgs': CMAKE_PREFIX_PATH=/home/disney/ros2_ws/install/wall_follow:/home/disney/ros2_ws/install/perfil_lidar:/home/disney/ros2_ws/install/akros2_teleop:/opt/ros/humble /usr/bin/cmake --build /home/disney/ros2_ws/build/akros2_msgs -- -j12 -l12
[5.034s] DEBUG:colcon.colcon_core.event_handler.log_command:Invoked command in '/home/disney/ros2_ws/build/akros2_msgs' returned '0': CMAKE_PREFIX_PATH=/home/disney/ros2_ws/install/wall_follow:/home/disney/ros2_ws/install/perfil_lidar:/home/disney/ros2_ws/install/akros2_teleop:/opt/ros/humble /usr/bin/cmake --build /home/disney/ros2_ws/build/akros2_msgs -- -j12 -l12
[5.095s] DEBUG:colcon.colcon_core.event_handler.log_command:Invoking command in '/home/disney/ros2_ws/build/akros2_msgs': CMAKE_PREFIX_PATH=/home/disney/ros2_ws/install/wall_follow:/home/disney/ros2_ws/install/perfil_lidar:/home/disney/ros2_ws/install/akros2_teleop:/opt/ros/humble /usr/bin/cmake --install /home/disney/ros2_ws/build/akros2_msgs
[5.155s] Level 1:colcon.colcon_core.environment:create_environment_scripts_only(akros2_msgs)
[5.155s] DEBUG:colcon.colcon_core.event_handler.log_command:Invoked command in '/home/disney/ros2_ws/build/akros2_msgs' returned '0': CMAKE_PREFIX_PATH=/home/disney/ros2_ws/install/wall_follow:/home/disney/ros2_ws/install/perfil_lidar:/home/disney/ros2_ws/install/akros2_teleop:/opt/ros/humble /usr/bin/cmake --install /home/disney/ros2_ws/build/akros2_msgs
[5.174s] Level 1:colcon.colcon_core.environment:checking '/home/disney/ros2_ws/install/akros2_msgs' for CMake module files
[5.174s] Level 1:colcon.colcon_core.environment:checking '/home/disney/ros2_ws/install/akros2_msgs' for CMake config files
[5.175s] Level 1:colcon.colcon_core.shell:create_environment_hook('akros2_msgs', 'cmake_prefix_path')
[5.191s] INFO:colcon.colcon_core.shell:Creating environment hook '/home/disney/ros2_ws/install/akros2_msgs/share/akros2_msgs/hook/cmake_prefix_path.ps1'
[5.192s] INFO:colcon.colcon_core.shell:Creating environment descriptor '/home/disney/ros2_ws/install/akros2_msgs/share/akros2_msgs/hook/cmake_prefix_path.dsv'
[5.192s] INFO:colcon.colcon_core.shell:Creating environment hook '/home/disney/ros2_ws/install/akros2_msgs/share/akros2_msgs/hook/cmake_prefix_path.sh'
[5.192s] Level 1:colcon.colcon_core.environment:checking '/home/disney/ros2_ws/install/akros2_msgs/lib'
[5.192s] Level 1:colcon.colcon_core.shell:create_environment_hook('akros2_msgs', 'ld_library_path_lib')
[5.209s] INFO:colcon.colcon_core.shell:Creating environment hook '/home/disney/ros2_ws/install/akros2_msgs/share/akros2_msgs/hook/ld_library_path_lib.ps1'
[5.209s] INFO:colcon.colcon_core.shell:Creating environment descriptor '/home/disney/ros2_ws/install/akros2_msgs/share/akros2_msgs/hook/ld_library_path_lib.dsv'
[5.209s] INFO:colcon.colcon_core.shell:Creating environment hook '/home/disney/ros2_ws/install/akros2_msgs/share/akros2_msgs/hook/ld_library_path_lib.sh'
[5.210s] Level 1:colcon.colcon_core.environment:checking '/home/disney/ros2_ws/install/akros2_msgs/bin'
[5.210s] Level 1:colcon.colcon_core.environment:checking '/home/disney/ros2_ws/install/akros2_msgs/lib/pkgconfig/akros2_msgs.pc'
[5.210s] Level 1:colcon.colcon_core.environment:checking '/home/disney/ros2_ws/install/akros2_msgs/lib/python3.10/site-packages'
[5.210s] Level 1:colcon.colcon_core.environment:checking '/home/disney/ros2_ws/install/akros2_msgs/bin'
[5.227s] INFO:colcon.colcon_core.shell:Creating package script '/home/disney/ros2_ws/install/akros2_msgs/share/akros2_msgs/package.ps1'
[5.227s] INFO:colcon.colcon_core.shell:Creating package descriptor '/home/disney/ros2_ws/install/akros2_msgs/share/akros2_msgs/package.dsv'
[5.228s] INFO:colcon.colcon_core.shell:Creating package script '/home/disney/ros2_ws/install/akros2_msgs/share/akros2_msgs/package.sh'
[5.228s] INFO:colcon.colcon_core.shell:Creating package script '/home/disney/ros2_ws/install/akros2_msgs/share/akros2_msgs/package.bash'
[5.228s] INFO:colcon.colcon_core.shell:Creating package script '/home/disney/ros2_ws/install/akros2_msgs/share/akros2_msgs/package.zsh'
[5.228s] Level 1:colcon.colcon_core.environment:create_file_with_runtime_dependencies(/home/disney/ros2_ws/install/akros2_msgs/share/colcon-core/packages/akros2_msgs)
[5.299s] Level 1:colcon.colcon_core.environment:create_environment_scripts_only(akros2_msgs)
[5.315s] Level 1:colcon.colcon_core.environment:checking '/home/disney/ros2_ws/install/akros2_msgs' for CMake module files
[5.315s] Level 1:colcon.colcon_core.environment:checking '/home/disney/ros2_ws/install/akros2_msgs' for CMake config files
[5.316s] Level 1:colcon.colcon_core.shell:create_environment_hook('akros2_msgs', 'cmake_prefix_path')
[5.332s] INFO:colcon.colcon_core.shell:Creating environment hook '/home/disney/ros2_ws/install/akros2_msgs/share/akros2_msgs/hook/cmake_prefix_path.ps1'
[5.333s] INFO:colcon.colcon_core.shell:Creating environment descriptor '/home/disney/ros2_ws/install/akros2_msgs/share/akros2_msgs/hook/cmake_prefix_path.dsv'
[5.333s] INFO:colcon.colcon_core.shell:Creating environment hook '/home/disney/ros2_ws/install/akros2_msgs/share/akros2_msgs/hook/cmake_prefix_path.sh'
[5.333s] Level 1:colcon.colcon_core.environment:checking '/home/disney/ros2_ws/install/akros2_msgs/lib'
[5.333s] Level 1:colcon.colcon_core.shell:create_environment_hook('akros2_msgs', 'ld_library_path_lib')
[5.350s] INFO:colcon.colcon_core.shell:Creating environment hook '/home/disney/ros2_ws/install/akros2_msgs/share/akros2_msgs/hook/ld_library_path_lib.ps1'
[5.351s] INFO:colcon.colcon_core.shell:Creating environment descriptor '/home/disney/ros2_ws/install/akros2_msgs/share/akros2_msgs/hook/ld_library_path_lib.dsv'
[5.351s] INFO:colcon.colcon_core.shell:Creating environment hook '/home/disney/ros2_ws/install/akros2_msgs/share/akros2_msgs/hook/ld_library_path_lib.sh'
[5.351s] Level 1:colcon.colcon_core.environment:checking '/home/disney/ros2_ws/install/akros2_msgs/bin'
[5.351s] Level 1:colcon.colcon_core.environment:checking '/home/disney/ros2_ws/install/akros2_msgs/lib/pkgconfig/akros2_msgs.pc'
[5.351s] Level 1:colcon.colcon_core.environment:checking '/home/disney/ros2_ws/install/akros2_msgs/lib/python3.10/site-packages'
[5.352s] Level 1:colcon.colcon_core.environment:checking '/home/disney/ros2_ws/install/akros2_msgs/bin'
[5.368s] INFO:colcon.colcon_core.shell:Creating package script '/home/disney/ros2_ws/install/akros2_msgs/share/akros2_msgs/package.ps1'
[5.369s] INFO:colcon.colcon_core.shell:Creating package descriptor '/home/disney/ros2_ws/install/akros2_msgs/share/akros2_msgs/package.dsv'
[5.369s] INFO:colcon.colcon_core.shell:Creating package script '/home/disney/ros2_ws/install/akros2_msgs/share/akros2_msgs/package.sh'
[5.370s] INFO:colcon.colcon_core.shell:Creating package script '/home/disney/ros2_ws/install/akros2_msgs/share/akros2_msgs/package.bash'
[5.370s] INFO:colcon.colcon_core.shell:Creating package script '/home/disney/ros2_ws/install/akros2_msgs/share/akros2_msgs/package.zsh'
[5.370s] Level 1:colcon.colcon_core.environment:create_file_with_runtime_dependencies(/home/disney/ros2_ws/install/akros2_msgs/share/colcon-core/packages/akros2_msgs)
[5.370s] INFO:colcon.colcon_ros.task.ament_python.build:Building ROS package in '/home/disney/ros2_ws/src/akros2_teleop' with build type 'ament_python'
[5.371s] Level 1:colcon.colcon_core.shell:create_environment_hook('akros2_teleop', 'ament_prefix_path')
[5.387s] INFO:colcon.colcon_core.shell:Creating environment hook '/home/disney/ros2_ws/install/akros2_teleop/share/akros2_teleop/hook/ament_prefix_path.ps1'
[5.388s] INFO:colcon.colcon_core.shell:Creating environment descriptor '/home/disney/ros2_ws/install/akros2_teleop/share/akros2_teleop/hook/ament_prefix_path.dsv'
[5.388s] INFO:colcon.colcon_core.shell:Creating environment hook '/home/disney/ros2_ws/install/akros2_teleop/share/akros2_teleop/hook/ament_prefix_path.sh'
[5.405s] INFO:colcon.colcon_core.shell:Skip shell extension 'powershell' for command environment: Not usable outside of PowerShell
[5.405s] DEBUG:colcon.colcon_core.shell:Skip shell extension 'dsv' for command environment
[5.726s] INFO:colcon.colcon_core.task.python.build:Building Python package in '/home/disney/ros2_ws/src/akros2_teleop'
[5.743s] INFO:colcon.colcon_core.shell:Skip shell extension 'powershell' for command environment: Not usable outside of PowerShell
[5.743s] DEBUG:colcon.colcon_core.shell:Skip shell extension 'dsv' for command environment
[6.116s] DEBUG:colcon.colcon_core.event_handler.log_command:Invoking command in '/home/disney/ros2_ws/src/akros2_teleop': AMENT_PREFIX_PATH=/home/disney/ros2_ws/install/akros2_msgs:${AMENT_PREFIX_PATH} CMAKE_PREFIX_PATH=/home/disney/ros2_ws/install/akros2_msgs LD_LIBRARY_PATH=/home/disney/ros2_ws/install/akros2_msgs/lib:${LD_LIBRARY_PATH} PYTHONPATH=/home/disney/ros2_ws/build/akros2_teleop/prefix_override:/home/disney/ros2_ws/install/akros2_teleop/lib/python3.10/site-packages:/home/disney/ros2_ws/install/akros2_msgs/local/lib/python3.10/dist-packages:${PYTHONPATH} /usr/bin/python3 setup.py egg_info --egg-base ../../build/akros2_teleop build --build-base /home/disney/ros2_ws/build/akros2_teleop/build install --record /home/disney/ros2_ws/build/akros2_teleop/install.log --single-version-externally-managed
[6.411s] DEBUG:colcon.colcon_core.event_handler.log_command:Invoked command in '/home/disney/ros2_ws/src/akros2_teleop' returned '0': AMENT_PREFIX_PATH=/home/disney/ros2_ws/install/akros2_msgs:${AMENT_PREFIX_PATH} CMAKE_PREFIX_PATH=/home/disney/ros2_ws/install/akros2_msgs LD_LIBRARY_PATH=/home/disney/ros2_ws/install/akros2_msgs/lib:${LD_LIBRARY_PATH} PYTHONPATH=/home/disney/ros2_ws/build/akros2_teleop/prefix_override:/home/disney/ros2_ws/install/akros2_teleop/lib/python3.10/site-packages:/home/disney/ros2_ws/install/akros2_msgs/local/lib/python3.10/dist-packages:${PYTHONPATH} /usr/bin/python3 setup.py egg_info --egg-base ../../build/akros2_teleop build --build-base /home/disney/ros2_ws/build/akros2_teleop/build install --record /home/disney/ros2_ws/build/akros2_teleop/install.log --single-version-externally-managed
[6.428s] Level 1:colcon.colcon_core.environment:checking '/home/disney/ros2_ws/install/akros2_teleop' for CMake module files
[6.428s] Level 1:colcon.colcon_core.environment:checking '/home/disney/ros2_ws/install/akros2_teleop' for CMake config files
[6.428s] Level 1:colcon.colcon_core.environment:checking '/home/disney/ros2_ws/install/akros2_teleop/lib'
[6.429s] Level 1:colcon.colcon_core.environment:checking '/home/disney/ros2_ws/install/akros2_teleop/bin'
[6.429s] Level 1:colcon.colcon_core.environment:checking '/home/disney/ros2_ws/install/akros2_teleop/lib/pkgconfig/akros2_teleop.pc'
[6.429s] Level 1:colcon.colcon_core.environment:checking '/home/disney/ros2_ws/install/akros2_teleop/lib/python3.10/site-packages'
[6.429s] Level 1:colcon.colcon_core.shell:create_environment_hook('akros2_teleop', 'pythonpath')
[6.446s] INFO:colcon.colcon_core.shell:Creating environment hook '/home/disney/ros2_ws/install/akros2_teleop/share/akros2_teleop/hook/pythonpath.ps1'
[6.446s] INFO:colcon.colcon_core.shell:Creating environment descriptor '/home/disney/ros2_ws/install/akros2_teleop/share/akros2_teleop/hook/pythonpath.dsv'
[6.446s] INFO:colcon.colcon_core.shell:Creating environment hook '/home/disney/ros2_ws/install/akros2_teleop/share/akros2_teleop/hook/pythonpath.sh'
[6.447s] Level 1:colcon.colcon_core.environment:checking '/home/disney/ros2_ws/install/akros2_teleop/bin'
[6.447s] Level 1:colcon.colcon_core.environment:create_environment_scripts_only(akros2_teleop)
[6.464s] INFO:colcon.colcon_core.shell:Creating package script '/home/disney/ros2_ws/install/akros2_teleop/share/akros2_teleop/package.ps1'
[6.464s] INFO:colcon.colcon_core.shell:Creating package descriptor '/home/disney/ros2_ws/install/akros2_teleop/share/akros2_teleop/package.dsv'
[6.465s] INFO:colcon.colcon_core.shell:Creating package script '/home/disney/ros2_ws/install/akros2_teleop/share/akros2_teleop/package.sh'
[6.465s] INFO:colcon.colcon_core.shell:Creating package script '/home/disney/ros2_ws/install/akros2_teleop/share/akros2_teleop/package.bash'
[6.465s] INFO:colcon.colcon_core.shell:Creating package script '/home/disney/ros2_ws/install/akros2_teleop/share/akros2_teleop/package.zsh'
[6.466s] Level 1:colcon.colcon_core.environment:create_file_with_runtime_dependencies(/home/disney/ros2_ws/install/akros2_teleop/share/colcon-core/packages/akros2_teleop)
[6.466s] DEBUG:colcon.colcon_parallel_executor.executor.parallel:closing loop
[6.466s] DEBUG:colcon.colcon_parallel_executor.executor.parallel:loop closed
[6.466s] DEBUG:colcon.colcon_parallel_executor.executor.parallel:run_until_complete finished with '0'
[6.466s] DEBUG:colcon.colcon_core.event_reactor:joining thread
[6.487s] INFO:colcon.colcon_core.plugin_system:Skipping extension 'colcon_notification.desktop_notification.notify_send': Could not find 'notify-send'
[6.487s] INFO:colcon.colcon_core.plugin_system:Skipping extension 'colcon_notification.desktop_notification.terminal_notifier': Not used on non-Darwin systems
[6.487s] INFO:colcon.colcon_core.plugin_system:Skipping extension 'colcon_notification.desktop_notification.win32': Not used on non-Windows systems
[6.487s] INFO:colcon.colcon_notification.desktop_notification:Sending desktop notification using 'notify2'
[6.494s] DEBUG:colcon.colcon_core.event_reactor:joined thread
[6.511s] INFO:colcon.colcon_core.shell:Creating prefix script '/home/disney/ros2_ws/install/local_setup.ps1'
[6.512s] INFO:colcon.colcon_core.shell:Creating prefix util module '/home/disney/ros2_ws/install/_local_setup_util_ps1.py'
[6.513s] INFO:colcon.colcon_core.shell:Creating prefix chain script '/home/disney/ros2_ws/install/setup.ps1'
[6.530s] INFO:colcon.colcon_core.shell:Creating prefix script '/home/disney/ros2_ws/install/local_setup.sh'
[6.531s] INFO:colcon.colcon_core.shell:Creating prefix util module '/home/disney/ros2_ws/install/_local_setup_util_sh.py'
[6.531s] INFO:colcon.colcon_core.shell:Creating prefix chain script '/home/disney/ros2_ws/install/setup.sh'
[6.548s] INFO:colcon.colcon_core.shell:Creating prefix script '/home/disney/ros2_ws/install/local_setup.bash'
[6.548s] INFO:colcon.colcon_core.shell:Creating prefix chain script '/home/disney/ros2_ws/install/setup.bash'
[6.565s] INFO:colcon.colcon_core.shell:Creating prefix script '/home/disney/ros2_ws/install/local_setup.zsh'
[6.566s] INFO:colcon.colcon_core.shell:Creating prefix chain script '/home/disney/ros2_ws/install/setup.zsh'
