[1.415s] Invoking command in '/home/disney/ros2_ws/src/wall_follow': PYTHONPATH=/home/disney/ros2_ws/build/wall_follow/prefix_override:/home/disney/ros2_ws/install/wall_follow/lib/python3.10/site-packages:${PYTHONPATH} /usr/bin/python3 setup.py egg_info --egg-base ../../build/wall_follow build --build-base /home/disney/ros2_ws/build/wall_follow/build install --record /home/disney/ros2_ws/build/wall_follow/install.log --install-scripts $base/lib/wall_follow --single-version-externally-managed
[1.639s] /home/disney/.local/lib/python3.10/site-packages/setuptools/dist.py:717: UserWarning: Usage of dash-separated 'script-dir' will not be supported in future versions. Please use the underscore name 'script_dir' instead
[1.639s]   warnings.warn(
[1.666s] running egg_info
[1.666s] writing ../../build/wall_follow/wall_follow.egg-info/PKG-INFO
[1.666s] writing dependency_links to ../../build/wall_follow/wall_follow.egg-info/dependency_links.txt
[1.667s] writing entry points to ../../build/wall_follow/wall_follow.egg-info/entry_points.txt
[1.667s] writing requirements to ../../build/wall_follow/wall_follow.egg-info/requires.txt
[1.667s] writing top-level names to ../../build/wall_follow/wall_follow.egg-info/top_level.txt
[1.668s] reading manifest file '../../build/wall_follow/wall_follow.egg-info/SOURCES.txt'
[1.669s] writing manifest file '../../build/wall_follow/wall_follow.egg-info/SOURCES.txt'
[1.669s] running build
[1.670s] running build_py
[1.670s] running install
[1.670s] running install_lib
[1.671s] running install_data
[1.672s] running install_egg_info
[1.673s] removing '/home/disney/ros2_ws/install/wall_follow/lib/python3.10/site-packages/wall_follow-0.0.0-py3.10.egg-info' (and everything under it)
[1.674s] Copying ../../build/wall_follow/wall_follow.egg-info to /home/disney/ros2_ws/install/wall_follow/lib/python3.10/site-packages/wall_follow-0.0.0-py3.10.egg-info
[1.675s] running install_scripts
[1.693s] Installing wall_follow script to /home/disney/ros2_ws/install/wall_follow/lib/wall_follow
[1.693s] writing list of installed files to '/home/disney/ros2_ws/build/wall_follow/install.log'
[1.782s] Invoked command in '/home/disney/ros2_ws/src/wall_follow' returned '0': PYTHONPATH=/home/disney/ros2_ws/build/wall_follow/prefix_override:/home/disney/ros2_ws/install/wall_follow/lib/python3.10/site-packages:${PYTHONPATH} /usr/bin/python3 setup.py egg_info --egg-base ../../build/wall_follow build --build-base /home/disney/ros2_ws/build/wall_follow/build install --record /home/disney/ros2_ws/build/wall_follow/install.log --install-scripts $base/lib/wall_follow --single-version-externally-managed
