[0.106s] DEBUG:colcon:Command line arguments: ['/usr/bin/colcon', 'build']
[0.106s] DEBUG:colcon:Parsed command line arguments: Namespace(log_base=None, log_level=None, verb_name='build', build_base='build', install_base='install', merge_install=False, symlink_install=False, test_result_base=None, continue_on_error=False, executor='parallel', parallel_workers=12, event_handlers=None, ignore_user_meta=False, metas=['./colcon.meta'], base_paths=['.'], packages_ignore=None, packages_ignore_regex=None, paths=None, packages_up_to=None, packages_up_to_regex=None, packages_above=None, packages_above_and_dependencies=None, packages_above_depth=None, packages_select_by_dep=None, packages_skip_by_dep=None, packages_skip_up_to=None, packages_select_build_failed=False, packages_skip_build_finished=False, packages_select_test_failures=False, packages_skip_test_passed=False, packages_select=None, packages_skip=None, packages_select_regex=None, packages_skip_regex=None, packages_start=None, packages_end=None, allow_overriding=[], cmake_args=None, cmake_target=None, cmake_target_skip_unavailable=False, cmake_clean_cache=False, cmake_clean_first=False, cmake_force_configure=False, ament_cmake_args=None, catkin_cmake_args=None, catkin_skip_building_tests=False, verb_parser=<colcon_defaults.argument_parser.defaults.DefaultArgumentsDecorator object at 0x7dfb8684b490>, verb_extension=<colcon_core.verb.build.BuildVerb object at 0x7dfb8684b010>, main=<bound method BuildVerb.main of <colcon_core.verb.build.BuildVerb object at 0x7dfb8684b010>>)
[0.313s] Level 1:colcon.colcon_core.package_discovery:discover_packages(colcon_meta) check parameters
[0.313s] Level 1:colcon.colcon_core.package_discovery:discover_packages(recursive) check parameters
[0.313s] Level 1:colcon.colcon_core.package_discovery:discover_packages(ignore) check parameters
[0.313s] Level 1:colcon.colcon_core.package_discovery:discover_packages(path) check parameters
[0.314s] Level 1:colcon.colcon_core.package_discovery:discover_packages(colcon_meta) discover
[0.314s] Level 1:colcon.colcon_core.package_discovery:discover_packages(recursive) discover
[0.314s] INFO:colcon.colcon_core.package_discovery:Crawling recursively for packages in '/home/disney/Documents/Gustavo_codes/ros2_ws'
[0.314s] Level 1:colcon.colcon_core.package_identification:_identify(.) by extensions ['ignore', 'ignore_ament_install']
[0.314s] Level 1:colcon.colcon_core.package_identification:_identify(.) by extension 'ignore'
[0.314s] Level 1:colcon.colcon_core.package_identification:_identify(.) by extension 'ignore_ament_install'
[0.314s] Level 1:colcon.colcon_core.package_identification:_identify(.) by extensions ['colcon_pkg']
[0.314s] Level 1:colcon.colcon_core.package_identification:_identify(.) by extension 'colcon_pkg'
[0.314s] Level 1:colcon.colcon_core.package_identification:_identify(.) by extensions ['colcon_meta']
[0.314s] Level 1:colcon.colcon_core.package_identification:_identify(.) by extension 'colcon_meta'
[0.314s] Level 1:colcon.colcon_core.package_identification:_identify(.) by extensions ['ros']
[0.314s] Level 1:colcon.colcon_core.package_identification:_identify(.) by extension 'ros'
[0.333s] Level 1:colcon.colcon_core.package_identification:_identify(.) by extensions ['cmake', 'python']
[0.333s] Level 1:colcon.colcon_core.package_identification:_identify(.) by extension 'cmake'
[0.333s] Level 1:colcon.colcon_core.package_identification:_identify(.) by extension 'python'
[0.333s] Level 1:colcon.colcon_core.package_identification:_identify(.) by extensions ['python_setup_py']
[0.333s] Level 1:colcon.colcon_core.package_identification:_identify(.) by extension 'python_setup_py'
[0.333s] Level 1:colcon.colcon_core.package_identification:_identify(build) by extensions ['ignore', 'ignore_ament_install']
[0.333s] Level 1:colcon.colcon_core.package_identification:_identify(build) by extension 'ignore'
[0.333s] Level 1:colcon.colcon_core.package_identification:_identify(build) ignored
[0.334s] Level 1:colcon.colcon_core.package_identification:_identify(install) by extensions ['ignore', 'ignore_ament_install']
[0.334s] Level 1:colcon.colcon_core.package_identification:_identify(install) by extension 'ignore'
[0.334s] Level 1:colcon.colcon_core.package_identification:_identify(install) ignored
[0.334s] Level 1:colcon.colcon_core.package_identification:_identify(log) by extensions ['ignore', 'ignore_ament_install']
[0.334s] Level 1:colcon.colcon_core.package_identification:_identify(log) by extension 'ignore'
[0.334s] Level 1:colcon.colcon_core.package_identification:_identify(log) ignored
[0.334s] Level 1:colcon.colcon_core.package_identification:_identify(src) by extensions ['ignore', 'ignore_ament_install']
[0.334s] Level 1:colcon.colcon_core.package_identification:_identify(src) by extension 'ignore'
[0.334s] Level 1:colcon.colcon_core.package_identification:_identify(src) by extension 'ignore_ament_install'
[0.334s] Level 1:colcon.colcon_core.package_identification:_identify(src) by extensions ['colcon_pkg']
[0.334s] Level 1:colcon.colcon_core.package_identification:_identify(src) by extension 'colcon_pkg'
[0.334s] Level 1:colcon.colcon_core.package_identification:_identify(src) by extensions ['colcon_meta']
[0.334s] Level 1:colcon.colcon_core.package_identification:_identify(src) by extension 'colcon_meta'
[0.334s] Level 1:colcon.colcon_core.package_identification:_identify(src) by extensions ['ros']
[0.334s] Level 1:colcon.colcon_core.package_identification:_identify(src) by extension 'ros'
[0.334s] Level 1:colcon.colcon_core.package_identification:_identify(src) by extensions ['cmake', 'python']
[0.334s] Level 1:colcon.colcon_core.package_identification:_identify(src) by extension 'cmake'
[0.334s] Level 1:colcon.colcon_core.package_identification:_identify(src) by extension 'python'
[0.334s] Level 1:colcon.colcon_core.package_identification:_identify(src) by extensions ['python_setup_py']
[0.334s] Level 1:colcon.colcon_core.package_identification:_identify(src) by extension 'python_setup_py'
[0.334s] Level 1:colcon.colcon_core.package_identification:_identify(src/Joy_ackerman) by extensions ['ignore', 'ignore_ament_install']
[0.335s] Level 1:colcon.colcon_core.package_identification:_identify(src/Joy_ackerman) by extension 'ignore'
[0.335s] Level 1:colcon.colcon_core.package_identification:_identify(src/Joy_ackerman) by extension 'ignore_ament_install'
[0.335s] Level 1:colcon.colcon_core.package_identification:_identify(src/Joy_ackerman) by extensions ['colcon_pkg']
[0.335s] Level 1:colcon.colcon_core.package_identification:_identify(src/Joy_ackerman) by extension 'colcon_pkg'
[0.335s] Level 1:colcon.colcon_core.package_identification:_identify(src/Joy_ackerman) by extensions ['colcon_meta']
[0.335s] Level 1:colcon.colcon_core.package_identification:_identify(src/Joy_ackerman) by extension 'colcon_meta'
[0.335s] Level 1:colcon.colcon_core.package_identification:_identify(src/Joy_ackerman) by extensions ['ros']
[0.335s] Level 1:colcon.colcon_core.package_identification:_identify(src/Joy_ackerman) by extension 'ros'
[0.338s] DEBUG:colcon.colcon_core.package_identification:Package 'src/Joy_ackerman' with type 'ros.ament_python' and name 'joy_ackerman'
[0.338s] Level 1:colcon.colcon_core.package_identification:_identify(src/akros2_msgs) by extensions ['ignore', 'ignore_ament_install']
[0.338s] Level 1:colcon.colcon_core.package_identification:_identify(src/akros2_msgs) by extension 'ignore'
[0.338s] Level 1:colcon.colcon_core.package_identification:_identify(src/akros2_msgs) by extension 'ignore_ament_install'
[0.338s] Level 1:colcon.colcon_core.package_identification:_identify(src/akros2_msgs) by extensions ['colcon_pkg']
[0.338s] Level 1:colcon.colcon_core.package_identification:_identify(src/akros2_msgs) by extension 'colcon_pkg'
[0.338s] Level 1:colcon.colcon_core.package_identification:_identify(src/akros2_msgs) by extensions ['colcon_meta']
[0.338s] Level 1:colcon.colcon_core.package_identification:_identify(src/akros2_msgs) by extension 'colcon_meta'
[0.338s] Level 1:colcon.colcon_core.package_identification:_identify(src/akros2_msgs) by extensions ['ros']
[0.338s] Level 1:colcon.colcon_core.package_identification:_identify(src/akros2_msgs) by extension 'ros'
[0.339s] DEBUG:colcon.colcon_core.package_identification:Package 'src/akros2_msgs' with type 'ros.ament_cmake' and name 'akros2_msgs'
[0.339s] Level 1:colcon.colcon_core.package_identification:_identify(src/akros2_teleop) by extensions ['ignore', 'ignore_ament_install']
[0.339s] Level 1:colcon.colcon_core.package_identification:_identify(src/akros2_teleop) by extension 'ignore'
[0.339s] Level 1:colcon.colcon_core.package_identification:_identify(src/akros2_teleop) by extension 'ignore_ament_install'
[0.339s] Level 1:colcon.colcon_core.package_identification:_identify(src/akros2_teleop) by extensions ['colcon_pkg']
[0.339s] Level 1:colcon.colcon_core.package_identification:_identify(src/akros2_teleop) by extension 'colcon_pkg'
[0.339s] Level 1:colcon.colcon_core.package_identification:_identify(src/akros2_teleop) by extensions ['colcon_meta']
[0.339s] Level 1:colcon.colcon_core.package_identification:_identify(src/akros2_teleop) by extension 'colcon_meta'
[0.339s] Level 1:colcon.colcon_core.package_identification:_identify(src/akros2_teleop) by extensions ['ros']
[0.339s] Level 1:colcon.colcon_core.package_identification:_identify(src/akros2_teleop) by extension 'ros'
[0.340s] DEBUG:colcon.colcon_core.package_identification:Package 'src/akros2_teleop' with type 'ros.ament_python' and name 'akros2_teleop'
[0.340s] Level 1:colcon.colcon_core.package_identification:_identify(src/perfil_lidar) by extensions ['ignore', 'ignore_ament_install']
[0.341s] Level 1:colcon.colcon_core.package_identification:_identify(src/perfil_lidar) by extension 'ignore'
[0.341s] Level 1:colcon.colcon_core.package_identification:_identify(src/perfil_lidar) by extension 'ignore_ament_install'
[0.341s] Level 1:colcon.colcon_core.package_identification:_identify(src/perfil_lidar) by extensions ['colcon_pkg']
[0.341s] Level 1:colcon.colcon_core.package_identification:_identify(src/perfil_lidar) by extension 'colcon_pkg'
[0.341s] Level 1:colcon.colcon_core.package_identification:_identify(src/perfil_lidar) by extensions ['colcon_meta']
[0.341s] Level 1:colcon.colcon_core.package_identification:_identify(src/perfil_lidar) by extension 'colcon_meta'
[0.341s] Level 1:colcon.colcon_core.package_identification:_identify(src/perfil_lidar) by extensions ['ros']
[0.341s] Level 1:colcon.colcon_core.package_identification:_identify(src/perfil_lidar) by extension 'ros'
[0.342s] DEBUG:colcon.colcon_core.package_identification:Package 'src/perfil_lidar' with type 'ros.ament_python' and name 'perfil_lidar'
[0.342s] Level 1:colcon.colcon_core.package_identification:_identify(src/wall_follow) by extensions ['ignore', 'ignore_ament_install']
[0.342s] Level 1:colcon.colcon_core.package_identification:_identify(src/wall_follow) by extension 'ignore'
[0.342s] Level 1:colcon.colcon_core.package_identification:_identify(src/wall_follow) by extension 'ignore_ament_install'
[0.342s] Level 1:colcon.colcon_core.package_identification:_identify(src/wall_follow) by extensions ['colcon_pkg']
[0.342s] Level 1:colcon.colcon_core.package_identification:_identify(src/wall_follow) by extension 'colcon_pkg'
[0.342s] Level 1:colcon.colcon_core.package_identification:_identify(src/wall_follow) by extensions ['colcon_meta']
[0.342s] Level 1:colcon.colcon_core.package_identification:_identify(src/wall_follow) by extension 'colcon_meta'
[0.342s] Level 1:colcon.colcon_core.package_identification:_identify(src/wall_follow) by extensions ['ros']
[0.342s] Level 1:colcon.colcon_core.package_identification:_identify(src/wall_follow) by extension 'ros'
[0.344s] DEBUG:colcon.colcon_core.package_identification:Package 'src/wall_follow' with type 'ros.ament_python' and name 'wall_follow'
[0.344s] Level 1:colcon.colcon_core.package_discovery:discover_packages(recursive) using defaults
[0.344s] Level 1:colcon.colcon_core.package_discovery:discover_packages(ignore) discover
[0.344s] Level 1:colcon.colcon_core.package_discovery:discover_packages(ignore) using defaults
[0.344s] Level 1:colcon.colcon_core.package_discovery:discover_packages(path) discover
[0.344s] Level 1:colcon.colcon_core.package_discovery:discover_packages(path) using defaults
[0.364s] Level 1:colcon.colcon_core.package_discovery:discover_packages(prefix_path) check parameters
[0.364s] Level 1:colcon.colcon_core.package_discovery:discover_packages(prefix_path) discover
[0.364s] WARNING:colcon.colcon_core.prefix_path.colcon:The path '/home/disney/Documents/Gustavo_codes/ros2_ws/src/install' in the environment variable COLCON_PREFIX_PATH doesn't exist
[0.365s] WARNING:colcon.colcon_ros.prefix_path.ament:The path '/home/disney/Documents/Gustavo_codes/ros2_ws/install/joy_ackerman' in the environment variable AMENT_PREFIX_PATH doesn't exist
[0.365s] WARNING:colcon.colcon_ros.prefix_path.ament:The path '/home/disney/Documents/Gustavo_codes/ros2_ws/src/install/wall_follow' in the environment variable AMENT_PREFIX_PATH doesn't exist
[0.365s] WARNING:colcon.colcon_ros.prefix_path.ament:The path '/home/disney/Documents/Gustavo_codes/ros2_ws/src/install/perfil_lidar' in the environment variable AMENT_PREFIX_PATH doesn't exist
[0.365s] WARNING:colcon.colcon_ros.prefix_path.ament:The path '/home/disney/Documents/Gustavo_codes/ros2_ws/src/install/joy_ackerman' in the environment variable AMENT_PREFIX_PATH doesn't exist
[0.365s] WARNING:colcon.colcon_ros.prefix_path.ament:The path '/home/disney/Documents/Gustavo_codes/ros2_ws/src/install/akros2_teleop' in the environment variable AMENT_PREFIX_PATH doesn't exist
[0.365s] WARNING:colcon.colcon_ros.prefix_path.ament:The path '/home/disney/Documents/Gustavo_codes/ros2_ws/src/install/akros2_msgs' in the environment variable AMENT_PREFIX_PATH doesn't exist
[0.365s] WARNING:colcon.colcon_ros.prefix_path.ament:The path '/home/disney/Documents/Gustavo_codes/ros2_ws/install/wall_follow' in the environment variable AMENT_PREFIX_PATH doesn't exist
[0.365s] WARNING:colcon.colcon_ros.prefix_path.ament:The path '/home/disney/Documents/Gustavo_codes/ros2_ws/install/perfil_lidar' in the environment variable AMENT_PREFIX_PATH doesn't exist
[0.365s] WARNING:colcon.colcon_ros.prefix_path.ament:The path '/home/disney/Documents/Gustavo_codes/ros2_ws/install/akros2_teleop' in the environment variable AMENT_PREFIX_PATH doesn't exist
[0.365s] WARNING:colcon.colcon_ros.prefix_path.ament:The path '/home/disney/Documents/Gustavo_codes/ros2_ws/install/akros2_msgs' in the environment variable AMENT_PREFIX_PATH doesn't exist
[0.365s] WARNING:colcon.colcon_ros.prefix_path.catkin:The path '/home/disney/Documents/Gustavo_codes/ros2_ws/src/install/akros2_msgs' in the environment variable CMAKE_PREFIX_PATH doesn't exist
[0.365s] WARNING:colcon.colcon_ros.prefix_path.catkin:The path '/home/disney/Documents/Gustavo_codes/ros2_ws/install/akros2_msgs' in the environment variable CMAKE_PREFIX_PATH doesn't exist
[0.366s] DEBUG:colcon.colcon_installed_package_information.package_discovery:Found 0 installed packages in /home/disney/Documents/Gustavo_codes/ros2_ws/install
[0.367s] DEBUG:colcon.colcon_installed_package_information.package_discovery:Found 290 installed packages in /opt/ros/humble
[0.368s] Level 1:colcon.colcon_core.package_discovery:discover_packages(prefix_path) using defaults
[0.410s] Level 5:colcon.colcon_core.verb:set package 'akros2_msgs' build argument 'cmake_args' from command line to 'None'
[0.410s] Level 5:colcon.colcon_core.verb:set package 'akros2_msgs' build argument 'cmake_target' from command line to 'None'
[0.410s] Level 5:colcon.colcon_core.verb:set package 'akros2_msgs' build argument 'cmake_target_skip_unavailable' from command line to 'False'
[0.410s] Level 5:colcon.colcon_core.verb:set package 'akros2_msgs' build argument 'cmake_clean_cache' from command line to 'False'
[0.410s] Level 5:colcon.colcon_core.verb:set package 'akros2_msgs' build argument 'cmake_clean_first' from command line to 'False'
[0.410s] Level 5:colcon.colcon_core.verb:set package 'akros2_msgs' build argument 'cmake_force_configure' from command line to 'False'
[0.410s] Level 5:colcon.colcon_core.verb:set package 'akros2_msgs' build argument 'ament_cmake_args' from command line to 'None'
[0.410s] Level 5:colcon.colcon_core.verb:set package 'akros2_msgs' build argument 'catkin_cmake_args' from command line to 'None'
[0.410s] Level 5:colcon.colcon_core.verb:set package 'akros2_msgs' build argument 'catkin_skip_building_tests' from command line to 'False'
[0.410s] DEBUG:colcon.colcon_core.verb:Building package 'akros2_msgs' with the following arguments: {'ament_cmake_args': None, 'build_base': '/home/disney/Documents/Gustavo_codes/ros2_ws/build/akros2_msgs', 'catkin_cmake_args': None, 'catkin_skip_building_tests': False, 'cmake_args': None, 'cmake_clean_cache': False, 'cmake_clean_first': False, 'cmake_force_configure': False, 'cmake_target': None, 'cmake_target_skip_unavailable': False, 'install_base': '/home/disney/Documents/Gustavo_codes/ros2_ws/install/akros2_msgs', 'merge_install': False, 'path': '/home/disney/Documents/Gustavo_codes/ros2_ws/src/akros2_msgs', 'symlink_install': False, 'test_result_base': None}
[0.411s] Level 5:colcon.colcon_core.verb:set package 'joy_ackerman' build argument 'cmake_args' from command line to 'None'
[0.411s] Level 5:colcon.colcon_core.verb:set package 'joy_ackerman' build argument 'cmake_target' from command line to 'None'
[0.411s] Level 5:colcon.colcon_core.verb:set package 'joy_ackerman' build argument 'cmake_target_skip_unavailable' from command line to 'False'
[0.411s] Level 5:colcon.colcon_core.verb:set package 'joy_ackerman' build argument 'cmake_clean_cache' from command line to 'False'
[0.411s] Level 5:colcon.colcon_core.verb:set package 'joy_ackerman' build argument 'cmake_clean_first' from command line to 'False'
[0.411s] Level 5:colcon.colcon_core.verb:set package 'joy_ackerman' build argument 'cmake_force_configure' from command line to 'False'
[0.411s] Level 5:colcon.colcon_core.verb:set package 'joy_ackerman' build argument 'ament_cmake_args' from command line to 'None'
[0.411s] Level 5:colcon.colcon_core.verb:set package 'joy_ackerman' build argument 'catkin_cmake_args' from command line to 'None'
[0.411s] Level 5:colcon.colcon_core.verb:set package 'joy_ackerman' build argument 'catkin_skip_building_tests' from command line to 'False'
[0.411s] DEBUG:colcon.colcon_core.verb:Building package 'joy_ackerman' with the following arguments: {'ament_cmake_args': None, 'build_base': '/home/disney/Documents/Gustavo_codes/ros2_ws/build/joy_ackerman', 'catkin_cmake_args': None, 'catkin_skip_building_tests': False, 'cmake_args': None, 'cmake_clean_cache': False, 'cmake_clean_first': False, 'cmake_force_configure': False, 'cmake_target': None, 'cmake_target_skip_unavailable': False, 'install_base': '/home/disney/Documents/Gustavo_codes/ros2_ws/install/joy_ackerman', 'merge_install': False, 'path': '/home/disney/Documents/Gustavo_codes/ros2_ws/src/Joy_ackerman', 'symlink_install': False, 'test_result_base': None}
[0.411s] Level 5:colcon.colcon_core.verb:set package 'perfil_lidar' build argument 'cmake_args' from command line to 'None'
[0.411s] Level 5:colcon.colcon_core.verb:set package 'perfil_lidar' build argument 'cmake_target' from command line to 'None'
[0.411s] Level 5:colcon.colcon_core.verb:set package 'perfil_lidar' build argument 'cmake_target_skip_unavailable' from command line to 'False'
[0.411s] Level 5:colcon.colcon_core.verb:set package 'perfil_lidar' build argument 'cmake_clean_cache' from command line to 'False'
[0.411s] Level 5:colcon.colcon_core.verb:set package 'perfil_lidar' build argument 'cmake_clean_first' from command line to 'False'
[0.411s] Level 5:colcon.colcon_core.verb:set package 'perfil_lidar' build argument 'cmake_force_configure' from command line to 'False'
[0.411s] Level 5:colcon.colcon_core.verb:set package 'perfil_lidar' build argument 'ament_cmake_args' from command line to 'None'
[0.411s] Level 5:colcon.colcon_core.verb:set package 'perfil_lidar' build argument 'catkin_cmake_args' from command line to 'None'
[0.411s] Level 5:colcon.colcon_core.verb:set package 'perfil_lidar' build argument 'catkin_skip_building_tests' from command line to 'False'
[0.411s] DEBUG:colcon.colcon_core.verb:Building package 'perfil_lidar' with the following arguments: {'ament_cmake_args': None, 'build_base': '/home/disney/Documents/Gustavo_codes/ros2_ws/build/perfil_lidar', 'catkin_cmake_args': None, 'catkin_skip_building_tests': False, 'cmake_args': None, 'cmake_clean_cache': False, 'cmake_clean_first': False, 'cmake_force_configure': False, 'cmake_target': None, 'cmake_target_skip_unavailable': False, 'install_base': '/home/disney/Documents/Gustavo_codes/ros2_ws/install/perfil_lidar', 'merge_install': False, 'path': '/home/disney/Documents/Gustavo_codes/ros2_ws/src/perfil_lidar', 'symlink_install': False, 'test_result_base': None}
[0.412s] Level 5:colcon.colcon_core.verb:set package 'wall_follow' build argument 'cmake_args' from command line to 'None'
[0.412s] Level 5:colcon.colcon_core.verb:set package 'wall_follow' build argument 'cmake_target' from command line to 'None'
[0.412s] Level 5:colcon.colcon_core.verb:set package 'wall_follow' build argument 'cmake_target_skip_unavailable' from command line to 'False'
[0.412s] Level 5:colcon.colcon_core.verb:set package 'wall_follow' build argument 'cmake_clean_cache' from command line to 'False'
[0.412s] Level 5:colcon.colcon_core.verb:set package 'wall_follow' build argument 'cmake_clean_first' from command line to 'False'
[0.412s] Level 5:colcon.colcon_core.verb:set package 'wall_follow' build argument 'cmake_force_configure' from command line to 'False'
[0.412s] Level 5:colcon.colcon_core.verb:set package 'wall_follow' build argument 'ament_cmake_args' from command line to 'None'
[0.412s] Level 5:colcon.colcon_core.verb:set package 'wall_follow' build argument 'catkin_cmake_args' from command line to 'None'
[0.412s] Level 5:colcon.colcon_core.verb:set package 'wall_follow' build argument 'catkin_skip_building_tests' from command line to 'False'
[0.412s] DEBUG:colcon.colcon_core.verb:Building package 'wall_follow' with the following arguments: {'ament_cmake_args': None, 'build_base': '/home/disney/Documents/Gustavo_codes/ros2_ws/build/wall_follow', 'catkin_cmake_args': None, 'catkin_skip_building_tests': False, 'cmake_args': None, 'cmake_clean_cache': False, 'cmake_clean_first': False, 'cmake_force_configure': False, 'cmake_target': None, 'cmake_target_skip_unavailable': False, 'install_base': '/home/disney/Documents/Gustavo_codes/ros2_ws/install/wall_follow', 'merge_install': False, 'path': '/home/disney/Documents/Gustavo_codes/ros2_ws/src/wall_follow', 'symlink_install': False, 'test_result_base': None}
[0.412s] Level 5:colcon.colcon_core.verb:set package 'akros2_teleop' build argument 'cmake_args' from command line to 'None'
[0.412s] Level 5:colcon.colcon_core.verb:set package 'akros2_teleop' build argument 'cmake_target' from command line to 'None'
[0.412s] Level 5:colcon.colcon_core.verb:set package 'akros2_teleop' build argument 'cmake_target_skip_unavailable' from command line to 'False'
[0.412s] Level 5:colcon.colcon_core.verb:set package 'akros2_teleop' build argument 'cmake_clean_cache' from command line to 'False'
[0.412s] Level 5:colcon.colcon_core.verb:set package 'akros2_teleop' build argument 'cmake_clean_first' from command line to 'False'
[0.412s] Level 5:colcon.colcon_core.verb:set package 'akros2_teleop' build argument 'cmake_force_configure' from command line to 'False'
[0.412s] Level 5:colcon.colcon_core.verb:set package 'akros2_teleop' build argument 'ament_cmake_args' from command line to 'None'
[0.412s] Level 5:colcon.colcon_core.verb:set package 'akros2_teleop' build argument 'catkin_cmake_args' from command line to 'None'
[0.412s] Level 5:colcon.colcon_core.verb:set package 'akros2_teleop' build argument 'catkin_skip_building_tests' from command line to 'False'
[0.412s] DEBUG:colcon.colcon_core.verb:Building package 'akros2_teleop' with the following arguments: {'ament_cmake_args': None, 'build_base': '/home/disney/Documents/Gustavo_codes/ros2_ws/build/akros2_teleop', 'catkin_cmake_args': None, 'catkin_skip_building_tests': False, 'cmake_args': None, 'cmake_clean_cache': False, 'cmake_clean_first': False, 'cmake_force_configure': False, 'cmake_target': None, 'cmake_target_skip_unavailable': False, 'install_base': '/home/disney/Documents/Gustavo_codes/ros2_ws/install/akros2_teleop', 'merge_install': False, 'path': '/home/disney/Documents/Gustavo_codes/ros2_ws/src/akros2_teleop', 'symlink_install': False, 'test_result_base': None}
[0.413s] INFO:colcon.colcon_core.executor:Executing jobs using 'parallel' executor
[0.413s] DEBUG:colcon.colcon_parallel_executor.executor.parallel:run_until_complete
[0.414s] INFO:colcon.colcon_ros.task.ament_cmake.build:Building ROS package in '/home/disney/Documents/Gustavo_codes/ros2_ws/src/akros2_msgs' with build type 'ament_cmake'
[0.414s] INFO:colcon.colcon_cmake.task.cmake.build:Building CMake package in '/home/disney/Documents/Gustavo_codes/ros2_ws/src/akros2_msgs'
[0.416s] INFO:colcon.colcon_core.plugin_system:Skipping extension 'colcon_core.shell.bat': Not used on non-Windows systems
[0.416s] INFO:colcon.colcon_core.shell:Skip shell extension 'powershell' for command environment: Not usable outside of PowerShell
[0.416s] DEBUG:colcon.colcon_core.shell:Skip shell extension 'dsv' for command environment
[0.418s] INFO:colcon.colcon_ros.task.ament_python.build:Building ROS package in '/home/disney/Documents/Gustavo_codes/ros2_ws/src/Joy_ackerman' with build type 'ament_python'
[0.419s] Level 1:colcon.colcon_core.shell:create_environment_hook('joy_ackerman', 'ament_prefix_path')
[0.419s] INFO:colcon.colcon_core.shell:Creating environment hook '/home/disney/Documents/Gustavo_codes/ros2_ws/install/joy_ackerman/share/joy_ackerman/hook/ament_prefix_path.ps1'
[0.419s] INFO:colcon.colcon_core.shell:Creating environment descriptor '/home/disney/Documents/Gustavo_codes/ros2_ws/install/joy_ackerman/share/joy_ackerman/hook/ament_prefix_path.dsv'
[0.420s] INFO:colcon.colcon_core.shell:Creating environment hook '/home/disney/Documents/Gustavo_codes/ros2_ws/install/joy_ackerman/share/joy_ackerman/hook/ament_prefix_path.sh'
[0.420s] INFO:colcon.colcon_core.shell:Skip shell extension 'powershell' for command environment: Not usable outside of PowerShell
[0.420s] DEBUG:colcon.colcon_core.shell:Skip shell extension 'dsv' for command environment
[0.423s] INFO:colcon.colcon_ros.task.ament_python.build:Building ROS package in '/home/disney/Documents/Gustavo_codes/ros2_ws/src/perfil_lidar' with build type 'ament_python'
[0.424s] Level 1:colcon.colcon_core.shell:create_environment_hook('perfil_lidar', 'ament_prefix_path')
[0.424s] INFO:colcon.colcon_core.shell:Creating environment hook '/home/disney/Documents/Gustavo_codes/ros2_ws/install/perfil_lidar/share/perfil_lidar/hook/ament_prefix_path.ps1'
[0.425s] INFO:colcon.colcon_core.shell:Creating environment descriptor '/home/disney/Documents/Gustavo_codes/ros2_ws/install/perfil_lidar/share/perfil_lidar/hook/ament_prefix_path.dsv'
[0.425s] INFO:colcon.colcon_core.shell:Creating environment hook '/home/disney/Documents/Gustavo_codes/ros2_ws/install/perfil_lidar/share/perfil_lidar/hook/ament_prefix_path.sh'
[0.426s] INFO:colcon.colcon_core.shell:Skip shell extension 'powershell' for command environment: Not usable outside of PowerShell
[0.426s] DEBUG:colcon.colcon_core.shell:Skip shell extension 'dsv' for command environment
[0.429s] INFO:colcon.colcon_ros.task.ament_python.build:Building ROS package in '/home/disney/Documents/Gustavo_codes/ros2_ws/src/wall_follow' with build type 'ament_python'
[0.429s] Level 1:colcon.colcon_core.shell:create_environment_hook('wall_follow', 'ament_prefix_path')
[0.429s] INFO:colcon.colcon_core.shell:Creating environment hook '/home/disney/Documents/Gustavo_codes/ros2_ws/install/wall_follow/share/wall_follow/hook/ament_prefix_path.ps1'
[0.430s] INFO:colcon.colcon_core.shell:Creating environment descriptor '/home/disney/Documents/Gustavo_codes/ros2_ws/install/wall_follow/share/wall_follow/hook/ament_prefix_path.dsv'
[0.430s] INFO:colcon.colcon_core.shell:Creating environment hook '/home/disney/Documents/Gustavo_codes/ros2_ws/install/wall_follow/share/wall_follow/hook/ament_prefix_path.sh'
[0.431s] INFO:colcon.colcon_core.shell:Skip shell extension 'powershell' for command environment: Not usable outside of PowerShell
[0.431s] DEBUG:colcon.colcon_core.shell:Skip shell extension 'dsv' for command environment
[0.438s] DEBUG:colcon.colcon_core.event_handler.log_command:Invoking command in '/home/disney/Documents/Gustavo_codes/ros2_ws/build/akros2_msgs': CMAKE_PREFIX_PATH=${CMAKE_PREFIX_PATH}:/home/disney/Documents/Gustavo_codes/ros2_ws/install/joy_ackerman:/home/disney/Documents/Gustavo_codes/ros2_ws/src/install/wall_follow:/home/disney/Documents/Gustavo_codes/ros2_ws/src/install/perfil_lidar:/home/disney/Documents/Gustavo_codes/ros2_ws/src/install/joy_ackerman:/home/disney/Documents/Gustavo_codes/ros2_ws/src/install/akros2_teleop:/home/disney/Documents/Gustavo_codes/ros2_ws/install/wall_follow:/home/disney/Documents/Gustavo_codes/ros2_ws/install/perfil_lidar:/home/disney/Documents/Gustavo_codes/ros2_ws/install/akros2_teleop:/opt/ros/humble /usr/bin/cmake /home/disney/Documents/Gustavo_codes/ros2_ws/src/akros2_msgs -DCMAKE_INSTALL_PREFIX=/home/disney/Documents/Gustavo_codes/ros2_ws/install/akros2_msgs
[0.769s] INFO:colcon.colcon_core.task.python.build:Building Python package in '/home/disney/Documents/Gustavo_codes/ros2_ws/src/Joy_ackerman'
[0.769s] INFO:colcon.colcon_core.shell:Skip shell extension 'powershell' for command environment: Not usable outside of PowerShell
[0.769s] DEBUG:colcon.colcon_core.shell:Skip shell extension 'dsv' for command environment
[1.104s] INFO:colcon.colcon_core.task.python.build:Building Python package in '/home/disney/Documents/Gustavo_codes/ros2_ws/src/perfil_lidar'
[1.105s] INFO:colcon.colcon_core.shell:Skip shell extension 'powershell' for command environment: Not usable outside of PowerShell
[1.105s] DEBUG:colcon.colcon_core.shell:Skip shell extension 'dsv' for command environment
[1.433s] INFO:colcon.colcon_core.task.python.build:Building Python package in '/home/disney/Documents/Gustavo_codes/ros2_ws/src/wall_follow'
[1.433s] INFO:colcon.colcon_core.shell:Skip shell extension 'powershell' for command environment: Not usable outside of PowerShell
[1.433s] DEBUG:colcon.colcon_core.shell:Skip shell extension 'dsv' for command environment
[1.857s] DEBUG:colcon.colcon_core.event_handler.log_command:Invoking command in '/home/disney/Documents/Gustavo_codes/ros2_ws/src/Joy_ackerman': PYTHONPATH=/home/disney/Documents/Gustavo_codes/ros2_ws/build/joy_ackerman/prefix_override:/home/disney/Documents/Gustavo_codes/ros2_ws/install/joy_ackerman/lib/python3.10/site-packages:${PYTHONPATH} /usr/bin/python3 -W ignore:setup.py install is deprecated setup.py egg_info --egg-base ../../build/joy_ackerman build --build-base /home/disney/Documents/Gustavo_codes/ros2_ws/build/joy_ackerman/build install --record /home/disney/Documents/Gustavo_codes/ros2_ws/build/joy_ackerman/install.log --install-scripts $base/lib/wall_follow --single-version-externally-managed install_data
[1.901s] DEBUG:colcon.colcon_core.event_handler.log_command:Invoking command in '/home/disney/Documents/Gustavo_codes/ros2_ws/src/perfil_lidar': PYTHONPATH=/home/disney/Documents/Gustavo_codes/ros2_ws/build/perfil_lidar/prefix_override:/home/disney/Documents/Gustavo_codes/ros2_ws/install/perfil_lidar/lib/python3.10/site-packages:${PYTHONPATH} /usr/bin/python3 -W ignore:setup.py install is deprecated setup.py egg_info --egg-base ../../build/perfil_lidar build --build-base /home/disney/Documents/Gustavo_codes/ros2_ws/build/perfil_lidar/build install --record /home/disney/Documents/Gustavo_codes/ros2_ws/build/perfil_lidar/install.log --install-scripts $base/lib/perfil_lidar --single-version-externally-managed install_data
[1.938s] DEBUG:colcon.colcon_core.event_handler.log_command:Invoking command in '/home/disney/Documents/Gustavo_codes/ros2_ws/src/wall_follow': PYTHONPATH=/home/disney/Documents/Gustavo_codes/ros2_ws/build/wall_follow/prefix_override:/home/disney/Documents/Gustavo_codes/ros2_ws/install/wall_follow/lib/python3.10/site-packages:${PYTHONPATH} /usr/bin/python3 -W ignore:setup.py install is deprecated setup.py egg_info --egg-base ../../build/wall_follow build --build-base /home/disney/Documents/Gustavo_codes/ros2_ws/build/wall_follow/build install --record /home/disney/Documents/Gustavo_codes/ros2_ws/build/wall_follow/install.log --install-scripts $base/lib/wall_follow --single-version-externally-managed install_data
[2.268s] DEBUG:colcon.colcon_core.event_handler.log_command:Invoked command in '/home/disney/Documents/Gustavo_codes/ros2_ws/src/Joy_ackerman' returned '0': PYTHONPATH=/home/disney/Documents/Gustavo_codes/ros2_ws/build/joy_ackerman/prefix_override:/home/disney/Documents/Gustavo_codes/ros2_ws/install/joy_ackerman/lib/python3.10/site-packages:${PYTHONPATH} /usr/bin/python3 -W ignore:setup.py install is deprecated setup.py egg_info --egg-base ../../build/joy_ackerman build --build-base /home/disney/Documents/Gustavo_codes/ros2_ws/build/joy_ackerman/build install --record /home/disney/Documents/Gustavo_codes/ros2_ws/build/joy_ackerman/install.log --install-scripts $base/lib/wall_follow --single-version-externally-managed install_data
[2.271s] Level 1:colcon.colcon_core.environment:checking '/home/disney/Documents/Gustavo_codes/ros2_ws/install/joy_ackerman' for CMake module files
[2.272s] Level 1:colcon.colcon_core.environment:checking '/home/disney/Documents/Gustavo_codes/ros2_ws/install/joy_ackerman' for CMake config files
[2.272s] Level 1:colcon.colcon_core.environment:checking '/home/disney/Documents/Gustavo_codes/ros2_ws/install/joy_ackerman/lib'
[2.273s] Level 1:colcon.colcon_core.environment:checking '/home/disney/Documents/Gustavo_codes/ros2_ws/install/joy_ackerman/bin'
[2.273s] Level 1:colcon.colcon_core.environment:checking '/home/disney/Documents/Gustavo_codes/ros2_ws/install/joy_ackerman/lib/pkgconfig/joy_ackerman.pc'
[2.273s] Level 1:colcon.colcon_core.environment:checking '/home/disney/Documents/Gustavo_codes/ros2_ws/install/joy_ackerman/lib/python3.10/site-packages'
[2.273s] Level 1:colcon.colcon_core.shell:create_environment_hook('joy_ackerman', 'pythonpath')
[2.273s] INFO:colcon.colcon_core.shell:Creating environment hook '/home/disney/Documents/Gustavo_codes/ros2_ws/install/joy_ackerman/share/joy_ackerman/hook/pythonpath.ps1'
[2.274s] INFO:colcon.colcon_core.shell:Creating environment descriptor '/home/disney/Documents/Gustavo_codes/ros2_ws/install/joy_ackerman/share/joy_ackerman/hook/pythonpath.dsv'
[2.274s] INFO:colcon.colcon_core.shell:Creating environment hook '/home/disney/Documents/Gustavo_codes/ros2_ws/install/joy_ackerman/share/joy_ackerman/hook/pythonpath.sh'
[2.275s] Level 1:colcon.colcon_core.environment:checking '/home/disney/Documents/Gustavo_codes/ros2_ws/install/joy_ackerman/bin'
[2.275s] Level 1:colcon.colcon_core.environment:create_environment_scripts_only(joy_ackerman)
[2.276s] INFO:colcon.colcon_core.shell:Creating package script '/home/disney/Documents/Gustavo_codes/ros2_ws/install/joy_ackerman/share/joy_ackerman/package.ps1'
[2.277s] INFO:colcon.colcon_core.shell:Creating package descriptor '/home/disney/Documents/Gustavo_codes/ros2_ws/install/joy_ackerman/share/joy_ackerman/package.dsv'
[2.278s] INFO:colcon.colcon_core.shell:Creating package script '/home/disney/Documents/Gustavo_codes/ros2_ws/install/joy_ackerman/share/joy_ackerman/package.sh'
[2.278s] INFO:colcon.colcon_core.shell:Creating package script '/home/disney/Documents/Gustavo_codes/ros2_ws/install/joy_ackerman/share/joy_ackerman/package.bash'
[2.279s] INFO:colcon.colcon_core.shell:Creating package script '/home/disney/Documents/Gustavo_codes/ros2_ws/install/joy_ackerman/share/joy_ackerman/package.zsh'
[2.280s] Level 1:colcon.colcon_core.environment:create_file_with_runtime_dependencies(/home/disney/Documents/Gustavo_codes/ros2_ws/install/joy_ackerman/share/colcon-core/packages/joy_ackerman)
[2.305s] Level 1:colcon.colcon_core.environment:checking '/home/disney/Documents/Gustavo_codes/ros2_ws/install/perfil_lidar' for CMake module files
[2.306s] DEBUG:colcon.colcon_core.event_handler.log_command:Invoked command in '/home/disney/Documents/Gustavo_codes/ros2_ws/src/perfil_lidar' returned '0': PYTHONPATH=/home/disney/Documents/Gustavo_codes/ros2_ws/build/perfil_lidar/prefix_override:/home/disney/Documents/Gustavo_codes/ros2_ws/install/perfil_lidar/lib/python3.10/site-packages:${PYTHONPATH} /usr/bin/python3 -W ignore:setup.py install is deprecated setup.py egg_info --egg-base ../../build/perfil_lidar build --build-base /home/disney/Documents/Gustavo_codes/ros2_ws/build/perfil_lidar/build install --record /home/disney/Documents/Gustavo_codes/ros2_ws/build/perfil_lidar/install.log --install-scripts $base/lib/perfil_lidar --single-version-externally-managed install_data
[2.307s] Level 1:colcon.colcon_core.environment:checking '/home/disney/Documents/Gustavo_codes/ros2_ws/install/perfil_lidar' for CMake config files
[2.308s] Level 1:colcon.colcon_core.environment:checking '/home/disney/Documents/Gustavo_codes/ros2_ws/install/perfil_lidar/lib'
[2.308s] Level 1:colcon.colcon_core.environment:checking '/home/disney/Documents/Gustavo_codes/ros2_ws/install/perfil_lidar/bin'
[2.308s] Level 1:colcon.colcon_core.environment:checking '/home/disney/Documents/Gustavo_codes/ros2_ws/install/perfil_lidar/lib/pkgconfig/perfil_lidar.pc'
[2.309s] Level 1:colcon.colcon_core.environment:checking '/home/disney/Documents/Gustavo_codes/ros2_ws/install/perfil_lidar/lib/python3.10/site-packages'
[2.309s] Level 1:colcon.colcon_core.shell:create_environment_hook('perfil_lidar', 'pythonpath')
[2.309s] INFO:colcon.colcon_core.shell:Creating environment hook '/home/disney/Documents/Gustavo_codes/ros2_ws/install/perfil_lidar/share/perfil_lidar/hook/pythonpath.ps1'
[2.310s] INFO:colcon.colcon_core.shell:Creating environment descriptor '/home/disney/Documents/Gustavo_codes/ros2_ws/install/perfil_lidar/share/perfil_lidar/hook/pythonpath.dsv'
[2.310s] INFO:colcon.colcon_core.shell:Creating environment hook '/home/disney/Documents/Gustavo_codes/ros2_ws/install/perfil_lidar/share/perfil_lidar/hook/pythonpath.sh'
[2.311s] Level 1:colcon.colcon_core.environment:checking '/home/disney/Documents/Gustavo_codes/ros2_ws/install/perfil_lidar/bin'
[2.312s] Level 1:colcon.colcon_core.environment:create_environment_scripts_only(perfil_lidar)
[2.312s] INFO:colcon.colcon_core.shell:Creating package script '/home/disney/Documents/Gustavo_codes/ros2_ws/install/perfil_lidar/share/perfil_lidar/package.ps1'
[2.313s] INFO:colcon.colcon_core.shell:Creating package descriptor '/home/disney/Documents/Gustavo_codes/ros2_ws/install/perfil_lidar/share/perfil_lidar/package.dsv'
[2.313s] INFO:colcon.colcon_core.shell:Creating package script '/home/disney/Documents/Gustavo_codes/ros2_ws/install/perfil_lidar/share/perfil_lidar/package.sh'
[2.314s] INFO:colcon.colcon_core.shell:Creating package script '/home/disney/Documents/Gustavo_codes/ros2_ws/install/perfil_lidar/share/perfil_lidar/package.bash'
[2.314s] INFO:colcon.colcon_core.shell:Creating package script '/home/disney/Documents/Gustavo_codes/ros2_ws/install/perfil_lidar/share/perfil_lidar/package.zsh'
[2.314s] Level 1:colcon.colcon_core.environment:create_file_with_runtime_dependencies(/home/disney/Documents/Gustavo_codes/ros2_ws/install/perfil_lidar/share/colcon-core/packages/perfil_lidar)
[2.371s] Level 1:colcon.colcon_core.environment:checking '/home/disney/Documents/Gustavo_codes/ros2_ws/install/wall_follow' for CMake module files
[2.372s] DEBUG:colcon.colcon_core.event_handler.log_command:Invoked command in '/home/disney/Documents/Gustavo_codes/ros2_ws/src/wall_follow' returned '0': PYTHONPATH=/home/disney/Documents/Gustavo_codes/ros2_ws/build/wall_follow/prefix_override:/home/disney/Documents/Gustavo_codes/ros2_ws/install/wall_follow/lib/python3.10/site-packages:${PYTHONPATH} /usr/bin/python3 -W ignore:setup.py install is deprecated setup.py egg_info --egg-base ../../build/wall_follow build --build-base /home/disney/Documents/Gustavo_codes/ros2_ws/build/wall_follow/build install --record /home/disney/Documents/Gustavo_codes/ros2_ws/build/wall_follow/install.log --install-scripts $base/lib/wall_follow --single-version-externally-managed install_data
[2.372s] Level 1:colcon.colcon_core.environment:checking '/home/disney/Documents/Gustavo_codes/ros2_ws/install/wall_follow' for CMake config files
[2.373s] Level 1:colcon.colcon_core.environment:checking '/home/disney/Documents/Gustavo_codes/ros2_ws/install/wall_follow/lib'
[2.373s] Level 1:colcon.colcon_core.environment:checking '/home/disney/Documents/Gustavo_codes/ros2_ws/install/wall_follow/bin'
[2.373s] Level 1:colcon.colcon_core.environment:checking '/home/disney/Documents/Gustavo_codes/ros2_ws/install/wall_follow/lib/pkgconfig/wall_follow.pc'
[2.373s] Level 1:colcon.colcon_core.environment:checking '/home/disney/Documents/Gustavo_codes/ros2_ws/install/wall_follow/lib/python3.10/site-packages'
[2.373s] Level 1:colcon.colcon_core.shell:create_environment_hook('wall_follow', 'pythonpath')
[2.374s] INFO:colcon.colcon_core.shell:Creating environment hook '/home/disney/Documents/Gustavo_codes/ros2_ws/install/wall_follow/share/wall_follow/hook/pythonpath.ps1'
[2.374s] INFO:colcon.colcon_core.shell:Creating environment descriptor '/home/disney/Documents/Gustavo_codes/ros2_ws/install/wall_follow/share/wall_follow/hook/pythonpath.dsv'
[2.375s] INFO:colcon.colcon_core.shell:Creating environment hook '/home/disney/Documents/Gustavo_codes/ros2_ws/install/wall_follow/share/wall_follow/hook/pythonpath.sh'
[2.375s] Level 1:colcon.colcon_core.environment:checking '/home/disney/Documents/Gustavo_codes/ros2_ws/install/wall_follow/bin'
[2.376s] Level 1:colcon.colcon_core.environment:create_environment_scripts_only(wall_follow)
[2.376s] INFO:colcon.colcon_core.shell:Creating package script '/home/disney/Documents/Gustavo_codes/ros2_ws/install/wall_follow/share/wall_follow/package.ps1'
[2.377s] INFO:colcon.colcon_core.shell:Creating package descriptor '/home/disney/Documents/Gustavo_codes/ros2_ws/install/wall_follow/share/wall_follow/package.dsv'
[2.377s] INFO:colcon.colcon_core.shell:Creating package script '/home/disney/Documents/Gustavo_codes/ros2_ws/install/wall_follow/share/wall_follow/package.sh'
[2.377s] INFO:colcon.colcon_core.shell:Creating package script '/home/disney/Documents/Gustavo_codes/ros2_ws/install/wall_follow/share/wall_follow/package.bash'
[2.378s] INFO:colcon.colcon_core.shell:Creating package script '/home/disney/Documents/Gustavo_codes/ros2_ws/install/wall_follow/share/wall_follow/package.zsh'
[2.378s] Level 1:colcon.colcon_core.environment:create_file_with_runtime_dependencies(/home/disney/Documents/Gustavo_codes/ros2_ws/install/wall_follow/share/colcon-core/packages/wall_follow)
[2.391s] DEBUG:colcon.colcon_core.event_handler.log_command:Invoked command in '/home/disney/Documents/Gustavo_codes/ros2_ws/build/akros2_msgs' returned '0': CMAKE_PREFIX_PATH=${CMAKE_PREFIX_PATH}:/home/disney/Documents/Gustavo_codes/ros2_ws/install/joy_ackerman:/home/disney/Documents/Gustavo_codes/ros2_ws/src/install/wall_follow:/home/disney/Documents/Gustavo_codes/ros2_ws/src/install/perfil_lidar:/home/disney/Documents/Gustavo_codes/ros2_ws/src/install/joy_ackerman:/home/disney/Documents/Gustavo_codes/ros2_ws/src/install/akros2_teleop:/home/disney/Documents/Gustavo_codes/ros2_ws/install/wall_follow:/home/disney/Documents/Gustavo_codes/ros2_ws/install/perfil_lidar:/home/disney/Documents/Gustavo_codes/ros2_ws/install/akros2_teleop:/opt/ros/humble /usr/bin/cmake /home/disney/Documents/Gustavo_codes/ros2_ws/src/akros2_msgs -DCMAKE_INSTALL_PREFIX=/home/disney/Documents/Gustavo_codes/ros2_ws/install/akros2_msgs
[2.393s] DEBUG:colcon.colcon_core.event_handler.log_command:Invoking command in '/home/disney/Documents/Gustavo_codes/ros2_ws/build/akros2_msgs': CMAKE_PREFIX_PATH=${CMAKE_PREFIX_PATH}:/home/disney/Documents/Gustavo_codes/ros2_ws/install/joy_ackerman:/home/disney/Documents/Gustavo_codes/ros2_ws/src/install/wall_follow:/home/disney/Documents/Gustavo_codes/ros2_ws/src/install/perfil_lidar:/home/disney/Documents/Gustavo_codes/ros2_ws/src/install/joy_ackerman:/home/disney/Documents/Gustavo_codes/ros2_ws/src/install/akros2_teleop:/home/disney/Documents/Gustavo_codes/ros2_ws/install/wall_follow:/home/disney/Documents/Gustavo_codes/ros2_ws/install/perfil_lidar:/home/disney/Documents/Gustavo_codes/ros2_ws/install/akros2_teleop:/opt/ros/humble /usr/bin/cmake --build /home/disney/Documents/Gustavo_codes/ros2_ws/build/akros2_msgs -- -j12 -l12
[4.431s] DEBUG:colcon.colcon_core.event_handler.log_command:Invoked command in '/home/disney/Documents/Gustavo_codes/ros2_ws/build/akros2_msgs' returned '0': CMAKE_PREFIX_PATH=${CMAKE_PREFIX_PATH}:/home/disney/Documents/Gustavo_codes/ros2_ws/install/joy_ackerman:/home/disney/Documents/Gustavo_codes/ros2_ws/src/install/wall_follow:/home/disney/Documents/Gustavo_codes/ros2_ws/src/install/perfil_lidar:/home/disney/Documents/Gustavo_codes/ros2_ws/src/install/joy_ackerman:/home/disney/Documents/Gustavo_codes/ros2_ws/src/install/akros2_teleop:/home/disney/Documents/Gustavo_codes/ros2_ws/install/wall_follow:/home/disney/Documents/Gustavo_codes/ros2_ws/install/perfil_lidar:/home/disney/Documents/Gustavo_codes/ros2_ws/install/akros2_teleop:/opt/ros/humble /usr/bin/cmake --build /home/disney/Documents/Gustavo_codes/ros2_ws/build/akros2_msgs -- -j12 -l12
[4.499s] DEBUG:colcon.colcon_core.event_handler.log_command:Invoking command in '/home/disney/Documents/Gustavo_codes/ros2_ws/build/akros2_msgs': CMAKE_PREFIX_PATH=${CMAKE_PREFIX_PATH}:/home/disney/Documents/Gustavo_codes/ros2_ws/install/joy_ackerman:/home/disney/Documents/Gustavo_codes/ros2_ws/src/install/wall_follow:/home/disney/Documents/Gustavo_codes/ros2_ws/src/install/perfil_lidar:/home/disney/Documents/Gustavo_codes/ros2_ws/src/install/joy_ackerman:/home/disney/Documents/Gustavo_codes/ros2_ws/src/install/akros2_teleop:/home/disney/Documents/Gustavo_codes/ros2_ws/install/wall_follow:/home/disney/Documents/Gustavo_codes/ros2_ws/install/perfil_lidar:/home/disney/Documents/Gustavo_codes/ros2_ws/install/akros2_teleop:/opt/ros/humble /usr/bin/cmake --install /home/disney/Documents/Gustavo_codes/ros2_ws/build/akros2_msgs
[4.564s] Level 1:colcon.colcon_core.environment:create_environment_scripts_only(akros2_msgs)
[4.564s] Level 1:colcon.colcon_core.environment:checking '/home/disney/Documents/Gustavo_codes/ros2_ws/install/akros2_msgs' for CMake module files
[4.565s] DEBUG:colcon.colcon_core.event_handler.log_command:Invoked command in '/home/disney/Documents/Gustavo_codes/ros2_ws/build/akros2_msgs' returned '0': CMAKE_PREFIX_PATH=${CMAKE_PREFIX_PATH}:/home/disney/Documents/Gustavo_codes/ros2_ws/install/joy_ackerman:/home/disney/Documents/Gustavo_codes/ros2_ws/src/install/wall_follow:/home/disney/Documents/Gustavo_codes/ros2_ws/src/install/perfil_lidar:/home/disney/Documents/Gustavo_codes/ros2_ws/src/install/joy_ackerman:/home/disney/Documents/Gustavo_codes/ros2_ws/src/install/akros2_teleop:/home/disney/Documents/Gustavo_codes/ros2_ws/install/wall_follow:/home/disney/Documents/Gustavo_codes/ros2_ws/install/perfil_lidar:/home/disney/Documents/Gustavo_codes/ros2_ws/install/akros2_teleop:/opt/ros/humble /usr/bin/cmake --install /home/disney/Documents/Gustavo_codes/ros2_ws/build/akros2_msgs
[4.565s] Level 1:colcon.colcon_core.environment:checking '/home/disney/Documents/Gustavo_codes/ros2_ws/install/akros2_msgs' for CMake config files
[4.566s] Level 1:colcon.colcon_core.shell:create_environment_hook('akros2_msgs', 'cmake_prefix_path')
[4.566s] INFO:colcon.colcon_core.shell:Creating environment hook '/home/disney/Documents/Gustavo_codes/ros2_ws/install/akros2_msgs/share/akros2_msgs/hook/cmake_prefix_path.ps1'
[4.566s] INFO:colcon.colcon_core.shell:Creating environment descriptor '/home/disney/Documents/Gustavo_codes/ros2_ws/install/akros2_msgs/share/akros2_msgs/hook/cmake_prefix_path.dsv'
[4.566s] INFO:colcon.colcon_core.shell:Creating environment hook '/home/disney/Documents/Gustavo_codes/ros2_ws/install/akros2_msgs/share/akros2_msgs/hook/cmake_prefix_path.sh'
[4.567s] Level 1:colcon.colcon_core.environment:checking '/home/disney/Documents/Gustavo_codes/ros2_ws/install/akros2_msgs/lib'
[4.567s] Level 1:colcon.colcon_core.shell:create_environment_hook('akros2_msgs', 'ld_library_path_lib')
[4.567s] INFO:colcon.colcon_core.shell:Creating environment hook '/home/disney/Documents/Gustavo_codes/ros2_ws/install/akros2_msgs/share/akros2_msgs/hook/ld_library_path_lib.ps1'
[4.567s] INFO:colcon.colcon_core.shell:Creating environment descriptor '/home/disney/Documents/Gustavo_codes/ros2_ws/install/akros2_msgs/share/akros2_msgs/hook/ld_library_path_lib.dsv'
[4.568s] INFO:colcon.colcon_core.shell:Creating environment hook '/home/disney/Documents/Gustavo_codes/ros2_ws/install/akros2_msgs/share/akros2_msgs/hook/ld_library_path_lib.sh'
[4.568s] Level 1:colcon.colcon_core.environment:checking '/home/disney/Documents/Gustavo_codes/ros2_ws/install/akros2_msgs/bin'
[4.568s] Level 1:colcon.colcon_core.environment:checking '/home/disney/Documents/Gustavo_codes/ros2_ws/install/akros2_msgs/lib/pkgconfig/akros2_msgs.pc'
[4.568s] Level 1:colcon.colcon_core.environment:checking '/home/disney/Documents/Gustavo_codes/ros2_ws/install/akros2_msgs/lib/python3.10/site-packages'
[4.568s] Level 1:colcon.colcon_core.environment:checking '/home/disney/Documents/Gustavo_codes/ros2_ws/install/akros2_msgs/bin'
[4.569s] INFO:colcon.colcon_core.shell:Creating package script '/home/disney/Documents/Gustavo_codes/ros2_ws/install/akros2_msgs/share/akros2_msgs/package.ps1'
[4.569s] INFO:colcon.colcon_core.shell:Creating package descriptor '/home/disney/Documents/Gustavo_codes/ros2_ws/install/akros2_msgs/share/akros2_msgs/package.dsv'
[4.569s] INFO:colcon.colcon_core.shell:Creating package script '/home/disney/Documents/Gustavo_codes/ros2_ws/install/akros2_msgs/share/akros2_msgs/package.sh'
[4.570s] INFO:colcon.colcon_core.shell:Creating package script '/home/disney/Documents/Gustavo_codes/ros2_ws/install/akros2_msgs/share/akros2_msgs/package.bash'
[4.570s] INFO:colcon.colcon_core.shell:Creating package script '/home/disney/Documents/Gustavo_codes/ros2_ws/install/akros2_msgs/share/akros2_msgs/package.zsh'
[4.570s] Level 1:colcon.colcon_core.environment:create_file_with_runtime_dependencies(/home/disney/Documents/Gustavo_codes/ros2_ws/install/akros2_msgs/share/colcon-core/packages/akros2_msgs)
[4.632s] Level 1:colcon.colcon_core.environment:create_environment_scripts_only(akros2_msgs)
[4.632s] Level 1:colcon.colcon_core.environment:checking '/home/disney/Documents/Gustavo_codes/ros2_ws/install/akros2_msgs' for CMake module files
[4.633s] Level 1:colcon.colcon_core.environment:checking '/home/disney/Documents/Gustavo_codes/ros2_ws/install/akros2_msgs' for CMake config files
[4.633s] Level 1:colcon.colcon_core.shell:create_environment_hook('akros2_msgs', 'cmake_prefix_path')
[4.633s] INFO:colcon.colcon_core.shell:Creating environment hook '/home/disney/Documents/Gustavo_codes/ros2_ws/install/akros2_msgs/share/akros2_msgs/hook/cmake_prefix_path.ps1'
[4.634s] INFO:colcon.colcon_core.shell:Creating environment descriptor '/home/disney/Documents/Gustavo_codes/ros2_ws/install/akros2_msgs/share/akros2_msgs/hook/cmake_prefix_path.dsv'
[4.634s] INFO:colcon.colcon_core.shell:Creating environment hook '/home/disney/Documents/Gustavo_codes/ros2_ws/install/akros2_msgs/share/akros2_msgs/hook/cmake_prefix_path.sh'
[4.634s] Level 1:colcon.colcon_core.environment:checking '/home/disney/Documents/Gustavo_codes/ros2_ws/install/akros2_msgs/lib'
[4.635s] Level 1:colcon.colcon_core.shell:create_environment_hook('akros2_msgs', 'ld_library_path_lib')
[4.635s] INFO:colcon.colcon_core.shell:Creating environment hook '/home/disney/Documents/Gustavo_codes/ros2_ws/install/akros2_msgs/share/akros2_msgs/hook/ld_library_path_lib.ps1'
[4.635s] INFO:colcon.colcon_core.shell:Creating environment descriptor '/home/disney/Documents/Gustavo_codes/ros2_ws/install/akros2_msgs/share/akros2_msgs/hook/ld_library_path_lib.dsv'
[4.636s] INFO:colcon.colcon_core.shell:Creating environment hook '/home/disney/Documents/Gustavo_codes/ros2_ws/install/akros2_msgs/share/akros2_msgs/hook/ld_library_path_lib.sh'
[4.636s] Level 1:colcon.colcon_core.environment:checking '/home/disney/Documents/Gustavo_codes/ros2_ws/install/akros2_msgs/bin'
[4.636s] Level 1:colcon.colcon_core.environment:checking '/home/disney/Documents/Gustavo_codes/ros2_ws/install/akros2_msgs/lib/pkgconfig/akros2_msgs.pc'
[4.636s] Level 1:colcon.colcon_core.environment:checking '/home/disney/Documents/Gustavo_codes/ros2_ws/install/akros2_msgs/lib/python3.10/site-packages'
[4.636s] Level 1:colcon.colcon_core.environment:checking '/home/disney/Documents/Gustavo_codes/ros2_ws/install/akros2_msgs/bin'
[4.637s] INFO:colcon.colcon_core.shell:Creating package script '/home/disney/Documents/Gustavo_codes/ros2_ws/install/akros2_msgs/share/akros2_msgs/package.ps1'
[4.637s] INFO:colcon.colcon_core.shell:Creating package descriptor '/home/disney/Documents/Gustavo_codes/ros2_ws/install/akros2_msgs/share/akros2_msgs/package.dsv'
[4.638s] INFO:colcon.colcon_core.shell:Creating package script '/home/disney/Documents/Gustavo_codes/ros2_ws/install/akros2_msgs/share/akros2_msgs/package.sh'
[4.639s] INFO:colcon.colcon_core.shell:Creating package script '/home/disney/Documents/Gustavo_codes/ros2_ws/install/akros2_msgs/share/akros2_msgs/package.bash'
[4.639s] INFO:colcon.colcon_core.shell:Creating package script '/home/disney/Documents/Gustavo_codes/ros2_ws/install/akros2_msgs/share/akros2_msgs/package.zsh'
[4.639s] Level 1:colcon.colcon_core.environment:create_file_with_runtime_dependencies(/home/disney/Documents/Gustavo_codes/ros2_ws/install/akros2_msgs/share/colcon-core/packages/akros2_msgs)
[4.640s] INFO:colcon.colcon_ros.task.ament_python.build:Building ROS package in '/home/disney/Documents/Gustavo_codes/ros2_ws/src/akros2_teleop' with build type 'ament_python'
[4.640s] Level 1:colcon.colcon_core.shell:create_environment_hook('akros2_teleop', 'ament_prefix_path')
[4.640s] INFO:colcon.colcon_core.shell:Creating environment hook '/home/disney/Documents/Gustavo_codes/ros2_ws/install/akros2_teleop/share/akros2_teleop/hook/ament_prefix_path.ps1'
[4.641s] INFO:colcon.colcon_core.shell:Creating environment descriptor '/home/disney/Documents/Gustavo_codes/ros2_ws/install/akros2_teleop/share/akros2_teleop/hook/ament_prefix_path.dsv'
[4.641s] INFO:colcon.colcon_core.shell:Creating environment hook '/home/disney/Documents/Gustavo_codes/ros2_ws/install/akros2_teleop/share/akros2_teleop/hook/ament_prefix_path.sh'
[4.642s] INFO:colcon.colcon_core.shell:Skip shell extension 'powershell' for command environment: Not usable outside of PowerShell
[4.642s] DEBUG:colcon.colcon_core.shell:Skip shell extension 'dsv' for command environment
[4.981s] INFO:colcon.colcon_core.task.python.build:Building Python package in '/home/disney/Documents/Gustavo_codes/ros2_ws/src/akros2_teleop'
[4.981s] INFO:colcon.colcon_core.shell:Skip shell extension 'powershell' for command environment: Not usable outside of PowerShell
[4.981s] DEBUG:colcon.colcon_core.shell:Skip shell extension 'dsv' for command environment
[5.444s] DEBUG:colcon.colcon_core.event_handler.log_command:Invoking command in '/home/disney/Documents/Gustavo_codes/ros2_ws/src/akros2_teleop': CMAKE_PREFIX_PATH=/home/disney/Documents/Gustavo_codes/ros2_ws/install/akros2_msgs:/home/disney/Documents/Gustavo_codes/ros2_ws/src/install/akros2_msgs LD_LIBRARY_PATH=/home/disney/Documents/Gustavo_codes/ros2_ws/install/akros2_msgs/lib:/home/disney/Documents/Gustavo_codes/ros2_ws/src/install/akros2_msgs/lib:/opt/ros/humble/opt/rviz_ogre_vendor/lib:/opt/ros/humble/lib/x86_64-linux-gnu:/opt/ros/humble/lib PYTHONPATH=/home/disney/Documents/Gustavo_codes/ros2_ws/build/akros2_teleop/prefix_override:/home/disney/Documents/Gustavo_codes/ros2_ws/install/akros2_teleop/lib/python3.10/site-packages:${PYTHONPATH} /usr/bin/python3 -W ignore:setup.py install is deprecated setup.py egg_info --egg-base ../../build/akros2_teleop build --build-base /home/disney/Documents/Gustavo_codes/ros2_ws/build/akros2_teleop/build install --record /home/disney/Documents/Gustavo_codes/ros2_ws/build/akros2_teleop/install.log --single-version-externally-managed install_data
[5.802s] Level 1:colcon.colcon_core.environment:checking '/home/disney/Documents/Gustavo_codes/ros2_ws/install/akros2_teleop' for CMake module files
[5.803s] DEBUG:colcon.colcon_core.event_handler.log_command:Invoked command in '/home/disney/Documents/Gustavo_codes/ros2_ws/src/akros2_teleop' returned '0': CMAKE_PREFIX_PATH=/home/disney/Documents/Gustavo_codes/ros2_ws/install/akros2_msgs:/home/disney/Documents/Gustavo_codes/ros2_ws/src/install/akros2_msgs LD_LIBRARY_PATH=/home/disney/Documents/Gustavo_codes/ros2_ws/install/akros2_msgs/lib:/home/disney/Documents/Gustavo_codes/ros2_ws/src/install/akros2_msgs/lib:/opt/ros/humble/opt/rviz_ogre_vendor/lib:/opt/ros/humble/lib/x86_64-linux-gnu:/opt/ros/humble/lib PYTHONPATH=/home/disney/Documents/Gustavo_codes/ros2_ws/build/akros2_teleop/prefix_override:/home/disney/Documents/Gustavo_codes/ros2_ws/install/akros2_teleop/lib/python3.10/site-packages:${PYTHONPATH} /usr/bin/python3 -W ignore:setup.py install is deprecated setup.py egg_info --egg-base ../../build/akros2_teleop build --build-base /home/disney/Documents/Gustavo_codes/ros2_ws/build/akros2_teleop/build install --record /home/disney/Documents/Gustavo_codes/ros2_ws/build/akros2_teleop/install.log --single-version-externally-managed install_data
[5.804s] Level 1:colcon.colcon_core.environment:checking '/home/disney/Documents/Gustavo_codes/ros2_ws/install/akros2_teleop' for CMake config files
[5.805s] Level 1:colcon.colcon_core.environment:checking '/home/disney/Documents/Gustavo_codes/ros2_ws/install/akros2_teleop/lib'
[5.805s] Level 1:colcon.colcon_core.environment:checking '/home/disney/Documents/Gustavo_codes/ros2_ws/install/akros2_teleop/bin'
[5.805s] Level 1:colcon.colcon_core.environment:checking '/home/disney/Documents/Gustavo_codes/ros2_ws/install/akros2_teleop/lib/pkgconfig/akros2_teleop.pc'
[5.806s] Level 1:colcon.colcon_core.environment:checking '/home/disney/Documents/Gustavo_codes/ros2_ws/install/akros2_teleop/lib/python3.10/site-packages'
[5.806s] Level 1:colcon.colcon_core.shell:create_environment_hook('akros2_teleop', 'pythonpath')
[5.806s] INFO:colcon.colcon_core.shell:Creating environment hook '/home/disney/Documents/Gustavo_codes/ros2_ws/install/akros2_teleop/share/akros2_teleop/hook/pythonpath.ps1'
[5.807s] INFO:colcon.colcon_core.shell:Creating environment descriptor '/home/disney/Documents/Gustavo_codes/ros2_ws/install/akros2_teleop/share/akros2_teleop/hook/pythonpath.dsv'
[5.807s] INFO:colcon.colcon_core.shell:Creating environment hook '/home/disney/Documents/Gustavo_codes/ros2_ws/install/akros2_teleop/share/akros2_teleop/hook/pythonpath.sh'
[5.808s] Level 1:colcon.colcon_core.environment:checking '/home/disney/Documents/Gustavo_codes/ros2_ws/install/akros2_teleop/bin'
[5.808s] Level 1:colcon.colcon_core.environment:create_environment_scripts_only(akros2_teleop)
[5.808s] INFO:colcon.colcon_core.shell:Creating package script '/home/disney/Documents/Gustavo_codes/ros2_ws/install/akros2_teleop/share/akros2_teleop/package.ps1'
[5.809s] INFO:colcon.colcon_core.shell:Creating package descriptor '/home/disney/Documents/Gustavo_codes/ros2_ws/install/akros2_teleop/share/akros2_teleop/package.dsv'
[5.809s] INFO:colcon.colcon_core.shell:Creating package script '/home/disney/Documents/Gustavo_codes/ros2_ws/install/akros2_teleop/share/akros2_teleop/package.sh'
[5.809s] INFO:colcon.colcon_core.shell:Creating package script '/home/disney/Documents/Gustavo_codes/ros2_ws/install/akros2_teleop/share/akros2_teleop/package.bash'
[5.810s] INFO:colcon.colcon_core.shell:Creating package script '/home/disney/Documents/Gustavo_codes/ros2_ws/install/akros2_teleop/share/akros2_teleop/package.zsh'
[5.810s] Level 1:colcon.colcon_core.environment:create_file_with_runtime_dependencies(/home/disney/Documents/Gustavo_codes/ros2_ws/install/akros2_teleop/share/colcon-core/packages/akros2_teleop)
[5.810s] DEBUG:colcon.colcon_parallel_executor.executor.parallel:closing loop
[5.810s] DEBUG:colcon.colcon_parallel_executor.executor.parallel:loop closed
[5.811s] DEBUG:colcon.colcon_parallel_executor.executor.parallel:run_until_complete finished with '0'
[5.811s] DEBUG:colcon.colcon_core.event_reactor:joining thread
[5.815s] INFO:colcon.colcon_core.plugin_system:Skipping extension 'colcon_notification.desktop_notification.notify_send': Could not find 'notify-send'
[5.815s] INFO:colcon.colcon_core.plugin_system:Skipping extension 'colcon_notification.desktop_notification.terminal_notifier': Not used on non-Darwin systems
[5.816s] INFO:colcon.colcon_core.plugin_system:Skipping extension 'colcon_notification.desktop_notification.win32': Not used on non-Windows systems
[5.816s] INFO:colcon.colcon_notification.desktop_notification:Sending desktop notification using 'notify2'
[5.826s] DEBUG:colcon.colcon_core.event_reactor:joined thread
[5.826s] INFO:colcon.colcon_core.shell:Creating prefix script '/home/disney/Documents/Gustavo_codes/ros2_ws/install/local_setup.ps1'
[5.828s] INFO:colcon.colcon_core.shell:Creating prefix util module '/home/disney/Documents/Gustavo_codes/ros2_ws/install/_local_setup_util_ps1.py'
[5.830s] INFO:colcon.colcon_core.shell:Creating prefix chain script '/home/disney/Documents/Gustavo_codes/ros2_ws/install/setup.ps1'
[5.832s] INFO:colcon.colcon_core.shell:Creating prefix script '/home/disney/Documents/Gustavo_codes/ros2_ws/install/local_setup.sh'
[5.833s] INFO:colcon.colcon_core.shell:Creating prefix util module '/home/disney/Documents/Gustavo_codes/ros2_ws/install/_local_setup_util_sh.py'
[5.833s] INFO:colcon.colcon_core.shell:Creating prefix chain script '/home/disney/Documents/Gustavo_codes/ros2_ws/install/setup.sh'
[5.835s] INFO:colcon.colcon_core.shell:Creating prefix script '/home/disney/Documents/Gustavo_codes/ros2_ws/install/local_setup.bash'
[5.835s] INFO:colcon.colcon_core.shell:Creating prefix chain script '/home/disney/Documents/Gustavo_codes/ros2_ws/install/setup.bash'
[5.837s] INFO:colcon.colcon_core.shell:Creating prefix script '/home/disney/Documents/Gustavo_codes/ros2_ws/install/local_setup.zsh'
[5.838s] INFO:colcon.colcon_core.shell:Creating prefix chain script '/home/disney/Documents/Gustavo_codes/ros2_ws/install/setup.zsh'
