[0.803s] Invoking command in '/home/disney/Documents/Gustavo_codes/ros2_ws/src/akros2_teleop': CMAKE_PREFIX_PATH=/home/disney/Documents/Gustavo_codes/ros2_ws/install/akros2_msgs:/home/disney/Documents/Gustavo_codes/ros2_ws/src/install/akros2_msgs LD_LIBRARY_PATH=/home/disney/Documents/Gustavo_codes/ros2_ws/install/akros2_msgs/lib:/home/disney/Documents/Gustavo_codes/ros2_ws/src/install/akros2_msgs/lib:/opt/ros/humble/opt/rviz_ogre_vendor/lib:/opt/ros/humble/lib/x86_64-linux-gnu:/opt/ros/humble/lib PYTHONPATH=/home/disney/Documents/Gustavo_codes/ros2_ws/build/akros2_teleop/prefix_override:/home/disney/Documents/Gustavo_codes/ros2_ws/install/akros2_teleop/lib/python3.10/site-packages:${PYTHONPATH} /usr/bin/python3 -W ignore:setup.py install is deprecated setup.py egg_info --egg-base ../../build/akros2_teleop build --build-base /home/disney/Documents/Gustavo_codes/ros2_ws/build/akros2_teleop/build install --record /home/disney/Documents/Gustavo_codes/ros2_ws/build/akros2_teleop/install.log --single-version-externally-managed install_data
[1.099s] running egg_info
[1.100s] creating ../../build/akros2_teleop/akros2_teleop.egg-info
[1.100s] writing ../../build/akros2_teleop/akros2_teleop.egg-info/PKG-INFO
[1.100s] writing dependency_links to ../../build/akros2_teleop/akros2_teleop.egg-info/dependency_links.txt
[1.100s] writing entry points to ../../build/akros2_teleop/akros2_teleop.egg-info/entry_points.txt
[1.101s] writing requirements to ../../build/akros2_teleop/akros2_teleop.egg-info/requires.txt
[1.101s] writing top-level names to ../../build/akros2_teleop/akros2_teleop.egg-info/top_level.txt
[1.101s] writing manifest file '../../build/akros2_teleop/akros2_teleop.egg-info/SOURCES.txt'
[1.103s] reading manifest file '../../build/akros2_teleop/akros2_teleop.egg-info/SOURCES.txt'
[1.103s] adding license file 'LICENSE'
[1.104s] writing manifest file '../../build/akros2_teleop/akros2_teleop.egg-info/SOURCES.txt'
[1.104s] running build
[1.104s] running build_py
[1.104s] creating /home/disney/Documents/Gustavo_codes/ros2_ws/build/akros2_teleop/build
[1.104s] creating /home/disney/Documents/Gustavo_codes/ros2_ws/build/akros2_teleop/build/lib
[1.104s] creating /home/disney/Documents/Gustavo_codes/ros2_ws/build/akros2_teleop/build/lib/akros2_teleop
[1.104s] copying akros2_teleop/twist_mixer_node.py -> /home/disney/Documents/Gustavo_codes/ros2_ws/build/akros2_teleop/build/lib/akros2_teleop
[1.105s] copying akros2_teleop/teleop_node.py -> /home/disney/Documents/Gustavo_codes/ros2_ws/build/akros2_teleop/build/lib/akros2_teleop
[1.105s] copying akros2_teleop/__init__.py -> /home/disney/Documents/Gustavo_codes/ros2_ws/build/akros2_teleop/build/lib/akros2_teleop
[1.105s] copying akros2_teleop/joy_mode_handler.py -> /home/disney/Documents/Gustavo_codes/ros2_ws/build/akros2_teleop/build/lib/akros2_teleop
[1.105s] running install
[1.105s] running install_lib
[1.106s] creating /home/disney/Documents/Gustavo_codes/ros2_ws/install/akros2_teleop/lib/python3.10/site-packages/akros2_teleop
[1.106s] copying /home/disney/Documents/Gustavo_codes/ros2_ws/build/akros2_teleop/build/lib/akros2_teleop/twist_mixer_node.py -> /home/disney/Documents/Gustavo_codes/ros2_ws/install/akros2_teleop/lib/python3.10/site-packages/akros2_teleop
[1.106s] copying /home/disney/Documents/Gustavo_codes/ros2_ws/build/akros2_teleop/build/lib/akros2_teleop/teleop_node.py -> /home/disney/Documents/Gustavo_codes/ros2_ws/install/akros2_teleop/lib/python3.10/site-packages/akros2_teleop
[1.106s] copying /home/disney/Documents/Gustavo_codes/ros2_ws/build/akros2_teleop/build/lib/akros2_teleop/__init__.py -> /home/disney/Documents/Gustavo_codes/ros2_ws/install/akros2_teleop/lib/python3.10/site-packages/akros2_teleop
[1.106s] copying /home/disney/Documents/Gustavo_codes/ros2_ws/build/akros2_teleop/build/lib/akros2_teleop/joy_mode_handler.py -> /home/disney/Documents/Gustavo_codes/ros2_ws/install/akros2_teleop/lib/python3.10/site-packages/akros2_teleop
[1.107s] byte-compiling /home/disney/Documents/Gustavo_codes/ros2_ws/install/akros2_teleop/lib/python3.10/site-packages/akros2_teleop/twist_mixer_node.py to twist_mixer_node.cpython-310.pyc
[1.107s] byte-compiling /home/disney/Documents/Gustavo_codes/ros2_ws/install/akros2_teleop/lib/python3.10/site-packages/akros2_teleop/teleop_node.py to teleop_node.cpython-310.pyc
[1.108s] byte-compiling /home/disney/Documents/Gustavo_codes/ros2_ws/install/akros2_teleop/lib/python3.10/site-packages/akros2_teleop/__init__.py to __init__.cpython-310.pyc
[1.108s] byte-compiling /home/disney/Documents/Gustavo_codes/ros2_ws/install/akros2_teleop/lib/python3.10/site-packages/akros2_teleop/joy_mode_handler.py to joy_mode_handler.cpython-310.pyc
[1.108s] running install_data
[1.108s] creating /home/disney/Documents/Gustavo_codes/ros2_ws/install/akros2_teleop/share/ament_index
[1.108s] creating /home/disney/Documents/Gustavo_codes/ros2_ws/install/akros2_teleop/share/ament_index/resource_index
[1.109s] creating /home/disney/Documents/Gustavo_codes/ros2_ws/install/akros2_teleop/share/ament_index/resource_index/packages
[1.109s] copying resource/akros2_teleop -> /home/disney/Documents/Gustavo_codes/ros2_ws/install/akros2_teleop/share/ament_index/resource_index/packages
[1.109s] copying package.xml -> /home/disney/Documents/Gustavo_codes/ros2_ws/install/akros2_teleop/share/akros2_teleop
[1.109s] creating /home/disney/Documents/Gustavo_codes/ros2_ws/install/akros2_teleop/share/akros2_teleop/launch
[1.109s] copying launch/joy_launch.py -> /home/disney/Documents/Gustavo_codes/ros2_ws/install/akros2_teleop/share/akros2_teleop/launch
[1.109s] copying launch/teleop_launch.py -> /home/disney/Documents/Gustavo_codes/ros2_ws/install/akros2_teleop/share/akros2_teleop/launch
[1.109s] creating /home/disney/Documents/Gustavo_codes/ros2_ws/install/akros2_teleop/share/akros2_teleop/config
[1.109s] copying config/stadia_twist_config.yaml -> /home/disney/Documents/Gustavo_codes/ros2_ws/install/akros2_teleop/share/akros2_teleop/config
[1.109s] copying config/steamdeck_mode_config.yaml -> /home/disney/Documents/Gustavo_codes/ros2_ws/install/akros2_teleop/share/akros2_teleop/config
[1.109s] copying config/ps4_twist_config.yaml -> /home/disney/Documents/Gustavo_codes/ros2_ws/install/akros2_teleop/share/akros2_teleop/config
[1.110s] copying config/sn30pro_twist_config.yaml -> /home/disney/Documents/Gustavo_codes/ros2_ws/install/akros2_teleop/share/akros2_teleop/config
[1.110s] copying config/sn30pro_mode_config.yaml -> /home/disney/Documents/Gustavo_codes/ros2_ws/install/akros2_teleop/share/akros2_teleop/config
[1.110s] copying config/steamdeck_twist_config.yaml -> /home/disney/Documents/Gustavo_codes/ros2_ws/install/akros2_teleop/share/akros2_teleop/config
[1.110s] copying config/stadia_mode_config.yaml -> /home/disney/Documents/Gustavo_codes/ros2_ws/install/akros2_teleop/share/akros2_teleop/config
[1.110s] copying config/ps4_mode_config.yaml -> /home/disney/Documents/Gustavo_codes/ros2_ws/install/akros2_teleop/share/akros2_teleop/config
[1.110s] running install_egg_info
[1.113s] Copying ../../build/akros2_teleop/akros2_teleop.egg-info to /home/disney/Documents/Gustavo_codes/ros2_ws/install/akros2_teleop/lib/python3.10/site-packages/akros2_teleop-0.0.0-py3.10.egg-info
[1.114s] running install_scripts
[1.134s] Installing joy_mode_handler script to /home/disney/Documents/Gustavo_codes/ros2_ws/install/akros2_teleop/lib/akros2_teleop
[1.134s] Installing teleop_node script to /home/disney/Documents/Gustavo_codes/ros2_ws/install/akros2_teleop/lib/akros2_teleop
[1.134s] Installing twist_mixer script to /home/disney/Documents/Gustavo_codes/ros2_ws/install/akros2_teleop/lib/akros2_teleop
[1.134s] writing list of installed files to '/home/disney/Documents/Gustavo_codes/ros2_ws/build/akros2_teleop/install.log'
[1.162s] Invoked command in '/home/disney/Documents/Gustavo_codes/ros2_ws/src/akros2_teleop' returned '0': CMAKE_PREFIX_PATH=/home/disney/Documents/Gustavo_codes/ros2_ws/install/akros2_msgs:/home/disney/Documents/Gustavo_codes/ros2_ws/src/install/akros2_msgs LD_LIBRARY_PATH=/home/disney/Documents/Gustavo_codes/ros2_ws/install/akros2_msgs/lib:/home/disney/Documents/Gustavo_codes/ros2_ws/src/install/akros2_msgs/lib:/opt/ros/humble/opt/rviz_ogre_vendor/lib:/opt/ros/humble/lib/x86_64-linux-gnu:/opt/ros/humble/lib PYTHONPATH=/home/disney/Documents/Gustavo_codes/ros2_ws/build/akros2_teleop/prefix_override:/home/disney/Documents/Gustavo_codes/ros2_ws/install/akros2_teleop/lib/python3.10/site-packages:${PYTHONPATH} /usr/bin/python3 -W ignore:setup.py install is deprecated setup.py egg_info --egg-base ../../build/akros2_teleop build --build-base /home/disney/Documents/Gustavo_codes/ros2_ws/build/akros2_teleop/build install --record /home/disney/Documents/Gustavo_codes/ros2_ws/build/akros2_teleop/install.log --single-version-externally-managed install_data
