[0.120s] DEBUG:colcon:Command line arguments: ['/usr/bin/colcon', 'build', '--packages-select', 'joy_ackerman']
[0.120s] DEBUG:colcon:Parsed command line arguments: Namespace(log_base=None, log_level=None, verb_name='build', build_base='build', install_base='install', merge_install=False, symlink_install=False, test_result_base=None, continue_on_error=False, executor='parallel', parallel_workers=12, event_handlers=None, ignore_user_meta=False, metas=['./colcon.meta'], base_paths=['.'], packages_ignore=None, packages_ignore_regex=None, paths=None, packages_up_to=None, packages_up_to_regex=None, packages_above=None, packages_above_and_dependencies=None, packages_above_depth=None, packages_select_by_dep=None, packages_skip_by_dep=None, packages_skip_up_to=None, packages_select_build_failed=False, packages_skip_build_finished=False, packages_select_test_failures=False, packages_skip_test_passed=False, packages_select=['joy_ackerman'], packages_skip=None, packages_select_regex=None, packages_skip_regex=None, packages_start=None, packages_end=None, allow_overriding=[], cmake_args=None, cmake_target=None, cmake_target_skip_unavailable=False, cmake_clean_cache=False, cmake_clean_first=False, cmake_force_configure=False, ament_cmake_args=None, catkin_cmake_args=None, catkin_skip_building_tests=False, mixin_files=None, mixin=None, verb_parser=<colcon_mixin.mixin.mixin_argument.MixinArgumentDecorator object at 0x7d5db281bc10>, verb_extension=<colcon_core.verb.build.BuildVerb object at 0x7d5db2994f70>, main=<bound method BuildVerb.main of <colcon_core.verb.build.BuildVerb object at 0x7d5db2994f70>>, mixin_verb=('build',))
[0.353s] Level 1:colcon.colcon_core.package_discovery:discover_packages(colcon_meta) check parameters
[0.353s] Level 1:colcon.colcon_core.package_discovery:discover_packages(recursive) check parameters
[0.353s] Level 1:colcon.colcon_core.package_discovery:discover_packages(ignore) check parameters
[0.353s] Level 1:colcon.colcon_core.package_discovery:discover_packages(path) check parameters
[0.353s] Level 1:colcon.colcon_core.package_discovery:discover_packages(colcon_meta) discover
[0.353s] Level 1:colcon.colcon_core.package_discovery:discover_packages(recursive) discover
[0.353s] INFO:colcon.colcon_core.package_discovery:Crawling recursively for packages in '/home/disney/Documents/Gustavo_codes/ros2_ws'
[0.353s] Level 1:colcon.colcon_core.package_identification:_identify(.) by extensions ['ignore', 'ignore_ament_install']
[0.353s] Level 1:colcon.colcon_core.package_identification:_identify(.) by extension 'ignore'
[0.353s] Level 1:colcon.colcon_core.package_identification:_identify(.) by extension 'ignore_ament_install'
[0.353s] Level 1:colcon.colcon_core.package_identification:_identify(.) by extensions ['colcon_pkg']
[0.353s] Level 1:colcon.colcon_core.package_identification:_identify(.) by extension 'colcon_pkg'
[0.353s] Level 1:colcon.colcon_core.package_identification:_identify(.) by extensions ['colcon_meta']
[0.353s] Level 1:colcon.colcon_core.package_identification:_identify(.) by extension 'colcon_meta'
[0.353s] Level 1:colcon.colcon_core.package_identification:_identify(.) by extensions ['ros']
[0.354s] Level 1:colcon.colcon_core.package_identification:_identify(.) by extension 'ros'
[0.365s] Level 1:colcon.colcon_core.package_identification:_identify(.) by extensions ['cmake', 'python']
[0.365s] Level 1:colcon.colcon_core.package_identification:_identify(.) by extension 'cmake'
[0.365s] Level 1:colcon.colcon_core.package_identification:_identify(.) by extension 'python'
[0.365s] Level 1:colcon.colcon_core.package_identification:_identify(.) by extensions ['python_setup_py']
[0.365s] Level 1:colcon.colcon_core.package_identification:_identify(.) by extension 'python_setup_py'
[0.365s] Level 1:colcon.colcon_core.package_identification:_identify(build) by extensions ['ignore', 'ignore_ament_install']
[0.365s] Level 1:colcon.colcon_core.package_identification:_identify(build) by extension 'ignore'
[0.365s] Level 1:colcon.colcon_core.package_identification:_identify(build) ignored
[0.366s] Level 1:colcon.colcon_core.package_identification:_identify(install) by extensions ['ignore', 'ignore_ament_install']
[0.366s] Level 1:colcon.colcon_core.package_identification:_identify(install) by extension 'ignore'
[0.366s] Level 1:colcon.colcon_core.package_identification:_identify(install) ignored
[0.366s] Level 1:colcon.colcon_core.package_identification:_identify(log) by extensions ['ignore', 'ignore_ament_install']
[0.366s] Level 1:colcon.colcon_core.package_identification:_identify(log) by extension 'ignore'
[0.366s] Level 1:colcon.colcon_core.package_identification:_identify(log) ignored
[0.366s] Level 1:colcon.colcon_core.package_identification:_identify(src) by extensions ['ignore', 'ignore_ament_install']
[0.366s] Level 1:colcon.colcon_core.package_identification:_identify(src) by extension 'ignore'
[0.366s] Level 1:colcon.colcon_core.package_identification:_identify(src) by extension 'ignore_ament_install'
[0.366s] Level 1:colcon.colcon_core.package_identification:_identify(src) by extensions ['colcon_pkg']
[0.366s] Level 1:colcon.colcon_core.package_identification:_identify(src) by extension 'colcon_pkg'
[0.366s] Level 1:colcon.colcon_core.package_identification:_identify(src) by extensions ['colcon_meta']
[0.366s] Level 1:colcon.colcon_core.package_identification:_identify(src) by extension 'colcon_meta'
[0.366s] Level 1:colcon.colcon_core.package_identification:_identify(src) by extensions ['ros']
[0.366s] Level 1:colcon.colcon_core.package_identification:_identify(src) by extension 'ros'
[0.366s] Level 1:colcon.colcon_core.package_identification:_identify(src) by extensions ['cmake', 'python']
[0.366s] Level 1:colcon.colcon_core.package_identification:_identify(src) by extension 'cmake'
[0.367s] Level 1:colcon.colcon_core.package_identification:_identify(src) by extension 'python'
[0.367s] Level 1:colcon.colcon_core.package_identification:_identify(src) by extensions ['python_setup_py']
[0.367s] Level 1:colcon.colcon_core.package_identification:_identify(src) by extension 'python_setup_py'
[0.367s] Level 1:colcon.colcon_core.package_identification:_identify(src/Joy_ackerman) by extensions ['ignore', 'ignore_ament_install']
[0.367s] Level 1:colcon.colcon_core.package_identification:_identify(src/Joy_ackerman) by extension 'ignore'
[0.367s] Level 1:colcon.colcon_core.package_identification:_identify(src/Joy_ackerman) by extension 'ignore_ament_install'
[0.367s] Level 1:colcon.colcon_core.package_identification:_identify(src/Joy_ackerman) by extensions ['colcon_pkg']
[0.367s] Level 1:colcon.colcon_core.package_identification:_identify(src/Joy_ackerman) by extension 'colcon_pkg'
[0.367s] Level 1:colcon.colcon_core.package_identification:_identify(src/Joy_ackerman) by extensions ['colcon_meta']
[0.367s] Level 1:colcon.colcon_core.package_identification:_identify(src/Joy_ackerman) by extension 'colcon_meta'
[0.367s] Level 1:colcon.colcon_core.package_identification:_identify(src/Joy_ackerman) by extensions ['ros']
[0.367s] Level 1:colcon.colcon_core.package_identification:_identify(src/Joy_ackerman) by extension 'ros'
[0.370s] DEBUG:colcon.colcon_core.package_identification:Package 'src/Joy_ackerman' with type 'ros.ament_python' and name 'joy_ackerman'
[0.371s] Level 1:colcon.colcon_core.package_identification:_identify(src/akros2_msgs) by extensions ['ignore', 'ignore_ament_install']
[0.371s] Level 1:colcon.colcon_core.package_identification:_identify(src/akros2_msgs) by extension 'ignore'
[0.371s] Level 1:colcon.colcon_core.package_identification:_identify(src/akros2_msgs) by extension 'ignore_ament_install'
[0.371s] Level 1:colcon.colcon_core.package_identification:_identify(src/akros2_msgs) by extensions ['colcon_pkg']
[0.371s] Level 1:colcon.colcon_core.package_identification:_identify(src/akros2_msgs) by extension 'colcon_pkg'
[0.371s] Level 1:colcon.colcon_core.package_identification:_identify(src/akros2_msgs) by extensions ['colcon_meta']
[0.371s] Level 1:colcon.colcon_core.package_identification:_identify(src/akros2_msgs) by extension 'colcon_meta'
[0.371s] Level 1:colcon.colcon_core.package_identification:_identify(src/akros2_msgs) by extensions ['ros']
[0.371s] Level 1:colcon.colcon_core.package_identification:_identify(src/akros2_msgs) by extension 'ros'
[0.371s] DEBUG:colcon.colcon_core.package_identification:Package 'src/akros2_msgs' with type 'ros.ament_cmake' and name 'akros2_msgs'
[0.372s] Level 1:colcon.colcon_core.package_identification:_identify(src/akros2_teleop) by extensions ['ignore', 'ignore_ament_install']
[0.372s] Level 1:colcon.colcon_core.package_identification:_identify(src/akros2_teleop) by extension 'ignore'
[0.372s] Level 1:colcon.colcon_core.package_identification:_identify(src/akros2_teleop) by extension 'ignore_ament_install'
[0.372s] Level 1:colcon.colcon_core.package_identification:_identify(src/akros2_teleop) by extensions ['colcon_pkg']
[0.372s] Level 1:colcon.colcon_core.package_identification:_identify(src/akros2_teleop) by extension 'colcon_pkg'
[0.372s] Level 1:colcon.colcon_core.package_identification:_identify(src/akros2_teleop) by extensions ['colcon_meta']
[0.372s] Level 1:colcon.colcon_core.package_identification:_identify(src/akros2_teleop) by extension 'colcon_meta'
[0.372s] Level 1:colcon.colcon_core.package_identification:_identify(src/akros2_teleop) by extensions ['ros']
[0.372s] Level 1:colcon.colcon_core.package_identification:_identify(src/akros2_teleop) by extension 'ros'
[0.373s] DEBUG:colcon.colcon_core.package_identification:Package 'src/akros2_teleop' with type 'ros.ament_python' and name 'akros2_teleop'
[0.373s] Level 1:colcon.colcon_core.package_identification:_identify(src/perfil_lidar) by extensions ['ignore', 'ignore_ament_install']
[0.373s] Level 1:colcon.colcon_core.package_identification:_identify(src/perfil_lidar) by extension 'ignore'
[0.373s] Level 1:colcon.colcon_core.package_identification:_identify(src/perfil_lidar) by extension 'ignore_ament_install'
[0.373s] Level 1:colcon.colcon_core.package_identification:_identify(src/perfil_lidar) by extensions ['colcon_pkg']
[0.373s] Level 1:colcon.colcon_core.package_identification:_identify(src/perfil_lidar) by extension 'colcon_pkg'
[0.373s] Level 1:colcon.colcon_core.package_identification:_identify(src/perfil_lidar) by extensions ['colcon_meta']
[0.373s] Level 1:colcon.colcon_core.package_identification:_identify(src/perfil_lidar) by extension 'colcon_meta'
[0.373s] Level 1:colcon.colcon_core.package_identification:_identify(src/perfil_lidar) by extensions ['ros']
[0.373s] Level 1:colcon.colcon_core.package_identification:_identify(src/perfil_lidar) by extension 'ros'
[0.375s] DEBUG:colcon.colcon_core.package_identification:Package 'src/perfil_lidar' with type 'ros.ament_python' and name 'perfil_lidar'
[0.375s] Level 1:colcon.colcon_core.package_identification:_identify(src/wall_follow) by extensions ['ignore', 'ignore_ament_install']
[0.375s] Level 1:colcon.colcon_core.package_identification:_identify(src/wall_follow) by extension 'ignore'
[0.375s] Level 1:colcon.colcon_core.package_identification:_identify(src/wall_follow) by extension 'ignore_ament_install'
[0.375s] Level 1:colcon.colcon_core.package_identification:_identify(src/wall_follow) by extensions ['colcon_pkg']
[0.375s] Level 1:colcon.colcon_core.package_identification:_identify(src/wall_follow) by extension 'colcon_pkg'
[0.375s] Level 1:colcon.colcon_core.package_identification:_identify(src/wall_follow) by extensions ['colcon_meta']
[0.375s] Level 1:colcon.colcon_core.package_identification:_identify(src/wall_follow) by extension 'colcon_meta'
[0.375s] Level 1:colcon.colcon_core.package_identification:_identify(src/wall_follow) by extensions ['ros']
[0.375s] Level 1:colcon.colcon_core.package_identification:_identify(src/wall_follow) by extension 'ros'
[0.377s] DEBUG:colcon.colcon_core.package_identification:Package 'src/wall_follow' with type 'ros.ament_python' and name 'wall_follow'
[0.377s] Level 1:colcon.colcon_core.package_discovery:discover_packages(recursive) using defaults
[0.377s] Level 1:colcon.colcon_core.package_discovery:discover_packages(ignore) discover
[0.377s] Level 1:colcon.colcon_core.package_discovery:discover_packages(ignore) using defaults
[0.377s] Level 1:colcon.colcon_core.package_discovery:discover_packages(path) discover
[0.377s] Level 1:colcon.colcon_core.package_discovery:discover_packages(path) using defaults
[0.396s] INFO:colcon.colcon_core.package_selection:Skipping not selected package 'akros2_msgs' in 'src/akros2_msgs'
[0.396s] INFO:colcon.colcon_core.package_selection:Skipping not selected package 'perfil_lidar' in 'src/perfil_lidar'
[0.396s] INFO:colcon.colcon_core.package_selection:Skipping not selected package 'wall_follow' in 'src/wall_follow'
[0.396s] INFO:colcon.colcon_core.package_selection:Skipping not selected package 'akros2_teleop' in 'src/akros2_teleop'
[0.397s] Level 1:colcon.colcon_core.package_discovery:discover_packages(prefix_path) check parameters
[0.397s] Level 1:colcon.colcon_core.package_discovery:discover_packages(prefix_path) discover
[0.398s] DEBUG:colcon.colcon_installed_package_information.package_discovery:Found 5 installed packages in /home/disney/Documents/Gustavo_codes/ros2_ws/install
[0.400s] DEBUG:colcon.colcon_installed_package_information.package_discovery:Found 296 installed packages in /opt/ros/humble
[0.401s] Level 1:colcon.colcon_core.package_discovery:discover_packages(prefix_path) using defaults
[0.447s] Level 5:colcon.colcon_core.verb:set package 'joy_ackerman' build argument 'cmake_args' from command line to 'None'
[0.447s] Level 5:colcon.colcon_core.verb:set package 'joy_ackerman' build argument 'cmake_target' from command line to 'None'
[0.447s] Level 5:colcon.colcon_core.verb:set package 'joy_ackerman' build argument 'cmake_target_skip_unavailable' from command line to 'False'
[0.447s] Level 5:colcon.colcon_core.verb:set package 'joy_ackerman' build argument 'cmake_clean_cache' from command line to 'False'
[0.447s] Level 5:colcon.colcon_core.verb:set package 'joy_ackerman' build argument 'cmake_clean_first' from command line to 'False'
[0.447s] Level 5:colcon.colcon_core.verb:set package 'joy_ackerman' build argument 'cmake_force_configure' from command line to 'False'
[0.447s] Level 5:colcon.colcon_core.verb:set package 'joy_ackerman' build argument 'ament_cmake_args' from command line to 'None'
[0.447s] Level 5:colcon.colcon_core.verb:set package 'joy_ackerman' build argument 'catkin_cmake_args' from command line to 'None'
[0.447s] Level 5:colcon.colcon_core.verb:set package 'joy_ackerman' build argument 'catkin_skip_building_tests' from command line to 'False'
[0.447s] DEBUG:colcon.colcon_core.verb:Building package 'joy_ackerman' with the following arguments: {'ament_cmake_args': None, 'build_base': '/home/disney/Documents/Gustavo_codes/ros2_ws/build/joy_ackerman', 'catkin_cmake_args': None, 'catkin_skip_building_tests': False, 'cmake_args': None, 'cmake_clean_cache': False, 'cmake_clean_first': False, 'cmake_force_configure': False, 'cmake_target': None, 'cmake_target_skip_unavailable': False, 'install_base': '/home/disney/Documents/Gustavo_codes/ros2_ws/install/joy_ackerman', 'merge_install': False, 'path': '/home/disney/Documents/Gustavo_codes/ros2_ws/src/Joy_ackerman', 'symlink_install': False, 'test_result_base': None}
[0.447s] INFO:colcon.colcon_core.executor:Executing jobs using 'parallel' executor
[0.448s] DEBUG:colcon.colcon_parallel_executor.executor.parallel:run_until_complete
[0.449s] INFO:colcon.colcon_ros.task.ament_python.build:Building ROS package in '/home/disney/Documents/Gustavo_codes/ros2_ws/src/Joy_ackerman' with build type 'ament_python'
[0.449s] Level 1:colcon.colcon_core.shell:create_environment_hook('joy_ackerman', 'ament_prefix_path')
[0.452s] INFO:colcon.colcon_core.plugin_system:Skipping extension 'colcon_core.shell.bat': Not used on non-Windows systems
[0.452s] INFO:colcon.colcon_core.shell:Creating environment hook '/home/disney/Documents/Gustavo_codes/ros2_ws/install/joy_ackerman/share/joy_ackerman/hook/ament_prefix_path.ps1'
[0.453s] INFO:colcon.colcon_core.shell:Creating environment descriptor '/home/disney/Documents/Gustavo_codes/ros2_ws/install/joy_ackerman/share/joy_ackerman/hook/ament_prefix_path.dsv'
[0.453s] INFO:colcon.colcon_core.shell:Creating environment hook '/home/disney/Documents/Gustavo_codes/ros2_ws/install/joy_ackerman/share/joy_ackerman/hook/ament_prefix_path.sh'
[0.454s] INFO:colcon.colcon_core.shell:Skip shell extension 'powershell' for command environment: Not usable outside of PowerShell
[0.454s] DEBUG:colcon.colcon_core.shell:Skip shell extension 'dsv' for command environment
[0.790s] INFO:colcon.colcon_core.task.python.build:Building Python package in '/home/disney/Documents/Gustavo_codes/ros2_ws/src/Joy_ackerman'
[0.790s] INFO:colcon.colcon_core.shell:Skip shell extension 'powershell' for command environment: Not usable outside of PowerShell
[0.790s] DEBUG:colcon.colcon_core.shell:Skip shell extension 'dsv' for command environment
[1.211s] DEBUG:colcon.colcon_core.event_handler.log_command:Invoking command in '/home/disney/Documents/Gustavo_codes/ros2_ws/src/Joy_ackerman': PYTHONPATH=/home/disney/Documents/Gustavo_codes/ros2_ws/build/joy_ackerman/prefix_override:/home/disney/Documents/Gustavo_codes/ros2_ws/install/joy_ackerman/lib/python3.10/site-packages:${PYTHONPATH} /usr/bin/python3 -W ignore:setup.py install is deprecated setup.py egg_info --egg-base ../../build/joy_ackerman build --build-base /home/disney/Documents/Gustavo_codes/ros2_ws/build/joy_ackerman/build install --record /home/disney/Documents/Gustavo_codes/ros2_ws/build/joy_ackerman/install.log --install-scripts $base/lib/joy_ackerman --single-version-externally-managed install_data
[1.579s] DEBUG:colcon.colcon_core.event_handler.log_command:Invoked command in '/home/disney/Documents/Gustavo_codes/ros2_ws/src/Joy_ackerman' returned '0': PYTHONPATH=/home/disney/Documents/Gustavo_codes/ros2_ws/build/joy_ackerman/prefix_override:/home/disney/Documents/Gustavo_codes/ros2_ws/install/joy_ackerman/lib/python3.10/site-packages:${PYTHONPATH} /usr/bin/python3 -W ignore:setup.py install is deprecated setup.py egg_info --egg-base ../../build/joy_ackerman build --build-base /home/disney/Documents/Gustavo_codes/ros2_ws/build/joy_ackerman/build install --record /home/disney/Documents/Gustavo_codes/ros2_ws/build/joy_ackerman/install.log --install-scripts $base/lib/joy_ackerman --single-version-externally-managed install_data
[1.582s] Level 1:colcon.colcon_core.environment:checking '/home/disney/Documents/Gustavo_codes/ros2_ws/install/joy_ackerman' for CMake module files
[1.582s] Level 1:colcon.colcon_core.environment:checking '/home/disney/Documents/Gustavo_codes/ros2_ws/install/joy_ackerman' for CMake config files
[1.583s] Level 1:colcon.colcon_core.environment:checking '/home/disney/Documents/Gustavo_codes/ros2_ws/install/joy_ackerman/lib'
[1.583s] Level 1:colcon.colcon_core.environment:checking '/home/disney/Documents/Gustavo_codes/ros2_ws/install/joy_ackerman/bin'
[1.583s] Level 1:colcon.colcon_core.environment:checking '/home/disney/Documents/Gustavo_codes/ros2_ws/install/joy_ackerman/lib/pkgconfig/joy_ackerman.pc'
[1.583s] Level 1:colcon.colcon_core.environment:checking '/home/disney/Documents/Gustavo_codes/ros2_ws/install/joy_ackerman/lib/python3.10/site-packages'
[1.583s] Level 1:colcon.colcon_core.shell:create_environment_hook('joy_ackerman', 'pythonpath')
[1.583s] INFO:colcon.colcon_core.shell:Creating environment hook '/home/disney/Documents/Gustavo_codes/ros2_ws/install/joy_ackerman/share/joy_ackerman/hook/pythonpath.ps1'
[1.584s] INFO:colcon.colcon_core.shell:Creating environment descriptor '/home/disney/Documents/Gustavo_codes/ros2_ws/install/joy_ackerman/share/joy_ackerman/hook/pythonpath.dsv'
[1.584s] INFO:colcon.colcon_core.shell:Creating environment hook '/home/disney/Documents/Gustavo_codes/ros2_ws/install/joy_ackerman/share/joy_ackerman/hook/pythonpath.sh'
[1.585s] Level 1:colcon.colcon_core.environment:checking '/home/disney/Documents/Gustavo_codes/ros2_ws/install/joy_ackerman/bin'
[1.585s] Level 1:colcon.colcon_core.environment:create_environment_scripts_only(joy_ackerman)
[1.585s] INFO:colcon.colcon_core.shell:Creating package script '/home/disney/Documents/Gustavo_codes/ros2_ws/install/joy_ackerman/share/joy_ackerman/package.ps1'
[1.586s] INFO:colcon.colcon_core.shell:Creating package descriptor '/home/disney/Documents/Gustavo_codes/ros2_ws/install/joy_ackerman/share/joy_ackerman/package.dsv'
[1.587s] INFO:colcon.colcon_core.shell:Creating package script '/home/disney/Documents/Gustavo_codes/ros2_ws/install/joy_ackerman/share/joy_ackerman/package.sh'
[1.587s] INFO:colcon.colcon_core.shell:Creating package script '/home/disney/Documents/Gustavo_codes/ros2_ws/install/joy_ackerman/share/joy_ackerman/package.bash'
[1.588s] INFO:colcon.colcon_core.shell:Creating package script '/home/disney/Documents/Gustavo_codes/ros2_ws/install/joy_ackerman/share/joy_ackerman/package.zsh'
[1.589s] Level 1:colcon.colcon_core.environment:create_file_with_runtime_dependencies(/home/disney/Documents/Gustavo_codes/ros2_ws/install/joy_ackerman/share/colcon-core/packages/joy_ackerman)
[1.589s] DEBUG:colcon.colcon_parallel_executor.executor.parallel:closing loop
[1.589s] DEBUG:colcon.colcon_parallel_executor.executor.parallel:loop closed
[1.590s] DEBUG:colcon.colcon_parallel_executor.executor.parallel:run_until_complete finished with '0'
[1.590s] DEBUG:colcon.colcon_core.event_reactor:joining thread
[1.594s] INFO:colcon.colcon_core.plugin_system:Skipping extension 'colcon_notification.desktop_notification.notify_send': Could not find 'notify-send'
[1.594s] INFO:colcon.colcon_core.plugin_system:Skipping extension 'colcon_notification.desktop_notification.terminal_notifier': Not used on non-Darwin systems
[1.594s] INFO:colcon.colcon_core.plugin_system:Skipping extension 'colcon_notification.desktop_notification.win32': Not used on non-Windows systems
[1.594s] INFO:colcon.colcon_notification.desktop_notification:Sending desktop notification using 'notify2'
[1.601s] DEBUG:colcon.colcon_core.event_reactor:joined thread
[1.602s] INFO:colcon.colcon_core.shell:Creating prefix script '/home/disney/Documents/Gustavo_codes/ros2_ws/install/local_setup.ps1'
[1.603s] INFO:colcon.colcon_core.shell:Creating prefix util module '/home/disney/Documents/Gustavo_codes/ros2_ws/install/_local_setup_util_ps1.py'
[1.605s] INFO:colcon.colcon_core.shell:Creating prefix chain script '/home/disney/Documents/Gustavo_codes/ros2_ws/install/setup.ps1'
[1.606s] INFO:colcon.colcon_core.shell:Creating prefix script '/home/disney/Documents/Gustavo_codes/ros2_ws/install/local_setup.sh'
[1.606s] INFO:colcon.colcon_core.shell:Creating prefix util module '/home/disney/Documents/Gustavo_codes/ros2_ws/install/_local_setup_util_sh.py'
[1.607s] INFO:colcon.colcon_core.shell:Creating prefix chain script '/home/disney/Documents/Gustavo_codes/ros2_ws/install/setup.sh'
[1.608s] INFO:colcon.colcon_core.shell:Creating prefix script '/home/disney/Documents/Gustavo_codes/ros2_ws/install/local_setup.bash'
[1.609s] INFO:colcon.colcon_core.shell:Creating prefix chain script '/home/disney/Documents/Gustavo_codes/ros2_ws/install/setup.bash'
[1.610s] INFO:colcon.colcon_core.shell:Creating prefix script '/home/disney/Documents/Gustavo_codes/ros2_ws/install/local_setup.zsh'
[1.611s] INFO:colcon.colcon_core.shell:Creating prefix chain script '/home/disney/Documents/Gustavo_codes/ros2_ws/install/setup.zsh'
