/home/disney/.local/lib/python3.10/site-packages/setuptools/dist.py:717: UserWarning: Usage of dash-separated 'script-dir' will not be supported in future versions. Please use the underscore name 'script_dir' instead
  warnings.warn(
running egg_info
creating ../../build/perfil_lidar/perfil_lidar.egg-info
writing ../../build/perfil_lidar/perfil_lidar.egg-info/PKG-INFO
writing dependency_links to ../../build/perfil_lidar/perfil_lidar.egg-info/dependency_links.txt
writing entry points to ../../build/perfil_lidar/perfil_lidar.egg-info/entry_points.txt
writing requirements to ../../build/perfil_lidar/perfil_lidar.egg-info/requires.txt
writing top-level names to ../../build/perfil_lidar/perfil_lidar.egg-info/top_level.txt
writing manifest file '../../build/perfil_lidar/perfil_lidar.egg-info/SOURCES.txt'
reading manifest file '../../build/perfil_lidar/perfil_lidar.egg-info/SOURCES.txt'
writing manifest file '../../build/perfil_lidar/perfil_lidar.egg-info/SOURCES.txt'
running build
running build_py
creating /home/disney/Documents/Gustavo_codes/ros2_ws/build/perfil_lidar/build
creating /home/disney/Documents/Gustavo_codes/ros2_ws/build/perfil_lidar/build/lib
creating /home/disney/Documents/Gustavo_codes/ros2_ws/build/perfil_lidar/build/lib/perfil_lidar
copying perfil_lidar/perfil_lidar.py -> /home/disney/Documents/Gustavo_codes/ros2_ws/build/perfil_lidar/build/lib/perfil_lidar
copying perfil_lidar/__init__.py -> /home/disney/Documents/Gustavo_codes/ros2_ws/build/perfil_lidar/build/lib/perfil_lidar
running install
running install_lib
creating /home/disney/Documents/Gustavo_codes/ros2_ws/install/perfil_lidar/lib/python3.10/site-packages/perfil_lidar
copying /home/disney/Documents/Gustavo_codes/ros2_ws/build/perfil_lidar/build/lib/perfil_lidar/perfil_lidar.py -> /home/disney/Documents/Gustavo_codes/ros2_ws/install/perfil_lidar/lib/python3.10/site-packages/perfil_lidar
copying /home/disney/Documents/Gustavo_codes/ros2_ws/build/perfil_lidar/build/lib/perfil_lidar/__init__.py -> /home/disney/Documents/Gustavo_codes/ros2_ws/install/perfil_lidar/lib/python3.10/site-packages/perfil_lidar
byte-compiling /home/disney/Documents/Gustavo_codes/ros2_ws/install/perfil_lidar/lib/python3.10/site-packages/perfil_lidar/perfil_lidar.py to perfil_lidar.cpython-310.pyc
byte-compiling /home/disney/Documents/Gustavo_codes/ros2_ws/install/perfil_lidar/lib/python3.10/site-packages/perfil_lidar/__init__.py to __init__.cpython-310.pyc
running install_data
creating /home/disney/Documents/Gustavo_codes/ros2_ws/install/perfil_lidar/share/ament_index
creating /home/disney/Documents/Gustavo_codes/ros2_ws/install/perfil_lidar/share/ament_index/resource_index
creating /home/disney/Documents/Gustavo_codes/ros2_ws/install/perfil_lidar/share/ament_index/resource_index/packages
copying resource/perfil_lidar -> /home/disney/Documents/Gustavo_codes/ros2_ws/install/perfil_lidar/share/ament_index/resource_index/packages
copying package.xml -> /home/disney/Documents/Gustavo_codes/ros2_ws/install/perfil_lidar/share/perfil_lidar
running install_egg_info
Copying ../../build/perfil_lidar/perfil_lidar.egg-info to /home/disney/Documents/Gustavo_codes/ros2_ws/install/perfil_lidar/lib/python3.10/site-packages/perfil_lidar-0.0.0-py3.10.egg-info
running install_scripts
Installing perfil_lidar script to /home/disney/Documents/Gustavo_codes/ros2_ws/install/perfil_lidar/lib/perfil_lidar
writing list of installed files to '/home/disney/Documents/Gustavo_codes/ros2_ws/build/perfil_lidar/install.log'
