[1.248s] DEBUG:colcon:Command line arguments: ['/usr/bin/colcon', 'build']
[1.248s] DEBUG:colcon:Parsed command line arguments: Namespace(log_base=None, log_level=None, verb_name='build', build_base='build', install_base='install', merge_install=False, symlink_install=False, test_result_base=None, continue_on_error=False, executor='parallel', parallel_workers=12, event_handlers=None, ignore_user_meta=False, metas=['./colcon.meta'], base_paths=['.'], packages_ignore=None, packages_ignore_regex=None, paths=None, packages_up_to=None, packages_up_to_regex=None, packages_above=None, packages_above_and_dependencies=None, packages_above_depth=None, packages_select_by_dep=None, packages_skip_by_dep=None, packages_skip_up_to=None, packages_select_build_failed=False, packages_skip_build_finished=False, packages_select_test_failures=False, packages_skip_test_passed=False, packages_select=None, packages_skip=None, packages_select_regex=None, packages_skip_regex=None, packages_start=None, packages_end=None, allow_overriding=[], cmake_args=None, cmake_target=None, cmake_target_skip_unavailable=False, cmake_clean_cache=False, cmake_clean_first=False, cmake_force_configure=False, ament_cmake_args=None, catkin_cmake_args=None, catkin_skip_building_tests=False, verb_parser=<colcon_defaults.argument_parser.defaults.DefaultArgumentsDecorator object at 0x797eb760ac50>, verb_extension=<colcon_core.verb.build.BuildVerb object at 0x797eb77aa740>, main=<bound method BuildVerb.main of <colcon_core.verb.build.BuildVerb object at 0x797eb77aa740>>)
[1.303s] Level 1:colcon.colcon_core.package_discovery:discover_packages(colcon_meta) check parameters
[1.303s] Level 1:colcon.colcon_core.package_discovery:discover_packages(recursive) check parameters
[1.303s] Level 1:colcon.colcon_core.package_discovery:discover_packages(ignore) check parameters
[1.303s] Level 1:colcon.colcon_core.package_discovery:discover_packages(path) check parameters
[1.303s] Level 1:colcon.colcon_core.package_discovery:discover_packages(colcon_meta) discover
[1.303s] Level 1:colcon.colcon_core.package_discovery:discover_packages(recursive) discover
[1.303s] INFO:colcon.colcon_core.package_discovery:Crawling recursively for packages in '/home/disney/Documents/Gustavo_codes/ros2_ws'
[1.303s] Level 1:colcon.colcon_core.package_identification:_identify(.) by extensions ['ignore', 'ignore_ament_install']
[1.303s] Level 1:colcon.colcon_core.package_identification:_identify(.) by extension 'ignore'
[1.303s] Level 1:colcon.colcon_core.package_identification:_identify(.) by extension 'ignore_ament_install'
[1.303s] Level 1:colcon.colcon_core.package_identification:_identify(.) by extensions ['colcon_pkg']
[1.303s] Level 1:colcon.colcon_core.package_identification:_identify(.) by extension 'colcon_pkg'
[1.303s] Level 1:colcon.colcon_core.package_identification:_identify(.) by extensions ['colcon_meta']
[1.303s] Level 1:colcon.colcon_core.package_identification:_identify(.) by extension 'colcon_meta'
[1.303s] Level 1:colcon.colcon_core.package_identification:_identify(.) by extensions ['ros']
[1.303s] Level 1:colcon.colcon_core.package_identification:_identify(.) by extension 'ros'
[1.314s] Level 1:colcon.colcon_core.package_identification:_identify(.) by extensions ['cmake', 'python']
[1.314s] Level 1:colcon.colcon_core.package_identification:_identify(.) by extension 'cmake'
[1.314s] Level 1:colcon.colcon_core.package_identification:_identify(.) by extension 'python'
[1.314s] Level 1:colcon.colcon_core.package_identification:_identify(.) by extensions ['python_setup_py']
[1.314s] Level 1:colcon.colcon_core.package_identification:_identify(.) by extension 'python_setup_py'
[1.314s] Level 1:colcon.colcon_core.package_identification:_identify(build) by extensions ['ignore', 'ignore_ament_install']
[1.314s] Level 1:colcon.colcon_core.package_identification:_identify(build) by extension 'ignore'
[1.314s] Level 1:colcon.colcon_core.package_identification:_identify(build) ignored
[1.315s] Level 1:colcon.colcon_core.package_identification:_identify(install) by extensions ['ignore', 'ignore_ament_install']
[1.315s] Level 1:colcon.colcon_core.package_identification:_identify(install) by extension 'ignore'
[1.315s] Level 1:colcon.colcon_core.package_identification:_identify(install) ignored
[1.315s] Level 1:colcon.colcon_core.package_identification:_identify(log) by extensions ['ignore', 'ignore_ament_install']
[1.315s] Level 1:colcon.colcon_core.package_identification:_identify(log) by extension 'ignore'
[1.315s] Level 1:colcon.colcon_core.package_identification:_identify(log) ignored
[1.315s] Level 1:colcon.colcon_core.package_identification:_identify(src) by extensions ['ignore', 'ignore_ament_install']
[1.315s] Level 1:colcon.colcon_core.package_identification:_identify(src) by extension 'ignore'
[1.315s] Level 1:colcon.colcon_core.package_identification:_identify(src) by extension 'ignore_ament_install'
[1.315s] Level 1:colcon.colcon_core.package_identification:_identify(src) by extensions ['colcon_pkg']
[1.315s] Level 1:colcon.colcon_core.package_identification:_identify(src) by extension 'colcon_pkg'
[1.315s] Level 1:colcon.colcon_core.package_identification:_identify(src) by extensions ['colcon_meta']
[1.315s] Level 1:colcon.colcon_core.package_identification:_identify(src) by extension 'colcon_meta'
[1.315s] Level 1:colcon.colcon_core.package_identification:_identify(src) by extensions ['ros']
[1.315s] Level 1:colcon.colcon_core.package_identification:_identify(src) by extension 'ros'
[1.315s] Level 1:colcon.colcon_core.package_identification:_identify(src) by extensions ['cmake', 'python']
[1.315s] Level 1:colcon.colcon_core.package_identification:_identify(src) by extension 'cmake'
[1.315s] Level 1:colcon.colcon_core.package_identification:_identify(src) by extension 'python'
[1.315s] Level 1:colcon.colcon_core.package_identification:_identify(src) by extensions ['python_setup_py']
[1.315s] Level 1:colcon.colcon_core.package_identification:_identify(src) by extension 'python_setup_py'
[1.316s] Level 1:colcon.colcon_core.package_identification:_identify(src/akros2_msgs) by extensions ['ignore', 'ignore_ament_install']
[1.316s] Level 1:colcon.colcon_core.package_identification:_identify(src/akros2_msgs) by extension 'ignore'
[1.316s] Level 1:colcon.colcon_core.package_identification:_identify(src/akros2_msgs) by extension 'ignore_ament_install'
[1.316s] Level 1:colcon.colcon_core.package_identification:_identify(src/akros2_msgs) by extensions ['colcon_pkg']
[1.316s] Level 1:colcon.colcon_core.package_identification:_identify(src/akros2_msgs) by extension 'colcon_pkg'
[1.316s] Level 1:colcon.colcon_core.package_identification:_identify(src/akros2_msgs) by extensions ['colcon_meta']
[1.316s] Level 1:colcon.colcon_core.package_identification:_identify(src/akros2_msgs) by extension 'colcon_meta'
[1.316s] Level 1:colcon.colcon_core.package_identification:_identify(src/akros2_msgs) by extensions ['ros']
[1.316s] Level 1:colcon.colcon_core.package_identification:_identify(src/akros2_msgs) by extension 'ros'
[1.318s] DEBUG:colcon.colcon_core.package_identification:Package 'src/akros2_msgs' with type 'ros.ament_cmake' and name 'akros2_msgs'
[1.318s] Level 1:colcon.colcon_core.package_identification:_identify(src/akros2_teleop) by extensions ['ignore', 'ignore_ament_install']
[1.318s] Level 1:colcon.colcon_core.package_identification:_identify(src/akros2_teleop) by extension 'ignore'
[1.319s] Level 1:colcon.colcon_core.package_identification:_identify(src/akros2_teleop) by extension 'ignore_ament_install'
[1.319s] Level 1:colcon.colcon_core.package_identification:_identify(src/akros2_teleop) by extensions ['colcon_pkg']
[1.319s] Level 1:colcon.colcon_core.package_identification:_identify(src/akros2_teleop) by extension 'colcon_pkg'
[1.319s] Level 1:colcon.colcon_core.package_identification:_identify(src/akros2_teleop) by extensions ['colcon_meta']
[1.319s] Level 1:colcon.colcon_core.package_identification:_identify(src/akros2_teleop) by extension 'colcon_meta'
[1.319s] Level 1:colcon.colcon_core.package_identification:_identify(src/akros2_teleop) by extensions ['ros']
[1.319s] Level 1:colcon.colcon_core.package_identification:_identify(src/akros2_teleop) by extension 'ros'
[1.320s] DEBUG:colcon.colcon_core.package_identification:Package 'src/akros2_teleop' with type 'ros.ament_python' and name 'akros2_teleop'
[1.320s] Level 1:colcon.colcon_core.package_identification:_identify(src/perfil_lidar) by extensions ['ignore', 'ignore_ament_install']
[1.320s] Level 1:colcon.colcon_core.package_identification:_identify(src/perfil_lidar) by extension 'ignore'
[1.320s] Level 1:colcon.colcon_core.package_identification:_identify(src/perfil_lidar) by extension 'ignore_ament_install'
[1.320s] Level 1:colcon.colcon_core.package_identification:_identify(src/perfil_lidar) by extensions ['colcon_pkg']
[1.320s] Level 1:colcon.colcon_core.package_identification:_identify(src/perfil_lidar) by extension 'colcon_pkg'
[1.320s] Level 1:colcon.colcon_core.package_identification:_identify(src/perfil_lidar) by extensions ['colcon_meta']
[1.320s] Level 1:colcon.colcon_core.package_identification:_identify(src/perfil_lidar) by extension 'colcon_meta'
[1.320s] Level 1:colcon.colcon_core.package_identification:_identify(src/perfil_lidar) by extensions ['ros']
[1.320s] Level 1:colcon.colcon_core.package_identification:_identify(src/perfil_lidar) by extension 'ros'
[1.321s] DEBUG:colcon.colcon_core.package_identification:Package 'src/perfil_lidar' with type 'ros.ament_python' and name 'perfil_lidar'
[1.321s] Level 1:colcon.colcon_core.package_identification:_identify(src/wall_follow) by extensions ['ignore', 'ignore_ament_install']
[1.321s] Level 1:colcon.colcon_core.package_identification:_identify(src/wall_follow) by extension 'ignore'
[1.321s] Level 1:colcon.colcon_core.package_identification:_identify(src/wall_follow) by extension 'ignore_ament_install'
[1.321s] Level 1:colcon.colcon_core.package_identification:_identify(src/wall_follow) by extensions ['colcon_pkg']
[1.321s] Level 1:colcon.colcon_core.package_identification:_identify(src/wall_follow) by extension 'colcon_pkg'
[1.321s] Level 1:colcon.colcon_core.package_identification:_identify(src/wall_follow) by extensions ['colcon_meta']
[1.321s] Level 1:colcon.colcon_core.package_identification:_identify(src/wall_follow) by extension 'colcon_meta'
[1.321s] Level 1:colcon.colcon_core.package_identification:_identify(src/wall_follow) by extensions ['ros']
[1.322s] Level 1:colcon.colcon_core.package_identification:_identify(src/wall_follow) by extension 'ros'
[1.323s] DEBUG:colcon.colcon_core.package_identification:Package 'src/wall_follow' with type 'ros.ament_python' and name 'wall_follow'
[1.323s] Level 1:colcon.colcon_core.package_discovery:discover_packages(recursive) using defaults
[1.323s] Level 1:colcon.colcon_core.package_discovery:discover_packages(ignore) discover
[1.323s] Level 1:colcon.colcon_core.package_discovery:discover_packages(ignore) using defaults
[1.323s] Level 1:colcon.colcon_core.package_discovery:discover_packages(path) discover
[1.323s] Level 1:colcon.colcon_core.package_discovery:discover_packages(path) using defaults
[1.440s] Level 1:colcon.colcon_core.package_discovery:discover_packages(prefix_path) check parameters
[1.440s] Level 1:colcon.colcon_core.package_discovery:discover_packages(prefix_path) discover
[1.458s] WARNING:colcon.colcon_core.prefix_path.colcon:The path '/home/disney/ros2_ws/install' in the environment variable COLCON_PREFIX_PATH doesn't exist
[1.458s] WARNING:colcon.colcon_ros.prefix_path.ament:The path '/home/disney/ros2_ws/install/wall_follow' in the environment variable AMENT_PREFIX_PATH doesn't exist
[1.458s] WARNING:colcon.colcon_ros.prefix_path.ament:The path '/home/disney/ros2_ws/install/perfil_lidar' in the environment variable AMENT_PREFIX_PATH doesn't exist
[1.458s] WARNING:colcon.colcon_ros.prefix_path.ament:The path '/home/disney/ros2_ws/install/akros2_teleop' in the environment variable AMENT_PREFIX_PATH doesn't exist
[1.458s] WARNING:colcon.colcon_ros.prefix_path.ament:The path '/home/disney/ros2_ws/install/akros2_msgs' in the environment variable AMENT_PREFIX_PATH doesn't exist
[1.458s] WARNING:colcon.colcon_ros.prefix_path.catkin:The path '/home/disney/ros2_ws/install/akros2_msgs' in the environment variable CMAKE_PREFIX_PATH doesn't exist
[1.476s] DEBUG:colcon.colcon_installed_package_information.package_discovery:Found 290 installed packages in /opt/ros/humble
[1.477s] Level 1:colcon.colcon_core.package_discovery:discover_packages(prefix_path) using defaults
[1.573s] Level 5:colcon.colcon_core.verb:set package 'akros2_msgs' build argument 'cmake_args' from command line to 'None'
[1.573s] Level 5:colcon.colcon_core.verb:set package 'akros2_msgs' build argument 'cmake_target' from command line to 'None'
[1.573s] Level 5:colcon.colcon_core.verb:set package 'akros2_msgs' build argument 'cmake_target_skip_unavailable' from command line to 'False'
[1.574s] Level 5:colcon.colcon_core.verb:set package 'akros2_msgs' build argument 'cmake_clean_cache' from command line to 'False'
[1.574s] Level 5:colcon.colcon_core.verb:set package 'akros2_msgs' build argument 'cmake_clean_first' from command line to 'False'
[1.574s] Level 5:colcon.colcon_core.verb:set package 'akros2_msgs' build argument 'cmake_force_configure' from command line to 'False'
[1.574s] Level 5:colcon.colcon_core.verb:set package 'akros2_msgs' build argument 'ament_cmake_args' from command line to 'None'
[1.574s] Level 5:colcon.colcon_core.verb:set package 'akros2_msgs' build argument 'catkin_cmake_args' from command line to 'None'
[1.574s] Level 5:colcon.colcon_core.verb:set package 'akros2_msgs' build argument 'catkin_skip_building_tests' from command line to 'False'
[1.574s] DEBUG:colcon.colcon_core.verb:Building package 'akros2_msgs' with the following arguments: {'ament_cmake_args': None, 'build_base': '/home/disney/Documents/Gustavo_codes/ros2_ws/build/akros2_msgs', 'catkin_cmake_args': None, 'catkin_skip_building_tests': False, 'cmake_args': None, 'cmake_clean_cache': False, 'cmake_clean_first': False, 'cmake_force_configure': False, 'cmake_target': None, 'cmake_target_skip_unavailable': False, 'install_base': '/home/disney/Documents/Gustavo_codes/ros2_ws/install/akros2_msgs', 'merge_install': False, 'path': '/home/disney/Documents/Gustavo_codes/ros2_ws/src/akros2_msgs', 'symlink_install': False, 'test_result_base': None}
[1.590s] Level 5:colcon.colcon_core.verb:set package 'perfil_lidar' build argument 'cmake_args' from command line to 'None'
[1.590s] Level 5:colcon.colcon_core.verb:set package 'perfil_lidar' build argument 'cmake_target' from command line to 'None'
[1.590s] Level 5:colcon.colcon_core.verb:set package 'perfil_lidar' build argument 'cmake_target_skip_unavailable' from command line to 'False'
[1.590s] Level 5:colcon.colcon_core.verb:set package 'perfil_lidar' build argument 'cmake_clean_cache' from command line to 'False'
[1.590s] Level 5:colcon.colcon_core.verb:set package 'perfil_lidar' build argument 'cmake_clean_first' from command line to 'False'
[1.590s] Level 5:colcon.colcon_core.verb:set package 'perfil_lidar' build argument 'cmake_force_configure' from command line to 'False'
[1.590s] Level 5:colcon.colcon_core.verb:set package 'perfil_lidar' build argument 'ament_cmake_args' from command line to 'None'
[1.590s] Level 5:colcon.colcon_core.verb:set package 'perfil_lidar' build argument 'catkin_cmake_args' from command line to 'None'
[1.590s] Level 5:colcon.colcon_core.verb:set package 'perfil_lidar' build argument 'catkin_skip_building_tests' from command line to 'False'
[1.590s] DEBUG:colcon.colcon_core.verb:Building package 'perfil_lidar' with the following arguments: {'ament_cmake_args': None, 'build_base': '/home/disney/Documents/Gustavo_codes/ros2_ws/build/perfil_lidar', 'catkin_cmake_args': None, 'catkin_skip_building_tests': False, 'cmake_args': None, 'cmake_clean_cache': False, 'cmake_clean_first': False, 'cmake_force_configure': False, 'cmake_target': None, 'cmake_target_skip_unavailable': False, 'install_base': '/home/disney/Documents/Gustavo_codes/ros2_ws/install/perfil_lidar', 'merge_install': False, 'path': '/home/disney/Documents/Gustavo_codes/ros2_ws/src/perfil_lidar', 'symlink_install': False, 'test_result_base': None}
[1.607s] Level 5:colcon.colcon_core.verb:set package 'wall_follow' build argument 'cmake_args' from command line to 'None'
[1.607s] Level 5:colcon.colcon_core.verb:set package 'wall_follow' build argument 'cmake_target' from command line to 'None'
[1.607s] Level 5:colcon.colcon_core.verb:set package 'wall_follow' build argument 'cmake_target_skip_unavailable' from command line to 'False'
[1.607s] Level 5:colcon.colcon_core.verb:set package 'wall_follow' build argument 'cmake_clean_cache' from command line to 'False'
[1.607s] Level 5:colcon.colcon_core.verb:set package 'wall_follow' build argument 'cmake_clean_first' from command line to 'False'
[1.607s] Level 5:colcon.colcon_core.verb:set package 'wall_follow' build argument 'cmake_force_configure' from command line to 'False'
[1.607s] Level 5:colcon.colcon_core.verb:set package 'wall_follow' build argument 'ament_cmake_args' from command line to 'None'
[1.607s] Level 5:colcon.colcon_core.verb:set package 'wall_follow' build argument 'catkin_cmake_args' from command line to 'None'
[1.607s] Level 5:colcon.colcon_core.verb:set package 'wall_follow' build argument 'catkin_skip_building_tests' from command line to 'False'
[1.607s] DEBUG:colcon.colcon_core.verb:Building package 'wall_follow' with the following arguments: {'ament_cmake_args': None, 'build_base': '/home/disney/Documents/Gustavo_codes/ros2_ws/build/wall_follow', 'catkin_cmake_args': None, 'catkin_skip_building_tests': False, 'cmake_args': None, 'cmake_clean_cache': False, 'cmake_clean_first': False, 'cmake_force_configure': False, 'cmake_target': None, 'cmake_target_skip_unavailable': False, 'install_base': '/home/disney/Documents/Gustavo_codes/ros2_ws/install/wall_follow', 'merge_install': False, 'path': '/home/disney/Documents/Gustavo_codes/ros2_ws/src/wall_follow', 'symlink_install': False, 'test_result_base': None}
[1.623s] Level 5:colcon.colcon_core.verb:set package 'akros2_teleop' build argument 'cmake_args' from command line to 'None'
[1.623s] Level 5:colcon.colcon_core.verb:set package 'akros2_teleop' build argument 'cmake_target' from command line to 'None'
[1.623s] Level 5:colcon.colcon_core.verb:set package 'akros2_teleop' build argument 'cmake_target_skip_unavailable' from command line to 'False'
[1.623s] Level 5:colcon.colcon_core.verb:set package 'akros2_teleop' build argument 'cmake_clean_cache' from command line to 'False'
[1.623s] Level 5:colcon.colcon_core.verb:set package 'akros2_teleop' build argument 'cmake_clean_first' from command line to 'False'
[1.623s] Level 5:colcon.colcon_core.verb:set package 'akros2_teleop' build argument 'cmake_force_configure' from command line to 'False'
[1.623s] Level 5:colcon.colcon_core.verb:set package 'akros2_teleop' build argument 'ament_cmake_args' from command line to 'None'
[1.623s] Level 5:colcon.colcon_core.verb:set package 'akros2_teleop' build argument 'catkin_cmake_args' from command line to 'None'
[1.623s] Level 5:colcon.colcon_core.verb:set package 'akros2_teleop' build argument 'catkin_skip_building_tests' from command line to 'False'
[1.623s] DEBUG:colcon.colcon_core.verb:Building package 'akros2_teleop' with the following arguments: {'ament_cmake_args': None, 'build_base': '/home/disney/Documents/Gustavo_codes/ros2_ws/build/akros2_teleop', 'catkin_cmake_args': None, 'catkin_skip_building_tests': False, 'cmake_args': None, 'cmake_clean_cache': False, 'cmake_clean_first': False, 'cmake_force_configure': False, 'cmake_target': None, 'cmake_target_skip_unavailable': False, 'install_base': '/home/disney/Documents/Gustavo_codes/ros2_ws/install/akros2_teleop', 'merge_install': False, 'path': '/home/disney/Documents/Gustavo_codes/ros2_ws/src/akros2_teleop', 'symlink_install': False, 'test_result_base': None}
[1.640s] INFO:colcon.colcon_core.executor:Executing jobs using 'parallel' executor
[1.657s] DEBUG:colcon.colcon_parallel_executor.executor.parallel:run_until_complete
[1.657s] INFO:colcon.colcon_ros.task.ament_cmake.build:Building ROS package in '/home/disney/Documents/Gustavo_codes/ros2_ws/src/akros2_msgs' with build type 'ament_cmake'
[1.657s] INFO:colcon.colcon_cmake.task.cmake.build:Building CMake package in '/home/disney/Documents/Gustavo_codes/ros2_ws/src/akros2_msgs'
[1.676s] INFO:colcon.colcon_core.plugin_system:Skipping extension 'colcon_core.shell.bat': Not used on non-Windows systems
[1.676s] INFO:colcon.colcon_core.shell:Skip shell extension 'powershell' for command environment: Not usable outside of PowerShell
[1.676s] DEBUG:colcon.colcon_core.shell:Skip shell extension 'dsv' for command environment
[1.712s] INFO:colcon.colcon_ros.task.ament_python.build:Building ROS package in '/home/disney/Documents/Gustavo_codes/ros2_ws/src/perfil_lidar' with build type 'ament_python'
[1.712s] Level 1:colcon.colcon_core.shell:create_environment_hook('perfil_lidar', 'ament_prefix_path')
[1.730s] INFO:colcon.colcon_core.shell:Creating environment hook '/home/disney/Documents/Gustavo_codes/ros2_ws/install/perfil_lidar/share/perfil_lidar/hook/ament_prefix_path.ps1'
[1.731s] INFO:colcon.colcon_core.shell:Creating environment descriptor '/home/disney/Documents/Gustavo_codes/ros2_ws/install/perfil_lidar/share/perfil_lidar/hook/ament_prefix_path.dsv'
[1.731s] INFO:colcon.colcon_core.shell:Creating environment hook '/home/disney/Documents/Gustavo_codes/ros2_ws/install/perfil_lidar/share/perfil_lidar/hook/ament_prefix_path.sh'
[1.749s] INFO:colcon.colcon_core.shell:Skip shell extension 'powershell' for command environment: Not usable outside of PowerShell
[1.749s] DEBUG:colcon.colcon_core.shell:Skip shell extension 'dsv' for command environment
[1.785s] INFO:colcon.colcon_ros.task.ament_python.build:Building ROS package in '/home/disney/Documents/Gustavo_codes/ros2_ws/src/wall_follow' with build type 'ament_python'
[1.785s] Level 1:colcon.colcon_core.shell:create_environment_hook('wall_follow', 'ament_prefix_path')
[1.806s] INFO:colcon.colcon_core.shell:Creating environment hook '/home/disney/Documents/Gustavo_codes/ros2_ws/install/wall_follow/share/wall_follow/hook/ament_prefix_path.ps1'
[1.807s] INFO:colcon.colcon_core.shell:Creating environment descriptor '/home/disney/Documents/Gustavo_codes/ros2_ws/install/wall_follow/share/wall_follow/hook/ament_prefix_path.dsv'
[1.807s] INFO:colcon.colcon_core.shell:Creating environment hook '/home/disney/Documents/Gustavo_codes/ros2_ws/install/wall_follow/share/wall_follow/hook/ament_prefix_path.sh'
[1.824s] INFO:colcon.colcon_core.shell:Skip shell extension 'powershell' for command environment: Not usable outside of PowerShell
[1.824s] DEBUG:colcon.colcon_core.shell:Skip shell extension 'dsv' for command environment
[1.864s] DEBUG:colcon.colcon_core.event_handler.log_command:Invoking command in '/home/disney/Documents/Gustavo_codes/ros2_ws/build/akros2_msgs': CMAKE_PREFIX_PATH=${CMAKE_PREFIX_PATH}:/home/disney/ros2_ws/install/wall_follow:/home/disney/ros2_ws/install/perfil_lidar:/home/disney/ros2_ws/install/akros2_teleop:/opt/ros/humble /usr/bin/cmake --build /home/disney/Documents/Gustavo_codes/ros2_ws/build/akros2_msgs -- -j12 -l12
[2.133s] INFO:colcon.colcon_core.task.python.build:Building Python package in '/home/disney/Documents/Gustavo_codes/ros2_ws/src/perfil_lidar'
[2.150s] INFO:colcon.colcon_core.shell:Skip shell extension 'powershell' for command environment: Not usable outside of PowerShell
[2.150s] DEBUG:colcon.colcon_core.shell:Skip shell extension 'dsv' for command environment
[2.447s] INFO:colcon.colcon_core.task.python.build:Building Python package in '/home/disney/Documents/Gustavo_codes/ros2_ws/src/wall_follow'
[2.464s] INFO:colcon.colcon_core.shell:Skip shell extension 'powershell' for command environment: Not usable outside of PowerShell
[2.464s] DEBUG:colcon.colcon_core.shell:Skip shell extension 'dsv' for command environment
[2.499s] DEBUG:colcon.colcon_core.event_handler.log_command:Invoked command in '/home/disney/Documents/Gustavo_codes/ros2_ws/build/akros2_msgs' returned '2': CMAKE_PREFIX_PATH=${CMAKE_PREFIX_PATH}:/home/disney/ros2_ws/install/wall_follow:/home/disney/ros2_ws/install/perfil_lidar:/home/disney/ros2_ws/install/akros2_teleop:/opt/ros/humble /usr/bin/cmake --build /home/disney/Documents/Gustavo_codes/ros2_ws/build/akros2_msgs -- -j12 -l12
[2.576s] Level 1:colcon.colcon_core.environment:create_environment_scripts_only(akros2_msgs)
[2.597s] Level 1:colcon.colcon_core.environment:checking '/home/disney/Documents/Gustavo_codes/ros2_ws/install/akros2_msgs' for CMake module files
[2.597s] Level 1:colcon.colcon_core.environment:checking '/home/disney/Documents/Gustavo_codes/ros2_ws/install/akros2_msgs' for CMake config files
[2.598s] Level 1:colcon.colcon_core.shell:create_environment_hook('akros2_msgs', 'cmake_prefix_path')
[2.615s] INFO:colcon.colcon_core.shell:Creating environment hook '/home/disney/Documents/Gustavo_codes/ros2_ws/install/akros2_msgs/share/akros2_msgs/hook/cmake_prefix_path.ps1'
[2.615s] INFO:colcon.colcon_core.shell:Creating environment descriptor '/home/disney/Documents/Gustavo_codes/ros2_ws/install/akros2_msgs/share/akros2_msgs/hook/cmake_prefix_path.dsv'
[2.616s] INFO:colcon.colcon_core.shell:Creating environment hook '/home/disney/Documents/Gustavo_codes/ros2_ws/install/akros2_msgs/share/akros2_msgs/hook/cmake_prefix_path.sh'
[2.616s] Level 1:colcon.colcon_core.environment:checking '/home/disney/Documents/Gustavo_codes/ros2_ws/install/akros2_msgs/lib'
[2.616s] Level 1:colcon.colcon_core.shell:create_environment_hook('akros2_msgs', 'ld_library_path_lib')
[2.633s] INFO:colcon.colcon_core.shell:Creating environment hook '/home/disney/Documents/Gustavo_codes/ros2_ws/install/akros2_msgs/share/akros2_msgs/hook/ld_library_path_lib.ps1'
[2.634s] INFO:colcon.colcon_core.shell:Creating environment descriptor '/home/disney/Documents/Gustavo_codes/ros2_ws/install/akros2_msgs/share/akros2_msgs/hook/ld_library_path_lib.dsv'
[2.634s] INFO:colcon.colcon_core.shell:Creating environment hook '/home/disney/Documents/Gustavo_codes/ros2_ws/install/akros2_msgs/share/akros2_msgs/hook/ld_library_path_lib.sh'
[2.634s] Level 1:colcon.colcon_core.environment:checking '/home/disney/Documents/Gustavo_codes/ros2_ws/install/akros2_msgs/bin'
[2.634s] Level 1:colcon.colcon_core.environment:checking '/home/disney/Documents/Gustavo_codes/ros2_ws/install/akros2_msgs/lib/pkgconfig/akros2_msgs.pc'
[2.635s] Level 1:colcon.colcon_core.environment:checking '/home/disney/Documents/Gustavo_codes/ros2_ws/install/akros2_msgs/lib/python3.10/site-packages'
[2.635s] Level 1:colcon.colcon_core.environment:checking '/home/disney/Documents/Gustavo_codes/ros2_ws/install/akros2_msgs/bin'
[2.653s] INFO:colcon.colcon_core.shell:Creating package script '/home/disney/Documents/Gustavo_codes/ros2_ws/install/akros2_msgs/share/akros2_msgs/package.ps1'
[2.654s] INFO:colcon.colcon_core.shell:Creating package descriptor '/home/disney/Documents/Gustavo_codes/ros2_ws/install/akros2_msgs/share/akros2_msgs/package.dsv'
[2.654s] INFO:colcon.colcon_core.shell:Creating package script '/home/disney/Documents/Gustavo_codes/ros2_ws/install/akros2_msgs/share/akros2_msgs/package.sh'
[2.655s] INFO:colcon.colcon_core.shell:Creating package script '/home/disney/Documents/Gustavo_codes/ros2_ws/install/akros2_msgs/share/akros2_msgs/package.bash'
[2.656s] INFO:colcon.colcon_core.shell:Creating package script '/home/disney/Documents/Gustavo_codes/ros2_ws/install/akros2_msgs/share/akros2_msgs/package.zsh'
[2.656s] Level 1:colcon.colcon_core.environment:create_file_with_runtime_dependencies(/home/disney/Documents/Gustavo_codes/ros2_ws/install/akros2_msgs/share/colcon-core/packages/akros2_msgs)
[2.869s] DEBUG:colcon.colcon_parallel_executor.executor.parallel:closing loop
[2.869s] DEBUG:colcon.colcon_parallel_executor.executor.parallel:loop closed
[2.870s] DEBUG:colcon.colcon_parallel_executor.executor.parallel:run_until_complete finished with '2'
[2.870s] DEBUG:colcon.colcon_core.event_reactor:joining thread
[2.915s] INFO:colcon.colcon_core.plugin_system:Skipping extension 'colcon_notification.desktop_notification.notify_send': Could not find 'notify-send'
[2.915s] INFO:colcon.colcon_core.plugin_system:Skipping extension 'colcon_notification.desktop_notification.terminal_notifier': Not used on non-Darwin systems
[2.915s] INFO:colcon.colcon_core.plugin_system:Skipping extension 'colcon_notification.desktop_notification.win32': Not used on non-Windows systems
[2.915s] INFO:colcon.colcon_notification.desktop_notification:Sending desktop notification using 'notify2'
[2.923s] DEBUG:colcon.colcon_core.event_reactor:joined thread
[2.940s] INFO:colcon.colcon_core.shell:Creating prefix script '/home/disney/Documents/Gustavo_codes/ros2_ws/install/local_setup.ps1'
[2.941s] INFO:colcon.colcon_core.shell:Creating prefix util module '/home/disney/Documents/Gustavo_codes/ros2_ws/install/_local_setup_util_ps1.py'
[2.942s] INFO:colcon.colcon_core.shell:Creating prefix chain script '/home/disney/Documents/Gustavo_codes/ros2_ws/install/setup.ps1'
[2.961s] INFO:colcon.colcon_core.shell:Creating prefix script '/home/disney/Documents/Gustavo_codes/ros2_ws/install/local_setup.sh'
[2.961s] INFO:colcon.colcon_core.shell:Creating prefix util module '/home/disney/Documents/Gustavo_codes/ros2_ws/install/_local_setup_util_sh.py'
[2.962s] INFO:colcon.colcon_core.shell:Creating prefix chain script '/home/disney/Documents/Gustavo_codes/ros2_ws/install/setup.sh'
[2.979s] INFO:colcon.colcon_core.shell:Creating prefix script '/home/disney/Documents/Gustavo_codes/ros2_ws/install/local_setup.bash'
[2.980s] INFO:colcon.colcon_core.shell:Creating prefix chain script '/home/disney/Documents/Gustavo_codes/ros2_ws/install/setup.bash'
[3.004s] INFO:colcon.colcon_core.shell:Creating prefix script '/home/disney/Documents/Gustavo_codes/ros2_ws/install/local_setup.zsh'
[3.004s] INFO:colcon.colcon_core.shell:Creating prefix chain script '/home/disney/Documents/Gustavo_codes/ros2_ws/install/setup.zsh'
