/home/disney/Documents/Gustavo_codes/ros2_ws/install/akros2_teleop/lib/python3.10/site-packages/akros2_teleop/twist_mixer_node.py
/home/disney/Documents/Gustavo_codes/ros2_ws/install/akros2_teleop/lib/python3.10/site-packages/akros2_teleop/teleop_node.py
/home/disney/Documents/Gustavo_codes/ros2_ws/install/akros2_teleop/lib/python3.10/site-packages/akros2_teleop/__init__.py
/home/disney/Documents/Gustavo_codes/ros2_ws/install/akros2_teleop/lib/python3.10/site-packages/akros2_teleop/joy_mode_handler.py
/home/disney/Documents/Gustavo_codes/ros2_ws/install/akros2_teleop/lib/python3.10/site-packages/akros2_teleop/__pycache__/twist_mixer_node.cpython-310.pyc
/home/disney/Documents/Gustavo_codes/ros2_ws/install/akros2_teleop/lib/python3.10/site-packages/akros2_teleop/__pycache__/teleop_node.cpython-310.pyc
/home/disney/Documents/Gustavo_codes/ros2_ws/install/akros2_teleop/lib/python3.10/site-packages/akros2_teleop/__pycache__/__init__.cpython-310.pyc
/home/disney/Documents/Gustavo_codes/ros2_ws/install/akros2_teleop/lib/python3.10/site-packages/akros2_teleop/__pycache__/joy_mode_handler.cpython-310.pyc
/home/disney/Documents/Gustavo_codes/ros2_ws/install/akros2_teleop/share/ament_index/resource_index/packages/akros2_teleop
/home/disney/Documents/Gustavo_codes/ros2_ws/install/akros2_teleop/share/akros2_teleop/package.xml
/home/disney/Documents/Gustavo_codes/ros2_ws/install/akros2_teleop/share/akros2_teleop/launch/joy_launch.py
/home/disney/Documents/Gustavo_codes/ros2_ws/install/akros2_teleop/share/akros2_teleop/launch/teleop_launch.py
/home/disney/Documents/Gustavo_codes/ros2_ws/install/akros2_teleop/share/akros2_teleop/config/stadia_twist_config.yaml
/home/disney/Documents/Gustavo_codes/ros2_ws/install/akros2_teleop/share/akros2_teleop/config/steamdeck_mode_config.yaml
/home/disney/Documents/Gustavo_codes/ros2_ws/install/akros2_teleop/share/akros2_teleop/config/ps4_twist_config.yaml
/home/disney/Documents/Gustavo_codes/ros2_ws/install/akros2_teleop/share/akros2_teleop/config/sn30pro_twist_config.yaml
/home/disney/Documents/Gustavo_codes/ros2_ws/install/akros2_teleop/share/akros2_teleop/config/sn30pro_mode_config.yaml
/home/disney/Documents/Gustavo_codes/ros2_ws/install/akros2_teleop/share/akros2_teleop/config/steamdeck_twist_config.yaml
/home/disney/Documents/Gustavo_codes/ros2_ws/install/akros2_teleop/share/akros2_teleop/config/stadia_mode_config.yaml
/home/disney/Documents/Gustavo_codes/ros2_ws/install/akros2_teleop/share/akros2_teleop/config/ps4_mode_config.yaml
/home/disney/Documents/Gustavo_codes/ros2_ws/install/akros2_teleop/lib/python3.10/site-packages/akros2_teleop-0.0.0-py3.10.egg-info/requires.txt
/home/disney/Documents/Gustavo_codes/ros2_ws/install/akros2_teleop/lib/python3.10/site-packages/akros2_teleop-0.0.0-py3.10.egg-info/PKG-INFO
/home/disney/Documents/Gustavo_codes/ros2_ws/install/akros2_teleop/lib/python3.10/site-packages/akros2_teleop-0.0.0-py3.10.egg-info/dependency_links.txt
/home/disney/Documents/Gustavo_codes/ros2_ws/install/akros2_teleop/lib/python3.10/site-packages/akros2_teleop-0.0.0-py3.10.egg-info/zip-safe
/home/disney/Documents/Gustavo_codes/ros2_ws/install/akros2_teleop/lib/python3.10/site-packages/akros2_teleop-0.0.0-py3.10.egg-info/entry_points.txt
/home/disney/Documents/Gustavo_codes/ros2_ws/install/akros2_teleop/lib/python3.10/site-packages/akros2_teleop-0.0.0-py3.10.egg-info/SOURCES.txt
/home/disney/Documents/Gustavo_codes/ros2_ws/install/akros2_teleop/lib/python3.10/site-packages/akros2_teleop-0.0.0-py3.10.egg-info/top_level.txt
/home/disney/Documents/Gustavo_codes/ros2_ws/install/akros2_teleop/lib/akros2_teleop/joy_mode_handler
/home/disney/Documents/Gustavo_codes/ros2_ws/install/akros2_teleop/lib/akros2_teleop/teleop_node
/home/disney/Documents/Gustavo_codes/ros2_ws/install/akros2_teleop/lib/akros2_teleop/twist_mixer
