/home/disney/.local/lib/python3.10/site-packages/setuptools/dist.py:717: UserWarning: Usage of dash-separated 'script-dir' will not be supported in future versions. Please use the underscore name 'script_dir' instead
  warnings.warn(
running egg_info
creating ../../build/joy_ackerman/joy_ackerman.egg-info
writing ../../build/joy_ackerman/joy_ackerman.egg-info/PKG-INFO
writing dependency_links to ../../build/joy_ackerman/joy_ackerman.egg-info/dependency_links.txt
writing entry points to ../../build/joy_ackerman/joy_ackerman.egg-info/entry_points.txt
writing requirements to ../../build/joy_ackerman/joy_ackerman.egg-info/requires.txt
writing top-level names to ../../build/joy_ackerman/joy_ackerman.egg-info/top_level.txt
writing manifest file '../../build/joy_ackerman/joy_ackerman.egg-info/SOURCES.txt'
reading manifest file '../../build/joy_ackerman/joy_ackerman.egg-info/SOURCES.txt'
writing manifest file '../../build/joy_ackerman/joy_ackerman.egg-info/SOURCES.txt'
running build
running build_py
creating /home/disney/Documents/Gustavo_codes/ros2_ws/build/joy_ackerman/build
creating /home/disney/Documents/Gustavo_codes/ros2_ws/build/joy_ackerman/build/lib
creating /home/disney/Documents/Gustavo_codes/ros2_ws/build/joy_ackerman/build/lib/joy_ackerman
copying joy_ackerman/joy_ackerman.py -> /home/disney/Documents/Gustavo_codes/ros2_ws/build/joy_ackerman/build/lib/joy_ackerman
copying joy_ackerman/__init__.py -> /home/disney/Documents/Gustavo_codes/ros2_ws/build/joy_ackerman/build/lib/joy_ackerman
running install
running install_lib
creating /home/disney/Documents/Gustavo_codes/ros2_ws/install/joy_ackerman/lib/python3.10/site-packages/joy_ackerman
copying /home/disney/Documents/Gustavo_codes/ros2_ws/build/joy_ackerman/build/lib/joy_ackerman/joy_ackerman.py -> /home/disney/Documents/Gustavo_codes/ros2_ws/install/joy_ackerman/lib/python3.10/site-packages/joy_ackerman
copying /home/disney/Documents/Gustavo_codes/ros2_ws/build/joy_ackerman/build/lib/joy_ackerman/__init__.py -> /home/disney/Documents/Gustavo_codes/ros2_ws/install/joy_ackerman/lib/python3.10/site-packages/joy_ackerman
byte-compiling /home/disney/Documents/Gustavo_codes/ros2_ws/install/joy_ackerman/lib/python3.10/site-packages/joy_ackerman/joy_ackerman.py to joy_ackerman.cpython-310.pyc
byte-compiling /home/disney/Documents/Gustavo_codes/ros2_ws/install/joy_ackerman/lib/python3.10/site-packages/joy_ackerman/__init__.py to __init__.cpython-310.pyc
running install_data
creating /home/disney/Documents/Gustavo_codes/ros2_ws/install/joy_ackerman/share/ament_index
creating /home/disney/Documents/Gustavo_codes/ros2_ws/install/joy_ackerman/share/ament_index/resource_index
creating /home/disney/Documents/Gustavo_codes/ros2_ws/install/joy_ackerman/share/ament_index/resource_index/packages
copying resource/joy_ackerman -> /home/disney/Documents/Gustavo_codes/ros2_ws/install/joy_ackerman/share/ament_index/resource_index/packages
copying package.xml -> /home/disney/Documents/Gustavo_codes/ros2_ws/install/joy_ackerman/share/joy_ackerman
running install_egg_info
Copying ../../build/joy_ackerman/joy_ackerman.egg-info to /home/disney/Documents/Gustavo_codes/ros2_ws/install/joy_ackerman/lib/python3.10/site-packages/joy_ackerman-0.0.0-py3.10.egg-info
running install_scripts
Installing joy_ackerman script to /home/disney/Documents/Gustavo_codes/ros2_ws/install/joy_ackerman/lib/wall_follow
writing list of installed files to '/home/disney/Documents/Gustavo_codes/ros2_ws/build/joy_ackerman/install.log'
