[1.438s] Invoking command in '/home/disney/Documents/Gustavo_codes/ros2_ws/src/Joy_ackerman': PYTHONPATH=/home/disney/Documents/Gustavo_codes/ros2_ws/build/joy_ackerman/prefix_override:/home/disney/Documents/Gustavo_codes/ros2_ws/install/joy_ackerman/lib/python3.10/site-packages:${PYTHONPATH} /usr/bin/python3 -W ignore:setup.py install is deprecated setup.py egg_info --egg-base ../../build/joy_ackerman build --build-base /home/disney/Documents/Gustavo_codes/ros2_ws/build/joy_ackerman/build install --record /home/disney/Documents/Gustavo_codes/ros2_ws/build/joy_ackerman/install.log --install-scripts $base/lib/wall_follow --single-version-externally-managed install_data
[1.740s] /home/disney/.local/lib/python3.10/site-packages/setuptools/dist.py:717: UserWarning: Usage of dash-separated 'script-dir' will not be supported in future versions. Please use the underscore name 'script_dir' instead
[1.740s]   warnings.warn(
[1.773s] running egg_info
[1.773s] creating ../../build/joy_ackerman/joy_ackerman.egg-info
[1.774s] writing ../../build/joy_ackerman/joy_ackerman.egg-info/PKG-INFO
[1.774s] writing dependency_links to ../../build/joy_ackerman/joy_ackerman.egg-info/dependency_links.txt
[1.774s] writing entry points to ../../build/joy_ackerman/joy_ackerman.egg-info/entry_points.txt
[1.774s] writing requirements to ../../build/joy_ackerman/joy_ackerman.egg-info/requires.txt
[1.774s] writing top-level names to ../../build/joy_ackerman/joy_ackerman.egg-info/top_level.txt
[1.775s] writing manifest file '../../build/joy_ackerman/joy_ackerman.egg-info/SOURCES.txt'
[1.777s] reading manifest file '../../build/joy_ackerman/joy_ackerman.egg-info/SOURCES.txt'
[1.778s] writing manifest file '../../build/joy_ackerman/joy_ackerman.egg-info/SOURCES.txt'
[1.778s] running build
[1.779s] running build_py
[1.779s] creating /home/disney/Documents/Gustavo_codes/ros2_ws/build/joy_ackerman/build
[1.779s] creating /home/disney/Documents/Gustavo_codes/ros2_ws/build/joy_ackerman/build/lib
[1.779s] creating /home/disney/Documents/Gustavo_codes/ros2_ws/build/joy_ackerman/build/lib/joy_ackerman
[1.779s] copying joy_ackerman/joy_ackerman.py -> /home/disney/Documents/Gustavo_codes/ros2_ws/build/joy_ackerman/build/lib/joy_ackerman
[1.779s] copying joy_ackerman/__init__.py -> /home/disney/Documents/Gustavo_codes/ros2_ws/build/joy_ackerman/build/lib/joy_ackerman
[1.779s] running install
[1.779s] running install_lib
[1.780s] creating /home/disney/Documents/Gustavo_codes/ros2_ws/install/joy_ackerman/lib/python3.10/site-packages/joy_ackerman
[1.780s] copying /home/disney/Documents/Gustavo_codes/ros2_ws/build/joy_ackerman/build/lib/joy_ackerman/joy_ackerman.py -> /home/disney/Documents/Gustavo_codes/ros2_ws/install/joy_ackerman/lib/python3.10/site-packages/joy_ackerman
[1.781s] copying /home/disney/Documents/Gustavo_codes/ros2_ws/build/joy_ackerman/build/lib/joy_ackerman/__init__.py -> /home/disney/Documents/Gustavo_codes/ros2_ws/install/joy_ackerman/lib/python3.10/site-packages/joy_ackerman
[1.781s] byte-compiling /home/disney/Documents/Gustavo_codes/ros2_ws/install/joy_ackerman/lib/python3.10/site-packages/joy_ackerman/joy_ackerman.py to joy_ackerman.cpython-310.pyc
[1.782s] byte-compiling /home/disney/Documents/Gustavo_codes/ros2_ws/install/joy_ackerman/lib/python3.10/site-packages/joy_ackerman/__init__.py to __init__.cpython-310.pyc
[1.782s] running install_data
[1.782s] creating /home/disney/Documents/Gustavo_codes/ros2_ws/install/joy_ackerman/share/ament_index
[1.782s] creating /home/disney/Documents/Gustavo_codes/ros2_ws/install/joy_ackerman/share/ament_index/resource_index
[1.783s] creating /home/disney/Documents/Gustavo_codes/ros2_ws/install/joy_ackerman/share/ament_index/resource_index/packages
[1.783s] copying resource/joy_ackerman -> /home/disney/Documents/Gustavo_codes/ros2_ws/install/joy_ackerman/share/ament_index/resource_index/packages
[1.783s] copying package.xml -> /home/disney/Documents/Gustavo_codes/ros2_ws/install/joy_ackerman/share/joy_ackerman
[1.783s] running install_egg_info
[1.785s] Copying ../../build/joy_ackerman/joy_ackerman.egg-info to /home/disney/Documents/Gustavo_codes/ros2_ws/install/joy_ackerman/lib/python3.10/site-packages/joy_ackerman-0.0.0-py3.10.egg-info
[1.786s] running install_scripts
[1.810s] Installing joy_ackerman script to /home/disney/Documents/Gustavo_codes/ros2_ws/install/joy_ackerman/lib/wall_follow
[1.810s] writing list of installed files to '/home/disney/Documents/Gustavo_codes/ros2_ws/build/joy_ackerman/install.log'
[1.849s] Invoked command in '/home/disney/Documents/Gustavo_codes/ros2_ws/src/Joy_ackerman' returned '0': PYTHONPATH=/home/disney/Documents/Gustavo_codes/ros2_ws/build/joy_ackerman/prefix_override:/home/disney/Documents/Gustavo_codes/ros2_ws/install/joy_ackerman/lib/python3.10/site-packages:${PYTHONPATH} /usr/bin/python3 -W ignore:setup.py install is deprecated setup.py egg_info --egg-base ../../build/joy_ackerman build --build-base /home/disney/Documents/Gustavo_codes/ros2_ws/build/joy_ackerman/build install --record /home/disney/Documents/Gustavo_codes/ros2_ws/build/joy_ackerman/install.log --install-scripts $base/lib/wall_follow --single-version-externally-managed install_data
