[1.500s] Invoking command in '/home/disney/ros2_ws/src/perfil_lidar': PYTHONPATH=/home/disney/ros2_ws/build/perfil_lidar/prefix_override:/home/disney/ros2_ws/install/perfil_lidar/lib/python3.10/site-packages:${PYTHONPATH} /usr/bin/python3 setup.py egg_info --egg-base ../../build/perfil_lidar build --build-base /home/disney/ros2_ws/build/perfil_lidar/build install --record /home/disney/ros2_ws/build/perfil_lidar/install.log --install-scripts $base/lib/perfil_lidar --single-version-externally-managed
[1.719s] /home/disney/.local/lib/python3.10/site-packages/setuptools/dist.py:717: UserWarning: Usage of dash-separated 'script-dir' will not be supported in future versions. Please use the underscore name 'script_dir' instead
[1.719s]   warnings.warn(
[1.743s] running egg_info
[1.745s] creating ../../build/perfil_lidar/perfil_lidar.egg-info
[1.745s] writing ../../build/perfil_lidar/perfil_lidar.egg-info/PKG-INFO
[1.745s] writing dependency_links to ../../build/perfil_lidar/perfil_lidar.egg-info/dependency_links.txt
[1.745s] writing entry points to ../../build/perfil_lidar/perfil_lidar.egg-info/entry_points.txt
[1.745s] writing requirements to ../../build/perfil_lidar/perfil_lidar.egg-info/requires.txt
[1.745s] writing top-level names to ../../build/perfil_lidar/perfil_lidar.egg-info/top_level.txt
[1.746s] writing manifest file '../../build/perfil_lidar/perfil_lidar.egg-info/SOURCES.txt'
[1.747s] reading manifest file '../../build/perfil_lidar/perfil_lidar.egg-info/SOURCES.txt'
[1.749s] writing manifest file '../../build/perfil_lidar/perfil_lidar.egg-info/SOURCES.txt'
[1.749s] running build
[1.749s] running build_py
[1.749s] creating /home/disney/ros2_ws/build/perfil_lidar/build
[1.749s] creating /home/disney/ros2_ws/build/perfil_lidar/build/lib
[1.749s] creating /home/disney/ros2_ws/build/perfil_lidar/build/lib/perfil_lidar
[1.750s] copying perfil_lidar/perfil_lidar.py -> /home/disney/ros2_ws/build/perfil_lidar/build/lib/perfil_lidar
[1.751s] copying perfil_lidar/__init__.py -> /home/disney/ros2_ws/build/perfil_lidar/build/lib/perfil_lidar
[1.751s] running install
[1.751s] running install_lib
[1.752s] creating /home/disney/ros2_ws/install/perfil_lidar/lib/python3.10/site-packages/perfil_lidar
[1.753s] copying /home/disney/ros2_ws/build/perfil_lidar/build/lib/perfil_lidar/perfil_lidar.py -> /home/disney/ros2_ws/install/perfil_lidar/lib/python3.10/site-packages/perfil_lidar
[1.753s] copying /home/disney/ros2_ws/build/perfil_lidar/build/lib/perfil_lidar/__init__.py -> /home/disney/ros2_ws/install/perfil_lidar/lib/python3.10/site-packages/perfil_lidar
[1.753s] byte-compiling /home/disney/ros2_ws/install/perfil_lidar/lib/python3.10/site-packages/perfil_lidar/perfil_lidar.py to perfil_lidar.cpython-310.pyc
[1.753s] byte-compiling /home/disney/ros2_ws/install/perfil_lidar/lib/python3.10/site-packages/perfil_lidar/__init__.py to __init__.cpython-310.pyc
[1.754s] running install_data
[1.754s] creating /home/disney/ros2_ws/install/perfil_lidar/share/ament_index
[1.754s] creating /home/disney/ros2_ws/install/perfil_lidar/share/ament_index/resource_index
[1.755s] creating /home/disney/ros2_ws/install/perfil_lidar/share/ament_index/resource_index/packages
[1.755s] copying resource/perfil_lidar -> /home/disney/ros2_ws/install/perfil_lidar/share/ament_index/resource_index/packages
[1.755s] copying package.xml -> /home/disney/ros2_ws/install/perfil_lidar/share/perfil_lidar
[1.756s] running install_egg_info
[1.757s] Copying ../../build/perfil_lidar/perfil_lidar.egg-info to /home/disney/ros2_ws/install/perfil_lidar/lib/python3.10/site-packages/perfil_lidar-0.0.0-py3.10.egg-info
[1.758s] running install_scripts
[1.776s] Installing perfil_lidar script to /home/disney/ros2_ws/install/perfil_lidar/lib/perfil_lidar
[1.776s] writing list of installed files to '/home/disney/ros2_ws/build/perfil_lidar/install.log'
[1.932s] Invoked command in '/home/disney/ros2_ws/src/perfil_lidar' returned '0': PYTHONPATH=/home/disney/ros2_ws/build/perfil_lidar/prefix_override:/home/disney/ros2_ws/install/perfil_lidar/lib/python3.10/site-packages:${PYTHONPATH} /usr/bin/python3 setup.py egg_info --egg-base ../../build/perfil_lidar build --build-base /home/disney/ros2_ws/build/perfil_lidar/build install --record /home/disney/ros2_ws/build/perfil_lidar/install.log --install-scripts $base/lib/perfil_lidar --single-version-externally-managed
