[1.589s] Invoking command in '/home/disney/ros2_ws/src/akros2_teleop': PYTHONPATH=/home/disney/ros2_ws/build/akros2_teleop/prefix_override:/home/disney/ros2_ws/install/akros2_teleop/lib/python3.10/site-packages:${PYTHONPATH} /usr/bin/python3 setup.py egg_info --egg-base ../../build/akros2_teleop build --build-base /home/disney/ros2_ws/build/akros2_teleop/build install --record /home/disney/ros2_ws/build/akros2_teleop/install.log --single-version-externally-managed
[1.839s] running egg_info
[1.840s] writing ../../build/akros2_teleop/akros2_teleop.egg-info/PKG-INFO
[1.840s] writing dependency_links to ../../build/akros2_teleop/akros2_teleop.egg-info/dependency_links.txt
[1.840s] writing entry points to ../../build/akros2_teleop/akros2_teleop.egg-info/entry_points.txt
[1.840s] writing requirements to ../../build/akros2_teleop/akros2_teleop.egg-info/requires.txt
[1.840s] writing top-level names to ../../build/akros2_teleop/akros2_teleop.egg-info/top_level.txt
[1.842s] reading manifest file '../../build/akros2_teleop/akros2_teleop.egg-info/SOURCES.txt'
[1.842s] adding license file 'LICENSE'
[1.843s] writing manifest file '../../build/akros2_teleop/akros2_teleop.egg-info/SOURCES.txt'
[1.843s] running build
[1.843s] running build_py
[1.844s] running install
[1.844s] running install_lib
[1.845s] running install_data
[1.846s] running install_egg_info
[1.847s] removing '/home/disney/ros2_ws/install/akros2_teleop/lib/python3.10/site-packages/akros2_teleop-0.0.0-py3.10.egg-info' (and everything under it)
[1.848s] Copying ../../build/akros2_teleop/akros2_teleop.egg-info to /home/disney/ros2_ws/install/akros2_teleop/lib/python3.10/site-packages/akros2_teleop-0.0.0-py3.10.egg-info
[1.849s] running install_scripts
[1.869s] Installing joy_mode_handler script to /home/disney/ros2_ws/install/akros2_teleop/lib/akros2_teleop
[1.869s] Installing teleop_node script to /home/disney/ros2_ws/install/akros2_teleop/lib/akros2_teleop
[1.869s] Installing twist_mixer script to /home/disney/ros2_ws/install/akros2_teleop/lib/akros2_teleop
[1.870s] writing list of installed files to '/home/disney/ros2_ws/build/akros2_teleop/install.log'
[1.899s] Invoked command in '/home/disney/ros2_ws/src/akros2_teleop' returned '0': PYTHONPATH=/home/disney/ros2_ws/build/akros2_teleop/prefix_override:/home/disney/ros2_ws/install/akros2_teleop/lib/python3.10/site-packages:${PYTHONPATH} /usr/bin/python3 setup.py egg_info --egg-base ../../build/akros2_teleop build --build-base /home/disney/ros2_ws/build/akros2_teleop/build install --record /home/disney/ros2_ws/build/akros2_teleop/install.log --single-version-externally-managed
