[1.445s] Invoking command in '/home/disney/Documents/Gustavo_codes/ros2_ws/src/wall_follow': PYTHONPATH=/home/disney/Documents/Gustavo_codes/ros2_ws/build/wall_follow/prefix_override:/home/disney/Documents/Gustavo_codes/ros2_ws/install/wall_follow/lib/python3.10/site-packages:${PYTHONPATH} /usr/bin/python3 -W ignore:setup.py install is deprecated setup.py egg_info --egg-base ../../build/wall_follow build --build-base /home/disney/Documents/Gustavo_codes/ros2_ws/build/wall_follow/build install --record /home/disney/Documents/Gustavo_codes/ros2_ws/build/wall_follow/install.log --install-scripts $base/lib/wall_follow --single-version-externally-managed install_data
[1.701s] /home/disney/.local/lib/python3.10/site-packages/setuptools/dist.py:717: UserWarning: Usage of dash-separated 'script-dir' will not be supported in future versions. Please use the underscore name 'script_dir' instead
[1.702s]   warnings.warn(
[1.734s] running egg_info
[1.734s] writing ../../build/wall_follow/wall_follow.egg-info/PKG-INFO
[1.735s] writing dependency_links to ../../build/wall_follow/wall_follow.egg-info/dependency_links.txt
[1.735s] writing entry points to ../../build/wall_follow/wall_follow.egg-info/entry_points.txt
[1.735s] writing requirements to ../../build/wall_follow/wall_follow.egg-info/requires.txt
[1.735s] writing top-level names to ../../build/wall_follow/wall_follow.egg-info/top_level.txt
[1.737s] reading manifest file '../../build/wall_follow/wall_follow.egg-info/SOURCES.txt'
[1.738s] writing manifest file '../../build/wall_follow/wall_follow.egg-info/SOURCES.txt'
[1.739s] running build
[1.739s] running build_py
[1.739s] running install
[1.739s] running install_lib
[1.741s] running install_data
[1.741s] running install_egg_info
[1.743s] removing '/home/disney/Documents/Gustavo_codes/ros2_ws/install/wall_follow/lib/python3.10/site-packages/wall_follow-0.0.0-py3.10.egg-info' (and everything under it)
[1.743s] Copying ../../build/wall_follow/wall_follow.egg-info to /home/disney/Documents/Gustavo_codes/ros2_ws/install/wall_follow/lib/python3.10/site-packages/wall_follow-0.0.0-py3.10.egg-info
[1.744s] running install_scripts
[1.768s] Installing wall_follow script to /home/disney/Documents/Gustavo_codes/ros2_ws/install/wall_follow/lib/wall_follow
[1.768s] writing list of installed files to '/home/disney/Documents/Gustavo_codes/ros2_ws/build/wall_follow/install.log'
