[0.780s] Invoking command in '/home/disney/Documents/Gustavo_codes/ros2_ws/src/Joy_ackerman': PYTHONPATH=/home/disney/Documents/Gustavo_codes/ros2_ws/build/joy_ackerman/prefix_override:/home/disney/Documents/Gustavo_codes/ros2_ws/install/joy_ackerman/lib/python3.10/site-packages:${PYTHONPATH} /usr/bin/python3 -W ignore:setup.py install is deprecated setup.py egg_info --egg-base ../../build/joy_ackerman build --build-base /home/disney/Documents/Gustavo_codes/ros2_ws/build/joy_ackerman/build install --record /home/disney/Documents/Gustavo_codes/ros2_ws/build/joy_ackerman/install.log --install-scripts $base/lib/joy_ackerman --single-version-externally-managed install_data
[1.065s] /home/disney/.local/lib/python3.10/site-packages/setuptools/dist.py:717: UserWarning: Usage of dash-separated 'script-dir' will not be supported in future versions. Please use the underscore name 'script_dir' instead
[1.065s]   warnings.warn(
[1.097s] running egg_info
[1.097s] writing ../../build/joy_ackerman/joy_ackerman.egg-info/PKG-INFO
[1.097s] writing dependency_links to ../../build/joy_ackerman/joy_ackerman.egg-info/dependency_links.txt
[1.097s] writing entry points to ../../build/joy_ackerman/joy_ackerman.egg-info/entry_points.txt
[1.098s] writing requirements to ../../build/joy_ackerman/joy_ackerman.egg-info/requires.txt
[1.098s] writing top-level names to ../../build/joy_ackerman/joy_ackerman.egg-info/top_level.txt
[1.100s] reading manifest file '../../build/joy_ackerman/joy_ackerman.egg-info/SOURCES.txt'
[1.101s] writing manifest file '../../build/joy_ackerman/joy_ackerman.egg-info/SOURCES.txt'
[1.102s] running build
[1.102s] running build_py
[1.102s] running install
[1.102s] running install_lib
[1.104s] running install_data
[1.104s] running install_egg_info
[1.105s] removing '/home/disney/Documents/Gustavo_codes/ros2_ws/install/joy_ackerman/lib/python3.10/site-packages/joy_ackerman-0.0.0-py3.10.egg-info' (and everything under it)
[1.106s] Copying ../../build/joy_ackerman/joy_ackerman.egg-info to /home/disney/Documents/Gustavo_codes/ros2_ws/install/joy_ackerman/lib/python3.10/site-packages/joy_ackerman-0.0.0-py3.10.egg-info
[1.107s] running install_scripts
[1.126s] Installing joy_ackerman script to /home/disney/Documents/Gustavo_codes/ros2_ws/install/joy_ackerman/lib/joy_ackerman
[1.126s] writing list of installed files to '/home/disney/Documents/Gustavo_codes/ros2_ws/build/joy_ackerman/install.log'
[1.156s] Invoked command in '/home/disney/Documents/Gustavo_codes/ros2_ws/src/Joy_ackerman' returned '0': PYTHONPATH=/home/disney/Documents/Gustavo_codes/ros2_ws/build/joy_ackerman/prefix_override:/home/disney/Documents/Gustavo_codes/ros2_ws/install/joy_ackerman/lib/python3.10/site-packages:${PYTHONPATH} /usr/bin/python3 -W ignore:setup.py install is deprecated setup.py egg_info --egg-base ../../build/joy_ackerman build --build-base /home/disney/Documents/Gustavo_codes/ros2_ws/build/joy_ackerman/build install --record /home/disney/Documents/Gustavo_codes/ros2_ws/build/joy_ackerman/install.log --install-scripts $base/lib/joy_ackerman --single-version-externally-managed install_data
