[0.257s] Invoking command in '/home/disney/ros2_ws/build/akros2_msgs': CMAKE_PREFIX_PATH=/home/disney/ros2_ws/install/wall_follow:/home/disney/ros2_ws/install/perfil_lidar:/home/disney/ros2_ws/install/akros2_teleop:/opt/ros/humble /usr/bin/cmake /home/disney/ros2_ws/src/akros2_msgs -DCMAKE_INSTALL_PREFIX=/home/disney/ros2_ws/install/akros2_msgs
[0.592s] -- The C compiler identification is GNU 11.4.0
[0.592s] -- The CXX compiler identification is GNU 11.4.0
[0.592s] -- Detecting C compiler ABI info
[0.592s] -- Detecting C compiler ABI info - done
[0.592s] -- Check for working C compiler: /usr/bin/cc - skipped
[0.592s] -- Detecting C compile features
[0.592s] -- Detecting C compile features - done
[0.593s] -- Detecting CXX compiler ABI info
[0.593s] -- Detecting CXX compiler ABI info - done
[0.593s] -- Check for working CXX compiler: /usr/bin/c++ - skipped
[0.593s] -- Detecting CXX compile features
[0.593s] -- Detecting CXX compile features - done
[0.593s] -- Found ament_cmake: 1.3.8 (/opt/ros/humble/share/ament_cmake/cmake)
[0.722s] -- Found Python3: /usr/bin/python3 (found version "3.10.12") found components: Interpreter 
[0.812s] -- Found rosidl_default_generators: 1.2.0 (/opt/ros/humble/share/rosidl_default_generators/cmake)
[0.815s] -- Using all available rosidl_typesupport_c: rosidl_typesupport_fastrtps_c;rosidl_typesupport_introspection_c
[0.822s] -- Found rosidl_adapter: 3.1.5 (/opt/ros/humble/share/rosidl_adapter/cmake)
[0.875s] -- Using all available rosidl_typesupport_cpp: rosidl_typesupport_fastrtps_cpp;rosidl_typesupport_introspection_cpp
[0.914s] -- Found std_msgs: 4.2.3 (/opt/ros/humble/share/std_msgs/cmake)
[1.240s] -- Found ament_cmake_ros: 0.10.0 (/opt/ros/humble/share/ament_cmake_ros/cmake)
[1.451s] -- Using all available rosidl_typesupport_c: rosidl_typesupport_fastrtps_c;rosidl_typesupport_introspection_c
[1.737s] -- Using all available rosidl_typesupport_cpp: rosidl_typesupport_fastrtps_cpp;rosidl_typesupport_introspection_cpp
[1.760s] -- Found PythonInterp: /usr/bin/python3 (found suitable version "3.10.12", minimum required is "3.6") 
[1.760s] -- Found python_cmake_module: 0.10.0 (/opt/ros/humble/share/python_cmake_module/cmake)
[1.787s] -- Found PythonLibs: /usr/lib/x86_64-linux-gnu/libpython3.10.so (found suitable version "3.10.12", minimum required is "3.5") 
[1.787s] -- Using PYTHON_EXECUTABLE: /usr/bin/python3
[1.787s] -- Using PYTHON_INCLUDE_DIRS: /usr/include/python3.10
[1.787s] -- Using PYTHON_LIBRARIES: /usr/lib/x86_64-linux-gnu/libpython3.10.so
[1.807s] -- Found PythonExtra: .so  
[1.858s] -- Configuring done
[1.886s] -- Generating done
[1.888s] -- Build files have been written to: /home/disney/ros2_ws/build/akros2_msgs
[1.893s] Invoked command in '/home/disney/ros2_ws/build/akros2_msgs' returned '0': CMAKE_PREFIX_PATH=/home/disney/ros2_ws/install/wall_follow:/home/disney/ros2_ws/install/perfil_lidar:/home/disney/ros2_ws/install/akros2_teleop:/opt/ros/humble /usr/bin/cmake /home/disney/ros2_ws/src/akros2_msgs -DCMAKE_INSTALL_PREFIX=/home/disney/ros2_ws/install/akros2_msgs
[1.894s] Invoking command in '/home/disney/ros2_ws/build/akros2_msgs': CMAKE_PREFIX_PATH=/home/disney/ros2_ws/install/wall_follow:/home/disney/ros2_ws/install/perfil_lidar:/home/disney/ros2_ws/install/akros2_teleop:/opt/ros/humble /usr/bin/cmake --build /home/disney/ros2_ws/build/akros2_msgs -- -j12 -l12
[1.929s] [  3%] [34m[1mGenerating C code for ROS interfaces[0m
[1.938s] [  6%] [34m[1mGenerating C++ code for ROS interfaces[0m
[1.945s] [  6%] Built target ament_cmake_python_copy_akros2_msgs
[2.151s] [  6%] Built target akros2_msgs__cpp
[2.160s] [  9%] [32mBuilding C object CMakeFiles/akros2_msgs__rosidl_generator_c.dir/rosidl_generator_c/akros2_msgs/msg/detail/mode__functions.c.o[0m
[2.161s] [ 12%] [34m[1mGenerating C++ type support dispatch for ROS interfaces[0m
[2.161s] [ 16%] [34m[1mGenerating C++ type support for eProsima Fast-RTPS[0m
[2.161s] [ 19%] [34m[1mGenerating C++ introspection for ROS interfaces[0m
[2.219s] running egg_info
[2.219s] creating akros2_msgs.egg-info
[2.220s] writing akros2_msgs.egg-info/PKG-INFO
[2.220s] [ 22%] [32m[1mLinking C shared library libakros2_msgs__rosidl_generator_c.so[0m
[2.220s] writing dependency_links to akros2_msgs.egg-info/dependency_links.txt
[2.220s] writing top-level names to akros2_msgs.egg-info/top_level.txt
[2.220s] writing manifest file 'akros2_msgs.egg-info/SOURCES.txt'
[2.223s] reading manifest file 'akros2_msgs.egg-info/SOURCES.txt'
[2.223s] writing manifest file 'akros2_msgs.egg-info/SOURCES.txt'
[2.253s] [ 22%] Built target ament_cmake_python_build_akros2_msgs_egg
[2.259s] [ 22%] Built target akros2_msgs__rosidl_generator_c
[2.270s] [ 29%] [34m[1mGenerating C type support for eProsima Fast-RTPS[0m
[2.270s] [ 29%] [34m[1mGenerating C introspection for ROS interfaces[0m
[2.271s] [ 32%] [34m[1mGenerating C type support dispatch for ROS interfaces[0m
[2.395s] [ 35%] [32mBuilding CXX object CMakeFiles/akros2_msgs__rosidl_typesupport_cpp.dir/rosidl_typesupport_cpp/akros2_msgs/msg/mode__type_support.cpp.o[0m
[2.416s] [ 38%] [32mBuilding CXX object CMakeFiles/akros2_msgs__rosidl_typesupport_introspection_cpp.dir/rosidl_typesupport_introspection_cpp/akros2_msgs/msg/detail/mode__type_support.cpp.o[0m
[2.428s] [ 41%] [32mBuilding CXX object CMakeFiles/akros2_msgs__rosidl_typesupport_fastrtps_cpp.dir/rosidl_typesupport_fastrtps_cpp/akros2_msgs/msg/detail/dds_fastrtps/mode__type_support.cpp.o[0m
[2.516s] [ 45%] [32mBuilding CXX object CMakeFiles/akros2_msgs__rosidl_typesupport_c.dir/rosidl_typesupport_c/akros2_msgs/msg/mode__type_support.cpp.o[0m
[2.545s] [ 48%] [32mBuilding CXX object CMakeFiles/akros2_msgs__rosidl_typesupport_fastrtps_c.dir/rosidl_typesupport_fastrtps_c/akros2_msgs/msg/detail/mode__type_support_c.cpp.o[0m
[2.546s] [ 51%] [32mBuilding C object CMakeFiles/akros2_msgs__rosidl_typesupport_introspection_c.dir/rosidl_typesupport_introspection_c/akros2_msgs/msg/detail/mode__type_support.c.o[0m
[2.554s] [ 54%] [32m[1mLinking CXX shared library libakros2_msgs__rosidl_typesupport_c.so[0m
[2.586s] [ 58%] [32m[1mLinking C shared library libakros2_msgs__rosidl_typesupport_introspection_c.so[0m
[2.603s] [ 58%] Built target akros2_msgs__rosidl_typesupport_c
[2.621s] [ 58%] Built target akros2_msgs__rosidl_typesupport_introspection_c
[2.708s] [ 61%] [32m[1mLinking CXX shared library libakros2_msgs__rosidl_typesupport_cpp.so[0m
[2.749s] [ 61%] Built target akros2_msgs__rosidl_typesupport_cpp
[2.824s] [ 64%] [32m[1mLinking CXX shared library libakros2_msgs__rosidl_typesupport_introspection_cpp.so[0m
[2.841s] [ 67%] [32m[1mLinking CXX shared library libakros2_msgs__rosidl_typesupport_fastrtps_cpp.so[0m
[2.863s] [ 67%] Built target akros2_msgs__rosidl_typesupport_introspection_cpp
[2.873s] [ 70%] [32m[1mLinking CXX shared library libakros2_msgs__rosidl_typesupport_fastrtps_c.so[0m
[2.911s] [ 70%] Built target akros2_msgs__rosidl_typesupport_fastrtps_cpp
[2.943s] [ 70%] Built target akros2_msgs__rosidl_typesupport_fastrtps_c
[2.960s] [ 70%] Built target akros2_msgs
[2.978s] [ 74%] [34m[1mGenerating Python code for ROS interfaces[0m
[3.222s] [ 74%] Built target akros2_msgs__py
[3.240s] [ 77%] [32mBuilding C object CMakeFiles/akros2_msgs__rosidl_generator_py.dir/rosidl_generator_py/akros2_msgs/msg/_mode_s.c.o[0m
[3.346s] [ 80%] [32m[1mLinking C shared library rosidl_generator_py/akros2_msgs/libakros2_msgs__rosidl_generator_py.so[0m
[3.382s] [ 80%] Built target akros2_msgs__rosidl_generator_py
[3.400s] [ 90%] [32mBuilding C object CMakeFiles/akros2_msgs__rosidl_typesupport_introspection_c__pyext.dir/rosidl_generator_py/akros2_msgs/_akros2_msgs_s.ep.rosidl_typesupport_introspection_c.c.o[0m
[3.400s] [ 90%] [32mBuilding C object CMakeFiles/akros2_msgs__rosidl_typesupport_c__pyext.dir/rosidl_generator_py/akros2_msgs/_akros2_msgs_s.ep.rosidl_typesupport_c.c.o[0m
[3.400s] [ 90%] [32mBuilding C object CMakeFiles/akros2_msgs__rosidl_typesupport_fastrtps_c__pyext.dir/rosidl_generator_py/akros2_msgs/_akros2_msgs_s.ep.rosidl_typesupport_fastrtps_c.c.o[0m
[3.494s] [100%] [32m[1mLinking C shared library rosidl_generator_py/akros2_msgs/akros2_msgs_s__rosidl_typesupport_c.cpython-310-x86_64-linux-gnu.so[0m
[3.494s] [100%] [32m[1mLinking C shared library rosidl_generator_py/akros2_msgs/akros2_msgs_s__rosidl_typesupport_fastrtps_c.cpython-310-x86_64-linux-gnu.so[0m
[3.494s] [100%] [32m[1mLinking C shared library rosidl_generator_py/akros2_msgs/akros2_msgs_s__rosidl_typesupport_introspection_c.cpython-310-x86_64-linux-gnu.so[0m
[3.528s] [100%] Built target akros2_msgs__rosidl_typesupport_fastrtps_c__pyext
[3.529s] [100%] Built target akros2_msgs__rosidl_typesupport_c__pyext
[3.529s] [100%] Built target akros2_msgs__rosidl_typesupport_introspection_c__pyext
[3.539s] Invoked command in '/home/disney/ros2_ws/build/akros2_msgs' returned '0': CMAKE_PREFIX_PATH=/home/disney/ros2_ws/install/wall_follow:/home/disney/ros2_ws/install/perfil_lidar:/home/disney/ros2_ws/install/akros2_teleop:/opt/ros/humble /usr/bin/cmake --build /home/disney/ros2_ws/build/akros2_msgs -- -j12 -l12
[3.600s] Invoking command in '/home/disney/ros2_ws/build/akros2_msgs': CMAKE_PREFIX_PATH=/home/disney/ros2_ws/install/wall_follow:/home/disney/ros2_ws/install/perfil_lidar:/home/disney/ros2_ws/install/akros2_teleop:/opt/ros/humble /usr/bin/cmake --install /home/disney/ros2_ws/build/akros2_msgs
[3.607s] -- Install configuration: ""
[3.607s] -- Installing: /home/disney/ros2_ws/install/akros2_msgs/share/ament_index/resource_index/rosidl_interfaces/akros2_msgs
[3.607s] -- Installing: /home/disney/ros2_ws/install/akros2_msgs/include/akros2_msgs/akros2_msgs
[3.607s] -- Installing: /home/disney/ros2_ws/install/akros2_msgs/include/akros2_msgs/akros2_msgs/msg
[3.608s] -- Installing: /home/disney/ros2_ws/install/akros2_msgs/include/akros2_msgs/akros2_msgs/msg/mode.h
[3.608s] -- Installing: /home/disney/ros2_ws/install/akros2_msgs/include/akros2_msgs/akros2_msgs/msg/rosidl_generator_c__visibility_control.h
[3.608s] -- Installing: /home/disney/ros2_ws/install/akros2_msgs/include/akros2_msgs/akros2_msgs/msg/detail
[3.608s] -- Installing: /home/disney/ros2_ws/install/akros2_msgs/include/akros2_msgs/akros2_msgs/msg/detail/mode__type_support.h
[3.608s] -- Installing: /home/disney/ros2_ws/install/akros2_msgs/include/akros2_msgs/akros2_msgs/msg/detail/mode__functions.c
[3.608s] -- Installing: /home/disney/ros2_ws/install/akros2_msgs/include/akros2_msgs/akros2_msgs/msg/detail/mode__functions.h
[3.608s] -- Installing: /home/disney/ros2_ws/install/akros2_msgs/include/akros2_msgs/akros2_msgs/msg/detail/mode__struct.h
[3.608s] -- Installing: /home/disney/ros2_ws/install/akros2_msgs/share/akros2_msgs/environment/library_path.sh
[3.609s] -- Installing: /home/disney/ros2_ws/install/akros2_msgs/share/akros2_msgs/environment/library_path.dsv
[3.609s] -- Installing: /home/disney/ros2_ws/install/akros2_msgs/lib/libakros2_msgs__rosidl_generator_c.so
[3.609s] -- Set runtime path of "/home/disney/ros2_ws/install/akros2_msgs/lib/libakros2_msgs__rosidl_generator_c.so" to ""
[3.609s] -- Up-to-date: /home/disney/ros2_ws/install/akros2_msgs/include/akros2_msgs/akros2_msgs
[3.609s] -- Up-to-date: /home/disney/ros2_ws/install/akros2_msgs/include/akros2_msgs/akros2_msgs/msg
[3.609s] -- Installing: /home/disney/ros2_ws/install/akros2_msgs/include/akros2_msgs/akros2_msgs/msg/rosidl_typesupport_fastrtps_c__visibility_control.h
[3.610s] -- Up-to-date: /home/disney/ros2_ws/install/akros2_msgs/include/akros2_msgs/akros2_msgs/msg/detail
[3.610s] -- Installing: /home/disney/ros2_ws/install/akros2_msgs/include/akros2_msgs/akros2_msgs/msg/detail/mode__rosidl_typesupport_fastrtps_c.h
[3.610s] -- Installing: /home/disney/ros2_ws/install/akros2_msgs/lib/libakros2_msgs__rosidl_typesupport_fastrtps_c.so
[3.610s] -- Set runtime path of "/home/disney/ros2_ws/install/akros2_msgs/lib/libakros2_msgs__rosidl_typesupport_fastrtps_c.so" to ""
[3.610s] -- Up-to-date: /home/disney/ros2_ws/install/akros2_msgs/include/akros2_msgs/akros2_msgs
[3.610s] -- Up-to-date: /home/disney/ros2_ws/install/akros2_msgs/include/akros2_msgs/akros2_msgs/msg
[3.610s] -- Installing: /home/disney/ros2_ws/install/akros2_msgs/include/akros2_msgs/akros2_msgs/msg/rosidl_typesupport_introspection_c__visibility_control.h
[3.610s] -- Up-to-date: /home/disney/ros2_ws/install/akros2_msgs/include/akros2_msgs/akros2_msgs/msg/detail
[3.610s] -- Installing: /home/disney/ros2_ws/install/akros2_msgs/include/akros2_msgs/akros2_msgs/msg/detail/mode__type_support.c
[3.611s] -- Installing: /home/disney/ros2_ws/install/akros2_msgs/include/akros2_msgs/akros2_msgs/msg/detail/mode__rosidl_typesupport_introspection_c.h
[3.611s] -- Installing: /home/disney/ros2_ws/install/akros2_msgs/lib/libakros2_msgs__rosidl_typesupport_introspection_c.so
[3.611s] -- Set runtime path of "/home/disney/ros2_ws/install/akros2_msgs/lib/libakros2_msgs__rosidl_typesupport_introspection_c.so" to ""
[3.611s] -- Installing: /home/disney/ros2_ws/install/akros2_msgs/lib/libakros2_msgs__rosidl_typesupport_c.so
[3.611s] -- Set runtime path of "/home/disney/ros2_ws/install/akros2_msgs/lib/libakros2_msgs__rosidl_typesupport_c.so" to ""
[3.611s] -- Up-to-date: /home/disney/ros2_ws/install/akros2_msgs/include/akros2_msgs/akros2_msgs
[3.611s] -- Up-to-date: /home/disney/ros2_ws/install/akros2_msgs/include/akros2_msgs/akros2_msgs/msg
[3.612s] -- Up-to-date: /home/disney/ros2_ws/install/akros2_msgs/include/akros2_msgs/akros2_msgs/msg/detail
[3.612s] -- Installing: /home/disney/ros2_ws/install/akros2_msgs/include/akros2_msgs/akros2_msgs/msg/detail/mode__builder.hpp
[3.612s] -- Installing: /home/disney/ros2_ws/install/akros2_msgs/include/akros2_msgs/akros2_msgs/msg/detail/mode__struct.hpp
[3.612s] -- Installing: /home/disney/ros2_ws/install/akros2_msgs/include/akros2_msgs/akros2_msgs/msg/detail/mode__traits.hpp
[3.612s] -- Installing: /home/disney/ros2_ws/install/akros2_msgs/include/akros2_msgs/akros2_msgs/msg/mode.hpp
[3.612s] -- Up-to-date: /home/disney/ros2_ws/install/akros2_msgs/include/akros2_msgs/akros2_msgs
[3.612s] -- Up-to-date: /home/disney/ros2_ws/install/akros2_msgs/include/akros2_msgs/akros2_msgs/msg
[3.612s] -- Installing: /home/disney/ros2_ws/install/akros2_msgs/include/akros2_msgs/akros2_msgs/msg/rosidl_typesupport_fastrtps_cpp__visibility_control.h
[3.612s] -- Up-to-date: /home/disney/ros2_ws/install/akros2_msgs/include/akros2_msgs/akros2_msgs/msg/detail
[3.612s] -- Installing: /home/disney/ros2_ws/install/akros2_msgs/include/akros2_msgs/akros2_msgs/msg/detail/dds_fastrtps
[3.612s] -- Installing: /home/disney/ros2_ws/install/akros2_msgs/include/akros2_msgs/akros2_msgs/msg/detail/mode__rosidl_typesupport_fastrtps_cpp.hpp
[3.612s] -- Installing: /home/disney/ros2_ws/install/akros2_msgs/lib/libakros2_msgs__rosidl_typesupport_fastrtps_cpp.so
[3.613s] -- Set runtime path of "/home/disney/ros2_ws/install/akros2_msgs/lib/libakros2_msgs__rosidl_typesupport_fastrtps_cpp.so" to ""
[3.613s] -- Up-to-date: /home/disney/ros2_ws/install/akros2_msgs/include/akros2_msgs/akros2_msgs
[3.613s] -- Up-to-date: /home/disney/ros2_ws/install/akros2_msgs/include/akros2_msgs/akros2_msgs/msg
[3.613s] -- Up-to-date: /home/disney/ros2_ws/install/akros2_msgs/include/akros2_msgs/akros2_msgs/msg/detail
[3.613s] -- Installing: /home/disney/ros2_ws/install/akros2_msgs/include/akros2_msgs/akros2_msgs/msg/detail/mode__type_support.cpp
[3.613s] -- Installing: /home/disney/ros2_ws/install/akros2_msgs/include/akros2_msgs/akros2_msgs/msg/detail/mode__rosidl_typesupport_introspection_cpp.hpp
[3.613s] -- Installing: /home/disney/ros2_ws/install/akros2_msgs/lib/libakros2_msgs__rosidl_typesupport_introspection_cpp.so
[3.613s] -- Set runtime path of "/home/disney/ros2_ws/install/akros2_msgs/lib/libakros2_msgs__rosidl_typesupport_introspection_cpp.so" to ""
[3.613s] -- Installing: /home/disney/ros2_ws/install/akros2_msgs/lib/libakros2_msgs__rosidl_typesupport_cpp.so
[3.614s] -- Set runtime path of "/home/disney/ros2_ws/install/akros2_msgs/lib/libakros2_msgs__rosidl_typesupport_cpp.so" to ""
[3.614s] -- Installing: /home/disney/ros2_ws/install/akros2_msgs/share/akros2_msgs/environment/pythonpath.sh
[3.614s] -- Installing: /home/disney/ros2_ws/install/akros2_msgs/share/akros2_msgs/environment/pythonpath.dsv
[3.614s] -- Installing: /home/disney/ros2_ws/install/akros2_msgs/local/lib/python3.10/dist-packages/akros2_msgs-0.0.0-py3.10.egg-info
[3.614s] -- Installing: /home/disney/ros2_ws/install/akros2_msgs/local/lib/python3.10/dist-packages/akros2_msgs-0.0.0-py3.10.egg-info/PKG-INFO
[3.614s] -- Installing: /home/disney/ros2_ws/install/akros2_msgs/local/lib/python3.10/dist-packages/akros2_msgs-0.0.0-py3.10.egg-info/dependency_links.txt
[3.614s] -- Installing: /home/disney/ros2_ws/install/akros2_msgs/local/lib/python3.10/dist-packages/akros2_msgs-0.0.0-py3.10.egg-info/SOURCES.txt
[3.615s] -- Installing: /home/disney/ros2_ws/install/akros2_msgs/local/lib/python3.10/dist-packages/akros2_msgs-0.0.0-py3.10.egg-info/top_level.txt
[3.615s] -- Installing: /home/disney/ros2_ws/install/akros2_msgs/local/lib/python3.10/dist-packages/akros2_msgs
[3.615s] -- Installing: /home/disney/ros2_ws/install/akros2_msgs/local/lib/python3.10/dist-packages/akros2_msgs/_akros2_msgs_s.ep.rosidl_typesupport_introspection_c.c
[3.615s] -- Installing: /home/disney/ros2_ws/install/akros2_msgs/local/lib/python3.10/dist-packages/akros2_msgs/akros2_msgs_s__rosidl_typesupport_introspection_c.cpython-310-x86_64-linux-gnu.so
[3.615s] -- Installing: /home/disney/ros2_ws/install/akros2_msgs/local/lib/python3.10/dist-packages/akros2_msgs/__init__.py
[3.615s] -- Installing: /home/disney/ros2_ws/install/akros2_msgs/local/lib/python3.10/dist-packages/akros2_msgs/msg
[3.615s] -- Installing: /home/disney/ros2_ws/install/akros2_msgs/local/lib/python3.10/dist-packages/akros2_msgs/msg/__init__.py
[3.615s] -- Installing: /home/disney/ros2_ws/install/akros2_msgs/local/lib/python3.10/dist-packages/akros2_msgs/msg/_mode.py
[3.615s] -- Installing: /home/disney/ros2_ws/install/akros2_msgs/local/lib/python3.10/dist-packages/akros2_msgs/msg/_mode_s.c
[3.615s] -- Installing: /home/disney/ros2_ws/install/akros2_msgs/local/lib/python3.10/dist-packages/akros2_msgs/akros2_msgs_s__rosidl_typesupport_fastrtps_c.cpython-310-x86_64-linux-gnu.so
[3.616s] -- Installing: /home/disney/ros2_ws/install/akros2_msgs/local/lib/python3.10/dist-packages/akros2_msgs/_akros2_msgs_s.ep.rosidl_typesupport_fastrtps_c.c
[3.616s] -- Installing: /home/disney/ros2_ws/install/akros2_msgs/local/lib/python3.10/dist-packages/akros2_msgs/akros2_msgs_s__rosidl_typesupport_c.cpython-310-x86_64-linux-gnu.so
[3.616s] -- Installing: /home/disney/ros2_ws/install/akros2_msgs/local/lib/python3.10/dist-packages/akros2_msgs/libakros2_msgs__rosidl_generator_py.so
[3.616s] -- Installing: /home/disney/ros2_ws/install/akros2_msgs/local/lib/python3.10/dist-packages/akros2_msgs/_akros2_msgs_s.ep.rosidl_typesupport_c.c
[3.647s] Listing '/home/disney/ros2_ws/install/akros2_msgs/local/lib/python3.10/dist-packages/akros2_msgs'...
[3.647s] Compiling '/home/disney/ros2_ws/install/akros2_msgs/local/lib/python3.10/dist-packages/akros2_msgs/__init__.py'...
[3.647s] Listing '/home/disney/ros2_ws/install/akros2_msgs/local/lib/python3.10/dist-packages/akros2_msgs/msg'...
[3.647s] Compiling '/home/disney/ros2_ws/install/akros2_msgs/local/lib/python3.10/dist-packages/akros2_msgs/msg/__init__.py'...
[3.647s] Compiling '/home/disney/ros2_ws/install/akros2_msgs/local/lib/python3.10/dist-packages/akros2_msgs/msg/_mode.py'...
[3.651s] -- Installing: /home/disney/ros2_ws/install/akros2_msgs/local/lib/python3.10/dist-packages/akros2_msgs/akros2_msgs_s__rosidl_typesupport_fastrtps_c.cpython-310-x86_64-linux-gnu.so
[3.651s] -- Set runtime path of "/home/disney/ros2_ws/install/akros2_msgs/local/lib/python3.10/dist-packages/akros2_msgs/akros2_msgs_s__rosidl_typesupport_fastrtps_c.cpython-310-x86_64-linux-gnu.so" to ""
[3.652s] -- Installing: /home/disney/ros2_ws/install/akros2_msgs/local/lib/python3.10/dist-packages/akros2_msgs/akros2_msgs_s__rosidl_typesupport_introspection_c.cpython-310-x86_64-linux-gnu.so
[3.652s] -- Set runtime path of "/home/disney/ros2_ws/install/akros2_msgs/local/lib/python3.10/dist-packages/akros2_msgs/akros2_msgs_s__rosidl_typesupport_introspection_c.cpython-310-x86_64-linux-gnu.so" to ""
[3.652s] -- Installing: /home/disney/ros2_ws/install/akros2_msgs/local/lib/python3.10/dist-packages/akros2_msgs/akros2_msgs_s__rosidl_typesupport_c.cpython-310-x86_64-linux-gnu.so
[3.653s] -- Set runtime path of "/home/disney/ros2_ws/install/akros2_msgs/local/lib/python3.10/dist-packages/akros2_msgs/akros2_msgs_s__rosidl_typesupport_c.cpython-310-x86_64-linux-gnu.so" to ""
[3.653s] -- Installing: /home/disney/ros2_ws/install/akros2_msgs/lib/libakros2_msgs__rosidl_generator_py.so
[3.653s] -- Set runtime path of "/home/disney/ros2_ws/install/akros2_msgs/lib/libakros2_msgs__rosidl_generator_py.so" to ""
[3.653s] -- Installing: /home/disney/ros2_ws/install/akros2_msgs/share/akros2_msgs/msg/Mode.idl
[3.653s] -- Installing: /home/disney/ros2_ws/install/akros2_msgs/share/akros2_msgs/msg/Mode.msg
[3.653s] -- Installing: /home/disney/ros2_ws/install/akros2_msgs/share/ament_index/resource_index/package_run_dependencies/akros2_msgs
[3.654s] -- Installing: /home/disney/ros2_ws/install/akros2_msgs/share/ament_index/resource_index/parent_prefix_path/akros2_msgs
[3.654s] -- Installing: /home/disney/ros2_ws/install/akros2_msgs/share/akros2_msgs/environment/ament_prefix_path.sh
[3.654s] -- Installing: /home/disney/ros2_ws/install/akros2_msgs/share/akros2_msgs/environment/ament_prefix_path.dsv
[3.654s] -- Installing: /home/disney/ros2_ws/install/akros2_msgs/share/akros2_msgs/environment/path.sh
[3.654s] -- Installing: /home/disney/ros2_ws/install/akros2_msgs/share/akros2_msgs/environment/path.dsv
[3.654s] -- Installing: /home/disney/ros2_ws/install/akros2_msgs/share/akros2_msgs/local_setup.bash
[3.654s] -- Installing: /home/disney/ros2_ws/install/akros2_msgs/share/akros2_msgs/local_setup.sh
[3.654s] -- Installing: /home/disney/ros2_ws/install/akros2_msgs/share/akros2_msgs/local_setup.zsh
[3.654s] -- Installing: /home/disney/ros2_ws/install/akros2_msgs/share/akros2_msgs/local_setup.dsv
[3.654s] -- Installing: /home/disney/ros2_ws/install/akros2_msgs/share/akros2_msgs/package.dsv
[3.655s] -- Installing: /home/disney/ros2_ws/install/akros2_msgs/share/ament_index/resource_index/packages/akros2_msgs
[3.655s] -- Installing: /home/disney/ros2_ws/install/akros2_msgs/share/akros2_msgs/cmake/export_akros2_msgs__rosidl_generator_cExport.cmake
[3.655s] -- Installing: /home/disney/ros2_ws/install/akros2_msgs/share/akros2_msgs/cmake/export_akros2_msgs__rosidl_generator_cExport-noconfig.cmake
[3.655s] -- Installing: /home/disney/ros2_ws/install/akros2_msgs/share/akros2_msgs/cmake/export_akros2_msgs__rosidl_typesupport_fastrtps_cExport.cmake
[3.655s] -- Installing: /home/disney/ros2_ws/install/akros2_msgs/share/akros2_msgs/cmake/export_akros2_msgs__rosidl_typesupport_fastrtps_cExport-noconfig.cmake
[3.655s] -- Installing: /home/disney/ros2_ws/install/akros2_msgs/share/akros2_msgs/cmake/akros2_msgs__rosidl_typesupport_introspection_cExport.cmake
[3.655s] -- Installing: /home/disney/ros2_ws/install/akros2_msgs/share/akros2_msgs/cmake/akros2_msgs__rosidl_typesupport_introspection_cExport-noconfig.cmake
[3.655s] -- Installing: /home/disney/ros2_ws/install/akros2_msgs/share/akros2_msgs/cmake/akros2_msgs__rosidl_typesupport_cExport.cmake
[3.656s] -- Installing: /home/disney/ros2_ws/install/akros2_msgs/share/akros2_msgs/cmake/akros2_msgs__rosidl_typesupport_cExport-noconfig.cmake
[3.656s] -- Installing: /home/disney/ros2_ws/install/akros2_msgs/share/akros2_msgs/cmake/export_akros2_msgs__rosidl_generator_cppExport.cmake
[3.656s] -- Installing: /home/disney/ros2_ws/install/akros2_msgs/share/akros2_msgs/cmake/export_akros2_msgs__rosidl_typesupport_fastrtps_cppExport.cmake
[3.656s] -- Installing: /home/disney/ros2_ws/install/akros2_msgs/share/akros2_msgs/cmake/export_akros2_msgs__rosidl_typesupport_fastrtps_cppExport-noconfig.cmake
[3.656s] -- Installing: /home/disney/ros2_ws/install/akros2_msgs/share/akros2_msgs/cmake/akros2_msgs__rosidl_typesupport_introspection_cppExport.cmake
[3.656s] -- Installing: /home/disney/ros2_ws/install/akros2_msgs/share/akros2_msgs/cmake/akros2_msgs__rosidl_typesupport_introspection_cppExport-noconfig.cmake
[3.656s] -- Installing: /home/disney/ros2_ws/install/akros2_msgs/share/akros2_msgs/cmake/akros2_msgs__rosidl_typesupport_cppExport.cmake
[3.656s] -- Installing: /home/disney/ros2_ws/install/akros2_msgs/share/akros2_msgs/cmake/akros2_msgs__rosidl_typesupport_cppExport-noconfig.cmake
[3.657s] -- Installing: /home/disney/ros2_ws/install/akros2_msgs/share/akros2_msgs/cmake/export_akros2_msgs__rosidl_generator_pyExport.cmake
[3.657s] -- Installing: /home/disney/ros2_ws/install/akros2_msgs/share/akros2_msgs/cmake/export_akros2_msgs__rosidl_generator_pyExport-noconfig.cmake
[3.657s] -- Installing: /home/disney/ros2_ws/install/akros2_msgs/share/akros2_msgs/cmake/rosidl_cmake-extras.cmake
[3.657s] -- Installing: /home/disney/ros2_ws/install/akros2_msgs/share/akros2_msgs/cmake/ament_cmake_export_dependencies-extras.cmake
[3.657s] -- Installing: /home/disney/ros2_ws/install/akros2_msgs/share/akros2_msgs/cmake/ament_cmake_export_include_directories-extras.cmake
[3.657s] -- Installing: /home/disney/ros2_ws/install/akros2_msgs/share/akros2_msgs/cmake/ament_cmake_export_libraries-extras.cmake
[3.657s] -- Installing: /home/disney/ros2_ws/install/akros2_msgs/share/akros2_msgs/cmake/ament_cmake_export_targets-extras.cmake
[3.657s] -- Installing: /home/disney/ros2_ws/install/akros2_msgs/share/akros2_msgs/cmake/rosidl_cmake_export_typesupport_targets-extras.cmake
[3.658s] -- Installing: /home/disney/ros2_ws/install/akros2_msgs/share/akros2_msgs/cmake/rosidl_cmake_export_typesupport_libraries-extras.cmake
[3.658s] -- Installing: /home/disney/ros2_ws/install/akros2_msgs/share/akros2_msgs/cmake/akros2_msgsConfig.cmake
[3.658s] -- Installing: /home/disney/ros2_ws/install/akros2_msgs/share/akros2_msgs/cmake/akros2_msgsConfig-version.cmake
[3.658s] -- Installing: /home/disney/ros2_ws/install/akros2_msgs/share/akros2_msgs/package.xml
[3.660s] Invoked command in '/home/disney/ros2_ws/build/akros2_msgs' returned '0': CMAKE_PREFIX_PATH=/home/disney/ros2_ws/install/wall_follow:/home/disney/ros2_ws/install/perfil_lidar:/home/disney/ros2_ws/install/akros2_teleop:/opt/ros/humble /usr/bin/cmake --install /home/disney/ros2_ws/build/akros2_msgs
