[0.100s] DEBUG:colcon:Command line arguments: ['/usr/bin/colcon', 'build']
[0.100s] DEBUG:colcon:Parsed command line arguments: Namespace(log_base=None, log_level=None, verb_name='build', build_base='build', install_base='install', merge_install=False, symlink_install=False, test_result_base=None, continue_on_error=False, executor='parallel', parallel_workers=12, event_handlers=None, ignore_user_meta=False, metas=['./colcon.meta'], base_paths=['.'], packages_ignore=None, packages_ignore_regex=None, paths=None, packages_up_to=None, packages_up_to_regex=None, packages_above=None, packages_above_and_dependencies=None, packages_above_depth=None, packages_select_by_dep=None, packages_skip_by_dep=None, packages_skip_up_to=None, packages_select_build_failed=False, packages_skip_build_finished=False, packages_select_test_failures=False, packages_skip_test_passed=False, packages_select=None, packages_skip=None, packages_select_regex=None, packages_skip_regex=None, packages_start=None, packages_end=None, allow_overriding=[], cmake_args=None, cmake_target=None, cmake_target_skip_unavailable=False, cmake_clean_cache=False, cmake_clean_first=False, cmake_force_configure=False, ament_cmake_args=None, catkin_cmake_args=None, catkin_skip_building_tests=False, verb_parser=<colcon_defaults.argument_parser.defaults.DefaultArgumentsDecorator object at 0x7641e1c1f310>, verb_extension=<colcon_core.verb.build.BuildVerb object at 0x7641e1c1ee00>, main=<bound method BuildVerb.main of <colcon_core.verb.build.BuildVerb object at 0x7641e1c1ee00>>)
[0.295s] Level 1:colcon.colcon_core.package_discovery:discover_packages(colcon_meta) check parameters
[0.295s] Level 1:colcon.colcon_core.package_discovery:discover_packages(recursive) check parameters
[0.295s] Level 1:colcon.colcon_core.package_discovery:discover_packages(ignore) check parameters
[0.295s] Level 1:colcon.colcon_core.package_discovery:discover_packages(path) check parameters
[0.295s] Level 1:colcon.colcon_core.package_discovery:discover_packages(colcon_meta) discover
[0.295s] Level 1:colcon.colcon_core.package_discovery:discover_packages(recursive) discover
[0.295s] INFO:colcon.colcon_core.package_discovery:Crawling recursively for packages in '/home/disney/Documents/Gustavo_codes/ros2_ws'
[0.295s] Level 1:colcon.colcon_core.package_identification:_identify(.) by extensions ['ignore', 'ignore_ament_install']
[0.295s] Level 1:colcon.colcon_core.package_identification:_identify(.) by extension 'ignore'
[0.295s] Level 1:colcon.colcon_core.package_identification:_identify(.) by extension 'ignore_ament_install'
[0.295s] Level 1:colcon.colcon_core.package_identification:_identify(.) by extensions ['colcon_pkg']
[0.295s] Level 1:colcon.colcon_core.package_identification:_identify(.) by extension 'colcon_pkg'
[0.295s] Level 1:colcon.colcon_core.package_identification:_identify(.) by extensions ['colcon_meta']
[0.295s] Level 1:colcon.colcon_core.package_identification:_identify(.) by extension 'colcon_meta'
[0.295s] Level 1:colcon.colcon_core.package_identification:_identify(.) by extensions ['ros']
[0.295s] Level 1:colcon.colcon_core.package_identification:_identify(.) by extension 'ros'
[0.312s] Level 1:colcon.colcon_core.package_identification:_identify(.) by extensions ['cmake', 'python']
[0.312s] Level 1:colcon.colcon_core.package_identification:_identify(.) by extension 'cmake'
[0.312s] Level 1:colcon.colcon_core.package_identification:_identify(.) by extension 'python'
[0.312s] Level 1:colcon.colcon_core.package_identification:_identify(.) by extensions ['python_setup_py']
[0.312s] Level 1:colcon.colcon_core.package_identification:_identify(.) by extension 'python_setup_py'
[0.312s] Level 1:colcon.colcon_core.package_identification:_identify(build) by extensions ['ignore', 'ignore_ament_install']
[0.312s] Level 1:colcon.colcon_core.package_identification:_identify(build) by extension 'ignore'
[0.312s] Level 1:colcon.colcon_core.package_identification:_identify(build) ignored
[0.312s] Level 1:colcon.colcon_core.package_identification:_identify(install) by extensions ['ignore', 'ignore_ament_install']
[0.312s] Level 1:colcon.colcon_core.package_identification:_identify(install) by extension 'ignore'
[0.312s] Level 1:colcon.colcon_core.package_identification:_identify(install) ignored
[0.312s] Level 1:colcon.colcon_core.package_identification:_identify(log) by extensions ['ignore', 'ignore_ament_install']
[0.312s] Level 1:colcon.colcon_core.package_identification:_identify(log) by extension 'ignore'
[0.312s] Level 1:colcon.colcon_core.package_identification:_identify(log) ignored
[0.313s] Level 1:colcon.colcon_core.package_identification:_identify(src) by extensions ['ignore', 'ignore_ament_install']
[0.313s] Level 1:colcon.colcon_core.package_identification:_identify(src) by extension 'ignore'
[0.313s] Level 1:colcon.colcon_core.package_identification:_identify(src) by extension 'ignore_ament_install'
[0.313s] Level 1:colcon.colcon_core.package_identification:_identify(src) by extensions ['colcon_pkg']
[0.313s] Level 1:colcon.colcon_core.package_identification:_identify(src) by extension 'colcon_pkg'
[0.313s] Level 1:colcon.colcon_core.package_identification:_identify(src) by extensions ['colcon_meta']
[0.313s] Level 1:colcon.colcon_core.package_identification:_identify(src) by extension 'colcon_meta'
[0.313s] Level 1:colcon.colcon_core.package_identification:_identify(src) by extensions ['ros']
[0.313s] Level 1:colcon.colcon_core.package_identification:_identify(src) by extension 'ros'
[0.313s] Level 1:colcon.colcon_core.package_identification:_identify(src) by extensions ['cmake', 'python']
[0.313s] Level 1:colcon.colcon_core.package_identification:_identify(src) by extension 'cmake'
[0.313s] Level 1:colcon.colcon_core.package_identification:_identify(src) by extension 'python'
[0.313s] Level 1:colcon.colcon_core.package_identification:_identify(src) by extensions ['python_setup_py']
[0.313s] Level 1:colcon.colcon_core.package_identification:_identify(src) by extension 'python_setup_py'
[0.313s] Level 1:colcon.colcon_core.package_identification:_identify(src/Joy_ackerman) by extensions ['ignore', 'ignore_ament_install']
[0.313s] Level 1:colcon.colcon_core.package_identification:_identify(src/Joy_ackerman) by extension 'ignore'
[0.313s] Level 1:colcon.colcon_core.package_identification:_identify(src/Joy_ackerman) by extension 'ignore_ament_install'
[0.313s] Level 1:colcon.colcon_core.package_identification:_identify(src/Joy_ackerman) by extensions ['colcon_pkg']
[0.313s] Level 1:colcon.colcon_core.package_identification:_identify(src/Joy_ackerman) by extension 'colcon_pkg'
[0.313s] Level 1:colcon.colcon_core.package_identification:_identify(src/Joy_ackerman) by extensions ['colcon_meta']
[0.313s] Level 1:colcon.colcon_core.package_identification:_identify(src/Joy_ackerman) by extension 'colcon_meta'
[0.313s] Level 1:colcon.colcon_core.package_identification:_identify(src/Joy_ackerman) by extensions ['ros']
[0.313s] Level 1:colcon.colcon_core.package_identification:_identify(src/Joy_ackerman) by extension 'ros'
[0.317s] DEBUG:colcon.colcon_core.package_identification:Package 'src/Joy_ackerman' with type 'ros.ament_python' and name 'joy_ackerman'
[0.317s] Level 1:colcon.colcon_core.package_identification:_identify(src/akros2_msgs) by extensions ['ignore', 'ignore_ament_install']
[0.317s] Level 1:colcon.colcon_core.package_identification:_identify(src/akros2_msgs) by extension 'ignore'
[0.317s] Level 1:colcon.colcon_core.package_identification:_identify(src/akros2_msgs) by extension 'ignore_ament_install'
[0.317s] Level 1:colcon.colcon_core.package_identification:_identify(src/akros2_msgs) by extensions ['colcon_pkg']
[0.317s] Level 1:colcon.colcon_core.package_identification:_identify(src/akros2_msgs) by extension 'colcon_pkg'
[0.317s] Level 1:colcon.colcon_core.package_identification:_identify(src/akros2_msgs) by extensions ['colcon_meta']
[0.317s] Level 1:colcon.colcon_core.package_identification:_identify(src/akros2_msgs) by extension 'colcon_meta'
[0.317s] Level 1:colcon.colcon_core.package_identification:_identify(src/akros2_msgs) by extensions ['ros']
[0.317s] Level 1:colcon.colcon_core.package_identification:_identify(src/akros2_msgs) by extension 'ros'
[0.318s] DEBUG:colcon.colcon_core.package_identification:Package 'src/akros2_msgs' with type 'ros.ament_cmake' and name 'akros2_msgs'
[0.318s] Level 1:colcon.colcon_core.package_identification:_identify(src/akros2_teleop) by extensions ['ignore', 'ignore_ament_install']
[0.318s] Level 1:colcon.colcon_core.package_identification:_identify(src/akros2_teleop) by extension 'ignore'
[0.318s] Level 1:colcon.colcon_core.package_identification:_identify(src/akros2_teleop) by extension 'ignore_ament_install'
[0.318s] Level 1:colcon.colcon_core.package_identification:_identify(src/akros2_teleop) by extensions ['colcon_pkg']
[0.318s] Level 1:colcon.colcon_core.package_identification:_identify(src/akros2_teleop) by extension 'colcon_pkg'
[0.318s] Level 1:colcon.colcon_core.package_identification:_identify(src/akros2_teleop) by extensions ['colcon_meta']
[0.318s] Level 1:colcon.colcon_core.package_identification:_identify(src/akros2_teleop) by extension 'colcon_meta'
[0.318s] Level 1:colcon.colcon_core.package_identification:_identify(src/akros2_teleop) by extensions ['ros']
[0.318s] Level 1:colcon.colcon_core.package_identification:_identify(src/akros2_teleop) by extension 'ros'
[0.319s] DEBUG:colcon.colcon_core.package_identification:Package 'src/akros2_teleop' with type 'ros.ament_python' and name 'akros2_teleop'
[0.319s] Level 1:colcon.colcon_core.package_identification:_identify(src/perfil_lidar) by extensions ['ignore', 'ignore_ament_install']
[0.319s] Level 1:colcon.colcon_core.package_identification:_identify(src/perfil_lidar) by extension 'ignore'
[0.319s] Level 1:colcon.colcon_core.package_identification:_identify(src/perfil_lidar) by extension 'ignore_ament_install'
[0.319s] Level 1:colcon.colcon_core.package_identification:_identify(src/perfil_lidar) by extensions ['colcon_pkg']
[0.319s] Level 1:colcon.colcon_core.package_identification:_identify(src/perfil_lidar) by extension 'colcon_pkg'
[0.319s] Level 1:colcon.colcon_core.package_identification:_identify(src/perfil_lidar) by extensions ['colcon_meta']
[0.319s] Level 1:colcon.colcon_core.package_identification:_identify(src/perfil_lidar) by extension 'colcon_meta'
[0.319s] Level 1:colcon.colcon_core.package_identification:_identify(src/perfil_lidar) by extensions ['ros']
[0.320s] Level 1:colcon.colcon_core.package_identification:_identify(src/perfil_lidar) by extension 'ros'
[0.320s] DEBUG:colcon.colcon_core.package_identification:Package 'src/perfil_lidar' with type 'ros.ament_python' and name 'perfil_lidar'
[0.321s] Level 1:colcon.colcon_core.package_identification:_identify(src/wall_follow) by extensions ['ignore', 'ignore_ament_install']
[0.321s] Level 1:colcon.colcon_core.package_identification:_identify(src/wall_follow) by extension 'ignore'
[0.321s] Level 1:colcon.colcon_core.package_identification:_identify(src/wall_follow) by extension 'ignore_ament_install'
[0.321s] Level 1:colcon.colcon_core.package_identification:_identify(src/wall_follow) by extensions ['colcon_pkg']
[0.321s] Level 1:colcon.colcon_core.package_identification:_identify(src/wall_follow) by extension 'colcon_pkg'
[0.321s] Level 1:colcon.colcon_core.package_identification:_identify(src/wall_follow) by extensions ['colcon_meta']
[0.321s] Level 1:colcon.colcon_core.package_identification:_identify(src/wall_follow) by extension 'colcon_meta'
[0.321s] Level 1:colcon.colcon_core.package_identification:_identify(src/wall_follow) by extensions ['ros']
[0.321s] Level 1:colcon.colcon_core.package_identification:_identify(src/wall_follow) by extension 'ros'
[0.322s] DEBUG:colcon.colcon_core.package_identification:Package 'src/wall_follow' with type 'ros.ament_python' and name 'wall_follow'
[0.322s] Level 1:colcon.colcon_core.package_discovery:discover_packages(recursive) using defaults
[0.322s] Level 1:colcon.colcon_core.package_discovery:discover_packages(ignore) discover
[0.322s] Level 1:colcon.colcon_core.package_discovery:discover_packages(ignore) using defaults
[0.322s] Level 1:colcon.colcon_core.package_discovery:discover_packages(path) discover
[0.322s] Level 1:colcon.colcon_core.package_discovery:discover_packages(path) using defaults
[0.341s] Level 1:colcon.colcon_core.package_discovery:discover_packages(prefix_path) check parameters
[0.341s] Level 1:colcon.colcon_core.package_discovery:discover_packages(prefix_path) discover
[0.342s] WARNING:colcon.colcon_core.prefix_path.colcon:The path '/home/disney/Documents/Gustavo_codes/ros2_ws/src/install' in the environment variable COLCON_PREFIX_PATH doesn't exist
[0.342s] WARNING:colcon.colcon_ros.prefix_path.ament:The path '/home/disney/Documents/Gustavo_codes/ros2_ws/src/install/wall_follow' in the environment variable AMENT_PREFIX_PATH doesn't exist
[0.342s] WARNING:colcon.colcon_ros.prefix_path.ament:The path '/home/disney/Documents/Gustavo_codes/ros2_ws/src/install/perfil_lidar' in the environment variable AMENT_PREFIX_PATH doesn't exist
[0.342s] WARNING:colcon.colcon_ros.prefix_path.ament:The path '/home/disney/Documents/Gustavo_codes/ros2_ws/src/install/joy_ackerman' in the environment variable AMENT_PREFIX_PATH doesn't exist
[0.342s] WARNING:colcon.colcon_ros.prefix_path.ament:The path '/home/disney/Documents/Gustavo_codes/ros2_ws/src/install/akros2_teleop' in the environment variable AMENT_PREFIX_PATH doesn't exist
[0.342s] WARNING:colcon.colcon_ros.prefix_path.ament:The path '/home/disney/Documents/Gustavo_codes/ros2_ws/src/install/akros2_msgs' in the environment variable AMENT_PREFIX_PATH doesn't exist
[0.342s] WARNING:colcon.colcon_ros.prefix_path.catkin:The path '/home/disney/Documents/Gustavo_codes/ros2_ws/src/install/akros2_msgs' in the environment variable CMAKE_PREFIX_PATH doesn't exist
[0.343s] DEBUG:colcon.colcon_installed_package_information.package_discovery:Found 5 installed packages in /home/disney/Documents/Gustavo_codes/ros2_ws/install
[0.344s] DEBUG:colcon.colcon_installed_package_information.package_discovery:Found 290 installed packages in /opt/ros/humble
[0.345s] Level 1:colcon.colcon_core.package_discovery:discover_packages(prefix_path) using defaults
[0.383s] Level 5:colcon.colcon_core.verb:set package 'akros2_msgs' build argument 'cmake_args' from command line to 'None'
[0.384s] Level 5:colcon.colcon_core.verb:set package 'akros2_msgs' build argument 'cmake_target' from command line to 'None'
[0.384s] Level 5:colcon.colcon_core.verb:set package 'akros2_msgs' build argument 'cmake_target_skip_unavailable' from command line to 'False'
[0.384s] Level 5:colcon.colcon_core.verb:set package 'akros2_msgs' build argument 'cmake_clean_cache' from command line to 'False'
[0.384s] Level 5:colcon.colcon_core.verb:set package 'akros2_msgs' build argument 'cmake_clean_first' from command line to 'False'
[0.384s] Level 5:colcon.colcon_core.verb:set package 'akros2_msgs' build argument 'cmake_force_configure' from command line to 'False'
[0.384s] Level 5:colcon.colcon_core.verb:set package 'akros2_msgs' build argument 'ament_cmake_args' from command line to 'None'
[0.384s] Level 5:colcon.colcon_core.verb:set package 'akros2_msgs' build argument 'catkin_cmake_args' from command line to 'None'
[0.384s] Level 5:colcon.colcon_core.verb:set package 'akros2_msgs' build argument 'catkin_skip_building_tests' from command line to 'False'
[0.384s] DEBUG:colcon.colcon_core.verb:Building package 'akros2_msgs' with the following arguments: {'ament_cmake_args': None, 'build_base': '/home/disney/Documents/Gustavo_codes/ros2_ws/build/akros2_msgs', 'catkin_cmake_args': None, 'catkin_skip_building_tests': False, 'cmake_args': None, 'cmake_clean_cache': False, 'cmake_clean_first': False, 'cmake_force_configure': False, 'cmake_target': None, 'cmake_target_skip_unavailable': False, 'install_base': '/home/disney/Documents/Gustavo_codes/ros2_ws/install/akros2_msgs', 'merge_install': False, 'path': '/home/disney/Documents/Gustavo_codes/ros2_ws/src/akros2_msgs', 'symlink_install': False, 'test_result_base': None}
[0.384s] Level 5:colcon.colcon_core.verb:set package 'joy_ackerman' build argument 'cmake_args' from command line to 'None'
[0.384s] Level 5:colcon.colcon_core.verb:set package 'joy_ackerman' build argument 'cmake_target' from command line to 'None'
[0.384s] Level 5:colcon.colcon_core.verb:set package 'joy_ackerman' build argument 'cmake_target_skip_unavailable' from command line to 'False'
[0.384s] Level 5:colcon.colcon_core.verb:set package 'joy_ackerman' build argument 'cmake_clean_cache' from command line to 'False'
[0.384s] Level 5:colcon.colcon_core.verb:set package 'joy_ackerman' build argument 'cmake_clean_first' from command line to 'False'
[0.384s] Level 5:colcon.colcon_core.verb:set package 'joy_ackerman' build argument 'cmake_force_configure' from command line to 'False'
[0.384s] Level 5:colcon.colcon_core.verb:set package 'joy_ackerman' build argument 'ament_cmake_args' from command line to 'None'
[0.384s] Level 5:colcon.colcon_core.verb:set package 'joy_ackerman' build argument 'catkin_cmake_args' from command line to 'None'
[0.384s] Level 5:colcon.colcon_core.verb:set package 'joy_ackerman' build argument 'catkin_skip_building_tests' from command line to 'False'
[0.384s] DEBUG:colcon.colcon_core.verb:Building package 'joy_ackerman' with the following arguments: {'ament_cmake_args': None, 'build_base': '/home/disney/Documents/Gustavo_codes/ros2_ws/build/joy_ackerman', 'catkin_cmake_args': None, 'catkin_skip_building_tests': False, 'cmake_args': None, 'cmake_clean_cache': False, 'cmake_clean_first': False, 'cmake_force_configure': False, 'cmake_target': None, 'cmake_target_skip_unavailable': False, 'install_base': '/home/disney/Documents/Gustavo_codes/ros2_ws/install/joy_ackerman', 'merge_install': False, 'path': '/home/disney/Documents/Gustavo_codes/ros2_ws/src/Joy_ackerman', 'symlink_install': False, 'test_result_base': None}
[0.385s] Level 5:colcon.colcon_core.verb:set package 'perfil_lidar' build argument 'cmake_args' from command line to 'None'
[0.385s] Level 5:colcon.colcon_core.verb:set package 'perfil_lidar' build argument 'cmake_target' from command line to 'None'
[0.385s] Level 5:colcon.colcon_core.verb:set package 'perfil_lidar' build argument 'cmake_target_skip_unavailable' from command line to 'False'
[0.385s] Level 5:colcon.colcon_core.verb:set package 'perfil_lidar' build argument 'cmake_clean_cache' from command line to 'False'
[0.385s] Level 5:colcon.colcon_core.verb:set package 'perfil_lidar' build argument 'cmake_clean_first' from command line to 'False'
[0.385s] Level 5:colcon.colcon_core.verb:set package 'perfil_lidar' build argument 'cmake_force_configure' from command line to 'False'
[0.385s] Level 5:colcon.colcon_core.verb:set package 'perfil_lidar' build argument 'ament_cmake_args' from command line to 'None'
[0.385s] Level 5:colcon.colcon_core.verb:set package 'perfil_lidar' build argument 'catkin_cmake_args' from command line to 'None'
[0.385s] Level 5:colcon.colcon_core.verb:set package 'perfil_lidar' build argument 'catkin_skip_building_tests' from command line to 'False'
[0.385s] DEBUG:colcon.colcon_core.verb:Building package 'perfil_lidar' with the following arguments: {'ament_cmake_args': None, 'build_base': '/home/disney/Documents/Gustavo_codes/ros2_ws/build/perfil_lidar', 'catkin_cmake_args': None, 'catkin_skip_building_tests': False, 'cmake_args': None, 'cmake_clean_cache': False, 'cmake_clean_first': False, 'cmake_force_configure': False, 'cmake_target': None, 'cmake_target_skip_unavailable': False, 'install_base': '/home/disney/Documents/Gustavo_codes/ros2_ws/install/perfil_lidar', 'merge_install': False, 'path': '/home/disney/Documents/Gustavo_codes/ros2_ws/src/perfil_lidar', 'symlink_install': False, 'test_result_base': None}
[0.385s] Level 5:colcon.colcon_core.verb:set package 'wall_follow' build argument 'cmake_args' from command line to 'None'
[0.385s] Level 5:colcon.colcon_core.verb:set package 'wall_follow' build argument 'cmake_target' from command line to 'None'
[0.385s] Level 5:colcon.colcon_core.verb:set package 'wall_follow' build argument 'cmake_target_skip_unavailable' from command line to 'False'
[0.385s] Level 5:colcon.colcon_core.verb:set package 'wall_follow' build argument 'cmake_clean_cache' from command line to 'False'
[0.385s] Level 5:colcon.colcon_core.verb:set package 'wall_follow' build argument 'cmake_clean_first' from command line to 'False'
[0.385s] Level 5:colcon.colcon_core.verb:set package 'wall_follow' build argument 'cmake_force_configure' from command line to 'False'
[0.385s] Level 5:colcon.colcon_core.verb:set package 'wall_follow' build argument 'ament_cmake_args' from command line to 'None'
[0.385s] Level 5:colcon.colcon_core.verb:set package 'wall_follow' build argument 'catkin_cmake_args' from command line to 'None'
[0.385s] Level 5:colcon.colcon_core.verb:set package 'wall_follow' build argument 'catkin_skip_building_tests' from command line to 'False'
[0.385s] DEBUG:colcon.colcon_core.verb:Building package 'wall_follow' with the following arguments: {'ament_cmake_args': None, 'build_base': '/home/disney/Documents/Gustavo_codes/ros2_ws/build/wall_follow', 'catkin_cmake_args': None, 'catkin_skip_building_tests': False, 'cmake_args': None, 'cmake_clean_cache': False, 'cmake_clean_first': False, 'cmake_force_configure': False, 'cmake_target': None, 'cmake_target_skip_unavailable': False, 'install_base': '/home/disney/Documents/Gustavo_codes/ros2_ws/install/wall_follow', 'merge_install': False, 'path': '/home/disney/Documents/Gustavo_codes/ros2_ws/src/wall_follow', 'symlink_install': False, 'test_result_base': None}
[0.386s] Level 5:colcon.colcon_core.verb:set package 'akros2_teleop' build argument 'cmake_args' from command line to 'None'
[0.386s] Level 5:colcon.colcon_core.verb:set package 'akros2_teleop' build argument 'cmake_target' from command line to 'None'
[0.386s] Level 5:colcon.colcon_core.verb:set package 'akros2_teleop' build argument 'cmake_target_skip_unavailable' from command line to 'False'
[0.386s] Level 5:colcon.colcon_core.verb:set package 'akros2_teleop' build argument 'cmake_clean_cache' from command line to 'False'
[0.386s] Level 5:colcon.colcon_core.verb:set package 'akros2_teleop' build argument 'cmake_clean_first' from command line to 'False'
[0.386s] Level 5:colcon.colcon_core.verb:set package 'akros2_teleop' build argument 'cmake_force_configure' from command line to 'False'
[0.386s] Level 5:colcon.colcon_core.verb:set package 'akros2_teleop' build argument 'ament_cmake_args' from command line to 'None'
[0.386s] Level 5:colcon.colcon_core.verb:set package 'akros2_teleop' build argument 'catkin_cmake_args' from command line to 'None'
[0.386s] Level 5:colcon.colcon_core.verb:set package 'akros2_teleop' build argument 'catkin_skip_building_tests' from command line to 'False'
[0.386s] DEBUG:colcon.colcon_core.verb:Building package 'akros2_teleop' with the following arguments: {'ament_cmake_args': None, 'build_base': '/home/disney/Documents/Gustavo_codes/ros2_ws/build/akros2_teleop', 'catkin_cmake_args': None, 'catkin_skip_building_tests': False, 'cmake_args': None, 'cmake_clean_cache': False, 'cmake_clean_first': False, 'cmake_force_configure': False, 'cmake_target': None, 'cmake_target_skip_unavailable': False, 'install_base': '/home/disney/Documents/Gustavo_codes/ros2_ws/install/akros2_teleop', 'merge_install': False, 'path': '/home/disney/Documents/Gustavo_codes/ros2_ws/src/akros2_teleop', 'symlink_install': False, 'test_result_base': None}
[0.386s] INFO:colcon.colcon_core.executor:Executing jobs using 'parallel' executor
[0.387s] DEBUG:colcon.colcon_parallel_executor.executor.parallel:run_until_complete
[0.387s] INFO:colcon.colcon_ros.task.ament_cmake.build:Building ROS package in '/home/disney/Documents/Gustavo_codes/ros2_ws/src/akros2_msgs' with build type 'ament_cmake'
[0.387s] INFO:colcon.colcon_cmake.task.cmake.build:Building CMake package in '/home/disney/Documents/Gustavo_codes/ros2_ws/src/akros2_msgs'
[0.389s] INFO:colcon.colcon_core.plugin_system:Skipping extension 'colcon_core.shell.bat': Not used on non-Windows systems
[0.389s] INFO:colcon.colcon_core.shell:Skip shell extension 'powershell' for command environment: Not usable outside of PowerShell
[0.390s] DEBUG:colcon.colcon_core.shell:Skip shell extension 'dsv' for command environment
[0.393s] INFO:colcon.colcon_ros.task.ament_python.build:Building ROS package in '/home/disney/Documents/Gustavo_codes/ros2_ws/src/Joy_ackerman' with build type 'ament_python'
[0.393s] Level 1:colcon.colcon_core.shell:create_environment_hook('joy_ackerman', 'ament_prefix_path')
[0.393s] INFO:colcon.colcon_core.shell:Creating environment hook '/home/disney/Documents/Gustavo_codes/ros2_ws/install/joy_ackerman/share/joy_ackerman/hook/ament_prefix_path.ps1'
[0.394s] INFO:colcon.colcon_core.shell:Creating environment descriptor '/home/disney/Documents/Gustavo_codes/ros2_ws/install/joy_ackerman/share/joy_ackerman/hook/ament_prefix_path.dsv'
[0.394s] INFO:colcon.colcon_core.shell:Creating environment hook '/home/disney/Documents/Gustavo_codes/ros2_ws/install/joy_ackerman/share/joy_ackerman/hook/ament_prefix_path.sh'
[0.395s] INFO:colcon.colcon_core.shell:Skip shell extension 'powershell' for command environment: Not usable outside of PowerShell
[0.395s] DEBUG:colcon.colcon_core.shell:Skip shell extension 'dsv' for command environment
[0.397s] INFO:colcon.colcon_ros.task.ament_python.build:Building ROS package in '/home/disney/Documents/Gustavo_codes/ros2_ws/src/perfil_lidar' with build type 'ament_python'
[0.397s] Level 1:colcon.colcon_core.shell:create_environment_hook('perfil_lidar', 'ament_prefix_path')
[0.398s] INFO:colcon.colcon_core.shell:Creating environment hook '/home/disney/Documents/Gustavo_codes/ros2_ws/install/perfil_lidar/share/perfil_lidar/hook/ament_prefix_path.ps1'
[0.398s] INFO:colcon.colcon_core.shell:Creating environment descriptor '/home/disney/Documents/Gustavo_codes/ros2_ws/install/perfil_lidar/share/perfil_lidar/hook/ament_prefix_path.dsv'
[0.398s] INFO:colcon.colcon_core.shell:Creating environment hook '/home/disney/Documents/Gustavo_codes/ros2_ws/install/perfil_lidar/share/perfil_lidar/hook/ament_prefix_path.sh'
[0.399s] INFO:colcon.colcon_core.shell:Skip shell extension 'powershell' for command environment: Not usable outside of PowerShell
[0.399s] DEBUG:colcon.colcon_core.shell:Skip shell extension 'dsv' for command environment
[0.402s] INFO:colcon.colcon_ros.task.ament_python.build:Building ROS package in '/home/disney/Documents/Gustavo_codes/ros2_ws/src/wall_follow' with build type 'ament_python'
[0.402s] Level 1:colcon.colcon_core.shell:create_environment_hook('wall_follow', 'ament_prefix_path')
[0.402s] INFO:colcon.colcon_core.shell:Creating environment hook '/home/disney/Documents/Gustavo_codes/ros2_ws/install/wall_follow/share/wall_follow/hook/ament_prefix_path.ps1'
[0.403s] INFO:colcon.colcon_core.shell:Creating environment descriptor '/home/disney/Documents/Gustavo_codes/ros2_ws/install/wall_follow/share/wall_follow/hook/ament_prefix_path.dsv'
[0.403s] INFO:colcon.colcon_core.shell:Creating environment hook '/home/disney/Documents/Gustavo_codes/ros2_ws/install/wall_follow/share/wall_follow/hook/ament_prefix_path.sh'
[0.404s] INFO:colcon.colcon_core.shell:Skip shell extension 'powershell' for command environment: Not usable outside of PowerShell
[0.404s] DEBUG:colcon.colcon_core.shell:Skip shell extension 'dsv' for command environment
[0.413s] DEBUG:colcon.colcon_core.event_handler.log_command:Invoking command in '/home/disney/Documents/Gustavo_codes/ros2_ws/build/akros2_msgs': CMAKE_PREFIX_PATH=${CMAKE_PREFIX_PATH}:/home/disney/Documents/Gustavo_codes/ros2_ws/install/joy_ackerman:/home/disney/Documents/Gustavo_codes/ros2_ws/src/install/wall_follow:/home/disney/Documents/Gustavo_codes/ros2_ws/src/install/perfil_lidar:/home/disney/Documents/Gustavo_codes/ros2_ws/src/install/joy_ackerman:/home/disney/Documents/Gustavo_codes/ros2_ws/src/install/akros2_teleop:/home/disney/Documents/Gustavo_codes/ros2_ws/install/wall_follow:/home/disney/Documents/Gustavo_codes/ros2_ws/install/perfil_lidar:/home/disney/Documents/Gustavo_codes/ros2_ws/install/akros2_teleop:/opt/ros/humble /usr/bin/cmake --build /home/disney/Documents/Gustavo_codes/ros2_ws/build/akros2_msgs -- -j12 -l12
[0.756s] INFO:colcon.colcon_core.task.python.build:Building Python package in '/home/disney/Documents/Gustavo_codes/ros2_ws/src/Joy_ackerman'
[0.756s] INFO:colcon.colcon_core.shell:Skip shell extension 'powershell' for command environment: Not usable outside of PowerShell
[0.756s] DEBUG:colcon.colcon_core.shell:Skip shell extension 'dsv' for command environment
[1.036s] INFO:colcon.colcon_core.task.python.build:Building Python package in '/home/disney/Documents/Gustavo_codes/ros2_ws/src/perfil_lidar'
[1.036s] INFO:colcon.colcon_core.shell:Skip shell extension 'powershell' for command environment: Not usable outside of PowerShell
[1.036s] DEBUG:colcon.colcon_core.shell:Skip shell extension 'dsv' for command environment
[1.305s] INFO:colcon.colcon_core.task.python.build:Building Python package in '/home/disney/Documents/Gustavo_codes/ros2_ws/src/wall_follow'
[1.305s] INFO:colcon.colcon_core.shell:Skip shell extension 'powershell' for command environment: Not usable outside of PowerShell
[1.305s] DEBUG:colcon.colcon_core.shell:Skip shell extension 'dsv' for command environment
[1.309s] DEBUG:colcon.colcon_core.event_handler.log_command:Invoked command in '/home/disney/Documents/Gustavo_codes/ros2_ws/build/akros2_msgs' returned '0': CMAKE_PREFIX_PATH=${CMAKE_PREFIX_PATH}:/home/disney/Documents/Gustavo_codes/ros2_ws/install/joy_ackerman:/home/disney/Documents/Gustavo_codes/ros2_ws/src/install/wall_follow:/home/disney/Documents/Gustavo_codes/ros2_ws/src/install/perfil_lidar:/home/disney/Documents/Gustavo_codes/ros2_ws/src/install/joy_ackerman:/home/disney/Documents/Gustavo_codes/ros2_ws/src/install/akros2_teleop:/home/disney/Documents/Gustavo_codes/ros2_ws/install/wall_follow:/home/disney/Documents/Gustavo_codes/ros2_ws/install/perfil_lidar:/home/disney/Documents/Gustavo_codes/ros2_ws/install/akros2_teleop:/opt/ros/humble /usr/bin/cmake --build /home/disney/Documents/Gustavo_codes/ros2_ws/build/akros2_msgs -- -j12 -l12
[1.384s] DEBUG:colcon.colcon_core.event_handler.log_command:Invoking command in '/home/disney/Documents/Gustavo_codes/ros2_ws/build/akros2_msgs': CMAKE_PREFIX_PATH=${CMAKE_PREFIX_PATH}:/home/disney/Documents/Gustavo_codes/ros2_ws/install/joy_ackerman:/home/disney/Documents/Gustavo_codes/ros2_ws/src/install/wall_follow:/home/disney/Documents/Gustavo_codes/ros2_ws/src/install/perfil_lidar:/home/disney/Documents/Gustavo_codes/ros2_ws/src/install/joy_ackerman:/home/disney/Documents/Gustavo_codes/ros2_ws/src/install/akros2_teleop:/home/disney/Documents/Gustavo_codes/ros2_ws/install/wall_follow:/home/disney/Documents/Gustavo_codes/ros2_ws/install/perfil_lidar:/home/disney/Documents/Gustavo_codes/ros2_ws/install/akros2_teleop:/opt/ros/humble /usr/bin/cmake --install /home/disney/Documents/Gustavo_codes/ros2_ws/build/akros2_msgs
[1.445s] Level 1:colcon.colcon_core.environment:create_environment_scripts_only(akros2_msgs)
[1.446s] DEBUG:colcon.colcon_core.event_handler.log_command:Invoked command in '/home/disney/Documents/Gustavo_codes/ros2_ws/build/akros2_msgs' returned '0': CMAKE_PREFIX_PATH=${CMAKE_PREFIX_PATH}:/home/disney/Documents/Gustavo_codes/ros2_ws/install/joy_ackerman:/home/disney/Documents/Gustavo_codes/ros2_ws/src/install/wall_follow:/home/disney/Documents/Gustavo_codes/ros2_ws/src/install/perfil_lidar:/home/disney/Documents/Gustavo_codes/ros2_ws/src/install/joy_ackerman:/home/disney/Documents/Gustavo_codes/ros2_ws/src/install/akros2_teleop:/home/disney/Documents/Gustavo_codes/ros2_ws/install/wall_follow:/home/disney/Documents/Gustavo_codes/ros2_ws/install/perfil_lidar:/home/disney/Documents/Gustavo_codes/ros2_ws/install/akros2_teleop:/opt/ros/humble /usr/bin/cmake --install /home/disney/Documents/Gustavo_codes/ros2_ws/build/akros2_msgs
[1.448s] Level 1:colcon.colcon_core.environment:checking '/home/disney/Documents/Gustavo_codes/ros2_ws/install/akros2_msgs' for CMake module files
[1.449s] Level 1:colcon.colcon_core.environment:checking '/home/disney/Documents/Gustavo_codes/ros2_ws/install/akros2_msgs' for CMake config files
[1.450s] Level 1:colcon.colcon_core.shell:create_environment_hook('akros2_msgs', 'cmake_prefix_path')
[1.450s] INFO:colcon.colcon_core.shell:Creating environment hook '/home/disney/Documents/Gustavo_codes/ros2_ws/install/akros2_msgs/share/akros2_msgs/hook/cmake_prefix_path.ps1'
[1.450s] INFO:colcon.colcon_core.shell:Creating environment descriptor '/home/disney/Documents/Gustavo_codes/ros2_ws/install/akros2_msgs/share/akros2_msgs/hook/cmake_prefix_path.dsv'
[1.451s] INFO:colcon.colcon_core.shell:Creating environment hook '/home/disney/Documents/Gustavo_codes/ros2_ws/install/akros2_msgs/share/akros2_msgs/hook/cmake_prefix_path.sh'
[1.451s] Level 1:colcon.colcon_core.environment:checking '/home/disney/Documents/Gustavo_codes/ros2_ws/install/akros2_msgs/lib'
[1.451s] Level 1:colcon.colcon_core.shell:create_environment_hook('akros2_msgs', 'ld_library_path_lib')
[1.452s] INFO:colcon.colcon_core.shell:Creating environment hook '/home/disney/Documents/Gustavo_codes/ros2_ws/install/akros2_msgs/share/akros2_msgs/hook/ld_library_path_lib.ps1'
[1.452s] INFO:colcon.colcon_core.shell:Creating environment descriptor '/home/disney/Documents/Gustavo_codes/ros2_ws/install/akros2_msgs/share/akros2_msgs/hook/ld_library_path_lib.dsv'
[1.452s] INFO:colcon.colcon_core.shell:Creating environment hook '/home/disney/Documents/Gustavo_codes/ros2_ws/install/akros2_msgs/share/akros2_msgs/hook/ld_library_path_lib.sh'
[1.453s] Level 1:colcon.colcon_core.environment:checking '/home/disney/Documents/Gustavo_codes/ros2_ws/install/akros2_msgs/bin'
[1.453s] Level 1:colcon.colcon_core.environment:checking '/home/disney/Documents/Gustavo_codes/ros2_ws/install/akros2_msgs/lib/pkgconfig/akros2_msgs.pc'
[1.453s] Level 1:colcon.colcon_core.environment:checking '/home/disney/Documents/Gustavo_codes/ros2_ws/install/akros2_msgs/lib/python3.10/site-packages'
[1.453s] Level 1:colcon.colcon_core.environment:checking '/home/disney/Documents/Gustavo_codes/ros2_ws/install/akros2_msgs/bin'
[1.453s] INFO:colcon.colcon_core.shell:Creating package script '/home/disney/Documents/Gustavo_codes/ros2_ws/install/akros2_msgs/share/akros2_msgs/package.ps1'
[1.455s] INFO:colcon.colcon_core.shell:Creating package descriptor '/home/disney/Documents/Gustavo_codes/ros2_ws/install/akros2_msgs/share/akros2_msgs/package.dsv'
[1.455s] INFO:colcon.colcon_core.shell:Creating package script '/home/disney/Documents/Gustavo_codes/ros2_ws/install/akros2_msgs/share/akros2_msgs/package.sh'
[1.456s] INFO:colcon.colcon_core.shell:Creating package script '/home/disney/Documents/Gustavo_codes/ros2_ws/install/akros2_msgs/share/akros2_msgs/package.bash'
[1.456s] INFO:colcon.colcon_core.shell:Creating package script '/home/disney/Documents/Gustavo_codes/ros2_ws/install/akros2_msgs/share/akros2_msgs/package.zsh'
[1.457s] Level 1:colcon.colcon_core.environment:create_file_with_runtime_dependencies(/home/disney/Documents/Gustavo_codes/ros2_ws/install/akros2_msgs/share/colcon-core/packages/akros2_msgs)
[1.518s] Level 1:colcon.colcon_core.environment:create_environment_scripts_only(akros2_msgs)
[1.518s] Level 1:colcon.colcon_core.environment:checking '/home/disney/Documents/Gustavo_codes/ros2_ws/install/akros2_msgs' for CMake module files
[1.519s] Level 1:colcon.colcon_core.environment:checking '/home/disney/Documents/Gustavo_codes/ros2_ws/install/akros2_msgs' for CMake config files
[1.519s] Level 1:colcon.colcon_core.shell:create_environment_hook('akros2_msgs', 'cmake_prefix_path')
[1.519s] INFO:colcon.colcon_core.shell:Creating environment hook '/home/disney/Documents/Gustavo_codes/ros2_ws/install/akros2_msgs/share/akros2_msgs/hook/cmake_prefix_path.ps1'
[1.520s] INFO:colcon.colcon_core.shell:Creating environment descriptor '/home/disney/Documents/Gustavo_codes/ros2_ws/install/akros2_msgs/share/akros2_msgs/hook/cmake_prefix_path.dsv'
[1.520s] INFO:colcon.colcon_core.shell:Creating environment hook '/home/disney/Documents/Gustavo_codes/ros2_ws/install/akros2_msgs/share/akros2_msgs/hook/cmake_prefix_path.sh'
[1.521s] Level 1:colcon.colcon_core.environment:checking '/home/disney/Documents/Gustavo_codes/ros2_ws/install/akros2_msgs/lib'
[1.521s] Level 1:colcon.colcon_core.shell:create_environment_hook('akros2_msgs', 'ld_library_path_lib')
[1.521s] INFO:colcon.colcon_core.shell:Creating environment hook '/home/disney/Documents/Gustavo_codes/ros2_ws/install/akros2_msgs/share/akros2_msgs/hook/ld_library_path_lib.ps1'
[1.522s] INFO:colcon.colcon_core.shell:Creating environment descriptor '/home/disney/Documents/Gustavo_codes/ros2_ws/install/akros2_msgs/share/akros2_msgs/hook/ld_library_path_lib.dsv'
[1.522s] INFO:colcon.colcon_core.shell:Creating environment hook '/home/disney/Documents/Gustavo_codes/ros2_ws/install/akros2_msgs/share/akros2_msgs/hook/ld_library_path_lib.sh'
[1.522s] Level 1:colcon.colcon_core.environment:checking '/home/disney/Documents/Gustavo_codes/ros2_ws/install/akros2_msgs/bin'
[1.522s] Level 1:colcon.colcon_core.environment:checking '/home/disney/Documents/Gustavo_codes/ros2_ws/install/akros2_msgs/lib/pkgconfig/akros2_msgs.pc'
[1.523s] Level 1:colcon.colcon_core.environment:checking '/home/disney/Documents/Gustavo_codes/ros2_ws/install/akros2_msgs/lib/python3.10/site-packages'
[1.523s] Level 1:colcon.colcon_core.environment:checking '/home/disney/Documents/Gustavo_codes/ros2_ws/install/akros2_msgs/bin'
[1.523s] INFO:colcon.colcon_core.shell:Creating package script '/home/disney/Documents/Gustavo_codes/ros2_ws/install/akros2_msgs/share/akros2_msgs/package.ps1'
[1.524s] INFO:colcon.colcon_core.shell:Creating package descriptor '/home/disney/Documents/Gustavo_codes/ros2_ws/install/akros2_msgs/share/akros2_msgs/package.dsv'
[1.524s] INFO:colcon.colcon_core.shell:Creating package script '/home/disney/Documents/Gustavo_codes/ros2_ws/install/akros2_msgs/share/akros2_msgs/package.sh'
[1.525s] INFO:colcon.colcon_core.shell:Creating package script '/home/disney/Documents/Gustavo_codes/ros2_ws/install/akros2_msgs/share/akros2_msgs/package.bash'
[1.525s] INFO:colcon.colcon_core.shell:Creating package script '/home/disney/Documents/Gustavo_codes/ros2_ws/install/akros2_msgs/share/akros2_msgs/package.zsh'
[1.526s] Level 1:colcon.colcon_core.environment:create_file_with_runtime_dependencies(/home/disney/Documents/Gustavo_codes/ros2_ws/install/akros2_msgs/share/colcon-core/packages/akros2_msgs)
[1.526s] INFO:colcon.colcon_ros.task.ament_python.build:Building ROS package in '/home/disney/Documents/Gustavo_codes/ros2_ws/src/akros2_teleop' with build type 'ament_python'
[1.527s] Level 1:colcon.colcon_core.shell:create_environment_hook('akros2_teleop', 'ament_prefix_path')
[1.527s] INFO:colcon.colcon_core.shell:Creating environment hook '/home/disney/Documents/Gustavo_codes/ros2_ws/install/akros2_teleop/share/akros2_teleop/hook/ament_prefix_path.ps1'
[1.528s] INFO:colcon.colcon_core.shell:Creating environment descriptor '/home/disney/Documents/Gustavo_codes/ros2_ws/install/akros2_teleop/share/akros2_teleop/hook/ament_prefix_path.dsv'
[1.528s] INFO:colcon.colcon_core.shell:Creating environment hook '/home/disney/Documents/Gustavo_codes/ros2_ws/install/akros2_teleop/share/akros2_teleop/hook/ament_prefix_path.sh'
[1.529s] INFO:colcon.colcon_core.shell:Skip shell extension 'powershell' for command environment: Not usable outside of PowerShell
[1.529s] DEBUG:colcon.colcon_core.shell:Skip shell extension 'dsv' for command environment
[1.834s] INFO:colcon.colcon_core.task.python.build:Building Python package in '/home/disney/Documents/Gustavo_codes/ros2_ws/src/akros2_teleop'
[1.834s] INFO:colcon.colcon_core.shell:Skip shell extension 'powershell' for command environment: Not usable outside of PowerShell
[1.834s] DEBUG:colcon.colcon_core.shell:Skip shell extension 'dsv' for command environment
[1.842s] DEBUG:colcon.colcon_core.event_handler.log_command:Invoking command in '/home/disney/Documents/Gustavo_codes/ros2_ws/src/Joy_ackerman': PYTHONPATH=/home/disney/Documents/Gustavo_codes/ros2_ws/build/joy_ackerman/prefix_override:/home/disney/Documents/Gustavo_codes/ros2_ws/install/joy_ackerman/lib/python3.10/site-packages:${PYTHONPATH} /usr/bin/python3 -W ignore:setup.py install is deprecated setup.py egg_info --egg-base ../../build/joy_ackerman build --build-base /home/disney/Documents/Gustavo_codes/ros2_ws/build/joy_ackerman/build install --record /home/disney/Documents/Gustavo_codes/ros2_ws/build/joy_ackerman/install.log --install-scripts $base/lib/wall_follow --single-version-externally-managed install_data
[1.845s] DEBUG:colcon.colcon_core.event_handler.log_command:Invoking command in '/home/disney/Documents/Gustavo_codes/ros2_ws/src/perfil_lidar': PYTHONPATH=/home/disney/Documents/Gustavo_codes/ros2_ws/build/perfil_lidar/prefix_override:/home/disney/Documents/Gustavo_codes/ros2_ws/install/perfil_lidar/lib/python3.10/site-packages:${PYTHONPATH} /usr/bin/python3 -W ignore:setup.py install is deprecated setup.py egg_info --egg-base ../../build/perfil_lidar build --build-base /home/disney/Documents/Gustavo_codes/ros2_ws/build/perfil_lidar/build install --record /home/disney/Documents/Gustavo_codes/ros2_ws/build/perfil_lidar/install.log --install-scripts $base/lib/perfil_lidar --single-version-externally-managed install_data
[1.848s] DEBUG:colcon.colcon_core.event_handler.log_command:Invoking command in '/home/disney/Documents/Gustavo_codes/ros2_ws/src/wall_follow': PYTHONPATH=/home/disney/Documents/Gustavo_codes/ros2_ws/build/wall_follow/prefix_override:/home/disney/Documents/Gustavo_codes/ros2_ws/install/wall_follow/lib/python3.10/site-packages:${PYTHONPATH} /usr/bin/python3 -W ignore:setup.py install is deprecated setup.py egg_info --egg-base ../../build/wall_follow build --build-base /home/disney/Documents/Gustavo_codes/ros2_ws/build/wall_follow/build install --record /home/disney/Documents/Gustavo_codes/ros2_ws/build/wall_follow/install.log --install-scripts $base/lib/wall_follow --single-version-externally-managed install_data
[2.180s] DEBUG:colcon.colcon_core.event_handler.log_command:Invoked command in '/home/disney/Documents/Gustavo_codes/ros2_ws/src/Joy_ackerman' returned '1': PYTHONPATH=/home/disney/Documents/Gustavo_codes/ros2_ws/build/joy_ackerman/prefix_override:/home/disney/Documents/Gustavo_codes/ros2_ws/install/joy_ackerman/lib/python3.10/site-packages:${PYTHONPATH} /usr/bin/python3 -W ignore:setup.py install is deprecated setup.py egg_info --egg-base ../../build/joy_ackerman build --build-base /home/disney/Documents/Gustavo_codes/ros2_ws/build/joy_ackerman/build install --record /home/disney/Documents/Gustavo_codes/ros2_ws/build/joy_ackerman/install.log --install-scripts $base/lib/wall_follow --single-version-externally-managed install_data
[2.245s] DEBUG:colcon.colcon_parallel_executor.executor.parallel:closing loop
[2.245s] DEBUG:colcon.colcon_parallel_executor.executor.parallel:loop closed
[2.245s] DEBUG:colcon.colcon_parallel_executor.executor.parallel:run_until_complete finished with '1'
[2.245s] DEBUG:colcon.colcon_core.event_reactor:joining thread
[2.251s] INFO:colcon.colcon_core.plugin_system:Skipping extension 'colcon_notification.desktop_notification.notify_send': Could not find 'notify-send'
[2.251s] INFO:colcon.colcon_core.plugin_system:Skipping extension 'colcon_notification.desktop_notification.terminal_notifier': Not used on non-Darwin systems
[2.251s] INFO:colcon.colcon_core.plugin_system:Skipping extension 'colcon_notification.desktop_notification.win32': Not used on non-Windows systems
[2.251s] INFO:colcon.colcon_notification.desktop_notification:Sending desktop notification using 'notify2'
[2.258s] DEBUG:colcon.colcon_core.event_reactor:joined thread
[2.259s] INFO:colcon.colcon_core.shell:Creating prefix script '/home/disney/Documents/Gustavo_codes/ros2_ws/install/local_setup.ps1'
[2.260s] INFO:colcon.colcon_core.shell:Creating prefix util module '/home/disney/Documents/Gustavo_codes/ros2_ws/install/_local_setup_util_ps1.py'
[2.261s] INFO:colcon.colcon_core.shell:Creating prefix chain script '/home/disney/Documents/Gustavo_codes/ros2_ws/install/setup.ps1'
[2.262s] INFO:colcon.colcon_core.shell:Creating prefix script '/home/disney/Documents/Gustavo_codes/ros2_ws/install/local_setup.sh'
[2.262s] INFO:colcon.colcon_core.shell:Creating prefix util module '/home/disney/Documents/Gustavo_codes/ros2_ws/install/_local_setup_util_sh.py'
[2.262s] INFO:colcon.colcon_core.shell:Creating prefix chain script '/home/disney/Documents/Gustavo_codes/ros2_ws/install/setup.sh'
[2.263s] INFO:colcon.colcon_core.shell:Creating prefix script '/home/disney/Documents/Gustavo_codes/ros2_ws/install/local_setup.bash'
[2.264s] INFO:colcon.colcon_core.shell:Creating prefix chain script '/home/disney/Documents/Gustavo_codes/ros2_ws/install/setup.bash'
[2.265s] INFO:colcon.colcon_core.shell:Creating prefix script '/home/disney/Documents/Gustavo_codes/ros2_ws/install/local_setup.zsh'
[2.265s] INFO:colcon.colcon_core.shell:Creating prefix chain script '/home/disney/Documents/Gustavo_codes/ros2_ws/install/setup.zsh'
