[0.025s] Invoking command in '/home/disney/Documents/Gustavo_codes/ros2_ws/build/akros2_msgs': CMAKE_PREFIX_PATH=${CMAKE_PREFIX_PATH}:/home/disney/Documents/Gustavo_codes/ros2_ws/install/joy_ackerman:/home/disney/Documents/Gustavo_codes/ros2_ws/src/install/wall_follow:/home/disney/Documents/Gustavo_codes/ros2_ws/src/install/perfil_lidar:/home/disney/Documents/Gustavo_codes/ros2_ws/src/install/joy_ackerman:/home/disney/Documents/Gustavo_codes/ros2_ws/src/install/akros2_teleop:/home/disney/Documents/Gustavo_codes/ros2_ws/install/wall_follow:/home/disney/Documents/Gustavo_codes/ros2_ws/install/perfil_lidar:/home/disney/Documents/Gustavo_codes/ros2_ws/install/akros2_teleop:/opt/ros/humble /usr/bin/cmake --build /home/disney/Documents/Gustavo_codes/ros2_ws/build/akros2_msgs -- -j12 -l12
[0.653s] [35m[1mConsolidate compiler generated dependencies of target akros2_msgs__rosidl_generator_c[0m
[0.654s] [  3%] Built target akros2_msgs__cpp
[0.654s] [ 12%] Built target akros2_msgs__rosidl_generator_c
[0.654s] [ 12%] Built target ament_cmake_python_copy_akros2_msgs
[0.654s] [35m[1mConsolidate compiler generated dependencies of target akros2_msgs__rosidl_typesupport_cpp[0m
[0.654s] [35m[1mConsolidate compiler generated dependencies of target akros2_msgs__rosidl_typesupport_introspection_cpp[0m
[0.654s] [35m[1mConsolidate compiler generated dependencies of target akros2_msgs__rosidl_typesupport_fastrtps_cpp[0m
[0.654s] [35m[1mConsolidate compiler generated dependencies of target akros2_msgs__rosidl_typesupport_c[0m
[0.655s] [35m[1mConsolidate compiler generated dependencies of target akros2_msgs__rosidl_typesupport_introspection_c[0m
[0.655s] [35m[1mConsolidate compiler generated dependencies of target akros2_msgs__rosidl_typesupport_fastrtps_c[0m
[0.655s] [ 22%] Built target akros2_msgs__rosidl_typesupport_introspection_cpp
[0.655s] [ 32%] Built target akros2_msgs__rosidl_typesupport_c
[0.655s] [ 41%] Built target akros2_msgs__rosidl_typesupport_cpp
[0.655s] [ 51%] Built target akros2_msgs__rosidl_typesupport_introspection_c
[0.655s] [ 70%] Built target akros2_msgs__rosidl_typesupport_fastrtps_cpp
[0.655s] [ 70%] Built target akros2_msgs__rosidl_typesupport_fastrtps_c
[0.656s] [ 70%] Built target akros2_msgs
[0.656s] [ 74%] Built target akros2_msgs__py
[0.656s] [35m[1mConsolidate compiler generated dependencies of target akros2_msgs__rosidl_generator_py[0m
[0.656s] [ 80%] Built target akros2_msgs__rosidl_generator_py
[0.656s] [35m[1mConsolidate compiler generated dependencies of target akros2_msgs__rosidl_typesupport_c__pyext[0m
[0.656s] [35m[1mConsolidate compiler generated dependencies of target akros2_msgs__rosidl_typesupport_fastrtps_c__pyext[0m
[0.656s] [35m[1mConsolidate compiler generated dependencies of target akros2_msgs__rosidl_typesupport_introspection_c__pyext[0m
[0.656s] [ 87%] Built target akros2_msgs__rosidl_typesupport_fastrtps_c__pyext
[0.656s] [ 93%] Built target akros2_msgs__rosidl_typesupport_introspection_c__pyext
[0.656s] [100%] Built target akros2_msgs__rosidl_typesupport_c__pyext
[0.656s] running egg_info
[0.656s] writing akros2_msgs.egg-info/PKG-INFO
[0.656s] writing dependency_links to akros2_msgs.egg-info/dependency_links.txt
[0.656s] writing top-level names to akros2_msgs.egg-info/top_level.txt
[0.656s] reading manifest file 'akros2_msgs.egg-info/SOURCES.txt'
[0.656s] writing manifest file 'akros2_msgs.egg-info/SOURCES.txt'
[0.656s] [100%] Built target ament_cmake_python_build_akros2_msgs_egg
[0.921s] Invoked command in '/home/disney/Documents/Gustavo_codes/ros2_ws/build/akros2_msgs' returned '0': CMAKE_PREFIX_PATH=${CMAKE_PREFIX_PATH}:/home/disney/Documents/Gustavo_codes/ros2_ws/install/joy_ackerman:/home/disney/Documents/Gustavo_codes/ros2_ws/src/install/wall_follow:/home/disney/Documents/Gustavo_codes/ros2_ws/src/install/perfil_lidar:/home/disney/Documents/Gustavo_codes/ros2_ws/src/install/joy_ackerman:/home/disney/Documents/Gustavo_codes/ros2_ws/src/install/akros2_teleop:/home/disney/Documents/Gustavo_codes/ros2_ws/install/wall_follow:/home/disney/Documents/Gustavo_codes/ros2_ws/install/perfil_lidar:/home/disney/Documents/Gustavo_codes/ros2_ws/install/akros2_teleop:/opt/ros/humble /usr/bin/cmake --build /home/disney/Documents/Gustavo_codes/ros2_ws/build/akros2_msgs -- -j12 -l12
[0.995s] Invoking command in '/home/disney/Documents/Gustavo_codes/ros2_ws/build/akros2_msgs': CMAKE_PREFIX_PATH=${CMAKE_PREFIX_PATH}:/home/disney/Documents/Gustavo_codes/ros2_ws/install/joy_ackerman:/home/disney/Documents/Gustavo_codes/ros2_ws/src/install/wall_follow:/home/disney/Documents/Gustavo_codes/ros2_ws/src/install/perfil_lidar:/home/disney/Documents/Gustavo_codes/ros2_ws/src/install/joy_ackerman:/home/disney/Documents/Gustavo_codes/ros2_ws/src/install/akros2_teleop:/home/disney/Documents/Gustavo_codes/ros2_ws/install/wall_follow:/home/disney/Documents/Gustavo_codes/ros2_ws/install/perfil_lidar:/home/disney/Documents/Gustavo_codes/ros2_ws/install/akros2_teleop:/opt/ros/humble /usr/bin/cmake --install /home/disney/Documents/Gustavo_codes/ros2_ws/build/akros2_msgs
[1.003s] -- Install configuration: ""
[1.003s] -- Up-to-date: /home/disney/Documents/Gustavo_codes/ros2_ws/install/akros2_msgs/share/ament_index/resource_index/rosidl_interfaces/akros2_msgs
[1.003s] -- Up-to-date: /home/disney/Documents/Gustavo_codes/ros2_ws/install/akros2_msgs/include/akros2_msgs/akros2_msgs
[1.003s] -- Up-to-date: /home/disney/Documents/Gustavo_codes/ros2_ws/install/akros2_msgs/include/akros2_msgs/akros2_msgs/msg
[1.004s] -- Up-to-date: /home/disney/Documents/Gustavo_codes/ros2_ws/install/akros2_msgs/include/akros2_msgs/akros2_msgs/msg/mode.h
[1.004s] -- Up-to-date: /home/disney/Documents/Gustavo_codes/ros2_ws/install/akros2_msgs/include/akros2_msgs/akros2_msgs/msg/rosidl_generator_c__visibility_control.h
[1.004s] -- Up-to-date: /home/disney/Documents/Gustavo_codes/ros2_ws/install/akros2_msgs/include/akros2_msgs/akros2_msgs/msg/detail
[1.004s] -- Up-to-date: /home/disney/Documents/Gustavo_codes/ros2_ws/install/akros2_msgs/include/akros2_msgs/akros2_msgs/msg/detail/mode__type_support.h
[1.004s] -- Up-to-date: /home/disney/Documents/Gustavo_codes/ros2_ws/install/akros2_msgs/include/akros2_msgs/akros2_msgs/msg/detail/mode__functions.c
[1.004s] -- Up-to-date: /home/disney/Documents/Gustavo_codes/ros2_ws/install/akros2_msgs/include/akros2_msgs/akros2_msgs/msg/detail/mode__functions.h
[1.004s] -- Up-to-date: /home/disney/Documents/Gustavo_codes/ros2_ws/install/akros2_msgs/include/akros2_msgs/akros2_msgs/msg/detail/mode__struct.h
[1.005s] -- Up-to-date: /home/disney/Documents/Gustavo_codes/ros2_ws/install/akros2_msgs/share/akros2_msgs/environment/library_path.sh
[1.005s] -- Up-to-date: /home/disney/Documents/Gustavo_codes/ros2_ws/install/akros2_msgs/share/akros2_msgs/environment/library_path.dsv
[1.005s] -- Up-to-date: /home/disney/Documents/Gustavo_codes/ros2_ws/install/akros2_msgs/lib/libakros2_msgs__rosidl_generator_c.so
[1.005s] -- Up-to-date: /home/disney/Documents/Gustavo_codes/ros2_ws/install/akros2_msgs/include/akros2_msgs/akros2_msgs
[1.005s] -- Up-to-date: /home/disney/Documents/Gustavo_codes/ros2_ws/install/akros2_msgs/include/akros2_msgs/akros2_msgs/msg
[1.005s] -- Up-to-date: /home/disney/Documents/Gustavo_codes/ros2_ws/install/akros2_msgs/include/akros2_msgs/akros2_msgs/msg/rosidl_typesupport_fastrtps_c__visibility_control.h
[1.005s] -- Up-to-date: /home/disney/Documents/Gustavo_codes/ros2_ws/install/akros2_msgs/include/akros2_msgs/akros2_msgs/msg/detail
[1.006s] -- Up-to-date: /home/disney/Documents/Gustavo_codes/ros2_ws/install/akros2_msgs/include/akros2_msgs/akros2_msgs/msg/detail/mode__rosidl_typesupport_fastrtps_c.h
[1.006s] -- Up-to-date: /home/disney/Documents/Gustavo_codes/ros2_ws/install/akros2_msgs/lib/libakros2_msgs__rosidl_typesupport_fastrtps_c.so
[1.006s] -- Up-to-date: /home/disney/Documents/Gustavo_codes/ros2_ws/install/akros2_msgs/include/akros2_msgs/akros2_msgs
[1.006s] -- Up-to-date: /home/disney/Documents/Gustavo_codes/ros2_ws/install/akros2_msgs/include/akros2_msgs/akros2_msgs/msg
[1.006s] -- Up-to-date: /home/disney/Documents/Gustavo_codes/ros2_ws/install/akros2_msgs/include/akros2_msgs/akros2_msgs/msg/rosidl_typesupport_introspection_c__visibility_control.h
[1.006s] -- Up-to-date: /home/disney/Documents/Gustavo_codes/ros2_ws/install/akros2_msgs/include/akros2_msgs/akros2_msgs/msg/detail
[1.007s] -- Up-to-date: /home/disney/Documents/Gustavo_codes/ros2_ws/install/akros2_msgs/include/akros2_msgs/akros2_msgs/msg/detail/mode__type_support.c
[1.007s] -- Up-to-date: /home/disney/Documents/Gustavo_codes/ros2_ws/install/akros2_msgs/include/akros2_msgs/akros2_msgs/msg/detail/mode__rosidl_typesupport_introspection_c.h
[1.007s] -- Up-to-date: /home/disney/Documents/Gustavo_codes/ros2_ws/install/akros2_msgs/lib/libakros2_msgs__rosidl_typesupport_introspection_c.so
[1.007s] -- Up-to-date: /home/disney/Documents/Gustavo_codes/ros2_ws/install/akros2_msgs/lib/libakros2_msgs__rosidl_typesupport_c.so
[1.007s] -- Up-to-date: /home/disney/Documents/Gustavo_codes/ros2_ws/install/akros2_msgs/include/akros2_msgs/akros2_msgs
[1.007s] -- Up-to-date: /home/disney/Documents/Gustavo_codes/ros2_ws/install/akros2_msgs/include/akros2_msgs/akros2_msgs/msg
[1.007s] -- Up-to-date: /home/disney/Documents/Gustavo_codes/ros2_ws/install/akros2_msgs/include/akros2_msgs/akros2_msgs/msg/detail
[1.008s] -- Up-to-date: /home/disney/Documents/Gustavo_codes/ros2_ws/install/akros2_msgs/include/akros2_msgs/akros2_msgs/msg/detail/mode__builder.hpp
[1.008s] -- Up-to-date: /home/disney/Documents/Gustavo_codes/ros2_ws/install/akros2_msgs/include/akros2_msgs/akros2_msgs/msg/detail/mode__struct.hpp
[1.008s] -- Up-to-date: /home/disney/Documents/Gustavo_codes/ros2_ws/install/akros2_msgs/include/akros2_msgs/akros2_msgs/msg/detail/mode__traits.hpp
[1.008s] -- Up-to-date: /home/disney/Documents/Gustavo_codes/ros2_ws/install/akros2_msgs/include/akros2_msgs/akros2_msgs/msg/mode.hpp
[1.008s] -- Up-to-date: /home/disney/Documents/Gustavo_codes/ros2_ws/install/akros2_msgs/include/akros2_msgs/akros2_msgs
[1.008s] -- Up-to-date: /home/disney/Documents/Gustavo_codes/ros2_ws/install/akros2_msgs/include/akros2_msgs/akros2_msgs/msg
[1.009s] -- Up-to-date: /home/disney/Documents/Gustavo_codes/ros2_ws/install/akros2_msgs/include/akros2_msgs/akros2_msgs/msg/rosidl_typesupport_fastrtps_cpp__visibility_control.h
[1.009s] -- Up-to-date: /home/disney/Documents/Gustavo_codes/ros2_ws/install/akros2_msgs/include/akros2_msgs/akros2_msgs/msg/detail
[1.009s] -- Up-to-date: /home/disney/Documents/Gustavo_codes/ros2_ws/install/akros2_msgs/include/akros2_msgs/akros2_msgs/msg/detail/dds_fastrtps
[1.009s] -- Up-to-date: /home/disney/Documents/Gustavo_codes/ros2_ws/install/akros2_msgs/include/akros2_msgs/akros2_msgs/msg/detail/mode__rosidl_typesupport_fastrtps_cpp.hpp
[1.009s] -- Up-to-date: /home/disney/Documents/Gustavo_codes/ros2_ws/install/akros2_msgs/lib/libakros2_msgs__rosidl_typesupport_fastrtps_cpp.so
[1.009s] -- Up-to-date: /home/disney/Documents/Gustavo_codes/ros2_ws/install/akros2_msgs/include/akros2_msgs/akros2_msgs
[1.009s] -- Up-to-date: /home/disney/Documents/Gustavo_codes/ros2_ws/install/akros2_msgs/include/akros2_msgs/akros2_msgs/msg
[1.010s] -- Up-to-date: /home/disney/Documents/Gustavo_codes/ros2_ws/install/akros2_msgs/include/akros2_msgs/akros2_msgs/msg/detail
[1.010s] -- Up-to-date: /home/disney/Documents/Gustavo_codes/ros2_ws/install/akros2_msgs/include/akros2_msgs/akros2_msgs/msg/detail/mode__type_support.cpp
[1.010s] -- Up-to-date: /home/disney/Documents/Gustavo_codes/ros2_ws/install/akros2_msgs/include/akros2_msgs/akros2_msgs/msg/detail/mode__rosidl_typesupport_introspection_cpp.hpp
[1.010s] -- Up-to-date: /home/disney/Documents/Gustavo_codes/ros2_ws/install/akros2_msgs/lib/libakros2_msgs__rosidl_typesupport_introspection_cpp.so
[1.010s] -- Up-to-date: /home/disney/Documents/Gustavo_codes/ros2_ws/install/akros2_msgs/lib/libakros2_msgs__rosidl_typesupport_cpp.so
[1.010s] -- Up-to-date: /home/disney/Documents/Gustavo_codes/ros2_ws/install/akros2_msgs/share/akros2_msgs/environment/pythonpath.sh
[1.010s] -- Up-to-date: /home/disney/Documents/Gustavo_codes/ros2_ws/install/akros2_msgs/share/akros2_msgs/environment/pythonpath.dsv
[1.010s] -- Up-to-date: /home/disney/Documents/Gustavo_codes/ros2_ws/install/akros2_msgs/local/lib/python3.10/dist-packages/akros2_msgs-0.0.0-py3.10.egg-info
[1.011s] -- Installing: /home/disney/Documents/Gustavo_codes/ros2_ws/install/akros2_msgs/local/lib/python3.10/dist-packages/akros2_msgs-0.0.0-py3.10.egg-info/PKG-INFO
[1.011s] -- Installing: /home/disney/Documents/Gustavo_codes/ros2_ws/install/akros2_msgs/local/lib/python3.10/dist-packages/akros2_msgs-0.0.0-py3.10.egg-info/dependency_links.txt
[1.011s] -- Installing: /home/disney/Documents/Gustavo_codes/ros2_ws/install/akros2_msgs/local/lib/python3.10/dist-packages/akros2_msgs-0.0.0-py3.10.egg-info/SOURCES.txt
[1.011s] -- Installing: /home/disney/Documents/Gustavo_codes/ros2_ws/install/akros2_msgs/local/lib/python3.10/dist-packages/akros2_msgs-0.0.0-py3.10.egg-info/top_level.txt
[1.011s] -- Up-to-date: /home/disney/Documents/Gustavo_codes/ros2_ws/install/akros2_msgs/local/lib/python3.10/dist-packages/akros2_msgs
[1.011s] -- Up-to-date: /home/disney/Documents/Gustavo_codes/ros2_ws/install/akros2_msgs/local/lib/python3.10/dist-packages/akros2_msgs/_akros2_msgs_s.ep.rosidl_typesupport_introspection_c.c
[1.011s] -- Up-to-date: /home/disney/Documents/Gustavo_codes/ros2_ws/install/akros2_msgs/local/lib/python3.10/dist-packages/akros2_msgs/akros2_msgs_s__rosidl_typesupport_introspection_c.cpython-310-x86_64-linux-gnu.so
[1.011s] -- Up-to-date: /home/disney/Documents/Gustavo_codes/ros2_ws/install/akros2_msgs/local/lib/python3.10/dist-packages/akros2_msgs/__init__.py
[1.012s] -- Up-to-date: /home/disney/Documents/Gustavo_codes/ros2_ws/install/akros2_msgs/local/lib/python3.10/dist-packages/akros2_msgs/msg
[1.012s] -- Up-to-date: /home/disney/Documents/Gustavo_codes/ros2_ws/install/akros2_msgs/local/lib/python3.10/dist-packages/akros2_msgs/msg/__init__.py
[1.012s] -- Up-to-date: /home/disney/Documents/Gustavo_codes/ros2_ws/install/akros2_msgs/local/lib/python3.10/dist-packages/akros2_msgs/msg/_mode.py
[1.012s] -- Up-to-date: /home/disney/Documents/Gustavo_codes/ros2_ws/install/akros2_msgs/local/lib/python3.10/dist-packages/akros2_msgs/msg/_mode_s.c
[1.012s] -- Up-to-date: /home/disney/Documents/Gustavo_codes/ros2_ws/install/akros2_msgs/local/lib/python3.10/dist-packages/akros2_msgs/akros2_msgs_s__rosidl_typesupport_fastrtps_c.cpython-310-x86_64-linux-gnu.so
[1.012s] -- Up-to-date: /home/disney/Documents/Gustavo_codes/ros2_ws/install/akros2_msgs/local/lib/python3.10/dist-packages/akros2_msgs/_akros2_msgs_s.ep.rosidl_typesupport_fastrtps_c.c
[1.012s] -- Up-to-date: /home/disney/Documents/Gustavo_codes/ros2_ws/install/akros2_msgs/local/lib/python3.10/dist-packages/akros2_msgs/akros2_msgs_s__rosidl_typesupport_c.cpython-310-x86_64-linux-gnu.so
[1.012s] -- Up-to-date: /home/disney/Documents/Gustavo_codes/ros2_ws/install/akros2_msgs/local/lib/python3.10/dist-packages/akros2_msgs/libakros2_msgs__rosidl_generator_py.so
[1.013s] -- Up-to-date: /home/disney/Documents/Gustavo_codes/ros2_ws/install/akros2_msgs/local/lib/python3.10/dist-packages/akros2_msgs/_akros2_msgs_s.ep.rosidl_typesupport_c.c
[1.047s] Listing '/home/disney/Documents/Gustavo_codes/ros2_ws/install/akros2_msgs/local/lib/python3.10/dist-packages/akros2_msgs'...
[1.047s] Listing '/home/disney/Documents/Gustavo_codes/ros2_ws/install/akros2_msgs/local/lib/python3.10/dist-packages/akros2_msgs/msg'...
[1.051s] -- Up-to-date: /home/disney/Documents/Gustavo_codes/ros2_ws/install/akros2_msgs/local/lib/python3.10/dist-packages/akros2_msgs/akros2_msgs_s__rosidl_typesupport_fastrtps_c.cpython-310-x86_64-linux-gnu.so
[1.051s] -- Up-to-date: /home/disney/Documents/Gustavo_codes/ros2_ws/install/akros2_msgs/local/lib/python3.10/dist-packages/akros2_msgs/akros2_msgs_s__rosidl_typesupport_introspection_c.cpython-310-x86_64-linux-gnu.so
[1.051s] -- Up-to-date: /home/disney/Documents/Gustavo_codes/ros2_ws/install/akros2_msgs/local/lib/python3.10/dist-packages/akros2_msgs/akros2_msgs_s__rosidl_typesupport_c.cpython-310-x86_64-linux-gnu.so
[1.052s] -- Up-to-date: /home/disney/Documents/Gustavo_codes/ros2_ws/install/akros2_msgs/lib/libakros2_msgs__rosidl_generator_py.so
[1.052s] -- Up-to-date: /home/disney/Documents/Gustavo_codes/ros2_ws/install/akros2_msgs/share/akros2_msgs/msg/Mode.idl
[1.052s] -- Up-to-date: /home/disney/Documents/Gustavo_codes/ros2_ws/install/akros2_msgs/share/akros2_msgs/msg/Mode.msg
[1.053s] -- Up-to-date: /home/disney/Documents/Gustavo_codes/ros2_ws/install/akros2_msgs/share/ament_index/resource_index/package_run_dependencies/akros2_msgs
[1.053s] -- Up-to-date: /home/disney/Documents/Gustavo_codes/ros2_ws/install/akros2_msgs/share/ament_index/resource_index/parent_prefix_path/akros2_msgs
[1.053s] -- Up-to-date: /home/disney/Documents/Gustavo_codes/ros2_ws/install/akros2_msgs/share/akros2_msgs/environment/ament_prefix_path.sh
[1.053s] -- Up-to-date: /home/disney/Documents/Gustavo_codes/ros2_ws/install/akros2_msgs/share/akros2_msgs/environment/ament_prefix_path.dsv
[1.053s] -- Up-to-date: /home/disney/Documents/Gustavo_codes/ros2_ws/install/akros2_msgs/share/akros2_msgs/environment/path.sh
[1.053s] -- Up-to-date: /home/disney/Documents/Gustavo_codes/ros2_ws/install/akros2_msgs/share/akros2_msgs/environment/path.dsv
[1.053s] -- Up-to-date: /home/disney/Documents/Gustavo_codes/ros2_ws/install/akros2_msgs/share/akros2_msgs/local_setup.bash
[1.053s] -- Up-to-date: /home/disney/Documents/Gustavo_codes/ros2_ws/install/akros2_msgs/share/akros2_msgs/local_setup.sh
[1.053s] -- Up-to-date: /home/disney/Documents/Gustavo_codes/ros2_ws/install/akros2_msgs/share/akros2_msgs/local_setup.zsh
[1.053s] -- Up-to-date: /home/disney/Documents/Gustavo_codes/ros2_ws/install/akros2_msgs/share/akros2_msgs/local_setup.dsv
[1.054s] -- Installing: /home/disney/Documents/Gustavo_codes/ros2_ws/install/akros2_msgs/share/akros2_msgs/package.dsv
[1.054s] -- Up-to-date: /home/disney/Documents/Gustavo_codes/ros2_ws/install/akros2_msgs/share/ament_index/resource_index/packages/akros2_msgs
[1.054s] -- Up-to-date: /home/disney/Documents/Gustavo_codes/ros2_ws/install/akros2_msgs/share/akros2_msgs/cmake/export_akros2_msgs__rosidl_generator_cExport.cmake
[1.054s] -- Up-to-date: /home/disney/Documents/Gustavo_codes/ros2_ws/install/akros2_msgs/share/akros2_msgs/cmake/export_akros2_msgs__rosidl_generator_cExport-noconfig.cmake
[1.054s] -- Up-to-date: /home/disney/Documents/Gustavo_codes/ros2_ws/install/akros2_msgs/share/akros2_msgs/cmake/export_akros2_msgs__rosidl_typesupport_fastrtps_cExport.cmake
[1.054s] -- Up-to-date: /home/disney/Documents/Gustavo_codes/ros2_ws/install/akros2_msgs/share/akros2_msgs/cmake/export_akros2_msgs__rosidl_typesupport_fastrtps_cExport-noconfig.cmake
[1.054s] -- Up-to-date: /home/disney/Documents/Gustavo_codes/ros2_ws/install/akros2_msgs/share/akros2_msgs/cmake/akros2_msgs__rosidl_typesupport_introspection_cExport.cmake
[1.054s] -- Up-to-date: /home/disney/Documents/Gustavo_codes/ros2_ws/install/akros2_msgs/share/akros2_msgs/cmake/akros2_msgs__rosidl_typesupport_introspection_cExport-noconfig.cmake
[1.054s] -- Up-to-date: /home/disney/Documents/Gustavo_codes/ros2_ws/install/akros2_msgs/share/akros2_msgs/cmake/akros2_msgs__rosidl_typesupport_cExport.cmake
[1.054s] -- Up-to-date: /home/disney/Documents/Gustavo_codes/ros2_ws/install/akros2_msgs/share/akros2_msgs/cmake/akros2_msgs__rosidl_typesupport_cExport-noconfig.cmake
[1.054s] -- Up-to-date: /home/disney/Documents/Gustavo_codes/ros2_ws/install/akros2_msgs/share/akros2_msgs/cmake/export_akros2_msgs__rosidl_generator_cppExport.cmake
[1.055s] -- Up-to-date: /home/disney/Documents/Gustavo_codes/ros2_ws/install/akros2_msgs/share/akros2_msgs/cmake/export_akros2_msgs__rosidl_typesupport_fastrtps_cppExport.cmake
[1.055s] -- Up-to-date: /home/disney/Documents/Gustavo_codes/ros2_ws/install/akros2_msgs/share/akros2_msgs/cmake/export_akros2_msgs__rosidl_typesupport_fastrtps_cppExport-noconfig.cmake
[1.055s] -- Up-to-date: /home/disney/Documents/Gustavo_codes/ros2_ws/install/akros2_msgs/share/akros2_msgs/cmake/akros2_msgs__rosidl_typesupport_introspection_cppExport.cmake
[1.055s] -- Up-to-date: /home/disney/Documents/Gustavo_codes/ros2_ws/install/akros2_msgs/share/akros2_msgs/cmake/akros2_msgs__rosidl_typesupport_introspection_cppExport-noconfig.cmake
[1.055s] -- Up-to-date: /home/disney/Documents/Gustavo_codes/ros2_ws/install/akros2_msgs/share/akros2_msgs/cmake/akros2_msgs__rosidl_typesupport_cppExport.cmake
[1.055s] -- Up-to-date: /home/disney/Documents/Gustavo_codes/ros2_ws/install/akros2_msgs/share/akros2_msgs/cmake/akros2_msgs__rosidl_typesupport_cppExport-noconfig.cmake
[1.055s] -- Up-to-date: /home/disney/Documents/Gustavo_codes/ros2_ws/install/akros2_msgs/share/akros2_msgs/cmake/export_akros2_msgs__rosidl_generator_pyExport.cmake
[1.055s] -- Up-to-date: /home/disney/Documents/Gustavo_codes/ros2_ws/install/akros2_msgs/share/akros2_msgs/cmake/export_akros2_msgs__rosidl_generator_pyExport-noconfig.cmake
[1.055s] -- Up-to-date: /home/disney/Documents/Gustavo_codes/ros2_ws/install/akros2_msgs/share/akros2_msgs/cmake/rosidl_cmake-extras.cmake
[1.055s] -- Up-to-date: /home/disney/Documents/Gustavo_codes/ros2_ws/install/akros2_msgs/share/akros2_msgs/cmake/ament_cmake_export_dependencies-extras.cmake
[1.056s] -- Up-to-date: /home/disney/Documents/Gustavo_codes/ros2_ws/install/akros2_msgs/share/akros2_msgs/cmake/ament_cmake_export_include_directories-extras.cmake
[1.056s] -- Up-to-date: /home/disney/Documents/Gustavo_codes/ros2_ws/install/akros2_msgs/share/akros2_msgs/cmake/ament_cmake_export_libraries-extras.cmake
[1.056s] -- Up-to-date: /home/disney/Documents/Gustavo_codes/ros2_ws/install/akros2_msgs/share/akros2_msgs/cmake/ament_cmake_export_targets-extras.cmake
[1.056s] -- Up-to-date: /home/disney/Documents/Gustavo_codes/ros2_ws/install/akros2_msgs/share/akros2_msgs/cmake/rosidl_cmake_export_typesupport_targets-extras.cmake
[1.056s] -- Up-to-date: /home/disney/Documents/Gustavo_codes/ros2_ws/install/akros2_msgs/share/akros2_msgs/cmake/rosidl_cmake_export_typesupport_libraries-extras.cmake
[1.056s] -- Up-to-date: /home/disney/Documents/Gustavo_codes/ros2_ws/install/akros2_msgs/share/akros2_msgs/cmake/akros2_msgsConfig.cmake
[1.056s] -- Up-to-date: /home/disney/Documents/Gustavo_codes/ros2_ws/install/akros2_msgs/share/akros2_msgs/cmake/akros2_msgsConfig-version.cmake
[1.056s] -- Up-to-date: /home/disney/Documents/Gustavo_codes/ros2_ws/install/akros2_msgs/share/akros2_msgs/package.xml
[1.058s] Invoked command in '/home/disney/Documents/Gustavo_codes/ros2_ws/build/akros2_msgs' returned '0': CMAKE_PREFIX_PATH=${CMAKE_PREFIX_PATH}:/home/disney/Documents/Gustavo_codes/ros2_ws/install/joy_ackerman:/home/disney/Documents/Gustavo_codes/ros2_ws/src/install/wall_follow:/home/disney/Documents/Gustavo_codes/ros2_ws/src/install/perfil_lidar:/home/disney/Documents/Gustavo_codes/ros2_ws/src/install/joy_ackerman:/home/disney/Documents/Gustavo_codes/ros2_ws/src/install/akros2_teleop:/home/disney/Documents/Gustavo_codes/ros2_ws/install/wall_follow:/home/disney/Documents/Gustavo_codes/ros2_ws/install/perfil_lidar:/home/disney/Documents/Gustavo_codes/ros2_ws/install/akros2_teleop:/opt/ros/humble /usr/bin/cmake --install /home/disney/Documents/Gustavo_codes/ros2_ws/build/akros2_msgs
