running egg_info
creating ../../build/akros2_teleop/akros2_teleop.egg-info
writing ../../build/akros2_teleop/akros2_teleop.egg-info/PKG-INFO
writing dependency_links to ../../build/akros2_teleop/akros2_teleop.egg-info/dependency_links.txt
writing entry points to ../../build/akros2_teleop/akros2_teleop.egg-info/entry_points.txt
writing requirements to ../../build/akros2_teleop/akros2_teleop.egg-info/requires.txt
writing top-level names to ../../build/akros2_teleop/akros2_teleop.egg-info/top_level.txt
writing manifest file '../../build/akros2_teleop/akros2_teleop.egg-info/SOURCES.txt'
reading manifest file '../../build/akros2_teleop/akros2_teleop.egg-info/SOURCES.txt'
adding license file 'LICENSE'
writing manifest file '../../build/akros2_teleop/akros2_teleop.egg-info/SOURCES.txt'
running build
running build_py
creating /home/disney/ros2_ws/build/akros2_teleop/build
creating /home/disney/ros2_ws/build/akros2_teleop/build/lib
creating /home/disney/ros2_ws/build/akros2_teleop/build/lib/akros2_teleop
copying akros2_teleop/twist_mixer_node.py -> /home/disney/ros2_ws/build/akros2_teleop/build/lib/akros2_teleop
copying akros2_teleop/teleop_node.py -> /home/disney/ros2_ws/build/akros2_teleop/build/lib/akros2_teleop
copying akros2_teleop/__init__.py -> /home/disney/ros2_ws/build/akros2_teleop/build/lib/akros2_teleop
copying akros2_teleop/joy_mode_handler.py -> /home/disney/ros2_ws/build/akros2_teleop/build/lib/akros2_teleop
running install
running install_lib
creating /home/disney/ros2_ws/install/akros2_teleop/lib/python3.10/site-packages/akros2_teleop
copying /home/disney/ros2_ws/build/akros2_teleop/build/lib/akros2_teleop/twist_mixer_node.py -> /home/disney/ros2_ws/install/akros2_teleop/lib/python3.10/site-packages/akros2_teleop
copying /home/disney/ros2_ws/build/akros2_teleop/build/lib/akros2_teleop/teleop_node.py -> /home/disney/ros2_ws/install/akros2_teleop/lib/python3.10/site-packages/akros2_teleop
copying /home/disney/ros2_ws/build/akros2_teleop/build/lib/akros2_teleop/__init__.py -> /home/disney/ros2_ws/install/akros2_teleop/lib/python3.10/site-packages/akros2_teleop
copying /home/disney/ros2_ws/build/akros2_teleop/build/lib/akros2_teleop/joy_mode_handler.py -> /home/disney/ros2_ws/install/akros2_teleop/lib/python3.10/site-packages/akros2_teleop
byte-compiling /home/disney/ros2_ws/install/akros2_teleop/lib/python3.10/site-packages/akros2_teleop/twist_mixer_node.py to twist_mixer_node.cpython-310.pyc
byte-compiling /home/disney/ros2_ws/install/akros2_teleop/lib/python3.10/site-packages/akros2_teleop/teleop_node.py to teleop_node.cpython-310.pyc
byte-compiling /home/disney/ros2_ws/install/akros2_teleop/lib/python3.10/site-packages/akros2_teleop/__init__.py to __init__.cpython-310.pyc
byte-compiling /home/disney/ros2_ws/install/akros2_teleop/lib/python3.10/site-packages/akros2_teleop/joy_mode_handler.py to joy_mode_handler.cpython-310.pyc
running install_data
creating /home/disney/ros2_ws/install/akros2_teleop/share/ament_index
creating /home/disney/ros2_ws/install/akros2_teleop/share/ament_index/resource_index
creating /home/disney/ros2_ws/install/akros2_teleop/share/ament_index/resource_index/packages
copying resource/akros2_teleop -> /home/disney/ros2_ws/install/akros2_teleop/share/ament_index/resource_index/packages
copying package.xml -> /home/disney/ros2_ws/install/akros2_teleop/share/akros2_teleop
creating /home/disney/ros2_ws/install/akros2_teleop/share/akros2_teleop/launch
copying launch/joy_launch.py -> /home/disney/ros2_ws/install/akros2_teleop/share/akros2_teleop/launch
copying launch/teleop_launch.py -> /home/disney/ros2_ws/install/akros2_teleop/share/akros2_teleop/launch
creating /home/disney/ros2_ws/install/akros2_teleop/share/akros2_teleop/config
copying config/stadia_twist_config.yaml -> /home/disney/ros2_ws/install/akros2_teleop/share/akros2_teleop/config
copying config/steamdeck_mode_config.yaml -> /home/disney/ros2_ws/install/akros2_teleop/share/akros2_teleop/config
copying config/ps4_twist_config.yaml -> /home/disney/ros2_ws/install/akros2_teleop/share/akros2_teleop/config
copying config/sn30pro_twist_config.yaml -> /home/disney/ros2_ws/install/akros2_teleop/share/akros2_teleop/config
copying config/sn30pro_mode_config.yaml -> /home/disney/ros2_ws/install/akros2_teleop/share/akros2_teleop/config
copying config/steamdeck_twist_config.yaml -> /home/disney/ros2_ws/install/akros2_teleop/share/akros2_teleop/config
copying config/stadia_mode_config.yaml -> /home/disney/ros2_ws/install/akros2_teleop/share/akros2_teleop/config
copying config/ps4_mode_config.yaml -> /home/disney/ros2_ws/install/akros2_teleop/share/akros2_teleop/config
running install_egg_info
Copying ../../build/akros2_teleop/akros2_teleop.egg-info to /home/disney/ros2_ws/install/akros2_teleop/lib/python3.10/site-packages/akros2_teleop-0.0.0-py3.10.egg-info
running install_scripts
Installing joy_mode_handler script to /home/disney/ros2_ws/install/akros2_teleop/lib/akros2_teleop
Installing teleop_node script to /home/disney/ros2_ws/install/akros2_teleop/lib/akros2_teleop
Installing twist_mixer script to /home/disney/ros2_ws/install/akros2_teleop/lib/akros2_teleop
writing list of installed files to '/home/disney/ros2_ws/build/akros2_teleop/install.log'
