[1.584s] Invoking command in '/home/disney/ros2_ws/src/akros2_teleop': PYTHONPATH=/home/disney/ros2_ws/build/akros2_teleop/prefix_override:/home/disney/ros2_ws/install/akros2_teleop/lib/python3.10/site-packages:${PYTHONPATH} /usr/bin/python3 setup.py egg_info --egg-base ../../build/akros2_teleop build --build-base /home/disney/ros2_ws/build/akros2_teleop/build install --record /home/disney/ros2_ws/build/akros2_teleop/install.log --single-version-externally-managed
[1.833s] running egg_info
[1.834s] creating ../../build/akros2_teleop/akros2_teleop.egg-info
[1.834s] writing ../../build/akros2_teleop/akros2_teleop.egg-info/PKG-INFO
[1.834s] writing dependency_links to ../../build/akros2_teleop/akros2_teleop.egg-info/dependency_links.txt
[1.834s] writing entry points to ../../build/akros2_teleop/akros2_teleop.egg-info/entry_points.txt
[1.835s] writing requirements to ../../build/akros2_teleop/akros2_teleop.egg-info/requires.txt
[1.835s] writing top-level names to ../../build/akros2_teleop/akros2_teleop.egg-info/top_level.txt
[1.835s] writing manifest file '../../build/akros2_teleop/akros2_teleop.egg-info/SOURCES.txt'
[1.836s] reading manifest file '../../build/akros2_teleop/akros2_teleop.egg-info/SOURCES.txt'
[1.836s] adding license file 'LICENSE'
[1.837s] writing manifest file '../../build/akros2_teleop/akros2_teleop.egg-info/SOURCES.txt'
[1.837s] running build
[1.838s] running build_py
[1.838s] creating /home/disney/ros2_ws/build/akros2_teleop/build
[1.838s] creating /home/disney/ros2_ws/build/akros2_teleop/build/lib
[1.838s] creating /home/disney/ros2_ws/build/akros2_teleop/build/lib/akros2_teleop
[1.838s] copying akros2_teleop/twist_mixer_node.py -> /home/disney/ros2_ws/build/akros2_teleop/build/lib/akros2_teleop
[1.838s] copying akros2_teleop/teleop_node.py -> /home/disney/ros2_ws/build/akros2_teleop/build/lib/akros2_teleop
[1.838s] copying akros2_teleop/__init__.py -> /home/disney/ros2_ws/build/akros2_teleop/build/lib/akros2_teleop
[1.838s] copying akros2_teleop/joy_mode_handler.py -> /home/disney/ros2_ws/build/akros2_teleop/build/lib/akros2_teleop
[1.838s] running install
[1.838s] running install_lib
[1.839s] creating /home/disney/ros2_ws/install/akros2_teleop/lib/python3.10/site-packages/akros2_teleop
[1.839s] copying /home/disney/ros2_ws/build/akros2_teleop/build/lib/akros2_teleop/twist_mixer_node.py -> /home/disney/ros2_ws/install/akros2_teleop/lib/python3.10/site-packages/akros2_teleop
[1.839s] copying /home/disney/ros2_ws/build/akros2_teleop/build/lib/akros2_teleop/teleop_node.py -> /home/disney/ros2_ws/install/akros2_teleop/lib/python3.10/site-packages/akros2_teleop
[1.840s] copying /home/disney/ros2_ws/build/akros2_teleop/build/lib/akros2_teleop/__init__.py -> /home/disney/ros2_ws/install/akros2_teleop/lib/python3.10/site-packages/akros2_teleop
[1.840s] copying /home/disney/ros2_ws/build/akros2_teleop/build/lib/akros2_teleop/joy_mode_handler.py -> /home/disney/ros2_ws/install/akros2_teleop/lib/python3.10/site-packages/akros2_teleop
[1.840s] byte-compiling /home/disney/ros2_ws/install/akros2_teleop/lib/python3.10/site-packages/akros2_teleop/twist_mixer_node.py to twist_mixer_node.cpython-310.pyc
[1.841s] byte-compiling /home/disney/ros2_ws/install/akros2_teleop/lib/python3.10/site-packages/akros2_teleop/teleop_node.py to teleop_node.cpython-310.pyc
[1.841s] byte-compiling /home/disney/ros2_ws/install/akros2_teleop/lib/python3.10/site-packages/akros2_teleop/__init__.py to __init__.cpython-310.pyc
[1.841s] byte-compiling /home/disney/ros2_ws/install/akros2_teleop/lib/python3.10/site-packages/akros2_teleop/joy_mode_handler.py to joy_mode_handler.cpython-310.pyc
[1.842s] running install_data
[1.842s] creating /home/disney/ros2_ws/install/akros2_teleop/share/ament_index
[1.843s] creating /home/disney/ros2_ws/install/akros2_teleop/share/ament_index/resource_index
[1.843s] creating /home/disney/ros2_ws/install/akros2_teleop/share/ament_index/resource_index/packages
[1.843s] copying resource/akros2_teleop -> /home/disney/ros2_ws/install/akros2_teleop/share/ament_index/resource_index/packages
[1.843s] copying package.xml -> /home/disney/ros2_ws/install/akros2_teleop/share/akros2_teleop
[1.843s] creating /home/disney/ros2_ws/install/akros2_teleop/share/akros2_teleop/launch
[1.843s] copying launch/joy_launch.py -> /home/disney/ros2_ws/install/akros2_teleop/share/akros2_teleop/launch
[1.843s] copying launch/teleop_launch.py -> /home/disney/ros2_ws/install/akros2_teleop/share/akros2_teleop/launch
[1.843s] creating /home/disney/ros2_ws/install/akros2_teleop/share/akros2_teleop/config
[1.843s] copying config/stadia_twist_config.yaml -> /home/disney/ros2_ws/install/akros2_teleop/share/akros2_teleop/config
[1.844s] copying config/steamdeck_mode_config.yaml -> /home/disney/ros2_ws/install/akros2_teleop/share/akros2_teleop/config
[1.844s] copying config/ps4_twist_config.yaml -> /home/disney/ros2_ws/install/akros2_teleop/share/akros2_teleop/config
[1.844s] copying config/sn30pro_twist_config.yaml -> /home/disney/ros2_ws/install/akros2_teleop/share/akros2_teleop/config
[1.844s] copying config/sn30pro_mode_config.yaml -> /home/disney/ros2_ws/install/akros2_teleop/share/akros2_teleop/config
[1.844s] copying config/steamdeck_twist_config.yaml -> /home/disney/ros2_ws/install/akros2_teleop/share/akros2_teleop/config
[1.844s] copying config/stadia_mode_config.yaml -> /home/disney/ros2_ws/install/akros2_teleop/share/akros2_teleop/config
[1.845s] copying config/ps4_mode_config.yaml -> /home/disney/ros2_ws/install/akros2_teleop/share/akros2_teleop/config
[1.845s] running install_egg_info
[1.845s] Copying ../../build/akros2_teleop/akros2_teleop.egg-info to /home/disney/ros2_ws/install/akros2_teleop/lib/python3.10/site-packages/akros2_teleop-0.0.0-py3.10.egg-info
[1.846s] running install_scripts
[1.864s] Installing joy_mode_handler script to /home/disney/ros2_ws/install/akros2_teleop/lib/akros2_teleop
[1.864s] Installing teleop_node script to /home/disney/ros2_ws/install/akros2_teleop/lib/akros2_teleop
[1.864s] Installing twist_mixer script to /home/disney/ros2_ws/install/akros2_teleop/lib/akros2_teleop
[1.864s] writing list of installed files to '/home/disney/ros2_ws/build/akros2_teleop/install.log'
[1.962s] Invoked command in '/home/disney/ros2_ws/src/akros2_teleop' returned '0': PYTHONPATH=/home/disney/ros2_ws/build/akros2_teleop/prefix_override:/home/disney/ros2_ws/install/akros2_teleop/lib/python3.10/site-packages:${PYTHONPATH} /usr/bin/python3 setup.py egg_info --egg-base ../../build/akros2_teleop build --build-base /home/disney/ros2_ws/build/akros2_teleop/build install --record /home/disney/ros2_ws/build/akros2_teleop/install.log --single-version-externally-managed
