[1.407s] Invoking command in '/home/disney/ros2_ws/src/wall_follow': PYTHONPATH=/home/disney/ros2_ws/build/wall_follow/prefix_override:/home/disney/ros2_ws/install/wall_follow/lib/python3.10/site-packages:${PYTHONPATH} /usr/bin/python3 setup.py egg_info --egg-base ../../build/wall_follow build --build-base /home/disney/ros2_ws/build/wall_follow/build install --record /home/disney/ros2_ws/build/wall_follow/install.log --install-scripts $base/lib/wall_follow --single-version-externally-managed
[1.628s] /home/disney/.local/lib/python3.10/site-packages/setuptools/dist.py:717: UserWarning: Usage of dash-separated 'script-dir' will not be supported in future versions. Please use the underscore name 'script_dir' instead
[1.628s]   warnings.warn(
[1.653s] running egg_info
[1.654s] creating ../../build/wall_follow/wall_follow.egg-info
[1.654s] writing ../../build/wall_follow/wall_follow.egg-info/PKG-INFO
[1.655s] writing dependency_links to ../../build/wall_follow/wall_follow.egg-info/dependency_links.txt
[1.655s] writing entry points to ../../build/wall_follow/wall_follow.egg-info/entry_points.txt
[1.655s] writing requirements to ../../build/wall_follow/wall_follow.egg-info/requires.txt
[1.655s] writing top-level names to ../../build/wall_follow/wall_follow.egg-info/top_level.txt
[1.655s] writing manifest file '../../build/wall_follow/wall_follow.egg-info/SOURCES.txt'
[1.656s] reading manifest file '../../build/wall_follow/wall_follow.egg-info/SOURCES.txt'
[1.657s] writing manifest file '../../build/wall_follow/wall_follow.egg-info/SOURCES.txt'
[1.657s] running build
[1.657s] running build_py
[1.657s] creating /home/disney/ros2_ws/build/wall_follow/build
[1.657s] creating /home/disney/ros2_ws/build/wall_follow/build/lib
[1.657s] creating /home/disney/ros2_ws/build/wall_follow/build/lib/wall_follow
[1.657s] copying wall_follow/__init__.py -> /home/disney/ros2_ws/build/wall_follow/build/lib/wall_follow
[1.658s] copying wall_follow/wall_follow.py -> /home/disney/ros2_ws/build/wall_follow/build/lib/wall_follow
[1.660s] running install
[1.660s] running install_lib
[1.661s] creating /home/disney/ros2_ws/install/wall_follow/lib/python3.10/site-packages/wall_follow
[1.661s] copying /home/disney/ros2_ws/build/wall_follow/build/lib/wall_follow/__init__.py -> /home/disney/ros2_ws/install/wall_follow/lib/python3.10/site-packages/wall_follow
[1.661s] copying /home/disney/ros2_ws/build/wall_follow/build/lib/wall_follow/wall_follow.py -> /home/disney/ros2_ws/install/wall_follow/lib/python3.10/site-packages/wall_follow
[1.662s] byte-compiling /home/disney/ros2_ws/install/wall_follow/lib/python3.10/site-packages/wall_follow/__init__.py to __init__.cpython-310.pyc
[1.662s] byte-compiling /home/disney/ros2_ws/install/wall_follow/lib/python3.10/site-packages/wall_follow/wall_follow.py to wall_follow.cpython-310.pyc
[1.663s] running install_data
[1.664s] creating /home/disney/ros2_ws/install/wall_follow/share/ament_index
[1.664s] creating /home/disney/ros2_ws/install/wall_follow/share/ament_index/resource_index
[1.664s] creating /home/disney/ros2_ws/install/wall_follow/share/ament_index/resource_index/packages
[1.664s] copying resource/wall_follow -> /home/disney/ros2_ws/install/wall_follow/share/ament_index/resource_index/packages
[1.664s] copying package.xml -> /home/disney/ros2_ws/install/wall_follow/share/wall_follow
[1.664s] running install_egg_info
[1.665s] Copying ../../build/wall_follow/wall_follow.egg-info to /home/disney/ros2_ws/install/wall_follow/lib/python3.10/site-packages/wall_follow-0.0.0-py3.10.egg-info
[1.666s] running install_scripts
[1.684s] Installing wall_follow script to /home/disney/ros2_ws/install/wall_follow/lib/wall_follow
[1.684s] writing list of installed files to '/home/disney/ros2_ws/build/wall_follow/install.log'
[1.716s] Invoked command in '/home/disney/ros2_ws/src/wall_follow' returned '0': PYTHONPATH=/home/disney/ros2_ws/build/wall_follow/prefix_override:/home/disney/ros2_ws/install/wall_follow/lib/python3.10/site-packages:${PYTHONPATH} /usr/bin/python3 setup.py egg_info --egg-base ../../build/wall_follow build --build-base /home/disney/ros2_ws/build/wall_follow/build install --record /home/disney/ros2_ws/build/wall_follow/install.log --install-scripts $base/lib/wall_follow --single-version-externally-managed
