[1.447s] Invoking command in '/home/disney/Documents/Gustavo_codes/ros2_ws/src/perfil_lidar': PYTHONPATH=/home/disney/Documents/Gustavo_codes/ros2_ws/build/perfil_lidar/prefix_override:/home/disney/Documents/Gustavo_codes/ros2_ws/install/perfil_lidar/lib/python3.10/site-packages:${PYTHONPATH} /usr/bin/python3 -W ignore:setup.py install is deprecated setup.py egg_info --egg-base ../../build/perfil_lidar build --build-base /home/disney/Documents/Gustavo_codes/ros2_ws/build/perfil_lidar/build install --record /home/disney/Documents/Gustavo_codes/ros2_ws/build/perfil_lidar/install.log --install-scripts $base/lib/perfil_lidar --single-version-externally-managed install_data
[1.700s] /home/disney/.local/lib/python3.10/site-packages/setuptools/dist.py:717: UserWarning: Usage of dash-separated 'script-dir' will not be supported in future versions. Please use the underscore name 'script_dir' instead
[1.700s]   warnings.warn(
[1.732s] running egg_info
[1.733s] writing ../../build/perfil_lidar/perfil_lidar.egg-info/PKG-INFO
[1.733s] writing dependency_links to ../../build/perfil_lidar/perfil_lidar.egg-info/dependency_links.txt
[1.733s] writing entry points to ../../build/perfil_lidar/perfil_lidar.egg-info/entry_points.txt
[1.733s] writing requirements to ../../build/perfil_lidar/perfil_lidar.egg-info/requires.txt
[1.733s] writing top-level names to ../../build/perfil_lidar/perfil_lidar.egg-info/top_level.txt
[1.735s] reading manifest file '../../build/perfil_lidar/perfil_lidar.egg-info/SOURCES.txt'
[1.736s] writing manifest file '../../build/perfil_lidar/perfil_lidar.egg-info/SOURCES.txt'
[1.736s] running build
[1.736s] running build_py
[1.736s] running install
[1.737s] running install_lib
[1.738s] running install_data
[1.738s] running install_egg_info
[1.740s] removing '/home/disney/Documents/Gustavo_codes/ros2_ws/install/perfil_lidar/lib/python3.10/site-packages/perfil_lidar-0.0.0-py3.10.egg-info' (and everything under it)
[1.740s] Copying ../../build/perfil_lidar/perfil_lidar.egg-info to /home/disney/Documents/Gustavo_codes/ros2_ws/install/perfil_lidar/lib/python3.10/site-packages/perfil_lidar-0.0.0-py3.10.egg-info
[1.741s] running install_scripts
[1.763s] Installing perfil_lidar script to /home/disney/Documents/Gustavo_codes/ros2_ws/install/perfil_lidar/lib/perfil_lidar
[1.764s] writing list of installed files to '/home/disney/Documents/Gustavo_codes/ros2_ws/build/perfil_lidar/install.log'
