[0.024s] Invoking command in '/home/disney/Documents/Gustavo_codes/ros2_ws/build/akros2_msgs': CMAKE_PREFIX_PATH=${CMAKE_PREFIX_PATH}:/home/disney/Documents/Gustavo_codes/ros2_ws/install/joy_ackerman:/home/disney/Documents/Gustavo_codes/ros2_ws/src/install/wall_follow:/home/disney/Documents/Gustavo_codes/ros2_ws/src/install/perfil_lidar:/home/disney/Documents/Gustavo_codes/ros2_ws/src/install/joy_ackerman:/home/disney/Documents/Gustavo_codes/ros2_ws/src/install/akros2_teleop:/home/disney/Documents/Gustavo_codes/ros2_ws/install/wall_follow:/home/disney/Documents/Gustavo_codes/ros2_ws/install/perfil_lidar:/home/disney/Documents/Gustavo_codes/ros2_ws/install/akros2_teleop:/opt/ros/humble /usr/bin/cmake /home/disney/Documents/Gustavo_codes/ros2_ws/src/akros2_msgs -DCMAKE_INSTALL_PREFIX=/home/disney/Documents/Gustavo_codes/ros2_ws/install/akros2_msgs
[0.695s] -- The C compiler identification is GNU 11.4.0
[0.696s] -- The CXX compiler identification is GNU 11.4.0
[0.696s] -- Detecting C compiler ABI info
[0.696s] -- Detecting C compiler ABI info - done
[0.696s] -- Check for working C compiler: /usr/bin/cc - skipped
[0.696s] -- Detecting C compile features
[0.696s] -- Detecting C compile features - done
[0.696s] -- Detecting CXX compiler ABI info
[0.696s] -- Detecting CXX compiler ABI info - done
[0.696s] -- Check for working CXX compiler: /usr/bin/c++ - skipped
[0.696s] -- Detecting CXX compile features
[0.696s] -- Detecting CXX compile features - done
[0.696s] -- Found ament_cmake: 1.3.8 (/opt/ros/humble/share/ament_cmake/cmake)
[0.696s] -- Found Python3: /usr/bin/python3 (found version "3.10.12") found components: Interpreter 
[0.697s] -- Found rosidl_default_generators: 1.2.0 (/opt/ros/humble/share/rosidl_default_generators/cmake)
[0.697s] -- Using all available rosidl_typesupport_c: rosidl_typesupport_fastrtps_c;rosidl_typesupport_introspection_c
[0.697s] -- Found rosidl_adapter: 3.1.5 (/opt/ros/humble/share/rosidl_adapter/cmake)
[0.697s] -- Using all available rosidl_typesupport_cpp: rosidl_typesupport_fastrtps_cpp;rosidl_typesupport_introspection_cpp
[0.697s] -- Found std_msgs: 4.2.3 (/opt/ros/humble/share/std_msgs/cmake)
[1.083s] -- Found ament_cmake_ros: 0.10.0 (/opt/ros/humble/share/ament_cmake_ros/cmake)
[1.384s] -- Using all available rosidl_typesupport_c: rosidl_typesupport_fastrtps_c;rosidl_typesupport_introspection_c
[1.763s] -- Using all available rosidl_typesupport_cpp: rosidl_typesupport_fastrtps_cpp;rosidl_typesupport_introspection_cpp
[1.792s] -- Found PythonInterp: /usr/bin/python3 (found suitable version "3.10.12", minimum required is "3.6") 
[1.794s] -- Found python_cmake_module: 0.10.0 (/opt/ros/humble/share/python_cmake_module/cmake)
[1.828s] -- Found PythonLibs: /usr/lib/x86_64-linux-gnu/libpython3.10.so (found suitable version "3.10.12", minimum required is "3.5") 
[1.828s] -- Using PYTHON_EXECUTABLE: /usr/bin/python3
[1.828s] -- Using PYTHON_INCLUDE_DIRS: /usr/include/python3.10
[1.828s] -- Using PYTHON_LIBRARIES: /usr/lib/x86_64-linux-gnu/libpython3.10.so
[1.856s] -- Found PythonExtra: .so  
[1.930s] -- Configuring done
[1.968s] -- Generating done
[1.970s] -- Build files have been written to: /home/disney/Documents/Gustavo_codes/ros2_ws/build/akros2_msgs
[1.977s] Invoked command in '/home/disney/Documents/Gustavo_codes/ros2_ws/build/akros2_msgs' returned '0': CMAKE_PREFIX_PATH=${CMAKE_PREFIX_PATH}:/home/disney/Documents/Gustavo_codes/ros2_ws/install/joy_ackerman:/home/disney/Documents/Gustavo_codes/ros2_ws/src/install/wall_follow:/home/disney/Documents/Gustavo_codes/ros2_ws/src/install/perfil_lidar:/home/disney/Documents/Gustavo_codes/ros2_ws/src/install/joy_ackerman:/home/disney/Documents/Gustavo_codes/ros2_ws/src/install/akros2_teleop:/home/disney/Documents/Gustavo_codes/ros2_ws/install/wall_follow:/home/disney/Documents/Gustavo_codes/ros2_ws/install/perfil_lidar:/home/disney/Documents/Gustavo_codes/ros2_ws/install/akros2_teleop:/opt/ros/humble /usr/bin/cmake /home/disney/Documents/Gustavo_codes/ros2_ws/src/akros2_msgs -DCMAKE_INSTALL_PREFIX=/home/disney/Documents/Gustavo_codes/ros2_ws/install/akros2_msgs
[1.979s] Invoking command in '/home/disney/Documents/Gustavo_codes/ros2_ws/build/akros2_msgs': CMAKE_PREFIX_PATH=${CMAKE_PREFIX_PATH}:/home/disney/Documents/Gustavo_codes/ros2_ws/install/joy_ackerman:/home/disney/Documents/Gustavo_codes/ros2_ws/src/install/wall_follow:/home/disney/Documents/Gustavo_codes/ros2_ws/src/install/perfil_lidar:/home/disney/Documents/Gustavo_codes/ros2_ws/src/install/joy_ackerman:/home/disney/Documents/Gustavo_codes/ros2_ws/src/install/akros2_teleop:/home/disney/Documents/Gustavo_codes/ros2_ws/install/wall_follow:/home/disney/Documents/Gustavo_codes/ros2_ws/install/perfil_lidar:/home/disney/Documents/Gustavo_codes/ros2_ws/install/akros2_teleop:/opt/ros/humble /usr/bin/cmake --build /home/disney/Documents/Gustavo_codes/ros2_ws/build/akros2_msgs -- -j12 -l12
[2.017s] [  3%] [34m[1mGenerating C code for ROS interfaces[0m
[2.025s] [  6%] [34m[1mGenerating C++ code for ROS interfaces[0m
[2.040s] [  6%] Built target ament_cmake_python_copy_akros2_msgs
[2.321s] [  6%] Built target akros2_msgs__cpp
[2.333s] [  9%] [34m[1mGenerating C++ type support dispatch for ROS interfaces[0m
[2.333s] [ 16%] [32mBuilding C object CMakeFiles/akros2_msgs__rosidl_generator_c.dir/rosidl_generator_c/akros2_msgs/msg/detail/mode__functions.c.o[0m
[2.334s] [ 16%] [34m[1mGenerating C++ introspection for ROS interfaces[0m
[2.335s] [ 19%] [34m[1mGenerating C++ type support for eProsima Fast-RTPS[0m
[2.390s] [ 22%] [32m[1mLinking C shared library libakros2_msgs__rosidl_generator_c.so[0m
[2.431s] running egg_info
[2.432s] creating akros2_msgs.egg-info
[2.432s] writing akros2_msgs.egg-info/PKG-INFO
[2.432s] writing dependency_links to akros2_msgs.egg-info/dependency_links.txt
[2.432s] writing top-level names to akros2_msgs.egg-info/top_level.txt
[2.433s] writing manifest file 'akros2_msgs.egg-info/SOURCES.txt'
[2.435s] [ 22%] Built target akros2_msgs__rosidl_generator_c
[2.436s] reading manifest file 'akros2_msgs.egg-info/SOURCES.txt'
[2.436s] writing manifest file 'akros2_msgs.egg-info/SOURCES.txt'
[2.450s] [ 25%] [34m[1mGenerating C type support dispatch for ROS interfaces[0m
[2.450s] [ 29%] [34m[1mGenerating C introspection for ROS interfaces[0m
[2.451s] [ 32%] [34m[1mGenerating C type support for eProsima Fast-RTPS[0m
[2.478s] [ 32%] Built target ament_cmake_python_build_akros2_msgs_egg
[2.628s] [ 35%] [32mBuilding CXX object CMakeFiles/akros2_msgs__rosidl_typesupport_cpp.dir/rosidl_typesupport_cpp/akros2_msgs/msg/mode__type_support.cpp.o[0m
[2.660s] [ 38%] [32mBuilding CXX object CMakeFiles/akros2_msgs__rosidl_typesupport_fastrtps_cpp.dir/rosidl_typesupport_fastrtps_cpp/akros2_msgs/msg/detail/dds_fastrtps/mode__type_support.cpp.o[0m
[2.663s] [ 41%] [32mBuilding CXX object CMakeFiles/akros2_msgs__rosidl_typesupport_introspection_cpp.dir/rosidl_typesupport_introspection_cpp/akros2_msgs/msg/detail/mode__type_support.cpp.o[0m
[2.786s] [ 45%] [32mBuilding C object CMakeFiles/akros2_msgs__rosidl_typesupport_introspection_c.dir/rosidl_typesupport_introspection_c/akros2_msgs/msg/detail/mode__type_support.c.o[0m
[2.831s] [ 48%] [32m[1mLinking C shared library libakros2_msgs__rosidl_typesupport_introspection_c.so[0m
[2.872s] [ 48%] Built target akros2_msgs__rosidl_typesupport_introspection_c
[2.879s] [ 51%] [32mBuilding CXX object CMakeFiles/akros2_msgs__rosidl_typesupport_c.dir/rosidl_typesupport_c/akros2_msgs/msg/mode__type_support.cpp.o[0m
[2.912s] [ 54%] [32mBuilding CXX object CMakeFiles/akros2_msgs__rosidl_typesupport_fastrtps_c.dir/rosidl_typesupport_fastrtps_c/akros2_msgs/msg/detail/mode__type_support_c.cpp.o[0m
[2.914s] [ 58%] [32m[1mLinking CXX shared library libakros2_msgs__rosidl_typesupport_c.so[0m
[2.965s] [ 58%] Built target akros2_msgs__rosidl_typesupport_c
[2.985s] [ 61%] [32m[1mLinking CXX shared library libakros2_msgs__rosidl_typesupport_cpp.so[0m
[3.030s] [ 61%] Built target akros2_msgs__rosidl_typesupport_cpp
[3.114s] [ 64%] [32m[1mLinking CXX shared library libakros2_msgs__rosidl_typesupport_introspection_cpp.so[0m
[3.137s] [ 67%] [32m[1mLinking CXX shared library libakros2_msgs__rosidl_typesupport_fastrtps_cpp.so[0m
[3.158s] [ 67%] Built target akros2_msgs__rosidl_typesupport_introspection_cpp
[3.225s] [ 67%] Built target akros2_msgs__rosidl_typesupport_fastrtps_cpp
[3.301s] [ 70%] [32m[1mLinking CXX shared library libakros2_msgs__rosidl_typesupport_fastrtps_c.so[0m
[3.376s] [ 70%] Built target akros2_msgs__rosidl_typesupport_fastrtps_c
[3.395s] [ 70%] Built target akros2_msgs
[3.414s] [ 74%] [34m[1mGenerating Python code for ROS interfaces[0m
[3.677s] [ 74%] Built target akros2_msgs__py
[3.696s] [ 77%] [32mBuilding C object CMakeFiles/akros2_msgs__rosidl_generator_py.dir/rosidl_generator_py/akros2_msgs/msg/_mode_s.c.o[0m
[3.792s] [ 80%] [32m[1mLinking C shared library rosidl_generator_py/akros2_msgs/libakros2_msgs__rosidl_generator_py.so[0m
[3.832s] [ 80%] Built target akros2_msgs__rosidl_generator_py
[3.852s] [ 87%] [32mBuilding C object CMakeFiles/akros2_msgs__rosidl_typesupport_fastrtps_c__pyext.dir/rosidl_generator_py/akros2_msgs/_akros2_msgs_s.ep.rosidl_typesupport_fastrtps_c.c.o[0m
[3.852s] [ 87%] [32mBuilding C object CMakeFiles/akros2_msgs__rosidl_typesupport_introspection_c__pyext.dir/rosidl_generator_py/akros2_msgs/_akros2_msgs_s.ep.rosidl_typesupport_introspection_c.c.o[0m
[3.852s] [ 90%] [32mBuilding C object CMakeFiles/akros2_msgs__rosidl_typesupport_c__pyext.dir/rosidl_generator_py/akros2_msgs/_akros2_msgs_s.ep.rosidl_typesupport_c.c.o[0m
[3.959s] [ 93%] [32m[1mLinking C shared library rosidl_generator_py/akros2_msgs/akros2_msgs_s__rosidl_typesupport_introspection_c.cpython-310-x86_64-linux-gnu.so[0m
[3.964s] [ 96%] [32m[1mLinking C shared library rosidl_generator_py/akros2_msgs/akros2_msgs_s__rosidl_typesupport_c.cpython-310-x86_64-linux-gnu.so[0m
[3.965s] [100%] [32m[1mLinking C shared library rosidl_generator_py/akros2_msgs/akros2_msgs_s__rosidl_typesupport_fastrtps_c.cpython-310-x86_64-linux-gnu.so[0m
[3.998s] [100%] Built target akros2_msgs__rosidl_typesupport_introspection_c__pyext
[4.003s] [100%] Built target akros2_msgs__rosidl_typesupport_fastrtps_c__pyext
[4.006s] [100%] Built target akros2_msgs__rosidl_typesupport_c__pyext
[4.017s] Invoked command in '/home/disney/Documents/Gustavo_codes/ros2_ws/build/akros2_msgs' returned '0': CMAKE_PREFIX_PATH=${CMAKE_PREFIX_PATH}:/home/disney/Documents/Gustavo_codes/ros2_ws/install/joy_ackerman:/home/disney/Documents/Gustavo_codes/ros2_ws/src/install/wall_follow:/home/disney/Documents/Gustavo_codes/ros2_ws/src/install/perfil_lidar:/home/disney/Documents/Gustavo_codes/ros2_ws/src/install/joy_ackerman:/home/disney/Documents/Gustavo_codes/ros2_ws/src/install/akros2_teleop:/home/disney/Documents/Gustavo_codes/ros2_ws/install/wall_follow:/home/disney/Documents/Gustavo_codes/ros2_ws/install/perfil_lidar:/home/disney/Documents/Gustavo_codes/ros2_ws/install/akros2_teleop:/opt/ros/humble /usr/bin/cmake --build /home/disney/Documents/Gustavo_codes/ros2_ws/build/akros2_msgs -- -j12 -l12
[4.086s] Invoking command in '/home/disney/Documents/Gustavo_codes/ros2_ws/build/akros2_msgs': CMAKE_PREFIX_PATH=${CMAKE_PREFIX_PATH}:/home/disney/Documents/Gustavo_codes/ros2_ws/install/joy_ackerman:/home/disney/Documents/Gustavo_codes/ros2_ws/src/install/wall_follow:/home/disney/Documents/Gustavo_codes/ros2_ws/src/install/perfil_lidar:/home/disney/Documents/Gustavo_codes/ros2_ws/src/install/joy_ackerman:/home/disney/Documents/Gustavo_codes/ros2_ws/src/install/akros2_teleop:/home/disney/Documents/Gustavo_codes/ros2_ws/install/wall_follow:/home/disney/Documents/Gustavo_codes/ros2_ws/install/perfil_lidar:/home/disney/Documents/Gustavo_codes/ros2_ws/install/akros2_teleop:/opt/ros/humble /usr/bin/cmake --install /home/disney/Documents/Gustavo_codes/ros2_ws/build/akros2_msgs
[4.093s] -- Install configuration: ""
[4.093s] -- Installing: /home/disney/Documents/Gustavo_codes/ros2_ws/install/akros2_msgs/share/ament_index/resource_index/rosidl_interfaces/akros2_msgs
[4.093s] -- Installing: /home/disney/Documents/Gustavo_codes/ros2_ws/install/akros2_msgs/include/akros2_msgs/akros2_msgs
[4.093s] -- Installing: /home/disney/Documents/Gustavo_codes/ros2_ws/install/akros2_msgs/include/akros2_msgs/akros2_msgs/msg
[4.093s] -- Installing: /home/disney/Documents/Gustavo_codes/ros2_ws/install/akros2_msgs/include/akros2_msgs/akros2_msgs/msg/mode.h
[4.093s] -- Installing: /home/disney/Documents/Gustavo_codes/ros2_ws/install/akros2_msgs/include/akros2_msgs/akros2_msgs/msg/rosidl_generator_c__visibility_control.h
[4.093s] -- Installing: /home/disney/Documents/Gustavo_codes/ros2_ws/install/akros2_msgs/include/akros2_msgs/akros2_msgs/msg/detail
[4.094s] -- Installing: /home/disney/Documents/Gustavo_codes/ros2_ws/install/akros2_msgs/include/akros2_msgs/akros2_msgs/msg/detail/mode__type_support.h
[4.094s] -- Installing: /home/disney/Documents/Gustavo_codes/ros2_ws/install/akros2_msgs/include/akros2_msgs/akros2_msgs/msg/detail/mode__functions.c
[4.094s] -- Installing: /home/disney/Documents/Gustavo_codes/ros2_ws/install/akros2_msgs/include/akros2_msgs/akros2_msgs/msg/detail/mode__functions.h
[4.094s] -- Installing: /home/disney/Documents/Gustavo_codes/ros2_ws/install/akros2_msgs/include/akros2_msgs/akros2_msgs/msg/detail/mode__struct.h
[4.094s] -- Installing: /home/disney/Documents/Gustavo_codes/ros2_ws/install/akros2_msgs/share/akros2_msgs/environment/library_path.sh
[4.094s] -- Installing: /home/disney/Documents/Gustavo_codes/ros2_ws/install/akros2_msgs/share/akros2_msgs/environment/library_path.dsv
[4.094s] -- Installing: /home/disney/Documents/Gustavo_codes/ros2_ws/install/akros2_msgs/lib/libakros2_msgs__rosidl_generator_c.so
[4.095s] -- Set runtime path of "/home/disney/Documents/Gustavo_codes/ros2_ws/install/akros2_msgs/lib/libakros2_msgs__rosidl_generator_c.so" to ""
[4.095s] -- Up-to-date: /home/disney/Documents/Gustavo_codes/ros2_ws/install/akros2_msgs/include/akros2_msgs/akros2_msgs
[4.095s] -- Up-to-date: /home/disney/Documents/Gustavo_codes/ros2_ws/install/akros2_msgs/include/akros2_msgs/akros2_msgs/msg
[4.095s] -- Installing: /home/disney/Documents/Gustavo_codes/ros2_ws/install/akros2_msgs/include/akros2_msgs/akros2_msgs/msg/rosidl_typesupport_fastrtps_c__visibility_control.h
[4.095s] -- Up-to-date: /home/disney/Documents/Gustavo_codes/ros2_ws/install/akros2_msgs/include/akros2_msgs/akros2_msgs/msg/detail
[4.095s] -- Installing: /home/disney/Documents/Gustavo_codes/ros2_ws/install/akros2_msgs/include/akros2_msgs/akros2_msgs/msg/detail/mode__rosidl_typesupport_fastrtps_c.h
[4.095s] -- Installing: /home/disney/Documents/Gustavo_codes/ros2_ws/install/akros2_msgs/lib/libakros2_msgs__rosidl_typesupport_fastrtps_c.so
[4.095s] -- Set runtime path of "/home/disney/Documents/Gustavo_codes/ros2_ws/install/akros2_msgs/lib/libakros2_msgs__rosidl_typesupport_fastrtps_c.so" to ""
[4.096s] -- Up-to-date: /home/disney/Documents/Gustavo_codes/ros2_ws/install/akros2_msgs/include/akros2_msgs/akros2_msgs
[4.096s] -- Up-to-date: /home/disney/Documents/Gustavo_codes/ros2_ws/install/akros2_msgs/include/akros2_msgs/akros2_msgs/msg
[4.096s] -- Installing: /home/disney/Documents/Gustavo_codes/ros2_ws/install/akros2_msgs/include/akros2_msgs/akros2_msgs/msg/rosidl_typesupport_introspection_c__visibility_control.h
[4.096s] -- Up-to-date: /home/disney/Documents/Gustavo_codes/ros2_ws/install/akros2_msgs/include/akros2_msgs/akros2_msgs/msg/detail
[4.096s] -- Installing: /home/disney/Documents/Gustavo_codes/ros2_ws/install/akros2_msgs/include/akros2_msgs/akros2_msgs/msg/detail/mode__type_support.c
[4.096s] -- Installing: /home/disney/Documents/Gustavo_codes/ros2_ws/install/akros2_msgs/include/akros2_msgs/akros2_msgs/msg/detail/mode__rosidl_typesupport_introspection_c.h
[4.096s] -- Installing: /home/disney/Documents/Gustavo_codes/ros2_ws/install/akros2_msgs/lib/libakros2_msgs__rosidl_typesupport_introspection_c.so
[4.096s] -- Set runtime path of "/home/disney/Documents/Gustavo_codes/ros2_ws/install/akros2_msgs/lib/libakros2_msgs__rosidl_typesupport_introspection_c.so" to ""
[4.097s] -- Installing: /home/disney/Documents/Gustavo_codes/ros2_ws/install/akros2_msgs/lib/libakros2_msgs__rosidl_typesupport_c.so
[4.097s] -- Set runtime path of "/home/disney/Documents/Gustavo_codes/ros2_ws/install/akros2_msgs/lib/libakros2_msgs__rosidl_typesupport_c.so" to ""
[4.097s] -- Up-to-date: /home/disney/Documents/Gustavo_codes/ros2_ws/install/akros2_msgs/include/akros2_msgs/akros2_msgs
[4.097s] -- Up-to-date: /home/disney/Documents/Gustavo_codes/ros2_ws/install/akros2_msgs/include/akros2_msgs/akros2_msgs/msg
[4.097s] -- Up-to-date: /home/disney/Documents/Gustavo_codes/ros2_ws/install/akros2_msgs/include/akros2_msgs/akros2_msgs/msg/detail
[4.097s] -- Installing: /home/disney/Documents/Gustavo_codes/ros2_ws/install/akros2_msgs/include/akros2_msgs/akros2_msgs/msg/detail/mode__builder.hpp
[4.097s] -- Installing: /home/disney/Documents/Gustavo_codes/ros2_ws/install/akros2_msgs/include/akros2_msgs/akros2_msgs/msg/detail/mode__struct.hpp
[4.097s] -- Installing: /home/disney/Documents/Gustavo_codes/ros2_ws/install/akros2_msgs/include/akros2_msgs/akros2_msgs/msg/detail/mode__traits.hpp
[4.097s] -- Installing: /home/disney/Documents/Gustavo_codes/ros2_ws/install/akros2_msgs/include/akros2_msgs/akros2_msgs/msg/mode.hpp
[4.098s] -- Up-to-date: /home/disney/Documents/Gustavo_codes/ros2_ws/install/akros2_msgs/include/akros2_msgs/akros2_msgs
[4.098s] -- Up-to-date: /home/disney/Documents/Gustavo_codes/ros2_ws/install/akros2_msgs/include/akros2_msgs/akros2_msgs/msg
[4.098s] -- Installing: /home/disney/Documents/Gustavo_codes/ros2_ws/install/akros2_msgs/include/akros2_msgs/akros2_msgs/msg/rosidl_typesupport_fastrtps_cpp__visibility_control.h
[4.098s] -- Up-to-date: /home/disney/Documents/Gustavo_codes/ros2_ws/install/akros2_msgs/include/akros2_msgs/akros2_msgs/msg/detail
[4.098s] -- Installing: /home/disney/Documents/Gustavo_codes/ros2_ws/install/akros2_msgs/include/akros2_msgs/akros2_msgs/msg/detail/dds_fastrtps
[4.098s] -- Installing: /home/disney/Documents/Gustavo_codes/ros2_ws/install/akros2_msgs/include/akros2_msgs/akros2_msgs/msg/detail/mode__rosidl_typesupport_fastrtps_cpp.hpp
[4.098s] -- Installing: /home/disney/Documents/Gustavo_codes/ros2_ws/install/akros2_msgs/lib/libakros2_msgs__rosidl_typesupport_fastrtps_cpp.so
[4.098s] -- Set runtime path of "/home/disney/Documents/Gustavo_codes/ros2_ws/install/akros2_msgs/lib/libakros2_msgs__rosidl_typesupport_fastrtps_cpp.so" to ""
[4.098s] -- Up-to-date: /home/disney/Documents/Gustavo_codes/ros2_ws/install/akros2_msgs/include/akros2_msgs/akros2_msgs
[4.098s] -- Up-to-date: /home/disney/Documents/Gustavo_codes/ros2_ws/install/akros2_msgs/include/akros2_msgs/akros2_msgs/msg
[4.099s] -- Up-to-date: /home/disney/Documents/Gustavo_codes/ros2_ws/install/akros2_msgs/include/akros2_msgs/akros2_msgs/msg/detail
[4.099s] -- Installing: /home/disney/Documents/Gustavo_codes/ros2_ws/install/akros2_msgs/include/akros2_msgs/akros2_msgs/msg/detail/mode__type_support.cpp
[4.099s] -- Installing: /home/disney/Documents/Gustavo_codes/ros2_ws/install/akros2_msgs/include/akros2_msgs/akros2_msgs/msg/detail/mode__rosidl_typesupport_introspection_cpp.hpp
[4.099s] -- Installing: /home/disney/Documents/Gustavo_codes/ros2_ws/install/akros2_msgs/lib/libakros2_msgs__rosidl_typesupport_introspection_cpp.so
[4.099s] -- Set runtime path of "/home/disney/Documents/Gustavo_codes/ros2_ws/install/akros2_msgs/lib/libakros2_msgs__rosidl_typesupport_introspection_cpp.so" to ""
[4.099s] -- Installing: /home/disney/Documents/Gustavo_codes/ros2_ws/install/akros2_msgs/lib/libakros2_msgs__rosidl_typesupport_cpp.so
[4.099s] -- Set runtime path of "/home/disney/Documents/Gustavo_codes/ros2_ws/install/akros2_msgs/lib/libakros2_msgs__rosidl_typesupport_cpp.so" to ""
[4.099s] -- Installing: /home/disney/Documents/Gustavo_codes/ros2_ws/install/akros2_msgs/share/akros2_msgs/environment/pythonpath.sh
[4.099s] -- Installing: /home/disney/Documents/Gustavo_codes/ros2_ws/install/akros2_msgs/share/akros2_msgs/environment/pythonpath.dsv
[4.100s] -- Installing: /home/disney/Documents/Gustavo_codes/ros2_ws/install/akros2_msgs/local/lib/python3.10/dist-packages/akros2_msgs-0.0.0-py3.10.egg-info
[4.100s] -- Installing: /home/disney/Documents/Gustavo_codes/ros2_ws/install/akros2_msgs/local/lib/python3.10/dist-packages/akros2_msgs-0.0.0-py3.10.egg-info/PKG-INFO
[4.100s] -- Installing: /home/disney/Documents/Gustavo_codes/ros2_ws/install/akros2_msgs/local/lib/python3.10/dist-packages/akros2_msgs-0.0.0-py3.10.egg-info/dependency_links.txt
[4.100s] -- Installing: /home/disney/Documents/Gustavo_codes/ros2_ws/install/akros2_msgs/local/lib/python3.10/dist-packages/akros2_msgs-0.0.0-py3.10.egg-info/SOURCES.txt
[4.100s] -- Installing: /home/disney/Documents/Gustavo_codes/ros2_ws/install/akros2_msgs/local/lib/python3.10/dist-packages/akros2_msgs-0.0.0-py3.10.egg-info/top_level.txt
[4.100s] -- Installing: /home/disney/Documents/Gustavo_codes/ros2_ws/install/akros2_msgs/local/lib/python3.10/dist-packages/akros2_msgs
[4.100s] -- Installing: /home/disney/Documents/Gustavo_codes/ros2_ws/install/akros2_msgs/local/lib/python3.10/dist-packages/akros2_msgs/_akros2_msgs_s.ep.rosidl_typesupport_introspection_c.c
[4.100s] -- Installing: /home/disney/Documents/Gustavo_codes/ros2_ws/install/akros2_msgs/local/lib/python3.10/dist-packages/akros2_msgs/akros2_msgs_s__rosidl_typesupport_introspection_c.cpython-310-x86_64-linux-gnu.so
[4.100s] -- Installing: /home/disney/Documents/Gustavo_codes/ros2_ws/install/akros2_msgs/local/lib/python3.10/dist-packages/akros2_msgs/__init__.py
[4.101s] -- Installing: /home/disney/Documents/Gustavo_codes/ros2_ws/install/akros2_msgs/local/lib/python3.10/dist-packages/akros2_msgs/msg
[4.101s] -- Installing: /home/disney/Documents/Gustavo_codes/ros2_ws/install/akros2_msgs/local/lib/python3.10/dist-packages/akros2_msgs/msg/__init__.py
[4.101s] -- Installing: /home/disney/Documents/Gustavo_codes/ros2_ws/install/akros2_msgs/local/lib/python3.10/dist-packages/akros2_msgs/msg/_mode.py
[4.101s] -- Installing: /home/disney/Documents/Gustavo_codes/ros2_ws/install/akros2_msgs/local/lib/python3.10/dist-packages/akros2_msgs/msg/_mode_s.c
[4.101s] -- Installing: /home/disney/Documents/Gustavo_codes/ros2_ws/install/akros2_msgs/local/lib/python3.10/dist-packages/akros2_msgs/akros2_msgs_s__rosidl_typesupport_fastrtps_c.cpython-310-x86_64-linux-gnu.so
[4.101s] -- Installing: /home/disney/Documents/Gustavo_codes/ros2_ws/install/akros2_msgs/local/lib/python3.10/dist-packages/akros2_msgs/_akros2_msgs_s.ep.rosidl_typesupport_fastrtps_c.c
[4.101s] -- Installing: /home/disney/Documents/Gustavo_codes/ros2_ws/install/akros2_msgs/local/lib/python3.10/dist-packages/akros2_msgs/akros2_msgs_s__rosidl_typesupport_c.cpython-310-x86_64-linux-gnu.so
[4.101s] -- Installing: /home/disney/Documents/Gustavo_codes/ros2_ws/install/akros2_msgs/local/lib/python3.10/dist-packages/akros2_msgs/libakros2_msgs__rosidl_generator_py.so
[4.101s] -- Installing: /home/disney/Documents/Gustavo_codes/ros2_ws/install/akros2_msgs/local/lib/python3.10/dist-packages/akros2_msgs/_akros2_msgs_s.ep.rosidl_typesupport_c.c
[4.135s] Listing '/home/disney/Documents/Gustavo_codes/ros2_ws/install/akros2_msgs/local/lib/python3.10/dist-packages/akros2_msgs'...
[4.135s] Compiling '/home/disney/Documents/Gustavo_codes/ros2_ws/install/akros2_msgs/local/lib/python3.10/dist-packages/akros2_msgs/__init__.py'...
[4.135s] Listing '/home/disney/Documents/Gustavo_codes/ros2_ws/install/akros2_msgs/local/lib/python3.10/dist-packages/akros2_msgs/msg'...
[4.135s] Compiling '/home/disney/Documents/Gustavo_codes/ros2_ws/install/akros2_msgs/local/lib/python3.10/dist-packages/akros2_msgs/msg/__init__.py'...
[4.136s] Compiling '/home/disney/Documents/Gustavo_codes/ros2_ws/install/akros2_msgs/local/lib/python3.10/dist-packages/akros2_msgs/msg/_mode.py'...
[4.140s] -- Installing: /home/disney/Documents/Gustavo_codes/ros2_ws/install/akros2_msgs/local/lib/python3.10/dist-packages/akros2_msgs/akros2_msgs_s__rosidl_typesupport_fastrtps_c.cpython-310-x86_64-linux-gnu.so
[4.141s] -- Set runtime path of "/home/disney/Documents/Gustavo_codes/ros2_ws/install/akros2_msgs/local/lib/python3.10/dist-packages/akros2_msgs/akros2_msgs_s__rosidl_typesupport_fastrtps_c.cpython-310-x86_64-linux-gnu.so" to ""
[4.141s] -- Installing: /home/disney/Documents/Gustavo_codes/ros2_ws/install/akros2_msgs/local/lib/python3.10/dist-packages/akros2_msgs/akros2_msgs_s__rosidl_typesupport_introspection_c.cpython-310-x86_64-linux-gnu.so
[4.141s] -- Set runtime path of "/home/disney/Documents/Gustavo_codes/ros2_ws/install/akros2_msgs/local/lib/python3.10/dist-packages/akros2_msgs/akros2_msgs_s__rosidl_typesupport_introspection_c.cpython-310-x86_64-linux-gnu.so" to ""
[4.142s] -- Installing: /home/disney/Documents/Gustavo_codes/ros2_ws/install/akros2_msgs/local/lib/python3.10/dist-packages/akros2_msgs/akros2_msgs_s__rosidl_typesupport_c.cpython-310-x86_64-linux-gnu.so
[4.142s] -- Set runtime path of "/home/disney/Documents/Gustavo_codes/ros2_ws/install/akros2_msgs/local/lib/python3.10/dist-packages/akros2_msgs/akros2_msgs_s__rosidl_typesupport_c.cpython-310-x86_64-linux-gnu.so" to ""
[4.142s] -- Installing: /home/disney/Documents/Gustavo_codes/ros2_ws/install/akros2_msgs/lib/libakros2_msgs__rosidl_generator_py.so
[4.143s] -- Set runtime path of "/home/disney/Documents/Gustavo_codes/ros2_ws/install/akros2_msgs/lib/libakros2_msgs__rosidl_generator_py.so" to ""
[4.143s] -- Installing: /home/disney/Documents/Gustavo_codes/ros2_ws/install/akros2_msgs/share/akros2_msgs/msg/Mode.idl
[4.143s] -- Installing: /home/disney/Documents/Gustavo_codes/ros2_ws/install/akros2_msgs/share/akros2_msgs/msg/Mode.msg
[4.143s] -- Installing: /home/disney/Documents/Gustavo_codes/ros2_ws/install/akros2_msgs/share/ament_index/resource_index/package_run_dependencies/akros2_msgs
[4.144s] -- Installing: /home/disney/Documents/Gustavo_codes/ros2_ws/install/akros2_msgs/share/ament_index/resource_index/parent_prefix_path/akros2_msgs
[4.144s] -- Installing: /home/disney/Documents/Gustavo_codes/ros2_ws/install/akros2_msgs/share/akros2_msgs/environment/ament_prefix_path.sh
[4.144s] -- Installing: /home/disney/Documents/Gustavo_codes/ros2_ws/install/akros2_msgs/share/akros2_msgs/environment/ament_prefix_path.dsv
[4.144s] -- Installing: /home/disney/Documents/Gustavo_codes/ros2_ws/install/akros2_msgs/share/akros2_msgs/environment/path.sh
[4.144s] -- Installing: /home/disney/Documents/Gustavo_codes/ros2_ws/install/akros2_msgs/share/akros2_msgs/environment/path.dsv
[4.144s] -- Installing: /home/disney/Documents/Gustavo_codes/ros2_ws/install/akros2_msgs/share/akros2_msgs/local_setup.bash
[4.144s] -- Installing: /home/disney/Documents/Gustavo_codes/ros2_ws/install/akros2_msgs/share/akros2_msgs/local_setup.sh
[4.144s] -- Installing: /home/disney/Documents/Gustavo_codes/ros2_ws/install/akros2_msgs/share/akros2_msgs/local_setup.zsh
[4.145s] -- Installing: /home/disney/Documents/Gustavo_codes/ros2_ws/install/akros2_msgs/share/akros2_msgs/local_setup.dsv
[4.145s] -- Installing: /home/disney/Documents/Gustavo_codes/ros2_ws/install/akros2_msgs/share/akros2_msgs/package.dsv
[4.145s] -- Installing: /home/disney/Documents/Gustavo_codes/ros2_ws/install/akros2_msgs/share/ament_index/resource_index/packages/akros2_msgs
[4.145s] -- Installing: /home/disney/Documents/Gustavo_codes/ros2_ws/install/akros2_msgs/share/akros2_msgs/cmake/export_akros2_msgs__rosidl_generator_cExport.cmake
[4.145s] -- Installing: /home/disney/Documents/Gustavo_codes/ros2_ws/install/akros2_msgs/share/akros2_msgs/cmake/export_akros2_msgs__rosidl_generator_cExport-noconfig.cmake
[4.145s] -- Installing: /home/disney/Documents/Gustavo_codes/ros2_ws/install/akros2_msgs/share/akros2_msgs/cmake/export_akros2_msgs__rosidl_typesupport_fastrtps_cExport.cmake
[4.145s] -- Installing: /home/disney/Documents/Gustavo_codes/ros2_ws/install/akros2_msgs/share/akros2_msgs/cmake/export_akros2_msgs__rosidl_typesupport_fastrtps_cExport-noconfig.cmake
[4.146s] -- Installing: /home/disney/Documents/Gustavo_codes/ros2_ws/install/akros2_msgs/share/akros2_msgs/cmake/akros2_msgs__rosidl_typesupport_introspection_cExport.cmake
[4.146s] -- Installing: /home/disney/Documents/Gustavo_codes/ros2_ws/install/akros2_msgs/share/akros2_msgs/cmake/akros2_msgs__rosidl_typesupport_introspection_cExport-noconfig.cmake
[4.146s] -- Installing: /home/disney/Documents/Gustavo_codes/ros2_ws/install/akros2_msgs/share/akros2_msgs/cmake/akros2_msgs__rosidl_typesupport_cExport.cmake
[4.146s] -- Installing: /home/disney/Documents/Gustavo_codes/ros2_ws/install/akros2_msgs/share/akros2_msgs/cmake/akros2_msgs__rosidl_typesupport_cExport-noconfig.cmake
[4.146s] -- Installing: /home/disney/Documents/Gustavo_codes/ros2_ws/install/akros2_msgs/share/akros2_msgs/cmake/export_akros2_msgs__rosidl_generator_cppExport.cmake
[4.146s] -- Installing: /home/disney/Documents/Gustavo_codes/ros2_ws/install/akros2_msgs/share/akros2_msgs/cmake/export_akros2_msgs__rosidl_typesupport_fastrtps_cppExport.cmake
[4.146s] -- Installing: /home/disney/Documents/Gustavo_codes/ros2_ws/install/akros2_msgs/share/akros2_msgs/cmake/export_akros2_msgs__rosidl_typesupport_fastrtps_cppExport-noconfig.cmake
[4.147s] -- Installing: /home/disney/Documents/Gustavo_codes/ros2_ws/install/akros2_msgs/share/akros2_msgs/cmake/akros2_msgs__rosidl_typesupport_introspection_cppExport.cmake
[4.147s] -- Installing: /home/disney/Documents/Gustavo_codes/ros2_ws/install/akros2_msgs/share/akros2_msgs/cmake/akros2_msgs__rosidl_typesupport_introspection_cppExport-noconfig.cmake
[4.147s] -- Installing: /home/disney/Documents/Gustavo_codes/ros2_ws/install/akros2_msgs/share/akros2_msgs/cmake/akros2_msgs__rosidl_typesupport_cppExport.cmake
[4.147s] -- Installing: /home/disney/Documents/Gustavo_codes/ros2_ws/install/akros2_msgs/share/akros2_msgs/cmake/akros2_msgs__rosidl_typesupport_cppExport-noconfig.cmake
[4.147s] -- Installing: /home/disney/Documents/Gustavo_codes/ros2_ws/install/akros2_msgs/share/akros2_msgs/cmake/export_akros2_msgs__rosidl_generator_pyExport.cmake
[4.147s] -- Installing: /home/disney/Documents/Gustavo_codes/ros2_ws/install/akros2_msgs/share/akros2_msgs/cmake/export_akros2_msgs__rosidl_generator_pyExport-noconfig.cmake
[4.147s] -- Installing: /home/disney/Documents/Gustavo_codes/ros2_ws/install/akros2_msgs/share/akros2_msgs/cmake/rosidl_cmake-extras.cmake
[4.147s] -- Installing: /home/disney/Documents/Gustavo_codes/ros2_ws/install/akros2_msgs/share/akros2_msgs/cmake/ament_cmake_export_dependencies-extras.cmake
[4.148s] -- Installing: /home/disney/Documents/Gustavo_codes/ros2_ws/install/akros2_msgs/share/akros2_msgs/cmake/ament_cmake_export_include_directories-extras.cmake
[4.148s] -- Installing: /home/disney/Documents/Gustavo_codes/ros2_ws/install/akros2_msgs/share/akros2_msgs/cmake/ament_cmake_export_libraries-extras.cmake
[4.148s] -- Installing: /home/disney/Documents/Gustavo_codes/ros2_ws/install/akros2_msgs/share/akros2_msgs/cmake/ament_cmake_export_targets-extras.cmake
[4.148s] -- Installing: /home/disney/Documents/Gustavo_codes/ros2_ws/install/akros2_msgs/share/akros2_msgs/cmake/rosidl_cmake_export_typesupport_targets-extras.cmake
[4.148s] -- Installing: /home/disney/Documents/Gustavo_codes/ros2_ws/install/akros2_msgs/share/akros2_msgs/cmake/rosidl_cmake_export_typesupport_libraries-extras.cmake
[4.148s] -- Installing: /home/disney/Documents/Gustavo_codes/ros2_ws/install/akros2_msgs/share/akros2_msgs/cmake/akros2_msgsConfig.cmake
[4.148s] -- Installing: /home/disney/Documents/Gustavo_codes/ros2_ws/install/akros2_msgs/share/akros2_msgs/cmake/akros2_msgsConfig-version.cmake
[4.148s] -- Installing: /home/disney/Documents/Gustavo_codes/ros2_ws/install/akros2_msgs/share/akros2_msgs/package.xml
[4.151s] Invoked command in '/home/disney/Documents/Gustavo_codes/ros2_ws/build/akros2_msgs' returned '0': CMAKE_PREFIX_PATH=${CMAKE_PREFIX_PATH}:/home/disney/Documents/Gustavo_codes/ros2_ws/install/joy_ackerman:/home/disney/Documents/Gustavo_codes/ros2_ws/src/install/wall_follow:/home/disney/Documents/Gustavo_codes/ros2_ws/src/install/perfil_lidar:/home/disney/Documents/Gustavo_codes/ros2_ws/src/install/joy_ackerman:/home/disney/Documents/Gustavo_codes/ros2_ws/src/install/akros2_teleop:/home/disney/Documents/Gustavo_codes/ros2_ws/install/wall_follow:/home/disney/Documents/Gustavo_codes/ros2_ws/install/perfil_lidar:/home/disney/Documents/Gustavo_codes/ros2_ws/install/akros2_teleop:/opt/ros/humble /usr/bin/cmake --install /home/disney/Documents/Gustavo_codes/ros2_ws/build/akros2_msgs
