[1.508s] Invoking command in '/home/disney/Documents/Gustavo_codes/ros2_ws/src/wall_follow': PYTHONPATH=/home/disney/Documents/Gustavo_codes/ros2_ws/build/wall_follow/prefix_override:/home/disney/Documents/Gustavo_codes/ros2_ws/install/wall_follow/lib/python3.10/site-packages:${PYTHONPATH} /usr/bin/python3 -W ignore:setup.py install is deprecated setup.py egg_info --egg-base ../../build/wall_follow build --build-base /home/disney/Documents/Gustavo_codes/ros2_ws/build/wall_follow/build install --record /home/disney/Documents/Gustavo_codes/ros2_ws/build/wall_follow/install.log --install-scripts $base/lib/wall_follow --single-version-externally-managed install_data
[1.840s] /home/disney/.local/lib/python3.10/site-packages/setuptools/dist.py:717: UserWarning: Usage of dash-separated 'script-dir' will not be supported in future versions. Please use the underscore name 'script_dir' instead
[1.841s]   warnings.warn(
[1.876s] running egg_info
[1.877s] creating ../../build/wall_follow/wall_follow.egg-info
[1.877s] writing ../../build/wall_follow/wall_follow.egg-info/PKG-INFO
[1.877s] writing dependency_links to ../../build/wall_follow/wall_follow.egg-info/dependency_links.txt
[1.878s] writing entry points to ../../build/wall_follow/wall_follow.egg-info/entry_points.txt
[1.878s] writing requirements to ../../build/wall_follow/wall_follow.egg-info/requires.txt
[1.878s] writing top-level names to ../../build/wall_follow/wall_follow.egg-info/top_level.txt
[1.878s] writing manifest file '../../build/wall_follow/wall_follow.egg-info/SOURCES.txt'
[1.880s] reading manifest file '../../build/wall_follow/wall_follow.egg-info/SOURCES.txt'
[1.881s] writing manifest file '../../build/wall_follow/wall_follow.egg-info/SOURCES.txt'
[1.881s] running build
[1.882s] running build_py
[1.882s] creating /home/disney/Documents/Gustavo_codes/ros2_ws/build/wall_follow/build
[1.882s] creating /home/disney/Documents/Gustavo_codes/ros2_ws/build/wall_follow/build/lib
[1.882s] creating /home/disney/Documents/Gustavo_codes/ros2_ws/build/wall_follow/build/lib/wall_follow
[1.882s] copying wall_follow/__init__.py -> /home/disney/Documents/Gustavo_codes/ros2_ws/build/wall_follow/build/lib/wall_follow
[1.882s] copying wall_follow/wall_follow.py -> /home/disney/Documents/Gustavo_codes/ros2_ws/build/wall_follow/build/lib/wall_follow
[1.882s] running install
[1.883s] running install_lib
[1.883s] creating /home/disney/Documents/Gustavo_codes/ros2_ws/install/wall_follow/lib/python3.10/site-packages/wall_follow
[1.883s] copying /home/disney/Documents/Gustavo_codes/ros2_ws/build/wall_follow/build/lib/wall_follow/__init__.py -> /home/disney/Documents/Gustavo_codes/ros2_ws/install/wall_follow/lib/python3.10/site-packages/wall_follow
[1.884s] copying /home/disney/Documents/Gustavo_codes/ros2_ws/build/wall_follow/build/lib/wall_follow/wall_follow.py -> /home/disney/Documents/Gustavo_codes/ros2_ws/install/wall_follow/lib/python3.10/site-packages/wall_follow
[1.884s] byte-compiling /home/disney/Documents/Gustavo_codes/ros2_ws/install/wall_follow/lib/python3.10/site-packages/wall_follow/__init__.py to __init__.cpython-310.pyc
[1.884s] byte-compiling /home/disney/Documents/Gustavo_codes/ros2_ws/install/wall_follow/lib/python3.10/site-packages/wall_follow/wall_follow.py to wall_follow.cpython-310.pyc
[1.885s] running install_data
[1.886s] creating /home/disney/Documents/Gustavo_codes/ros2_ws/install/wall_follow/share/ament_index
[1.886s] creating /home/disney/Documents/Gustavo_codes/ros2_ws/install/wall_follow/share/ament_index/resource_index
[1.886s] creating /home/disney/Documents/Gustavo_codes/ros2_ws/install/wall_follow/share/ament_index/resource_index/packages
[1.886s] copying resource/wall_follow -> /home/disney/Documents/Gustavo_codes/ros2_ws/install/wall_follow/share/ament_index/resource_index/packages
[1.886s] copying package.xml -> /home/disney/Documents/Gustavo_codes/ros2_ws/install/wall_follow/share/wall_follow
[1.886s] running install_egg_info
[1.887s] Copying ../../build/wall_follow/wall_follow.egg-info to /home/disney/Documents/Gustavo_codes/ros2_ws/install/wall_follow/lib/python3.10/site-packages/wall_follow-0.0.0-py3.10.egg-info
[1.888s] running install_scripts
[1.912s] Installing wall_follow script to /home/disney/Documents/Gustavo_codes/ros2_ws/install/wall_follow/lib/wall_follow
[1.913s] writing list of installed files to '/home/disney/Documents/Gustavo_codes/ros2_ws/build/wall_follow/install.log'
[1.942s] Invoked command in '/home/disney/Documents/Gustavo_codes/ros2_ws/src/wall_follow' returned '0': PYTHONPATH=/home/disney/Documents/Gustavo_codes/ros2_ws/build/wall_follow/prefix_override:/home/disney/Documents/Gustavo_codes/ros2_ws/install/wall_follow/lib/python3.10/site-packages:${PYTHONPATH} /usr/bin/python3 -W ignore:setup.py install is deprecated setup.py egg_info --egg-base ../../build/wall_follow build --build-base /home/disney/Documents/Gustavo_codes/ros2_ws/build/wall_follow/build install --record /home/disney/Documents/Gustavo_codes/ros2_ws/build/wall_follow/install.log --install-scripts $base/lib/wall_follow --single-version-externally-managed install_data
