[0.745s] Invoking command in '/home/disney/ros2_ws/src/akros2_teleop': AMENT_PREFIX_PATH=/home/disney/ros2_ws/install/akros2_msgs:${AMENT_PREFIX_PATH} CMAKE_PREFIX_PATH=/home/disney/ros2_ws/install/akros2_msgs LD_LIBRARY_PATH=/home/disney/ros2_ws/install/akros2_msgs/lib:${LD_LIBRARY_PATH} PYTHONPATH=/home/disney/ros2_ws/build/akros2_teleop/prefix_override:/home/disney/ros2_ws/install/akros2_teleop/lib/python3.10/site-packages:/home/disney/ros2_ws/install/akros2_msgs/local/lib/python3.10/dist-packages:${PYTHONPATH} /usr/bin/python3 setup.py egg_info --egg-base ../../build/akros2_teleop build --build-base /home/disney/ros2_ws/build/akros2_teleop/build install --record /home/disney/ros2_ws/build/akros2_teleop/install.log --single-version-externally-managed
[0.995s] running egg_info
[0.995s] writing ../../build/akros2_teleop/akros2_teleop.egg-info/PKG-INFO
[0.995s] writing dependency_links to ../../build/akros2_teleop/akros2_teleop.egg-info/dependency_links.txt
[0.995s] writing entry points to ../../build/akros2_teleop/akros2_teleop.egg-info/entry_points.txt
[0.996s] writing requirements to ../../build/akros2_teleop/akros2_teleop.egg-info/requires.txt
[0.996s] writing top-level names to ../../build/akros2_teleop/akros2_teleop.egg-info/top_level.txt
[0.997s] reading manifest file '../../build/akros2_teleop/akros2_teleop.egg-info/SOURCES.txt'
[0.997s] adding license file 'LICENSE'
[0.998s] writing manifest file '../../build/akros2_teleop/akros2_teleop.egg-info/SOURCES.txt'
[0.998s] running build
[0.998s] running build_py
[0.999s] running install
[0.999s] running install_lib
[1.000s] running install_data
[1.001s] running install_egg_info
[1.002s] removing '/home/disney/ros2_ws/install/akros2_teleop/lib/python3.10/site-packages/akros2_teleop-0.0.0-py3.10.egg-info' (and everything under it)
[1.002s] Copying ../../build/akros2_teleop/akros2_teleop.egg-info to /home/disney/ros2_ws/install/akros2_teleop/lib/python3.10/site-packages/akros2_teleop-0.0.0-py3.10.egg-info
[1.003s] running install_scripts
[1.020s] Installing joy_mode_handler script to /home/disney/ros2_ws/install/akros2_teleop/lib/akros2_teleop
[1.021s] Installing teleop_node script to /home/disney/ros2_ws/install/akros2_teleop/lib/akros2_teleop
[1.021s] Installing twist_mixer script to /home/disney/ros2_ws/install/akros2_teleop/lib/akros2_teleop
[1.021s] writing list of installed files to '/home/disney/ros2_ws/build/akros2_teleop/install.log'
[1.040s] Invoked command in '/home/disney/ros2_ws/src/akros2_teleop' returned '0': AMENT_PREFIX_PATH=/home/disney/ros2_ws/install/akros2_msgs:${AMENT_PREFIX_PATH} CMAKE_PREFIX_PATH=/home/disney/ros2_ws/install/akros2_msgs LD_LIBRARY_PATH=/home/disney/ros2_ws/install/akros2_msgs/lib:${LD_LIBRARY_PATH} PYTHONPATH=/home/disney/ros2_ws/build/akros2_teleop/prefix_override:/home/disney/ros2_ws/install/akros2_teleop/lib/python3.10/site-packages:/home/disney/ros2_ws/install/akros2_msgs/local/lib/python3.10/dist-packages:${PYTHONPATH} /usr/bin/python3 setup.py egg_info --egg-base ../../build/akros2_teleop build --build-base /home/disney/ros2_ws/build/akros2_teleop/build install --record /home/disney/ros2_ws/build/akros2_teleop/install.log --single-version-externally-managed
